[ 2016-06-25T16:32:11+08:00 ] 117.173.161.6 /ihanc/eva/index.php/Home/Purchase/screditTable
INFO: [ app_init ] --START--
INFO: Run Behavior\BuildLiteBehavior [ RunTime:0.000013s ]
INFO: [ app_init ] --END-- [ RunTime:0.000238s ]
INFO: [ app_begin ] --START--
INFO: Run Behavior\ReadHtmlCacheBehavior [ RunTime:0.000289s ]
INFO: [ app_begin ] --END-- [ RunTime:0.000325s ]
SQL: SHOW COLUMNS FROM `user` [ RunTime:0.0006s ]
SQL: SELECT * FROM `user` WHERE ( iduser='5' )  [ RunTime:0.0002s ]
SQL: SHOW COLUMNS FROM `ihanc_4`.`purchase` [ RunTime:0.0004s ]
NOTIC: [8] Use of undefined constant sum - assumed 'sum' /opt/lampp/htdocs/ihanc/eva/Application/Home/Controller/PurchaseController.class.php 第 314 行.
SQL: SELECT SUM(sum) AS tp_sum FROM ihanc_4.purchase LIMIT 1   [ RunTime:0.0001s ]
NOTIC: [8] Undefined index: p /opt/lampp/htdocs/ihanc/eva/Application/Home/Controller/PurchaseController.class.php 第 317 行.
NOTIC: [8] Undefined index: idsupply /opt/lampp/htdocs/ihanc/eva/Application/Home/Controller/PurchaseController.class.php 第 318 行.
SQL: SELECT count(distinct idsupply) as count FROM ihanc_4.purchase LIMIT 1   [ RunTime:0.0003s ]
SQL: SHOW COLUMNS FROM `ihanc_4`.`purchase` [ RunTime:0.0005s ]
SQL: SELECT purchase.idsupply as idsupply,sum(purchase.sum) as sum,supply.sname as sname FROM ihanc_4.purchase `purchase`,ihanc_4.supply `supply` WHERE ( purchase.idsupply=supply.idsupply ) GROUP BY idsupply LIMIT 0,10   [ RunTime:0.0002s ]
NOTIC: [2] Missing argument 2 for specialpage(), called in /opt/lampp/htdocs/ihanc/eva/Application/Home/Controller/PurchaseController.class.php on line 332 and defined /opt/lampp/htdocs/ihanc/eva/Application/Home/Common/function.php 第 103 行.
NOTIC: [8] Undefined variable: params /opt/lampp/htdocs/ihanc/eva/Application/Home/Common/function.php 第 115 行.
NOTIC: [2] Invalid argument supplied for foreach() /opt/lampp/htdocs/ihanc/eva/Application/Home/Common/function.php 第 115 行.
INFO: [ view_parse ] --START--
INFO: [ template_filter ] --START--
INFO: Run Behavior\ContentReplaceBehavior [ RunTime:0.000047s ]
INFO: [ template_filter ] --END-- [ RunTime:0.000083s ]
INFO: Run Behavior\ParseTemplateBehavior [ RunTime:0.004186s ]
INFO: [ view_parse ] --END-- [ RunTime:0.004222s ]
INFO: [ view_filter ] --START--
INFO: Run Behavior\WriteHtmlCacheBehavior [ RunTime:0.000103s ]
INFO: [ view_filter ] --END-- [ RunTime:0.000135s ]
INFO: [ app_end ] --START--
INFO: Run Behavior\ShowPageTraceBehavior [ RunTime:0.000307s ]
INFO: [ app_end ] --END-- [ RunTime:0.000340s ]

[ 2016-06-25T16:59:11+08:00 ] 117.173.160.244 /ihanc/eva/index.php/Home/Sale/searchMember
INFO: [ app_init ] --START--
INFO: Run Behavior\BuildLiteBehavior [ RunTime:0.000015s ]
INFO: [ app_init ] --END-- [ RunTime:0.000358s ]
INFO: [ app_begin ] --START--
INFO: Run Behavior\ReadHtmlCacheBehavior [ RunTime:0.000513s ]
INFO: [ app_begin ] --END-- [ RunTime:0.000572s ]
SQL: SHOW COLUMNS FROM `user` [ RunTime:0.0006s ]
SQL: SELECT * FROM `user` WHERE ( iduser='3' )  [ RunTime:0.0002s ]
SQL: SHOW COLUMNS FROM `ihanc_3`.`member` [ RunTime:0.0004s ]
SQL: SELECT `idmember`,`mname` FROM ihanc_3.member WHERE ( `mname` LIKE '%H%' OR `msn` LIKE '%H%' ) LIMIT 0,10   [ RunTime:0.0002s ]
INFO: [ app_end ] --START--
INFO: Run Behavior\ShowPageTraceBehavior [ RunTime:0.000325s ]
INFO: [ app_end ] --END-- [ RunTime:0.000362s ]

[ 2016-06-25T16:59:11+08:00 ] 117.173.160.244 /ihanc/eva/index.php/Home/Sale/searchMember
INFO: [ app_init ] --START--
INFO: Run Behavior\BuildLiteBehavior [ RunTime:0.000013s ]
INFO: [ app_init ] --END-- [ RunTime:0.000322s ]
INFO: [ app_begin ] --START--
INFO: Run Behavior\ReadHtmlCacheBehavior [ RunTime:0.000291s ]
INFO: [ app_begin ] --END-- [ RunTime:0.000331s ]
SQL: SHOW COLUMNS FROM `user` [ RunTime:0.0006s ]
SQL: SELECT * FROM `user` WHERE ( iduser='3' )  [ RunTime:0.0002s ]
SQL: SHOW COLUMNS FROM `ihanc_3`.`member` [ RunTime:0.0004s ]
SQL: SELECT `idmember`,`mname` FROM ihanc_3.member WHERE ( `mname` LIKE '%HX%' OR `msn` LIKE '%HX%' ) LIMIT 0,10   [ RunTime:0.0003s ]
INFO: [ app_end ] --START--
INFO: Run Behavior\ShowPageTraceBehavior [ RunTime:0.000347s ]
INFO: [ app_end ] --END-- [ RunTime:0.000393s ]

[ 2016-06-25T16:59:12+08:00 ] 117.173.160.244 /ihanc/eva/index.php/Home/Sale/searchMember
INFO: [ app_init ] --START--
INFO: Run Behavior\BuildLiteBehavior [ RunTime:0.000015s ]
INFO: [ app_init ] --END-- [ RunTime:0.000257s ]
INFO: [ app_begin ] --START--
INFO: Run Behavior\ReadHtmlCacheBehavior [ RunTime:0.000294s ]
INFO: [ app_begin ] --END-- [ RunTime:0.000333s ]
SQL: SHOW COLUMNS FROM `user` [ RunTime:0.0007s ]
SQL: SELECT * FROM `user` WHERE ( iduser='3' )  [ RunTime:0.0002s ]
SQL: SHOW COLUMNS FROM `ihanc_3`.`member` [ RunTime:0.0004s ]
SQL: SELECT `idmember`,`mname` FROM ihanc_3.member WHERE ( `mname` LIKE '%HXC%' OR `msn` LIKE '%HXC%' ) LIMIT 0,10   [ RunTime:0.0003s ]
INFO: [ app_end ] --START--
INFO: Run Behavior\ShowPageTraceBehavior [ RunTime:0.000333s ]
INFO: [ app_end ] --END-- [ RunTime:0.000368s ]

[ 2016-06-25T16:59:13+08:00 ] 117.173.160.244 /ihanc/eva/index.php/Home/Sale/getCredit?idmember=116
INFO: [ app_init ] --START--
INFO: Run Behavior\BuildLiteBehavior [ RunTime:0.000018s ]
INFO: [ app_init ] --END-- [ RunTime:0.000367s ]
INFO: [ app_begin ] --START--
INFO: Run Behavior\ReadHtmlCacheBehavior [ RunTime:0.000326s ]
INFO: [ app_begin ] --END-- [ RunTime:0.000363s ]
SQL: SHOW COLUMNS FROM `user` [ RunTime:0.0006s ]
SQL: SELECT * FROM `user` WHERE ( iduser='3' )  [ RunTime:0.0002s ]
SQL: SHOW COLUMNS FROM `ihanc_3`.`sale` [ RunTime:0.0005s ]
SQL: SELECT SUM(sum) AS tp_sum FROM ihanc_3.sale WHERE `idmember` = 116 LIMIT 1   [ RunTime:0.0006s ]
INFO: [ app_end ] --START--
INFO: Run Behavior\ShowPageTraceBehavior [ RunTime:0.000324s ]
INFO: [ app_end ] --END-- [ RunTime:0.000359s ]

[ 2016-06-25T16:59:16+08:00 ] 117.173.160.244 /ihanc/eva/index.php/Home/Sale/searchStockGoods
INFO: [ app_init ] --START--
INFO: Run Behavior\BuildLiteBehavior [ RunTime:0.000014s ]
INFO: [ app_init ] --END-- [ RunTime:0.000350s ]
INFO: [ app_begin ] --START--
INFO: Run Behavior\ReadHtmlCacheBehavior [ RunTime:0.000373s ]
INFO: [ app_begin ] --END-- [ RunTime:0.000411s ]
SQL: SHOW COLUMNS FROM `user` [ RunTime:0.0007s ]
SQL: SELECT * FROM `user` WHERE ( iduser='3' )  [ RunTime:0.0002s ]
SQL: SHOW COLUMNS FROM `ihanc_3`.`stock_goods_view` [ RunTime:0.0005s ]
SQL: SELECT `idgoods`,`inorder`,`stock`,`gname` FROM ihanc_3.stock_goods_view WHERE ( `gname` LIKE '%Q%' OR `gsn` LIKE '%Q%' )  [ RunTime:0.0005s ]
INFO: [ app_end ] --START--
INFO: Run Behavior\ShowPageTraceBehavior [ RunTime:0.000400s ]
INFO: [ app_end ] --END-- [ RunTime:0.000454s ]

[ 2016-06-25T17:16:31+08:00 ] 117.173.160.244 /ihanc/eva/index.php/Home/Sale/saleAdd
INFO: [ app_init ] --START--
INFO: Run Behavior\BuildLiteBehavior [ RunTime:0.000015s ]
INFO: [ app_init ] --END-- [ RunTime:0.000341s ]
INFO: [ app_begin ] --START--
INFO: Run Behavior\ReadHtmlCacheBehavior [ RunTime:0.000463s ]
INFO: [ app_begin ] --END-- [ RunTime:0.000545s ]
SQL: SHOW COLUMNS FROM `user` [ RunTime:0.0006s ]
SQL: SELECT * FROM `user` WHERE ( iduser='3' )  [ RunTime:0.0002s ]
SQL: SHOW COLUMNS FROM `ihanc_3`.`sale` [ RunTime:0.0004s ]
SQL: INSERT INTO ihanc_3.sale (`idmember`,`idgoods`,`inorder`,`number`,`price`,`sum`,`remark`,`time`,`user`) VALUES ('116','33','IN20160625-4','80','12.5','1000','','2016-06-25 17:16:31','杨胖娃') [ RunTime:0.0056s ]
SQL: SHOW COLUMNS FROM `ihanc_3`.`log` [ RunTime:0.0004s ]
SQL: INSERT INTO ihanc_3.log (`summary`,`user`) VALUES ('116红星村销售单保存成功','杨胖娃') [ RunTime:0.0027s ]
INFO: [ app_end ] --START--
INFO: Run Behavior\ShowPageTraceBehavior [ RunTime:0.000426s ]
INFO: [ app_end ] --END-- [ RunTime:0.000462s ]

[ 2016-06-25T17:16:31+08:00 ] 117.173.160.244 /ihanc/eva/index.php/Home/Sale/getCredit?idmember=116
INFO: [ app_init ] --START--
INFO: Run Behavior\BuildLiteBehavior [ RunTime:0.000012s ]
INFO: [ app_init ] --END-- [ RunTime:0.000302s ]
INFO: [ app_begin ] --START--
INFO: Run Behavior\ReadHtmlCacheBehavior [ RunTime:0.000293s ]
INFO: [ app_begin ] --END-- [ RunTime:0.000329s ]
SQL: SHOW COLUMNS FROM `user` [ RunTime:0.0006s ]
SQL: SELECT * FROM `user` WHERE ( iduser='3' )  [ RunTime:0.0002s ]
SQL: SHOW COLUMNS FROM `ihanc_3`.`sale` [ RunTime:0.0004s ]
SQL: SELECT SUM(sum) AS tp_sum FROM ihanc_3.sale WHERE `idmember` = 116 LIMIT 1   [ RunTime:0.0006s ]
INFO: [ app_end ] --START--
INFO: Run Behavior\ShowPageTraceBehavior [ RunTime:0.000320s ]
INFO: [ app_end ] --END-- [ RunTime:0.000354s ]

[ 2016-06-25T17:16:34+08:00 ] 117.173.160.244 /ihanc/eva/index.php/Home/Sale/searchStockGoods
INFO: [ app_init ] --START--
INFO: Run Behavior\BuildLiteBehavior [ RunTime:0.000012s ]
INFO: [ app_init ] --END-- [ RunTime:0.000289s ]
INFO: [ app_begin ] --START--
INFO: Run Behavior\ReadHtmlCacheBehavior [ RunTime:0.000290s ]
INFO: [ app_begin ] --END-- [ RunTime:0.000329s ]
SQL: SHOW COLUMNS FROM `user` [ RunTime:0.0006s ]
SQL: SELECT * FROM `user` WHERE ( iduser='3' )  [ RunTime:0.0002s ]
SQL: SHOW COLUMNS FROM `ihanc_3`.`stock_goods_view` [ RunTime:0.0005s ]
SQL: SELECT `idgoods`,`inorder`,`stock`,`gname` FROM ihanc_3.stock_goods_view WHERE ( `gname` LIKE '%D%' OR `gsn` LIKE '%D%' )  [ RunTime:0.0003s ]
INFO: [ app_end ] --START--
INFO: Run Behavior\ShowPageTraceBehavior [ RunTime:0.000329s ]
INFO: [ app_end ] --END-- [ RunTime:0.000365s ]

[ 2016-06-25T17:16:35+08:00 ] 117.173.160.244 /ihanc/eva/index.php/Home/Sale/searchStockGoods
INFO: [ app_init ] --START--
INFO: Run Behavior\BuildLiteBehavior [ RunTime:0.000012s ]
INFO: [ app_init ] --END-- [ RunTime:0.000253s ]
INFO: [ app_begin ] --START--
INFO: Run Behavior\ReadHtmlCacheBehavior [ RunTime:0.000346s ]
INFO: [ app_begin ] --END-- [ RunTime:0.000387s ]
SQL: SHOW COLUMNS FROM `user` [ RunTime:0.0006s ]
SQL: SELECT * FROM `user` WHERE ( iduser='3' )  [ RunTime:0.0002s ]
SQL: SHOW COLUMNS FROM `ihanc_3`.`stock_goods_view` [ RunTime:0.0006s ]
SQL: SELECT `idgoods`,`inorder`,`stock`,`gname` FROM ihanc_3.stock_goods_view WHERE ( `gname` LIKE '%DW%' OR `gsn` LIKE '%DW%' )  [ RunTime:0.0003s ]
INFO: [ app_end ] --START--
INFO: Run Behavior\ShowPageTraceBehavior [ RunTime:0.000389s ]
INFO: [ app_end ] --END-- [ RunTime:0.000440s ]

[ 2016-06-25T17:16:39+08:00 ] 117.173.160.244 /ihanc/eva/index.php/Home/sale/index.html
INFO: [ app_init ] --START--
INFO: Run Behavior\BuildLiteBehavior [ RunTime:0.000012s ]
INFO: [ app_init ] --END-- [ RunTime:0.000262s ]
INFO: [ app_begin ] --START--
INFO: Run Behavior\ReadHtmlCacheBehavior [ RunTime:0.000316s ]
INFO: [ app_begin ] --END-- [ RunTime:0.000355s ]
SQL: SHOW COLUMNS FROM `user` [ RunTime:0.0006s ]
SQL: SELECT * FROM `user` WHERE ( iduser='3' )  [ RunTime:0.0002s ]
INFO: [ view_parse ] --START--
INFO: [ template_filter ] --START--
INFO: Run Behavior\ContentReplaceBehavior [ RunTime:0.000102s ]
INFO: [ template_filter ] --END-- [ RunTime:0.000158s ]
INFO: Run Behavior\ParseTemplateBehavior [ RunTime:0.005721s ]
INFO: [ view_parse ] --END-- [ RunTime:0.005767s ]
INFO: [ view_filter ] --START--
INFO: Run Behavior\WriteHtmlCacheBehavior [ RunTime:0.000143s ]
INFO: [ view_filter ] --END-- [ RunTime:0.000236s ]
INFO: [ app_end ] --START--
INFO: Run Behavior\ShowPageTraceBehavior [ RunTime:0.000513s ]
INFO: [ app_end ] --END-- [ RunTime:0.000569s ]

[ 2016-06-25T17:16:39+08:00 ] 117.173.160.244 /ihanc/eva/index.php/Home/Sale/saleTable
INFO: [ app_init ] --START--
INFO: Run Behavior\BuildLiteBehavior [ RunTime:0.000012s ]
INFO: [ app_init ] --END-- [ RunTime:0.000262s ]
INFO: [ app_begin ] --START--
INFO: Run Behavior\ReadHtmlCacheBehavior [ RunTime:0.000319s ]
INFO: [ app_begin ] --END-- [ RunTime:0.000374s ]
SQL: SHOW COLUMNS FROM `user` [ RunTime:0.0007s ]
SQL: SELECT * FROM `user` WHERE ( iduser='3' )  [ RunTime:0.0002s ]
NOTIC: [8] Undefined index: p /opt/lampp/htdocs/ihanc/eva/Application/Home/Controller/SaleController.class.php 第 423 行.
NOTIC: [8] Undefined index: sdate /opt/lampp/htdocs/ihanc/eva/Application/Home/Controller/SaleController.class.php 第 424 行.
NOTIC: [8] Undefined index: idmember /opt/lampp/htdocs/ihanc/eva/Application/Home/Controller/SaleController.class.php 第 433 行.
NOTIC: [8] Undefined index: inorder /opt/lampp/htdocs/ihanc/eva/Application/Home/Controller/SaleController.class.php 第 437 行.
SQL: SHOW COLUMNS FROM `ihanc_3`.`sale_all` [ RunTime:0.0006s ]
NOTIC: [8] Undefined index: idgoods /opt/lampp/htdocs/ihanc/eva/Application/Home/Controller/SaleController.class.php 第 444 行.
SQL: SELECT COUNT(*) AS tp_count FROM ihanc_3.sale_all RIGHT JOIN ihanc_3.member ON sale_all.idmember= member.idmember  WHERE `time` LIKE '%2016-06-25%' AND `idgoods` > 0 LIMIT 1   [ RunTime:0.0949s ]
SQL: SELECT sale_all.time,sale_all.idgoods,sale_all.idmember,sale_all.number,sale_all.price,sale_all.sum,member.mname,`finish`,sale_all.idsale,sale_all.idintime FROM ihanc_3.sale_all RIGHT JOIN ihanc_3.member ON sale_all.idmember= member.idmember  WHERE `time` LIKE '%2016-06-25%' AND `idgoods` > 0 ORDER BY idsale desc LIMIT 0,10   [ RunTime:0.0916s ]
NOTIC: [8] Undefined variable: params /opt/lampp/htdocs/ihanc/eva/Application/Home/Controller/SaleController.class.php 第 459 行.
NOTIC: [2] Invalid argument supplied for foreach() /opt/lampp/htdocs/ihanc/eva/Application/Home/Common/function.php 第 115 行.
INFO: [ view_parse ] --START--
INFO: [ template_filter ] --START--
INFO: Run Behavior\ContentReplaceBehavior [ RunTime:0.000102s ]
INFO: [ template_filter ] --END-- [ RunTime:0.000146s ]
INFO: Run Behavior\ParseTemplateBehavior [ RunTime:0.005595s ]
INFO: [ view_parse ] --END-- [ RunTime:0.005633s ]
INFO: [ view_filter ] --START--
INFO: Run Behavior\WriteHtmlCacheBehavior [ RunTime:0.000118s ]
INFO: [ view_filter ] --END-- [ RunTime:0.000145s ]
INFO: [ app_end ] --START--
INFO: Run Behavior\ShowPageTraceBehavior [ RunTime:0.000330s ]
INFO: [ app_end ] --END-- [ RunTime:0.000365s ]

[ 2016-06-25T17:16:39+08:00 ] 117.173.160.244 /ihanc/eva/index.php/Home/sale/sale.html
INFO: [ app_init ] --START--
INFO: Run Behavior\BuildLiteBehavior [ RunTime:0.000012s ]
INFO: [ app_init ] --END-- [ RunTime:0.000245s ]
INFO: [ app_begin ] --START--
INFO: Run Behavior\ReadHtmlCacheBehavior [ RunTime:0.000324s ]
INFO: [ app_begin ] --END-- [ RunTime:0.000363s ]
SQL: SHOW COLUMNS FROM `user` [ RunTime:0.0007s ]
SQL: SELECT * FROM `user` WHERE ( iduser='3' )  [ RunTime:0.0002s ]
SQL: SHOW COLUMNS FROM `ihanc_3`.`bank` [ RunTime:0.0008s ]
SQL: SELECT `idbank`,`bname` FROM ihanc_3.bank  [ RunTime:0.0001s ]
INFO: [ view_parse ] --START--
INFO: [ template_filter ] --START--
INFO: Run Behavior\ContentReplaceBehavior [ RunTime:0.000158s ]
INFO: [ template_filter ] --END-- [ RunTime:0.000216s ]
INFO: Run Behavior\ParseTemplateBehavior [ RunTime:0.006471s ]
INFO: [ view_parse ] --END-- [ RunTime:0.006509s ]
INFO: [ view_filter ] --START--
INFO: Run Behavior\WriteHtmlCacheBehavior [ RunTime:0.000110s ]
INFO: [ view_filter ] --END-- [ RunTime:0.000141s ]
INFO: [ app_end ] --START--
INFO: Run Behavior\ShowPageTraceBehavior [ RunTime:0.000331s ]
INFO: [ app_end ] --END-- [ RunTime:0.000374s ]

[ 2016-06-25T17:16:44+08:00 ] 117.173.160.244 /ihanc/eva/index.php/Home/purchase/purchase.html
INFO: [ app_init ] --START--
INFO: Run Behavior\BuildLiteBehavior [ RunTime:0.000012s ]
INFO: [ app_init ] --END-- [ RunTime:0.000239s ]
INFO: [ app_begin ] --START--
INFO: Run Behavior\ReadHtmlCacheBehavior [ RunTime:0.000297s ]
INFO: [ app_begin ] --END-- [ RunTime:0.000335s ]
SQL: SHOW COLUMNS FROM `user` [ RunTime:0.0006s ]
SQL: SELECT * FROM `user` WHERE ( iduser='3' )  [ RunTime:0.0002s ]
NOTIC: [8] Use of undefined constant IN - assumed 'IN' /opt/lampp/htdocs/ihanc/eva/Application/Home/Controller/PurchaseController.class.php 第 83 行.
SQL: SHOW COLUMNS FROM `ihanc_3`.`purchase_all` [ RunTime:0.0007s ]
SQL: SELECT COUNT(*) AS tp_count FROM ihanc_3.purchase_all WHERE `inorder` = 'IN20160625-1' LIMIT 1   [ RunTime:0.0282s ]
NOTIC: [8] Use of undefined constant IN - assumed 'IN' /opt/lampp/htdocs/ihanc/eva/Application/Home/Controller/PurchaseController.class.php 第 88 行.
SQL: SELECT COUNT(*) AS tp_count FROM ihanc_3.purchase_all WHERE `inorder` = 'IN20160625-2' LIMIT 1   [ RunTime:0.0275s ]
NOTIC: [8] Use of undefined constant IN - assumed 'IN' /opt/lampp/htdocs/ihanc/eva/Application/Home/Controller/PurchaseController.class.php 第 88 行.
SQL: SELECT COUNT(*) AS tp_count FROM ihanc_3.purchase_all WHERE `inorder` = 'IN20160625-3' LIMIT 1   [ RunTime:0.0273s ]
NOTIC: [8] Use of undefined constant IN - assumed 'IN' /opt/lampp/htdocs/ihanc/eva/Application/Home/Controller/PurchaseController.class.php 第 88 行.
SQL: SELECT COUNT(*) AS tp_count FROM ihanc_3.purchase_all WHERE `inorder` = 'IN20160625-4' LIMIT 1   [ RunTime:0.0275s ]
NOTIC: [8] Use of undefined constant IN - assumed 'IN' /opt/lampp/htdocs/ihanc/eva/Application/Home/Controller/PurchaseController.class.php 第 88 行.
SQL: SELECT COUNT(*) AS tp_count FROM ihanc_3.purchase_all WHERE `inorder` = 'IN20160625-5' LIMIT 1   [ RunTime:0.0274s ]
NOTIC: [8] Use of undefined constant IN - assumed 'IN' /opt/lampp/htdocs/ihanc/eva/Application/Home/Controller/PurchaseController.class.php 第 88 行.
SQL: SELECT COUNT(*) AS tp_count FROM ihanc_3.purchase_all WHERE `inorder` = 'IN20160625-6' LIMIT 1   [ RunTime:0.0274s ]
SQL: SHOW COLUMNS FROM `ihanc_3`.`staff` [ RunTime:0.0010s ]
SQL: SELECT `idstaff`,`staff_name` FROM ihanc_3.staff  [ RunTime:0.0002s ]
SQL: SHOW COLUMNS FROM `ihanc_3`.`categroy` [ RunTime:0.0004s ]
SQL: SELECT * FROM ihanc_3.categroy  [ RunTime:0.0002s ]
INFO: [ view_parse ] --START--
INFO: [ template_filter ] --START--
INFO: Run Behavior\ContentReplaceBehavior [ RunTime:0.000141s ]
INFO: [ template_filter ] --END-- [ RunTime:0.000182s ]
INFO: Run Behavior\ParseTemplateBehavior [ RunTime:0.007420s ]
INFO: [ view_parse ] --END-- [ RunTime:0.007457s ]
INFO: [ view_filter ] --START--
INFO: Run Behavior\WriteHtmlCacheBehavior [ RunTime:0.000119s ]
INFO: [ view_filter ] --END-- [ RunTime:0.000148s ]
INFO: [ app_end ] --START--
INFO: Run Behavior\ShowPageTraceBehavior [ RunTime:0.000384s ]
INFO: [ app_end ] --END-- [ RunTime:0.000421s ]

[ 2016-06-25T17:16:47+08:00 ] 117.173.160.244 /ihanc/eva/index.php/Home/Purchase/searchSupply
INFO: [ app_init ] --START--
INFO: Run Behavior\BuildLiteBehavior [ RunTime:0.000012s ]
INFO: [ app_init ] --END-- [ RunTime:0.000238s ]
INFO: [ app_begin ] --START--
INFO: Run Behavior\ReadHtmlCacheBehavior [ RunTime:0.000291s ]
INFO: [ app_begin ] --END-- [ RunTime:0.000330s ]
SQL: SHOW COLUMNS FROM `user` [ RunTime:0.0007s ]
SQL: SELECT * FROM `user` WHERE ( iduser='3' )  [ RunTime:0.0002s ]
SQL: SHOW COLUMNS FROM `ihanc_3`.`supply` [ RunTime:0.0004s ]
SQL: SELECT `idsupply`,`sname` FROM ihanc_3.supply WHERE ( `sname` LIKE '%Y%' OR `ssn` LIKE '%Y%' ) LIMIT 0,10   [ RunTime:0.0003s ]
INFO: [ app_end ] --START--
INFO: Run Behavior\ShowPageTraceBehavior [ RunTime:0.000324s ]
INFO: [ app_end ] --END-- [ RunTime:0.000359s ]

[ 2016-06-25T17:16:50+08:00 ] 117.173.160.244 /ihanc/eva/index.php/Home/Purchase/searchGoods
INFO: [ app_init ] --START--
INFO: Run Behavior\BuildLiteBehavior [ RunTime:0.000018s ]
INFO: [ app_init ] --END-- [ RunTime:0.000380s ]
INFO: [ app_begin ] --START--
INFO: Run Behavior\ReadHtmlCacheBehavior [ RunTime:0.000462s ]
INFO: [ app_begin ] --END-- [ RunTime:0.000528s ]
SQL: SHOW COLUMNS FROM `user` [ RunTime:0.0006s ]
SQL: SELECT * FROM `user` WHERE ( iduser='3' )  [ RunTime:0.0002s ]
SQL: SHOW COLUMNS FROM `ihanc_3`.`goods` [ RunTime:0.0004s ]
SQL: SELECT `idgoods`,`gname` FROM ihanc_3.goods WHERE ( `gname` LIKE '%D%' OR `gsn` LIKE '%D%' ) LIMIT 0,10   [ RunTime:0.0002s ]
INFO: [ app_end ] --START--
INFO: Run Behavior\ShowPageTraceBehavior [ RunTime:0.000346s ]
INFO: [ app_end ] --END-- [ RunTime:0.000383s ]

[ 2016-06-25T17:16:50+08:00 ] 117.173.160.244 /ihanc/eva/index.php/Home/Purchase/searchGoods
INFO: [ app_init ] --START--
INFO: Run Behavior\BuildLiteBehavior [ RunTime:0.000012s ]
INFO: [ app_init ] --END-- [ RunTime:0.000241s ]
INFO: [ app_begin ] --START--
INFO: Run Behavior\ReadHtmlCacheBehavior [ RunTime:0.000291s ]
INFO: [ app_begin ] --END-- [ RunTime:0.000328s ]
SQL: SHOW COLUMNS FROM `user` [ RunTime:0.0006s ]
SQL: SELECT * FROM `user` WHERE ( iduser='3' )  [ RunTime:0.0002s ]
SQL: SHOW COLUMNS FROM `ihanc_3`.`goods` [ RunTime:0.0004s ]
SQL: SELECT `idgoods`,`gname` FROM ihanc_3.goods WHERE ( `gname` LIKE '%DW%' OR `gsn` LIKE '%DW%' ) LIMIT 0,10   [ RunTime:0.0002s ]
INFO: [ app_end ] --START--
INFO: Run Behavior\ShowPageTraceBehavior [ RunTime:0.000434s ]
INFO: [ app_end ] --END-- [ RunTime:0.000469s ]

[ 2016-06-25T17:16:59+08:00 ] 117.173.160.244 /ihanc/eva/index.php/Home/Purchase/purchaseAdd
INFO: [ app_init ] --START--
INFO: Run Behavior\BuildLiteBehavior [ RunTime:0.000012s ]
INFO: [ app_init ] --END-- [ RunTime:0.000325s ]
INFO: [ app_begin ] --START--
INFO: Run Behavior\ReadHtmlCacheBehavior [ RunTime:0.000429s ]
INFO: [ app_begin ] --END-- [ RunTime:0.000479s ]
SQL: SHOW COLUMNS FROM `user` [ RunTime:0.0008s ]
SQL: SELECT * FROM `user` WHERE ( iduser='3' )  [ RunTime:0.0002s ]
SQL: SHOW COLUMNS FROM `ihanc_3`.`purchase` [ RunTime:0.0006s ]
SQL: INSERT INTO ihanc_3.purchase (`idsupply`,`idgoods`,`price`,`number`,`sum`,`inorder`,`time`,`user`) VALUES ('28','36','0','0','0','IN20160625-6','2016-06-25 17:16:59','杨胖娃') [ RunTime:0.0002s ]
SQL: SELECT `idgoods`,sum(number) as stock,`inorder` FROM ihanc_3.purchase WHERE `inorder` = 'IN20160625-6' GROUP BY idgoods  [ RunTime:0.0008s ]
SQL: SHOW COLUMNS FROM `ihanc_3`.`stock` [ RunTime:0.0006s ]
SQL: INSERT INTO ihanc_3.stock (`idgoods`,`stock`,`inorder`) VALUES ('36','0','IN20160625-6') [ RunTime:0.0052s ]
NOTIC: [8] Undefined index: freight /opt/lampp/htdocs/ihanc/eva/Application/Home/Controller/PurchaseController.class.php 第 245 行.
SQL: SHOW COLUMNS FROM `ihanc_3`.`log` [ RunTime:0.0005s ]
SQL: INSERT INTO ihanc_3.log (`summary`,`user`) VALUES ('0','杨胖娃') [ RunTime:0.0028s ]
INFO: [ app_end ] --START--
INFO: Run Behavior\ShowPageTraceBehavior [ RunTime:0.000506s ]
INFO: [ app_end ] --END-- [ RunTime:0.000556s ]

[ 2016-06-25T17:17:03+08:00 ] 117.173.160.244 /ihanc/eva/index.php/Home/sale/sale.html
INFO: [ app_init ] --START--
INFO: Run Behavior\BuildLiteBehavior [ RunTime:0.000012s ]
INFO: [ app_init ] --END-- [ RunTime:0.000270s ]
INFO: [ app_begin ] --START--
INFO: Run Behavior\ReadHtmlCacheBehavior [ RunTime:0.000326s ]
INFO: [ app_begin ] --END-- [ RunTime:0.000366s ]
SQL: SHOW COLUMNS FROM `user` [ RunTime:0.0007s ]
SQL: SELECT * FROM `user` WHERE ( iduser='3' )  [ RunTime:0.0002s ]
SQL: SHOW COLUMNS FROM `ihanc_3`.`bank` [ RunTime:0.0004s ]
SQL: SELECT `idbank`,`bname` FROM ihanc_3.bank  [ RunTime:0.0002s ]
INFO: [ view_parse ] --START--
INFO: [ template_filter ] --START--
INFO: Run Behavior\ContentReplaceBehavior [ RunTime:0.000093s ]
INFO: [ template_filter ] --END-- [ RunTime:0.000127s ]
INFO: Run Behavior\ParseTemplateBehavior [ RunTime:0.006081s ]
INFO: [ view_parse ] --END-- [ RunTime:0.006120s ]
INFO: [ view_filter ] --START--
INFO: Run Behavior\WriteHtmlCacheBehavior [ RunTime:0.000112s ]
INFO: [ view_filter ] --END-- [ RunTime:0.000138s ]
INFO: [ app_end ] --START--
INFO: Run Behavior\ShowPageTraceBehavior [ RunTime:0.000354s ]
INFO: [ app_end ] --END-- [ RunTime:0.000390s ]

[ 2016-06-25T17:17:17+08:00 ] 117.173.160.244 /ihanc/eva/index.php/Home/Sale/searchMember
INFO: [ app_init ] --START--
INFO: Run Behavior\BuildLiteBehavior [ RunTime:0.000011s ]
INFO: [ app_init ] --END-- [ RunTime:0.000258s ]
INFO: [ app_begin ] --START--
INFO: Run Behavior\ReadHtmlCacheBehavior [ RunTime:0.000311s ]
INFO: [ app_begin ] --END-- [ RunTime:0.000349s ]
SQL: SHOW COLUMNS FROM `user` [ RunTime:0.0007s ]
SQL: SELECT * FROM `user` WHERE ( iduser='3' )  [ RunTime:0.0002s ]
SQL: SHOW COLUMNS FROM `ihanc_3`.`member` [ RunTime:0.0004s ]
SQL: SELECT `idmember`,`mname` FROM ihanc_3.member WHERE ( `mname` LIKE '%H%' OR `msn` LIKE '%H%' ) LIMIT 0,10   [ RunTime:0.0002s ]
INFO: [ app_end ] --START--
INFO: Run Behavior\ShowPageTraceBehavior [ RunTime:0.000341s ]
INFO: [ app_end ] --END-- [ RunTime:0.000376s ]

[ 2016-06-25T17:17:17+08:00 ] 117.173.160.244 /ihanc/eva/index.php/Home/Sale/searchMember
INFO: [ app_init ] --START--
INFO: Run Behavior\BuildLiteBehavior [ RunTime:0.000012s ]
INFO: [ app_init ] --END-- [ RunTime:0.000246s ]
INFO: [ app_begin ] --START--
INFO: Run Behavior\ReadHtmlCacheBehavior [ RunTime:0.000318s ]
INFO: [ app_begin ] --END-- [ RunTime:0.000357s ]
SQL: SHOW COLUMNS FROM `user` [ RunTime:0.0007s ]
SQL: SELECT * FROM `user` WHERE ( iduser='3' )  [ RunTime:0.0002s ]
SQL: SHOW COLUMNS FROM `ihanc_3`.`member` [ RunTime:0.0004s ]
SQL: SELECT `idmember`,`mname` FROM ihanc_3.member WHERE ( `mname` LIKE '%HX%' OR `msn` LIKE '%HX%' ) LIMIT 0,10   [ RunTime:0.0003s ]
INFO: [ app_end ] --START--
INFO: Run Behavior\ShowPageTraceBehavior [ RunTime:0.000327s ]
INFO: [ app_end ] --END-- [ RunTime:0.000362s ]

[ 2016-06-25T17:17:17+08:00 ] 117.173.160.244 /ihanc/eva/index.php/Home/Sale/searchMember
INFO: [ app_init ] --START--
INFO: Run Behavior\BuildLiteBehavior [ RunTime:0.000012s ]
INFO: [ app_init ] --END-- [ RunTime:0.000236s ]
INFO: [ app_begin ] --START--
INFO: Run Behavior\ReadHtmlCacheBehavior [ RunTime:0.000289s ]
INFO: [ app_begin ] --END-- [ RunTime:0.000327s ]
SQL: SHOW COLUMNS FROM `user` [ RunTime:0.0008s ]
SQL: SELECT * FROM `user` WHERE ( iduser='3' )  [ RunTime:0.0002s ]
SQL: SHOW COLUMNS FROM `ihanc_3`.`member` [ RunTime:0.0004s ]
SQL: SELECT `idmember`,`mname` FROM ihanc_3.member WHERE ( `mname` LIKE '%HXC%' OR `msn` LIKE '%HXC%' ) LIMIT 0,10   [ RunTime:0.0003s ]
INFO: [ app_end ] --START--
INFO: Run Behavior\ShowPageTraceBehavior [ RunTime:0.000395s ]
INFO: [ app_end ] --END-- [ RunTime:0.000431s ]

[ 2016-06-25T17:17:19+08:00 ] 117.173.160.244 /ihanc/eva/index.php/Home/Sale/getCredit?idmember=116
INFO: [ app_init ] --START--
INFO: Run Behavior\BuildLiteBehavior [ RunTime:0.000013s ]
INFO: [ app_init ] --END-- [ RunTime:0.000248s ]
INFO: [ app_begin ] --START--
INFO: Run Behavior\ReadHtmlCacheBehavior [ RunTime:0.000412s ]
INFO: [ app_begin ] --END-- [ RunTime:0.000452s ]
SQL: SHOW COLUMNS FROM `user` [ RunTime:0.0006s ]
SQL: SELECT * FROM `user` WHERE ( iduser='3' )  [ RunTime:0.0003s ]
SQL: SHOW COLUMNS FROM `ihanc_3`.`sale` [ RunTime:0.0004s ]
SQL: SELECT SUM(sum) AS tp_sum FROM ihanc_3.sale WHERE `idmember` = 116 LIMIT 1   [ RunTime:0.0008s ]
INFO: [ app_end ] --START--
INFO: Run Behavior\ShowPageTraceBehavior [ RunTime:0.000361s ]
INFO: [ app_end ] --END-- [ RunTime:0.000399s ]

[ 2016-06-25T17:17:21+08:00 ] 117.173.160.244 /ihanc/eva/index.php/Home/Sale/searchStockGoods
INFO: [ app_init ] --START--
INFO: Run Behavior\BuildLiteBehavior [ RunTime:0.000012s ]
INFO: [ app_init ] --END-- [ RunTime:0.000243s ]
INFO: [ app_begin ] --START--
INFO: Run Behavior\ReadHtmlCacheBehavior [ RunTime:0.000298s ]
INFO: [ app_begin ] --END-- [ RunTime:0.000343s ]
SQL: SHOW COLUMNS FROM `user` [ RunTime:0.0006s ]
SQL: SELECT * FROM `user` WHERE ( iduser='3' )  [ RunTime:0.0002s ]
SQL: SHOW COLUMNS FROM `ihanc_3`.`stock_goods_view` [ RunTime:0.0005s ]
SQL: SELECT `idgoods`,`inorder`,`stock`,`gname` FROM ihanc_3.stock_goods_view WHERE ( `gname` LIKE '%D%' OR `gsn` LIKE '%D%' )  [ RunTime:0.0003s ]
INFO: [ app_end ] --START--
INFO: Run Behavior\ShowPageTraceBehavior [ RunTime:0.000327s ]
INFO: [ app_end ] --END-- [ RunTime:0.000363s ]

[ 2016-06-25T17:17:22+08:00 ] 117.173.160.244 /ihanc/eva/index.php/Home/Sale/searchStockGoods
INFO: [ app_init ] --START--
INFO: Run Behavior\BuildLiteBehavior [ RunTime:0.000012s ]
INFO: [ app_init ] --END-- [ RunTime:0.000235s ]
INFO: [ app_begin ] --START--
INFO: Run Behavior\ReadHtmlCacheBehavior [ RunTime:0.000289s ]
INFO: [ app_begin ] --END-- [ RunTime:0.000331s ]
SQL: SHOW COLUMNS FROM `user` [ RunTime:0.0007s ]
SQL: SELECT * FROM `user` WHERE ( iduser='3' )  [ RunTime:0.0002s ]
SQL: SHOW COLUMNS FROM `ihanc_3`.`stock_goods_view` [ RunTime:0.0005s ]
SQL: SELECT `idgoods`,`inorder`,`stock`,`gname` FROM ihanc_3.stock_goods_view WHERE ( `gname` LIKE '%DW%' OR `gsn` LIKE '%DW%' )  [ RunTime:0.0003s ]
INFO: [ app_end ] --START--
INFO: Run Behavior\ShowPageTraceBehavior [ RunTime:0.000319s ]
INFO: [ app_end ] --END-- [ RunTime:0.000355s ]

[ 2016-06-25T17:18:03+08:00 ] 117.173.160.244 /ihanc/eva/index.php/Home/Sale/saleAdd
INFO: [ app_init ] --START--
INFO: Run Behavior\BuildLiteBehavior [ RunTime:0.000012s ]
INFO: [ app_init ] --END-- [ RunTime:0.000238s ]
INFO: [ app_begin ] --START--
INFO: Run Behavior\ReadHtmlCacheBehavior [ RunTime:0.000293s ]
INFO: [ app_begin ] --END-- [ RunTime:0.000331s ]
SQL: SHOW COLUMNS FROM `user` [ RunTime:0.0006s ]
SQL: SELECT * FROM `user` WHERE ( iduser='3' )  [ RunTime:0.0002s ]
SQL: SHOW COLUMNS FROM `ihanc_3`.`sale` [ RunTime:0.0005s ]
SQL: INSERT INTO ihanc_3.sale (`idmember`,`idgoods`,`inorder`,`number`,`price`,`sum`,`remark`,`time`,`user`) VALUES ('116','36','IN20160625-6','12.5','10','125','','2016-06-25 17:18:03','杨胖娃') [ RunTime:0.0042s ]
SQL: SHOW COLUMNS FROM `ihanc_3`.`log` [ RunTime:0.0004s ]
SQL: INSERT INTO ihanc_3.log (`summary`,`user`) VALUES ('116红星村销售单保存成功','杨胖娃') [ RunTime:0.0025s ]
INFO: [ app_end ] --START--
INFO: Run Behavior\ShowPageTraceBehavior [ RunTime:0.000361s ]
INFO: [ app_end ] --END-- [ RunTime:0.000396s ]

[ 2016-06-25T17:18:03+08:00 ] 117.173.160.244 /ihanc/eva/index.php/Home/Sale/getCredit?idmember=116
INFO: [ app_init ] --START--
INFO: Run Behavior\BuildLiteBehavior [ RunTime:0.000012s ]
INFO: [ app_init ] --END-- [ RunTime:0.000252s ]
INFO: [ app_begin ] --START--
INFO: Run Behavior\ReadHtmlCacheBehavior [ RunTime:0.000305s ]
INFO: [ app_begin ] --END-- [ RunTime:0.000343s ]
SQL: SHOW COLUMNS FROM `user` [ RunTime:0.0007s ]
SQL: SELECT * FROM `user` WHERE ( iduser='3' )  [ RunTime:0.0002s ]
SQL: SHOW COLUMNS FROM `ihanc_3`.`sale` [ RunTime:0.0005s ]
SQL: SELECT SUM(sum) AS tp_sum FROM ihanc_3.sale WHERE `idmember` = 116 LIMIT 1   [ RunTime:0.0007s ]
INFO: [ app_end ] --START--
INFO: Run Behavior\ShowPageTraceBehavior [ RunTime:0.000430s ]
INFO: [ app_end ] --END-- [ RunTime:0.000468s ]

[ 2016-06-25T17:18:05+08:00 ] 117.173.160.244 /ihanc/eva/index.php/Home/Sale/mcreditDetail?idmember=116
INFO: [ app_init ] --START--
INFO: Run Behavior\BuildLiteBehavior [ RunTime:0.000017s ]
INFO: [ app_init ] --END-- [ RunTime:0.000448s ]
INFO: [ app_begin ] --START--
INFO: Run Behavior\ReadHtmlCacheBehavior [ RunTime:0.000495s ]
INFO: [ app_begin ] --END-- [ RunTime:0.000548s ]
SQL: SHOW COLUMNS FROM `user` [ RunTime:0.0007s ]
SQL: SELECT * FROM `user` WHERE ( iduser='3' )  [ RunTime:0.0002s ]
SQL: SHOW COLUMNS FROM `ihanc_3`.`sale` [ RunTime:0.0005s ]
SQL: SELECT `idsale`,`idmember`,`inorder`,`idgoods`,`number`,`price`,`time`,`sum`,`cf`,`remark`,`idintime` FROM ihanc_3.sale WHERE `idmember` = 116 ORDER BY idsale  [ RunTime:0.0009s ]
NOTIC: [8] Undefined variable: sum /opt/lampp/htdocs/ihanc/eva/Application/Home/Controller/SaleController.class.php 第 238 行.
NOTIC: [8] Undefined index:  /opt/lampp/htdocs/ihanc/eva/Application/Home/Controller/SaleController.class.php 第 237 行.
SQL: SHOW COLUMNS FROM `ihanc_3`.`bank` [ RunTime:0.0004s ]
SQL: SELECT `idbank`,`bname` FROM ihanc_3.bank  [ RunTime:0.0001s ]
INFO: [ view_parse ] --START--
INFO: [ template_filter ] --START--
INFO: Run Behavior\ContentReplaceBehavior [ RunTime:0.000066s ]
INFO: [ template_filter ] --END-- [ RunTime:0.000104s ]
INFO: Run Behavior\ParseTemplateBehavior [ RunTime:0.007087s ]
INFO: [ view_parse ] --END-- [ RunTime:0.007125s ]
INFO: [ view_filter ] --START--
INFO: Run Behavior\WriteHtmlCacheBehavior [ RunTime:0.000109s ]
INFO: [ view_filter ] --END-- [ RunTime:0.000135s ]
INFO: [ app_end ] --START--
INFO: Run Behavior\ShowPageTraceBehavior [ RunTime:0.000408s ]
INFO: [ app_end ] --END-- [ RunTime:0.000446s ]

[ 2016-06-25T17:18:11+08:00 ] 117.173.160.244 /ihanc/eva/index.php/Home/Sale/saleprint?idsale%5B%5D=15204&idsale%5B%5D=15205&idmember=116
INFO: [ app_init ] --START--
INFO: Run Behavior\BuildLiteBehavior [ RunTime:0.000012s ]
INFO: [ app_init ] --END-- [ RunTime:0.000290s ]
INFO: [ app_begin ] --START--
INFO: Run Behavior\ReadHtmlCacheBehavior [ RunTime:0.000316s ]
INFO: [ app_begin ] --END-- [ RunTime:0.000353s ]
SQL: SHOW COLUMNS FROM `user` [ RunTime:0.0007s ]
SQL: SELECT * FROM `user` WHERE ( iduser='3' )  [ RunTime:0.0002s ]
SQL: SHOW COLUMNS FROM `ihanc_3`.`info` [ RunTime:0.0005s ]
SQL: SELECT * FROM ihanc_3.info WHERE `idinfo` = 1 LIMIT 1   [ RunTime:0.0003s ]
SQL: SHOW COLUMNS FROM `ihanc_3`.`sale` [ RunTime:0.0004s ]
SQL: SELECT `price`,`number`,`sum`,`idgoods`,`time`,`cf` FROM ihanc_3.sale WHERE `idsale` IN ('15204','15205') ORDER BY idsale  [ RunTime:0.0002s ]
SQL: SHOW COLUMNS FROM `ihanc_3`.`member` [ RunTime:0.0004s ]
SQL: SELECT `mname` FROM ihanc_3.member WHERE `idmember` = 116 LIMIT 1   [ RunTime:0.0001s ]
INFO: [ view_parse ] --START--
INFO: [ template_filter ] --START--
INFO: Run Behavior\ContentReplaceBehavior [ RunTime:0.000054s ]
INFO: [ template_filter ] --END-- [ RunTime:0.000090s ]
NOTIC: [8] Undefined index: finish /opt/lampp/htdocs/ihanc/eva/Application/Runtime/Cache/Home/19394307bbec93e777241c9dbb339379.php 第 107 行.
NOTIC: [8] Undefined index: finish /opt/lampp/htdocs/ihanc/eva/Application/Runtime/Cache/Home/19394307bbec93e777241c9dbb339379.php 第 107 行.
INFO: Run Behavior\ParseTemplateBehavior [ RunTime:0.006147s ]
INFO: [ view_parse ] --END-- [ RunTime:0.006176s ]
INFO: [ view_filter ] --START--
INFO: Run Behavior\WriteHtmlCacheBehavior [ RunTime:0.000105s ]
INFO: [ view_filter ] --END-- [ RunTime:0.000129s ]
INFO: [ app_end ] --START--
INFO: Run Behavior\ShowPageTraceBehavior [ RunTime:0.000303s ]
INFO: [ app_end ] --END-- [ RunTime:0.000337s ]

[ 2016-06-25T17:18:46+08:00 ] 117.173.160.244 /ihanc/eva/index.php/Home/stock/index
INFO: [ app_init ] --START--
INFO: Run Behavior\BuildLiteBehavior [ RunTime:0.000012s ]
INFO: [ app_init ] --END-- [ RunTime:0.000257s ]
INFO: [ app_begin ] --START--
INFO: Run Behavior\ReadHtmlCacheBehavior [ RunTime:0.000346s ]
INFO: [ app_begin ] --END-- [ RunTime:0.000387s ]
SQL: SHOW COLUMNS FROM `user` [ RunTime:0.0006s ]
SQL: SELECT * FROM `user` WHERE ( iduser='3' )  [ RunTime:0.0002s ]
SQL: SHOW COLUMNS FROM `ihanc_3`.`stock` [ RunTime:0.0004s ]
SQL: SELECT * FROM ihanc_3.stock  [ RunTime:0.0002s ]
NOTIC: [8] Undefined index: number /opt/lampp/htdocs/ihanc/eva/Application/Home/Controller/StockController.class.php 第 23 行.
NOTIC: [8] Undefined index: number /opt/lampp/htdocs/ihanc/eva/Application/Home/Controller/StockController.class.php 第 23 行.
NOTIC: [8] Undefined index: number /opt/lampp/htdocs/ihanc/eva/Application/Home/Controller/StockController.class.php 第 23 行.
NOTIC: [8] Undefined index: number /opt/lampp/htdocs/ihanc/eva/Application/Home/Controller/StockController.class.php 第 23 行.
NOTIC: [8] Undefined index: number /opt/lampp/htdocs/ihanc/eva/Application/Home/Controller/StockController.class.php 第 23 行.
NOTIC: [8] Undefined index: number /opt/lampp/htdocs/ihanc/eva/Application/Home/Controller/StockController.class.php 第 23 行.
NOTIC: [8] Undefined index: number /opt/lampp/htdocs/ihanc/eva/Application/Home/Controller/StockController.class.php 第 23 行.
NOTIC: [8] Undefined index: number /opt/lampp/htdocs/ihanc/eva/Application/Home/Controller/StockController.class.php 第 23 行.
NOTIC: [8] Undefined index: number /opt/lampp/htdocs/ihanc/eva/Application/Home/Controller/StockController.class.php 第 23 行.
NOTIC: [8] Undefined index: number /opt/lampp/htdocs/ihanc/eva/Application/Home/Controller/StockController.class.php 第 23 行.
NOTIC: [8] Undefined index: number /opt/lampp/htdocs/ihanc/eva/Application/Home/Controller/StockController.class.php 第 23 行.
INFO: [ view_parse ] --START--
INFO: [ template_filter ] --START--
INFO: Run Behavior\ContentReplaceBehavior [ RunTime:0.000053s ]
INFO: [ template_filter ] --END-- [ RunTime:0.000088s ]
INFO: Run Behavior\ParseTemplateBehavior [ RunTime:0.005140s ]
INFO: [ view_parse ] --END-- [ RunTime:0.005172s ]
INFO: [ view_filter ] --START--
INFO: Run Behavior\WriteHtmlCacheBehavior [ RunTime:0.000104s ]
INFO: [ view_filter ] --END-- [ RunTime:0.000130s ]
INFO: [ app_end ] --START--
INFO: Run Behavior\ShowPageTraceBehavior [ RunTime:0.000329s ]
INFO: [ app_end ] --END-- [ RunTime:0.000369s ]

[ 2016-06-25T17:18:50+08:00 ] 117.173.160.244 /ihanc/eva/index.php/Home/Stock/stockDel
INFO: [ app_init ] --START--
INFO: Run Behavior\BuildLiteBehavior [ RunTime:0.000012s ]
INFO: [ app_init ] --END-- [ RunTime:0.000245s ]
INFO: [ app_begin ] --START--
INFO: Run Behavior\ReadHtmlCacheBehavior [ RunTime:0.000351s ]
INFO: [ app_begin ] --END-- [ RunTime:0.000392s ]
SQL: SHOW COLUMNS FROM `user` [ RunTime:0.0006s ]
SQL: SELECT * FROM `user` WHERE ( iduser='3' )  [ RunTime:0.0002s ]
SQL: SHOW COLUMNS FROM `ihanc_3`.`stock` [ RunTime:0.0004s ]
SQL: DELETE FROM ihanc_3.stock WHERE `idstock` = 3469 [ RunTime:0.0055s ]
SQL: SHOW COLUMNS FROM `ihanc_3`.`log` [ RunTime:0.0005s ]
SQL: INSERT INTO ihanc_3.log (`summary`,`user`) VALUES ('删除库存id3469','杨胖娃') [ RunTime:0.0048s ]
INFO: [ app_end ] --START--
INFO: Run Behavior\ShowPageTraceBehavior [ RunTime:0.000348s ]
INFO: [ app_end ] --END-- [ RunTime:0.000387s ]

[ 2016-06-25T17:18:52+08:00 ] 117.173.160.244 /ihanc/eva/index.php/Home/Stock/stockDel
INFO: [ app_init ] --START--
INFO: Run Behavior\BuildLiteBehavior [ RunTime:0.000012s ]
INFO: [ app_init ] --END-- [ RunTime:0.000251s ]
INFO: [ app_begin ] --START--
INFO: Run Behavior\ReadHtmlCacheBehavior [ RunTime:0.000306s ]
INFO: [ app_begin ] --END-- [ RunTime:0.000344s ]
SQL: SHOW COLUMNS FROM `user` [ RunTime:0.0006s ]
SQL: SELECT * FROM `user` WHERE ( iduser='3' )  [ RunTime:0.0002s ]
SQL: SHOW COLUMNS FROM `ihanc_3`.`stock` [ RunTime:0.0004s ]
SQL: DELETE FROM ihanc_3.stock WHERE `idstock` = 3469 [ RunTime:0.0001s ]

[ 2016-06-25T17:18:59+08:00 ] 117.173.160.244 /ihanc/eva/index.php/Home/Stock/stockDel
INFO: [ app_init ] --START--
INFO: Run Behavior\BuildLiteBehavior [ RunTime:0.000012s ]
INFO: [ app_init ] --END-- [ RunTime:0.000241s ]
INFO: [ app_begin ] --START--
INFO: Run Behavior\ReadHtmlCacheBehavior [ RunTime:0.000292s ]
INFO: [ app_begin ] --END-- [ RunTime:0.000331s ]
SQL: SHOW COLUMNS FROM `user` [ RunTime:0.0006s ]
SQL: SELECT * FROM `user` WHERE ( iduser='3' )  [ RunTime:0.0002s ]
SQL: SHOW COLUMNS FROM `ihanc_3`.`stock` [ RunTime:0.0004s ]
SQL: DELETE FROM ihanc_3.stock WHERE `idstock` = 3467 [ RunTime:0.0029s ]
SQL: SHOW COLUMNS FROM `ihanc_3`.`log` [ RunTime:0.0004s ]
SQL: INSERT INTO ihanc_3.log (`summary`,`user`) VALUES ('删除库存id3467','杨胖娃') [ RunTime:0.0021s ]
INFO: [ app_end ] --START--
INFO: Run Behavior\ShowPageTraceBehavior [ RunTime:0.000330s ]
INFO: [ app_end ] --END-- [ RunTime:0.000366s ]

[ 2016-06-25T17:19:04+08:00 ] 117.173.160.244 /ihanc/eva/index.php/Home/sale/sale.html
INFO: [ app_init ] --START--
INFO: Run Behavior\BuildLiteBehavior [ RunTime:0.000012s ]
INFO: [ app_init ] --END-- [ RunTime:0.000235s ]
INFO: [ app_begin ] --START--
INFO: Run Behavior\ReadHtmlCacheBehavior [ RunTime:0.000291s ]
INFO: [ app_begin ] --END-- [ RunTime:0.000329s ]
SQL: SHOW COLUMNS FROM `user` [ RunTime:0.0006s ]
SQL: SELECT * FROM `user` WHERE ( iduser='3' )  [ RunTime:0.0002s ]
SQL: SHOW COLUMNS FROM `ihanc_3`.`bank` [ RunTime:0.0004s ]
SQL: SELECT `idbank`,`bname` FROM ihanc_3.bank  [ RunTime:0.0001s ]
INFO: [ view_parse ] --START--
INFO: [ template_filter ] --START--
INFO: Run Behavior\ContentReplaceBehavior [ RunTime:0.000099s ]
INFO: [ template_filter ] --END-- [ RunTime:0.000135s ]
INFO: Run Behavior\ParseTemplateBehavior [ RunTime:0.006106s ]
INFO: [ view_parse ] --END-- [ RunTime:0.006145s ]
INFO: [ view_filter ] --START--
INFO: Run Behavior\WriteHtmlCacheBehavior [ RunTime:0.000104s ]
INFO: [ view_filter ] --END-- [ RunTime:0.000130s ]
INFO: [ app_end ] --START--
INFO: Run Behavior\ShowPageTraceBehavior [ RunTime:0.000343s ]
INFO: [ app_end ] --END-- [ RunTime:0.000377s ]

[ 2016-06-25T19:24:43+08:00 ] 66.249.69.155 /ihanc/eva/
INFO: [ app_init ] --START--
INFO: Run Behavior\BuildLiteBehavior [ RunTime:0.000011s ]
INFO: [ app_init ] --END-- [ RunTime:0.000292s ]
INFO: [ app_begin ] --START--
INFO: Run Behavior\ReadHtmlCacheBehavior [ RunTime:0.000290s ]
INFO: [ app_begin ] --END-- [ RunTime:0.000345s ]

[ 2016-06-25T19:24:44+08:00 ] 66.249.69.155 /ihanc/eva/index.php/Home/login/index.html
INFO: [ app_init ] --START--
INFO: Run Behavior\BuildLiteBehavior [ RunTime:0.000013s ]
INFO: [ app_init ] --END-- [ RunTime:0.000262s ]
INFO: [ app_begin ] --START--
INFO: Run Behavior\ReadHtmlCacheBehavior [ RunTime:0.000320s ]
INFO: [ app_begin ] --END-- [ RunTime:0.000360s ]
INFO: [ view_parse ] --START--
INFO: [ template_filter ] --START--
INFO: Run Behavior\ContentReplaceBehavior [ RunTime:0.000053s ]
INFO: [ template_filter ] --END-- [ RunTime:0.000091s ]
NOTIC: [8] Undefined variable: info /opt/lampp/htdocs/ihanc/eva/Application/Runtime/Cache/Home/97269d504bf33cb4c14eb7be85b7c9ec.php 第 75 行.
INFO: Run Behavior\ParseTemplateBehavior [ RunTime:0.004318s ]
INFO: [ view_parse ] --END-- [ RunTime:0.004353s ]
INFO: [ view_filter ] --START--
INFO: Run Behavior\WriteHtmlCacheBehavior [ RunTime:0.000105s ]
INFO: [ view_filter ] --END-- [ RunTime:0.000133s ]
INFO: [ app_end ] --START--
INFO: Run Behavior\ShowPageTraceBehavior [ RunTime:0.000302s ]
INFO: [ app_end ] --END-- [ RunTime:0.000359s ]

