[ 2016-09-20T13:52:34+08:00 ] 101.199.108.53 /ihanc/eva/index.php/Home/login/undefinedfinance/transfer
INFO: [ app_init ] --START--
INFO: Run Behavior\BuildLiteBehavior [ RunTime:0.000010s ]
INFO: [ app_init ] --END-- [ RunTime:0.000236s ]
INFO: [ app_begin ] --START--
INFO: Run Behavior\ReadHtmlCacheBehavior [ RunTime:0.000296s ]
INFO: [ app_begin ] --END-- [ RunTime:0.000343s ]
ERR: 非法操作:undefinedfinance

[ 2016-09-20T13:52:46+08:00 ] 117.173.171.3 /ihanc/eva/index.php/Home/Finance/feeAdd
INFO: [ app_init ] --START--
INFO: Run Behavior\BuildLiteBehavior [ RunTime:0.000011s ]
INFO: [ app_init ] --END-- [ RunTime:0.000256s ]
INFO: [ app_begin ] --START--
INFO: Run Behavior\ReadHtmlCacheBehavior [ RunTime:0.000649s ]
INFO: [ app_begin ] --END-- [ RunTime:0.000707s ]
SQL: SHOW COLUMNS FROM `user` [ RunTime:0.0007s ]
SQL: SELECT * FROM `user` WHERE ( iduser='3' )  [ RunTime:0.0002s ]
SQL: SHOW COLUMNS FROM `ihanc_3`.`bank` [ RunTime:0.0004s ]
SQL: SELECT `sum` FROM ihanc_3.bank WHERE `idbank` = 9 LIMIT 1   [ RunTime:0.0002s ]
SQL: SHOW COLUMNS FROM `ihanc_3`.`subject` [ RunTime:0.0004s ]
SQL: SELECT `subject` FROM ihanc_3.subject WHERE `idsubject` = 7 LIMIT 1   [ RunTime:0.0001s ]
SQL: SHOW COLUMNS FROM `ihanc_3`.`bank_detail` [ RunTime:0.0004s ]
SQL: INSERT INTO ihanc_3.bank_detail (`idsubject`,`sum`,`idbank`,`summary`,`balance`,`user`,`time`) VALUES ('7','-2888','9','费用:销售费用 ','2078','杨胖娃','2016-09-20 13:52:46') [ RunTime:0.0040s ]
SQL: SHOW COLUMNS FROM `ihanc_3`.`log` [ RunTime:0.0005s ]
SQL: INSERT INTO ihanc_3.log (`summary`,`user`) VALUES ('费用:销售费用 ','杨胖娃') [ RunTime:0.0029s ]
INFO: [ app_end ] --START--
INFO: Run Behavior\ShowPageTraceBehavior [ RunTime:0.000446s ]
INFO: [ app_end ] --END-- [ RunTime:0.000489s ]

[ 2016-09-20T13:52:49+08:00 ] 117.173.171.3 /ihanc/eva/index.php/Home/finance/bank
INFO: [ app_init ] --START--
INFO: Run Behavior\BuildLiteBehavior [ RunTime:0.000011s ]
INFO: [ app_init ] --END-- [ RunTime:0.000234s ]
INFO: [ app_begin ] --START--
INFO: Run Behavior\ReadHtmlCacheBehavior [ RunTime:0.000312s ]
INFO: [ app_begin ] --END-- [ RunTime:0.000353s ]
SQL: SHOW COLUMNS FROM `user` [ RunTime:0.0007s ]
SQL: SELECT * FROM `user` WHERE ( iduser='3' )  [ RunTime:0.0002s ]
SQL: SHOW COLUMNS FROM `ihanc_3`.`bank` [ RunTime:0.0004s ]
SQL: SELECT * FROM ihanc_3.bank  [ RunTime:0.0001s ]
INFO: [ view_parse ] --START--
INFO: [ template_filter ] --START--
INFO: Run Behavior\ContentReplaceBehavior [ RunTime:0.000054s ]
INFO: [ template_filter ] --END-- [ RunTime:0.000087s ]
INFO: Run Behavior\ParseTemplateBehavior [ RunTime:0.004491s ]
INFO: [ view_parse ] --END-- [ RunTime:0.004528s ]
INFO: [ view_filter ] --START--
INFO: Run Behavior\WriteHtmlCacheBehavior [ RunTime:0.000110s ]
INFO: [ view_filter ] --END-- [ RunTime:0.000147s ]
INFO: [ app_end ] --START--
INFO: Run Behavior\ShowPageTraceBehavior [ RunTime:0.000333s ]
INFO: [ app_end ] --END-- [ RunTime:0.000371s ]

[ 2016-09-20T13:52:56+08:00 ] 117.173.171.3 /ihanc/eva/index.php/Home/finance/staff
INFO: [ app_init ] --START--
INFO: Run Behavior\BuildLiteBehavior [ RunTime:0.000018s ]
INFO: [ app_init ] --END-- [ RunTime:0.000391s ]
INFO: [ app_begin ] --START--
INFO: Run Behavior\ReadHtmlCacheBehavior [ RunTime:0.000574s ]
INFO: [ app_begin ] --END-- [ RunTime:0.000627s ]
SQL: SHOW COLUMNS FROM `user` [ RunTime:0.0009s ]
SQL: SELECT * FROM `user` WHERE ( iduser='3' )  [ RunTime:0.0003s ]
SQL: SHOW COLUMNS FROM `ihanc_3`.`bank` [ RunTime:0.0006s ]
SQL: SHOW COLUMNS FROM `ihanc_3`.`staff` [ RunTime:0.0005s ]
SQL: SELECT * FROM ihanc_3.staff  [ RunTime:0.0003s ]
SQL: SELECT `idbank`,`bname` FROM ihanc_3.bank  [ RunTime:0.0002s ]
INFO: [ view_parse ] --START--
INFO: [ template_filter ] --START--
INFO: Run Behavior\ContentReplaceBehavior [ RunTime:0.000078s ]
INFO: [ template_filter ] --END-- [ RunTime:0.000132s ]
INFO: Run Behavior\ParseTemplateBehavior [ RunTime:0.008193s ]
INFO: [ view_parse ] --END-- [ RunTime:0.008246s ]
INFO: [ view_filter ] --START--
INFO: Run Behavior\WriteHtmlCacheBehavior [ RunTime:0.000197s ]
INFO: [ view_filter ] --END-- [ RunTime:0.000236s ]
INFO: [ app_end ] --START--
INFO: Run Behavior\ShowPageTraceBehavior [ RunTime:0.000539s ]
INFO: [ app_end ] --END-- [ RunTime:0.000585s ]

[ 2016-09-20T13:53:02+08:00 ] 117.173.171.3 /ihanc/eva/index.php/Home/index/index.html
INFO: [ app_init ] --START--
INFO: Run Behavior\BuildLiteBehavior [ RunTime:0.000015s ]
INFO: [ app_init ] --END-- [ RunTime:0.000259s ]
INFO: [ app_begin ] --START--
INFO: Run Behavior\ReadHtmlCacheBehavior [ RunTime:0.000316s ]
INFO: [ app_begin ] --END-- [ RunTime:0.000357s ]
SQL: SHOW COLUMNS FROM `user` [ RunTime:0.0007s ]
SQL: SELECT * FROM `user` WHERE ( iduser='3' )  [ RunTime:0.0002s ]
INFO: [ view_parse ] --START--
INFO: [ template_filter ] --START--
INFO: Run Behavior\ContentReplaceBehavior [ RunTime:0.000142s ]
INFO: [ template_filter ] --END-- [ RunTime:0.000184s ]
INFO: Run Behavior\ParseTemplateBehavior [ RunTime:0.007025s ]
INFO: [ view_parse ] --END-- [ RunTime:0.007065s ]
INFO: [ view_filter ] --START--
INFO: Run Behavior\WriteHtmlCacheBehavior [ RunTime:0.000122s ]
INFO: [ view_filter ] --END-- [ RunTime:0.000160s ]
INFO: [ app_end ] --START--
INFO: Run Behavior\ShowPageTraceBehavior [ RunTime:0.000474s ]
INFO: [ app_end ] --END-- [ RunTime:0.000527s ]

[ 2016-09-20T13:53:02+08:00 ] 117.173.171.3 /ihanc/eva/index.php/Home/finance/staff
INFO: [ app_init ] --START--
INFO: Run Behavior\BuildLiteBehavior [ RunTime:0.000015s ]
INFO: [ app_init ] --END-- [ RunTime:0.000359s ]
INFO: [ app_begin ] --START--
INFO: Run Behavior\ReadHtmlCacheBehavior [ RunTime:0.000309s ]
INFO: [ app_begin ] --END-- [ RunTime:0.000349s ]
SQL: SHOW COLUMNS FROM `user` [ RunTime:0.0007s ]
SQL: SELECT * FROM `user` WHERE ( iduser='3' )  [ RunTime:0.0002s ]
SQL: SHOW COLUMNS FROM `ihanc_3`.`bank` [ RunTime:0.0004s ]
SQL: SHOW COLUMNS FROM `ihanc_3`.`staff` [ RunTime:0.0004s ]
SQL: SELECT * FROM ihanc_3.staff  [ RunTime:0.0001s ]
SQL: SELECT `idbank`,`bname` FROM ihanc_3.bank  [ RunTime:0.0002s ]
INFO: [ view_parse ] --START--
INFO: [ template_filter ] --START--
INFO: Run Behavior\ContentReplaceBehavior [ RunTime:0.000055s ]
INFO: [ template_filter ] --END-- [ RunTime:0.000091s ]
INFO: Run Behavior\ParseTemplateBehavior [ RunTime:0.005217s ]
INFO: [ view_parse ] --END-- [ RunTime:0.005253s ]
INFO: [ view_filter ] --START--
INFO: Run Behavior\WriteHtmlCacheBehavior [ RunTime:0.000102s ]
INFO: [ view_filter ] --END-- [ RunTime:0.000129s ]
INFO: [ app_end ] --START--
INFO: Run Behavior\ShowPageTraceBehavior [ RunTime:0.000357s ]
INFO: [ app_end ] --END-- [ RunTime:0.000394s ]

[ 2016-09-20T13:53:02+08:00 ] 117.173.171.3 /ihanc/eva/index.php/Home/index/favicon.ico
INFO: [ app_init ] --START--
INFO: Run Behavior\BuildLiteBehavior [ RunTime:0.000011s ]
INFO: [ app_init ] --END-- [ RunTime:0.000250s ]

[ 2016-09-20T13:53:11+08:00 ] 117.173.171.3 /ihanc/eva/index.php/Home/index/dashboard
INFO: [ app_init ] --START--
INFO: Run Behavior\BuildLiteBehavior [ RunTime:0.000020s ]
INFO: [ app_init ] --END-- [ RunTime:0.000475s ]
INFO: [ app_begin ] --START--
INFO: Run Behavior\ReadHtmlCacheBehavior [ RunTime:0.000488s ]
INFO: [ app_begin ] --END-- [ RunTime:0.000547s ]
SQL: SHOW COLUMNS FROM `user` [ RunTime:0.0008s ]
SQL: SELECT * FROM `user` WHERE ( iduser='3' )  [ RunTime:0.0002s ]
SQL: SHOW COLUMNS FROM `ihanc_3`.`sale` [ RunTime:0.0005s ]
SQL: SELECT `time`,`idmember`,sum(sum) as sum FROM ihanc_3.sale GROUP BY idmember ORDER BY time LIMIT 0,10   [ RunTime:0.0057s ]
SQL: SELECT `time`,`idmember`,sum(sum) as sum FROM ihanc_3.sale GROUP BY idmember ORDER BY sum desc LIMIT 0,10   [ RunTime:0.0052s ]
SQL: SELECT `etime` FROM `user` WHERE `db` = '3' LIMIT 1   [ RunTime:0.0002s ]
INFO: [ view_parse ] --START--
INFO: [ template_filter ] --START--
INFO: Run Behavior\ContentReplaceBehavior [ RunTime:0.000057s ]
INFO: [ template_filter ] --END-- [ RunTime:0.000093s ]
INFO: Run Behavior\ParseTemplateBehavior [ RunTime:0.006251s ]
INFO: [ view_parse ] --END-- [ RunTime:0.006292s ]
INFO: [ view_filter ] --START--
INFO: Run Behavior\WriteHtmlCacheBehavior [ RunTime:0.000109s ]
INFO: [ view_filter ] --END-- [ RunTime:0.000136s ]
INFO: [ app_end ] --START--
INFO: Run Behavior\ShowPageTraceBehavior [ RunTime:0.000352s ]
INFO: [ app_end ] --END-- [ RunTime:0.000399s ]

[ 2016-09-20T13:53:16+08:00 ] 117.173.171.3 /ihanc/eva/index.php/Home/finance/staff
INFO: [ app_init ] --START--
INFO: Run Behavior\BuildLiteBehavior [ RunTime:0.000017s ]
INFO: [ app_init ] --END-- [ RunTime:0.000316s ]
INFO: [ app_begin ] --START--
INFO: Run Behavior\ReadHtmlCacheBehavior [ RunTime:0.000339s ]
INFO: [ app_begin ] --END-- [ RunTime:0.000378s ]
SQL: SHOW COLUMNS FROM `user` [ RunTime:0.0007s ]
SQL: SELECT * FROM `user` WHERE ( iduser='3' )  [ RunTime:0.0002s ]
SQL: SHOW COLUMNS FROM `ihanc_3`.`bank` [ RunTime:0.0004s ]
SQL: SHOW COLUMNS FROM `ihanc_3`.`staff` [ RunTime:0.0004s ]
SQL: SELECT * FROM ihanc_3.staff  [ RunTime:0.0002s ]
SQL: SELECT `idbank`,`bname` FROM ihanc_3.bank  [ RunTime:0.0001s ]
INFO: [ view_parse ] --START--
INFO: [ template_filter ] --START--
INFO: Run Behavior\ContentReplaceBehavior [ RunTime:0.000050s ]
INFO: [ template_filter ] --END-- [ RunTime:0.000097s ]
INFO: Run Behavior\ParseTemplateBehavior [ RunTime:0.005434s ]
INFO: [ view_parse ] --END-- [ RunTime:0.005476s ]
INFO: [ view_filter ] --START--
INFO: Run Behavior\WriteHtmlCacheBehavior [ RunTime:0.000102s ]
INFO: [ view_filter ] --END-- [ RunTime:0.000130s ]
INFO: [ app_end ] --START--
INFO: Run Behavior\ShowPageTraceBehavior [ RunTime:0.000345s ]
INFO: [ app_end ] --END-- [ RunTime:0.000381s ]

[ 2016-09-20T13:55:02+08:00 ] 182.140.230.14 /ihanc/eva/index.php/Home/index/index.html
INFO: [ app_init ] --START--
INFO: Run Behavior\BuildLiteBehavior [ RunTime:0.000013s ]
INFO: [ app_init ] --END-- [ RunTime:0.000242s ]
INFO: [ app_begin ] --START--
INFO: Run Behavior\ReadHtmlCacheBehavior [ RunTime:0.000353s ]
INFO: [ app_begin ] --END-- [ RunTime:0.000402s ]

[ 2016-09-20T13:55:02+08:00 ] 182.140.230.14 /ihanc/eva/index.php/Home/login/index.html
INFO: [ app_init ] --START--
INFO: Run Behavior\BuildLiteBehavior [ RunTime:0.000012s ]
INFO: [ app_init ] --END-- [ RunTime:0.000245s ]
INFO: [ app_begin ] --START--
INFO: Run Behavior\ReadHtmlCacheBehavior [ RunTime:0.000347s ]
INFO: [ app_begin ] --END-- [ RunTime:0.000401s ]
INFO: [ view_parse ] --START--
INFO: [ template_filter ] --START--
INFO: Run Behavior\ContentReplaceBehavior [ RunTime:0.000056s ]
INFO: [ template_filter ] --END-- [ RunTime:0.000093s ]
NOTIC: [8] Undefined variable: info /opt/lampp/htdocs/ihanc/eva/Application/Runtime/Cache/Home/97269d504bf33cb4c14eb7be85b7c9ec.php 第 75 行.
INFO: Run Behavior\ParseTemplateBehavior [ RunTime:0.004221s ]
INFO: [ view_parse ] --END-- [ RunTime:0.004255s ]
INFO: [ view_filter ] --START--
INFO: Run Behavior\WriteHtmlCacheBehavior [ RunTime:0.000104s ]
INFO: [ view_filter ] --END-- [ RunTime:0.000131s ]
INFO: [ app_end ] --START--
INFO: Run Behavior\ShowPageTraceBehavior [ RunTime:0.000337s ]
INFO: [ app_end ] --END-- [ RunTime:0.000370s ]

[ 2016-09-20T13:55:14+08:00 ] 183.57.152.27 /ihanc/eva/index.php/Home/index/index.html
INFO: [ app_init ] --START--
INFO: Run Behavior\BuildLiteBehavior [ RunTime:0.000014s ]
INFO: [ app_init ] --END-- [ RunTime:0.000286s ]
INFO: [ app_begin ] --START--
INFO: Run Behavior\ReadHtmlCacheBehavior [ RunTime:0.000315s ]
INFO: [ app_begin ] --END-- [ RunTime:0.000357s ]

[ 2016-09-20T13:55:14+08:00 ] 183.57.152.27 /ihanc/eva/index.php/Home/login/index.html
INFO: [ app_init ] --START--
INFO: Run Behavior\BuildLiteBehavior [ RunTime:0.000017s ]
INFO: [ app_init ] --END-- [ RunTime:0.000317s ]
INFO: [ app_begin ] --START--
INFO: Run Behavior\ReadHtmlCacheBehavior [ RunTime:0.000332s ]
INFO: [ app_begin ] --END-- [ RunTime:0.000373s ]
INFO: [ view_parse ] --START--
INFO: [ template_filter ] --START--
INFO: Run Behavior\ContentReplaceBehavior [ RunTime:0.000078s ]
INFO: [ template_filter ] --END-- [ RunTime:0.000135s ]
NOTIC: [8] Undefined variable: info /opt/lampp/htdocs/ihanc/eva/Application/Runtime/Cache/Home/97269d504bf33cb4c14eb7be85b7c9ec.php 第 75 行.
INFO: Run Behavior\ParseTemplateBehavior [ RunTime:0.004857s ]
INFO: [ view_parse ] --END-- [ RunTime:0.004905s ]
INFO: [ view_filter ] --START--
INFO: Run Behavior\WriteHtmlCacheBehavior [ RunTime:0.000135s ]
INFO: [ view_filter ] --END-- [ RunTime:0.000169s ]
INFO: [ app_end ] --START--
INFO: Run Behavior\ShowPageTraceBehavior [ RunTime:0.000489s ]
INFO: [ app_end ] --END-- [ RunTime:0.000539s ]

[ 2016-09-20T13:55:22+08:00 ] 101.199.112.50 /ihanc/eva/index.php/Home/index/index.html
INFO: [ app_init ] --START--
INFO: Run Behavior\BuildLiteBehavior [ RunTime:0.000012s ]
INFO: [ app_init ] --END-- [ RunTime:0.000247s ]
INFO: [ app_begin ] --START--
INFO: Run Behavior\ReadHtmlCacheBehavior [ RunTime:0.000300s ]
INFO: [ app_begin ] --END-- [ RunTime:0.000353s ]

[ 2016-09-20T13:55:22+08:00 ] 101.199.112.50 /ihanc/eva/index.php/Home/login/index.html
INFO: [ app_init ] --START--
INFO: Run Behavior\BuildLiteBehavior [ RunTime:0.000010s ]
INFO: [ app_init ] --END-- [ RunTime:0.000230s ]
INFO: [ app_begin ] --START--
INFO: Run Behavior\ReadHtmlCacheBehavior [ RunTime:0.000274s ]
INFO: [ app_begin ] --END-- [ RunTime:0.000312s ]
INFO: [ view_parse ] --START--
INFO: [ template_filter ] --START--
INFO: Run Behavior\ContentReplaceBehavior [ RunTime:0.000060s ]
INFO: [ template_filter ] --END-- [ RunTime:0.000098s ]
NOTIC: [8] Undefined variable: info /opt/lampp/htdocs/ihanc/eva/Application/Runtime/Cache/Home/97269d504bf33cb4c14eb7be85b7c9ec.php 第 75 行.
INFO: Run Behavior\ParseTemplateBehavior [ RunTime:0.004320s ]
INFO: [ view_parse ] --END-- [ RunTime:0.004369s ]
INFO: [ view_filter ] --START--
INFO: Run Behavior\WriteHtmlCacheBehavior [ RunTime:0.000100s ]
INFO: [ view_filter ] --END-- [ RunTime:0.000126s ]
INFO: [ app_end ] --START--
INFO: Run Behavior\ShowPageTraceBehavior [ RunTime:0.000334s ]
INFO: [ app_end ] --END-- [ RunTime:0.000372s ]

[ 2016-09-20T13:55:22+08:00 ] 101.199.112.50 /ihanc/eva/index.php/Home/login/undefinedfinance/staff
INFO: [ app_init ] --START--
INFO: Run Behavior\BuildLiteBehavior [ RunTime:0.000032s ]
INFO: [ app_init ] --END-- [ RunTime:0.000509s ]
INFO: [ app_begin ] --START--
INFO: Run Behavior\ReadHtmlCacheBehavior [ RunTime:0.000606s ]
INFO: [ app_begin ] --END-- [ RunTime:0.000658s ]
ERR: 非法操作:undefinedfinance

[ 2016-09-20T13:55:38+08:00 ] 101.199.108.59 /ihanc/eva/index.php/Home/index/index.html
INFO: [ app_init ] --START--
INFO: Run Behavior\BuildLiteBehavior [ RunTime:0.000018s ]
INFO: [ app_init ] --END-- [ RunTime:0.000371s ]
INFO: [ app_begin ] --START--
INFO: Run Behavior\ReadHtmlCacheBehavior [ RunTime:0.000494s ]
INFO: [ app_begin ] --END-- [ RunTime:0.000555s ]

[ 2016-09-20T13:55:38+08:00 ] 101.199.108.59 /ihanc/eva/index.php/Home/login/index.html
INFO: [ app_init ] --START--
INFO: Run Behavior\BuildLiteBehavior [ RunTime:0.000015s ]
INFO: [ app_init ] --END-- [ RunTime:0.000337s ]
INFO: [ app_begin ] --START--
INFO: Run Behavior\ReadHtmlCacheBehavior [ RunTime:0.000456s ]
INFO: [ app_begin ] --END-- [ RunTime:0.000515s ]
INFO: [ view_parse ] --START--
INFO: [ template_filter ] --START--
INFO: Run Behavior\ContentReplaceBehavior [ RunTime:0.000055s ]
INFO: [ template_filter ] --END-- [ RunTime:0.000092s ]
NOTIC: [8] Undefined variable: info /opt/lampp/htdocs/ihanc/eva/Application/Runtime/Cache/Home/97269d504bf33cb4c14eb7be85b7c9ec.php 第 75 行.
INFO: Run Behavior\ParseTemplateBehavior [ RunTime:0.004414s ]
INFO: [ view_parse ] --END-- [ RunTime:0.004456s ]
INFO: [ view_filter ] --START--
INFO: Run Behavior\WriteHtmlCacheBehavior [ RunTime:0.000104s ]
INFO: [ view_filter ] --END-- [ RunTime:0.000132s ]
INFO: [ app_end ] --START--
INFO: Run Behavior\ShowPageTraceBehavior [ RunTime:0.000304s ]
INFO: [ app_end ] --END-- [ RunTime:0.000336s ]

[ 2016-09-20T13:55:38+08:00 ] 101.199.108.59 /ihanc/eva/index.php/Home/login/undefinedindex/dashboard
INFO: [ app_init ] --START--
INFO: Run Behavior\BuildLiteBehavior [ RunTime:0.000012s ]
INFO: [ app_init ] --END-- [ RunTime:0.000313s ]
INFO: [ app_begin ] --START--
INFO: Run Behavior\ReadHtmlCacheBehavior [ RunTime:0.000354s ]
INFO: [ app_begin ] --END-- [ RunTime:0.000394s ]
ERR: 非法操作:undefinedindex

[ 2016-09-20T15:39:51+08:00 ] 117.173.171.30 /ihanc/eva/
INFO: [ app_init ] --START--
INFO: Run Behavior\BuildLiteBehavior [ RunTime:0.000012s ]
INFO: [ app_init ] --END-- [ RunTime:0.000244s ]
INFO: [ app_begin ] --START--
INFO: Run Behavior\ReadHtmlCacheBehavior [ RunTime:0.000334s ]
INFO: [ app_begin ] --END-- [ RunTime:0.000373s ]

[ 2016-09-20T15:39:51+08:00 ] 117.173.171.30 /ihanc/eva/index.php/Home/login/index.html
INFO: [ app_init ] --START--
INFO: Run Behavior\BuildLiteBehavior [ RunTime:0.000016s ]
INFO: [ app_init ] --END-- [ RunTime:0.000373s ]
INFO: [ app_begin ] --START--
INFO: Run Behavior\ReadHtmlCacheBehavior [ RunTime:0.000473s ]
INFO: [ app_begin ] --END-- [ RunTime:0.000530s ]
INFO: [ view_parse ] --START--
INFO: [ template_filter ] --START--
INFO: Run Behavior\ContentReplaceBehavior [ RunTime:0.000098s ]
INFO: [ template_filter ] --END-- [ RunTime:0.000155s ]
NOTIC: [8] Undefined variable: info /opt/lampp/htdocs/ihanc/eva/Application/Runtime/Cache/Home/97269d504bf33cb4c14eb7be85b7c9ec.php 第 75 行.
INFO: Run Behavior\ParseTemplateBehavior [ RunTime:0.006974s ]
INFO: [ view_parse ] --END-- [ RunTime:0.007031s ]
INFO: [ view_filter ] --START--
INFO: Run Behavior\WriteHtmlCacheBehavior [ RunTime:0.000152s ]
INFO: [ view_filter ] --END-- [ RunTime:0.000201s ]
INFO: [ app_end ] --START--
INFO: Run Behavior\ShowPageTraceBehavior [ RunTime:0.000487s ]
INFO: [ app_end ] --END-- [ RunTime:0.000539s ]

[ 2016-09-20T15:39:51+08:00 ] 117.173.171.30 /ihanc/eva/index.php/Home/login/undefined/ajax-loader-trans.gif
INFO: [ app_init ] --START--
INFO: Run Behavior\BuildLiteBehavior [ RunTime:0.000012s ]
INFO: [ app_init ] --END-- [ RunTime:0.000245s ]

[ 2016-09-20T15:39:51+08:00 ] 117.173.171.30 /ihanc/eva/index.php/Home/login/undefinedundefined
INFO: [ app_init ] --START--
INFO: Run Behavior\BuildLiteBehavior [ RunTime:0.000011s ]
INFO: [ app_init ] --END-- [ RunTime:0.000253s ]
INFO: [ app_begin ] --START--
INFO: Run Behavior\ReadHtmlCacheBehavior [ RunTime:0.000303s ]
INFO: [ app_begin ] --END-- [ RunTime:0.000342s ]
ERR: 非法操作:undefinedundefined

[ 2016-09-20T15:40:30+08:00 ] 117.173.171.30 /ihanc/eva/index.php/home/login/login
INFO: [ app_init ] --START--
INFO: Run Behavior\BuildLiteBehavior [ RunTime:0.000109s ]
INFO: [ app_init ] --END-- [ RunTime:0.000622s ]
INFO: [ app_begin ] --START--
INFO: Run Behavior\ReadHtmlCacheBehavior [ RunTime:0.000606s ]
INFO: [ app_begin ] --END-- [ RunTime:0.000723s ]
SQL: SHOW COLUMNS FROM `user` [ RunTime:0.0014s ]
SQL: SELECT * FROM `user` WHERE `name` = 'adminadmin'  [ RunTime:0.0003s ]
SQL: SELECT * FROM `user` WHERE `name` = 'adminadmin' AND `pwd` = 'e10adc3949ba59abbe56e057f20f883e'  [ RunTime:0.0002s ]
SQL: SHOW COLUMNS FROM `user_log` [ RunTime:0.0009s ]
SQL: INSERT INTO `user_log` (`iduser`,`ltime`) VALUES ('1','2016-09-20 15:40:30') [ RunTime:0.0050s ]
SQL: UPDATE `user` SET `ltime`='0.18621400 1474357230',`ip`='117.173.171.30' WHERE `iduser` = 1 [ RunTime:0.0051s ]

[ 2016-09-20T15:40:30+08:00 ] 117.173.171.30 /ihanc/eva/index.php/Home/index/index.html
INFO: [ app_init ] --START--
INFO: Run Behavior\BuildLiteBehavior [ RunTime:0.000017s ]
INFO: [ app_init ] --END-- [ RunTime:0.000362s ]
INFO: [ app_begin ] --START--
INFO: Run Behavior\ReadHtmlCacheBehavior [ RunTime:0.000341s ]
INFO: [ app_begin ] --END-- [ RunTime:0.000392s ]
SQL: SHOW COLUMNS FROM `user` [ RunTime:0.0007s ]
SQL: SELECT * FROM `user` WHERE ( iduser='1' )  [ RunTime:0.0002s ]
INFO: [ view_parse ] --START--
INFO: [ template_filter ] --START--
INFO: Run Behavior\ContentReplaceBehavior [ RunTime:0.000215s ]
INFO: [ template_filter ] --END-- [ RunTime:0.000270s ]
INFO: Run Behavior\ParseTemplateBehavior [ RunTime:0.007366s ]
INFO: [ view_parse ] --END-- [ RunTime:0.007405s ]
INFO: [ view_filter ] --START--
INFO: Run Behavior\WriteHtmlCacheBehavior [ RunTime:0.000105s ]
INFO: [ view_filter ] --END-- [ RunTime:0.000132s ]
INFO: [ app_end ] --START--
INFO: Run Behavior\ShowPageTraceBehavior [ RunTime:0.000415s ]
INFO: [ app_end ] --END-- [ RunTime:0.000452s ]

[ 2016-09-20T15:40:33+08:00 ] 117.173.171.30 /ihanc/eva/index.php/Home/index/favicon.ico
INFO: [ app_init ] --START--
INFO: Run Behavior\BuildLiteBehavior [ RunTime:0.000016s ]
INFO: [ app_init ] --END-- [ RunTime:0.000396s ]

[ 2016-09-20T15:40:33+08:00 ] 117.173.171.30 /ihanc/eva/index.php/Home/index/dashboard
INFO: [ app_init ] --START--
INFO: Run Behavior\BuildLiteBehavior [ RunTime:0.000011s ]
INFO: [ app_init ] --END-- [ RunTime:0.000229s ]
INFO: [ app_begin ] --START--
INFO: Run Behavior\ReadHtmlCacheBehavior [ RunTime:0.000295s ]
INFO: [ app_begin ] --END-- [ RunTime:0.000341s ]
SQL: SHOW COLUMNS FROM `user` [ RunTime:0.0006s ]
SQL: SELECT * FROM `user` WHERE ( iduser='1' )  [ RunTime:0.0002s ]
SQL: SHOW COLUMNS FROM `ihanc_3`.`sale` [ RunTime:0.0005s ]
SQL: SELECT `time`,`idmember`,sum(sum) as sum FROM ihanc_3.sale GROUP BY idmember ORDER BY time LIMIT 0,10   [ RunTime:0.0050s ]
SQL: SELECT `time`,`idmember`,sum(sum) as sum FROM ihanc_3.sale GROUP BY idmember ORDER BY sum desc LIMIT 0,10   [ RunTime:0.0050s ]
SQL: SELECT `etime` FROM `user` WHERE `db` = '3' LIMIT 1   [ RunTime:0.0001s ]
INFO: [ view_parse ] --START--
INFO: [ template_filter ] --START--
INFO: Run Behavior\ContentReplaceBehavior [ RunTime:0.000069s ]
INFO: [ template_filter ] --END-- [ RunTime:0.000105s ]
INFO: Run Behavior\ParseTemplateBehavior [ RunTime:0.005870s ]
INFO: [ view_parse ] --END-- [ RunTime:0.005917s ]
INFO: [ view_filter ] --START--
INFO: Run Behavior\WriteHtmlCacheBehavior [ RunTime:0.000120s ]
INFO: [ view_filter ] --END-- [ RunTime:0.000149s ]
INFO: [ app_end ] --START--
INFO: Run Behavior\ShowPageTraceBehavior [ RunTime:0.000314s ]
INFO: [ app_end ] --END-- [ RunTime:0.000348s ]

[ 2016-09-20T15:40:38+08:00 ] 117.173.171.30 /ihanc/eva/index.php/Home/sale/sale.html
INFO: [ app_init ] --START--
INFO: Run Behavior\BuildLiteBehavior [ RunTime:0.000018s ]
INFO: [ app_init ] --END-- [ RunTime:0.000425s ]
INFO: [ app_begin ] --START--
INFO: Run Behavior\ReadHtmlCacheBehavior [ RunTime:0.000571s ]
INFO: [ app_begin ] --END-- [ RunTime:0.000624s ]
SQL: SHOW COLUMNS FROM `user` [ RunTime:0.0009s ]
SQL: SELECT * FROM `user` WHERE ( iduser='1' )  [ RunTime:0.0003s ]
SQL: SHOW COLUMNS FROM `ihanc_3`.`bank` [ RunTime:0.0006s ]
SQL: SELECT `idbank`,`bname` FROM ihanc_3.bank  [ RunTime:0.0003s ]
INFO: [ view_parse ] --START--
INFO: [ template_filter ] --START--
INFO: Run Behavior\ContentReplaceBehavior [ RunTime:0.000104s ]
INFO: [ template_filter ] --END-- [ RunTime:0.000151s ]
INFO: Run Behavior\ParseTemplateBehavior [ RunTime:0.010345s ]
INFO: [ view_parse ] --END-- [ RunTime:0.010391s ]
INFO: [ view_filter ] --START--
INFO: Run Behavior\WriteHtmlCacheBehavior [ RunTime:0.000106s ]
INFO: [ view_filter ] --END-- [ RunTime:0.000132s ]
INFO: [ app_end ] --START--
INFO: Run Behavior\ShowPageTraceBehavior [ RunTime:0.000341s ]
INFO: [ app_end ] --END-- [ RunTime:0.000377s ]

[ 2016-09-20T15:40:44+08:00 ] 117.173.171.30 /ihanc/eva/index.php/Home/Sale/searchMember
INFO: [ app_init ] --START--
INFO: Run Behavior\BuildLiteBehavior [ RunTime:0.000030s ]
INFO: [ app_init ] --END-- [ RunTime:0.000470s ]
INFO: [ app_begin ] --START--
INFO: Run Behavior\ReadHtmlCacheBehavior [ RunTime:0.000520s ]
INFO: [ app_begin ] --END-- [ RunTime:0.000580s ]
SQL: SHOW COLUMNS FROM `user` [ RunTime:0.0007s ]
SQL: SELECT * FROM `user` WHERE ( iduser='1' )  [ RunTime:0.0002s ]
SQL: SHOW COLUMNS FROM `ihanc_3`.`member` [ RunTime:0.0004s ]
SQL: SELECT `idmember`,`mname` FROM ihanc_3.member WHERE ( `mname` LIKE '%H%' OR `msn` LIKE '%H%' ) LIMIT 0,10   [ RunTime:0.0002s ]
INFO: [ app_end ] --START--
INFO: Run Behavior\ShowPageTraceBehavior [ RunTime:0.000339s ]
INFO: [ app_end ] --END-- [ RunTime:0.000374s ]

[ 2016-09-20T15:40:45+08:00 ] 117.173.171.30 /ihanc/eva/index.php/Home/Sale/searchMember
INFO: [ app_init ] --START--
INFO: Run Behavior\BuildLiteBehavior [ RunTime:0.000013s ]
INFO: [ app_init ] --END-- [ RunTime:0.000256s ]
INFO: [ app_begin ] --START--
INFO: Run Behavior\ReadHtmlCacheBehavior [ RunTime:0.000306s ]
INFO: [ app_begin ] --END-- [ RunTime:0.000345s ]
SQL: SHOW COLUMNS FROM `user` [ RunTime:0.0006s ]
SQL: SELECT * FROM `user` WHERE ( iduser='1' )  [ RunTime:0.0002s ]
SQL: SHOW COLUMNS FROM `ihanc_3`.`member` [ RunTime:0.0004s ]
SQL: SELECT `idmember`,`mname` FROM ihanc_3.member WHERE ( `mname` LIKE '%HX%' OR `msn` LIKE '%HX%' ) LIMIT 0,10   [ RunTime:0.0003s ]
INFO: [ app_end ] --START--
INFO: Run Behavior\ShowPageTraceBehavior [ RunTime:0.000348s ]
INFO: [ app_end ] --END-- [ RunTime:0.000384s ]

[ 2016-09-20T15:40:45+08:00 ] 117.173.171.30 /ihanc/eva/index.php/Home/Sale/searchMember
INFO: [ app_init ] --START--
INFO: Run Behavior\BuildLiteBehavior [ RunTime:0.000012s ]
INFO: [ app_init ] --END-- [ RunTime:0.000264s ]
INFO: [ app_begin ] --START--
INFO: Run Behavior\ReadHtmlCacheBehavior [ RunTime:0.000315s ]
INFO: [ app_begin ] --END-- [ RunTime:0.000355s ]
SQL: SHOW COLUMNS FROM `user` [ RunTime:0.0006s ]
SQL: SELECT * FROM `user` WHERE ( iduser='1' )  [ RunTime:0.0002s ]
SQL: SHOW COLUMNS FROM `ihanc_3`.`member` [ RunTime:0.0004s ]
SQL: SELECT `idmember`,`mname` FROM ihanc_3.member WHERE ( `mname` LIKE '%HXC%' OR `msn` LIKE '%HXC%' ) LIMIT 0,10   [ RunTime:0.0003s ]
INFO: [ app_end ] --START--
INFO: Run Behavior\ShowPageTraceBehavior [ RunTime:0.000342s ]
INFO: [ app_end ] --END-- [ RunTime:0.000378s ]

[ 2016-09-20T15:40:46+08:00 ] 117.173.171.30 /ihanc/eva/index.php/Home/Sale/getCredit?idmember=116
INFO: [ app_init ] --START--
INFO: Run Behavior\BuildLiteBehavior [ RunTime:0.000013s ]
INFO: [ app_init ] --END-- [ RunTime:0.000251s ]
INFO: [ app_begin ] --START--
INFO: Run Behavior\ReadHtmlCacheBehavior [ RunTime:0.000322s ]
INFO: [ app_begin ] --END-- [ RunTime:0.000361s ]
SQL: SHOW COLUMNS FROM `user` [ RunTime:0.0006s ]
SQL: SELECT * FROM `user` WHERE ( iduser='1' )  [ RunTime:0.0002s ]
SQL: SHOW COLUMNS FROM `ihanc_3`.`sale` [ RunTime:0.0005s ]
SQL: SELECT SUM(sum) AS tp_sum FROM ihanc_3.sale WHERE `idmember` = 116 LIMIT 1   [ RunTime:0.0007s ]
INFO: [ app_end ] --START--
INFO: Run Behavior\ShowPageTraceBehavior [ RunTime:0.000384s ]
INFO: [ app_end ] --END-- [ RunTime:0.000419s ]

[ 2016-09-20T15:40:47+08:00 ] 117.173.171.30 /ihanc/eva/index.php/Home/Sale/mcreditDetail?idmember=116
INFO: [ app_init ] --START--
INFO: Run Behavior\BuildLiteBehavior [ RunTime:0.000013s ]
INFO: [ app_init ] --END-- [ RunTime:0.000251s ]
INFO: [ app_begin ] --START--
INFO: Run Behavior\ReadHtmlCacheBehavior [ RunTime:0.000392s ]
INFO: [ app_begin ] --END-- [ RunTime:0.000438s ]
SQL: SHOW COLUMNS FROM `user` [ RunTime:0.0006s ]
SQL: SELECT * FROM `user` WHERE ( iduser='1' )  [ RunTime:0.0002s ]
SQL: SHOW COLUMNS FROM `ihanc_3`.`sale` [ RunTime:0.0004s ]
SQL: SELECT `idsale`,`idmember`,`inorder`,`idgoods`,`number`,`price`,`time`,`sum`,`cf`,`remark`,`idintime` FROM ihanc_3.sale WHERE `idmember` = 116 ORDER BY idsale  [ RunTime:0.0009s ]
NOTIC: [8] Undefined index:  /opt/lampp/htdocs/ihanc/eva/Application/Home/Controller/SaleController.class.php 第 237 行.
NOTIC: [8] Undefined variable: sum /opt/lampp/htdocs/ihanc/eva/Application/Home/Controller/SaleController.class.php 第 238 行.
NOTIC: [8] Undefined index:  /opt/lampp/htdocs/ihanc/eva/Application/Home/Controller/SaleController.class.php 第 237 行.
NOTIC: [8] Undefined index:  /opt/lampp/htdocs/ihanc/eva/Application/Home/Controller/SaleController.class.php 第 237 行.
NOTIC: [8] Undefined index:  /opt/lampp/htdocs/ihanc/eva/Application/Home/Controller/SaleController.class.php 第 237 行.
NOTIC: [8] Undefined index:  /opt/lampp/htdocs/ihanc/eva/Application/Home/Controller/SaleController.class.php 第 237 行.
SQL: SHOW COLUMNS FROM `ihanc_3`.`bank` [ RunTime:0.0004s ]
SQL: SELECT `idbank`,`bname` FROM ihanc_3.bank  [ RunTime:0.0002s ]
INFO: [ view_parse ] --START--
INFO: [ template_filter ] --START--
INFO: Run Behavior\ContentReplaceBehavior [ RunTime:0.000061s ]
INFO: [ template_filter ] --END-- [ RunTime:0.000095s ]
INFO: Run Behavior\ParseTemplateBehavior [ RunTime:0.007242s ]
INFO: [ view_parse ] --END-- [ RunTime:0.007278s ]
INFO: [ view_filter ] --START--
INFO: Run Behavior\WriteHtmlCacheBehavior [ RunTime:0.000111s ]
INFO: [ view_filter ] --END-- [ RunTime:0.000137s ]
INFO: [ app_end ] --START--
INFO: Run Behavior\ShowPageTraceBehavior [ RunTime:0.000341s ]
INFO: [ app_end ] --END-- [ RunTime:0.000376s ]

[ 2016-09-20T15:40:57+08:00 ] 117.173.171.30 /ihanc/eva/index.php/Home/Sale/cfPrint/idsale/21017
INFO: [ app_init ] --START--
INFO: Run Behavior\BuildLiteBehavior [ RunTime:0.000012s ]
INFO: [ app_init ] --END-- [ RunTime:0.000263s ]
INFO: [ app_begin ] --START--
INFO: Run Behavior\ReadHtmlCacheBehavior [ RunTime:0.000354s ]
INFO: [ app_begin ] --END-- [ RunTime:0.000393s ]
SQL: SHOW COLUMNS FROM `user` [ RunTime:0.0007s ]
SQL: SELECT * FROM `user` WHERE ( iduser='1' )  [ RunTime:0.0002s ]
SQL: SHOW COLUMNS FROM `ihanc_3`.`sale_all` [ RunTime:0.0006s ]
SQL: SELECT `idgoods`,`sum`,`number`,`price`,`cf`,`time` FROM ihanc_3.sale_all WHERE `cf` = 21017 ORDER BY time  [ RunTime:0.1443s ]
NOTIC: [8] Undefined index:  /opt/lampp/htdocs/ihanc/eva/Application/Home/Controller/SaleController.class.php 第 706 行.
SQL: SHOW COLUMNS FROM `ihanc_3`.`info` [ RunTime:0.0013s ]
SQL: SELECT * FROM ihanc_3.info WHERE `idinfo` = 1 LIMIT 1   [ RunTime:0.0003s ]
SQL: SELECT `remark`,`time`,`idmember` FROM ihanc_3.sale_all WHERE `idsale` = 21017 LIMIT 1   [ RunTime:0.1356s ]
SQL: SHOW COLUMNS FROM `ihanc_3`.`member` [ RunTime:0.0010s ]
SQL: SELECT `mname` FROM ihanc_3.member WHERE `idmember` = 116 LIMIT 1   [ RunTime:0.0002s ]
INFO: [ view_parse ] --START--
INFO: [ template_filter ] --START--
INFO: Run Behavior\ContentReplaceBehavior [ RunTime:0.000058s ]
INFO: [ template_filter ] --END-- [ RunTime:0.000096s ]
NOTIC: [8] Undefined index: mname /opt/lampp/htdocs/ihanc/eva/Application/Runtime/Cache/Home/7ef91215c9d26501bdd496b1d1fa7554.php 第 90 行.
NOTIC: [8] Undefined index: finish /opt/lampp/htdocs/ihanc/eva/Application/Runtime/Cache/Home/7ef91215c9d26501bdd496b1d1fa7554.php 第 113 行.
NOTIC: [8] Undefined index: remark /opt/lampp/htdocs/ihanc/eva/Application/Runtime/Cache/Home/7ef91215c9d26501bdd496b1d1fa7554.php 第 115 行.
NOTIC: [8] Undefined index: finish /opt/lampp/htdocs/ihanc/eva/Application/Runtime/Cache/Home/7ef91215c9d26501bdd496b1d1fa7554.php 第 113 行.
NOTIC: [8] Undefined index: remark /opt/lampp/htdocs/ihanc/eva/Application/Runtime/Cache/Home/7ef91215c9d26501bdd496b1d1fa7554.php 第 115 行.
NOTIC: [8] Undefined variable: ttl_paid /opt/lampp/htdocs/ihanc/eva/Application/Runtime/Cache/Home/7ef91215c9d26501bdd496b1d1fa7554.php 第 122 行.
INFO: Run Behavior\ParseTemplateBehavior [ RunTime:0.007286s ]
INFO: [ view_parse ] --END-- [ RunTime:0.007316s ]
INFO: [ view_filter ] --START--
INFO: Run Behavior\WriteHtmlCacheBehavior [ RunTime:0.000113s ]
INFO: [ view_filter ] --END-- [ RunTime:0.000152s ]
INFO: [ app_end ] --START--
INFO: Run Behavior\ShowPageTraceBehavior [ RunTime:0.000382s ]
INFO: [ app_end ] --END-- [ RunTime:0.000419s ]

[ 2016-09-20T15:42:59+08:00 ] 180.153.214.192 /ihanc/eva/
INFO: [ app_init ] --START--
INFO: Run Behavior\BuildLiteBehavior [ RunTime:0.000012s ]
INFO: [ app_init ] --END-- [ RunTime:0.000269s ]
INFO: [ app_begin ] --START--
INFO: Run Behavior\ReadHtmlCacheBehavior [ RunTime:0.000298s ]
INFO: [ app_begin ] --END-- [ RunTime:0.000337s ]

[ 2016-09-20T15:42:59+08:00 ] 180.153.214.192 /ihanc/eva/index.php/Home/login/index.html
INFO: [ app_init ] --START--
INFO: Run Behavior\BuildLiteBehavior [ RunTime:0.000012s ]
INFO: [ app_init ] --END-- [ RunTime:0.000254s ]
INFO: [ app_begin ] --START--
INFO: Run Behavior\ReadHtmlCacheBehavior [ RunTime:0.000286s ]
INFO: [ app_begin ] --END-- [ RunTime:0.000326s ]
INFO: [ view_parse ] --START--
INFO: [ template_filter ] --START--
INFO: Run Behavior\ContentReplaceBehavior [ RunTime:0.000054s ]
INFO: [ template_filter ] --END-- [ RunTime:0.000095s ]
NOTIC: [8] Undefined variable: info /opt/lampp/htdocs/ihanc/eva/Application/Runtime/Cache/Home/97269d504bf33cb4c14eb7be85b7c9ec.php 第 75 行.
INFO: Run Behavior\ParseTemplateBehavior [ RunTime:0.004303s ]
INFO: [ view_parse ] --END-- [ RunTime:0.004335s ]
INFO: [ view_filter ] --START--
INFO: Run Behavior\WriteHtmlCacheBehavior [ RunTime:0.000098s ]
INFO: [ view_filter ] --END-- [ RunTime:0.000125s ]
INFO: [ app_end ] --START--
INFO: Run Behavior\ShowPageTraceBehavior [ RunTime:0.000295s ]
INFO: [ app_end ] --END-- [ RunTime:0.000325s ]

[ 2016-09-20T15:43:35+08:00 ] 180.153.206.24 /ihanc/eva/index.php/Home/index/index.html
INFO: [ app_init ] --START--
INFO: Run Behavior\BuildLiteBehavior [ RunTime:0.000011s ]
INFO: [ app_init ] --END-- [ RunTime:0.000260s ]
INFO: [ app_begin ] --START--
INFO: Run Behavior\ReadHtmlCacheBehavior [ RunTime:0.000317s ]
INFO: [ app_begin ] --END-- [ RunTime:0.000357s ]

[ 2016-09-20T15:43:35+08:00 ] 180.153.206.24 /ihanc/eva/index.php/Home/login/index.html
INFO: [ app_init ] --START--
INFO: Run Behavior\BuildLiteBehavior [ RunTime:0.000017s ]
INFO: [ app_init ] --END-- [ RunTime:0.000269s ]
INFO: [ app_begin ] --START--
INFO: Run Behavior\ReadHtmlCacheBehavior [ RunTime:0.000313s ]
INFO: [ app_begin ] --END-- [ RunTime:0.000360s ]
INFO: [ view_parse ] --START--
INFO: [ template_filter ] --START--
INFO: Run Behavior\ContentReplaceBehavior [ RunTime:0.000058s ]
INFO: [ template_filter ] --END-- [ RunTime:0.000098s ]
NOTIC: [8] Undefined variable: info /opt/lampp/htdocs/ihanc/eva/Application/Runtime/Cache/Home/97269d504bf33cb4c14eb7be85b7c9ec.php 第 75 行.
INFO: Run Behavior\ParseTemplateBehavior [ RunTime:0.004461s ]
INFO: [ view_parse ] --END-- [ RunTime:0.004494s ]
INFO: [ view_filter ] --START--
INFO: Run Behavior\WriteHtmlCacheBehavior [ RunTime:0.000112s ]
INFO: [ view_filter ] --END-- [ RunTime:0.000140s ]
INFO: [ app_end ] --START--
INFO: Run Behavior\ShowPageTraceBehavior [ RunTime:0.000307s ]
INFO: [ app_end ] --END-- [ RunTime:0.000340s ]

[ 2016-09-20T15:43:38+08:00 ] 101.226.125.103 /ihanc/eva/index.php/home/login/login
INFO: [ app_init ] --START--
INFO: Run Behavior\BuildLiteBehavior [ RunTime:0.000015s ]
INFO: [ app_init ] --END-- [ RunTime:0.000324s ]
INFO: [ app_begin ] --START--
INFO: Run Behavior\ReadHtmlCacheBehavior [ RunTime:0.000347s ]
INFO: [ app_begin ] --END-- [ RunTime:0.000393s ]

[ 2016-09-20T15:43:38+08:00 ] 101.226.125.103 /ihanc/eva/index.php/Home/login/index.html
INFO: [ app_init ] --START--
INFO: Run Behavior\BuildLiteBehavior [ RunTime:0.000012s ]
INFO: [ app_init ] --END-- [ RunTime:0.000257s ]
INFO: [ app_begin ] --START--
INFO: Run Behavior\ReadHtmlCacheBehavior [ RunTime:0.000331s ]
INFO: [ app_begin ] --END-- [ RunTime:0.000376s ]
INFO: [ view_parse ] --START--
INFO: [ template_filter ] --START--
INFO: Run Behavior\ContentReplaceBehavior [ RunTime:0.000069s ]
INFO: [ template_filter ] --END-- [ RunTime:0.000109s ]
NOTIC: [8] Undefined variable: info /opt/lampp/htdocs/ihanc/eva/Application/Runtime/Cache/Home/97269d504bf33cb4c14eb7be85b7c9ec.php 第 75 行.
INFO: Run Behavior\ParseTemplateBehavior [ RunTime:0.004949s ]
INFO: [ view_parse ] --END-- [ RunTime:0.004990s ]
INFO: [ view_filter ] --START--
INFO: Run Behavior\WriteHtmlCacheBehavior [ RunTime:0.000102s ]
INFO: [ view_filter ] --END-- [ RunTime:0.000130s ]
INFO: [ app_end ] --START--
INFO: Run Behavior\ShowPageTraceBehavior [ RunTime:0.000329s ]
INFO: [ app_end ] --END-- [ RunTime:0.000364s ]

[ 2016-09-20T15:43:57+08:00 ] 101.226.66.192 /ihanc/eva/index.php/Home/Sale/cfPrint/idsale/21017
INFO: [ app_init ] --START--
INFO: Run Behavior\BuildLiteBehavior [ RunTime:0.000012s ]
INFO: [ app_init ] --END-- [ RunTime:0.000239s ]
INFO: [ app_begin ] --START--
INFO: Run Behavior\ReadHtmlCacheBehavior [ RunTime:0.000294s ]
INFO: [ app_begin ] --END-- [ RunTime:0.000334s ]

[ 2016-09-20T15:43:57+08:00 ] 101.226.66.192 /ihanc/eva/index.php/Home/login/index.html
INFO: [ app_init ] --START--
INFO: Run Behavior\BuildLiteBehavior [ RunTime:0.000012s ]
INFO: [ app_init ] --END-- [ RunTime:0.000240s ]
INFO: [ app_begin ] --START--
INFO: Run Behavior\ReadHtmlCacheBehavior [ RunTime:0.000313s ]
INFO: [ app_begin ] --END-- [ RunTime:0.000352s ]
INFO: [ view_parse ] --START--
INFO: [ template_filter ] --START--
INFO: Run Behavior\ContentReplaceBehavior [ RunTime:0.000055s ]
INFO: [ template_filter ] --END-- [ RunTime:0.000091s ]
NOTIC: [8] Undefined variable: info /opt/lampp/htdocs/ihanc/eva/Application/Runtime/Cache/Home/97269d504bf33cb4c14eb7be85b7c9ec.php 第 75 行.
INFO: Run Behavior\ParseTemplateBehavior [ RunTime:0.004162s ]
INFO: [ view_parse ] --END-- [ RunTime:0.004195s ]
INFO: [ view_filter ] --START--
INFO: Run Behavior\WriteHtmlCacheBehavior [ RunTime:0.000123s ]
INFO: [ view_filter ] --END-- [ RunTime:0.000151s ]
INFO: [ app_end ] --START--
INFO: Run Behavior\ShowPageTraceBehavior [ RunTime:0.000306s ]
INFO: [ app_end ] --END-- [ RunTime:0.000337s ]

[ 2016-09-20T15:46:19+08:00 ] 117.173.171.30 /ihanc/eva/index.php/Home/Sale/mcreditDetail?idmember=116
INFO: [ app_init ] --START--
INFO: Run Behavior\BuildLiteBehavior [ RunTime:0.000011s ]
INFO: [ app_init ] --END-- [ RunTime:0.000260s ]
INFO: [ app_begin ] --START--
INFO: Run Behavior\ReadHtmlCacheBehavior [ RunTime:0.000289s ]
INFO: [ app_begin ] --END-- [ RunTime:0.000325s ]
SQL: SHOW COLUMNS FROM `user` [ RunTime:0.0007s ]
SQL: SELECT * FROM `user` WHERE ( iduser='1' )  [ RunTime:0.0002s ]
SQL: SHOW COLUMNS FROM `ihanc_3`.`sale` [ RunTime:0.0005s ]
SQL: SELECT `idsale`,`idmember`,`inorder`,`idgoods`,`number`,`price`,`time`,`sum`,`cf`,`remark`,`idintime` FROM ihanc_3.sale WHERE `idmember` = 116 ORDER BY idsale  [ RunTime:0.0010s ]
NOTIC: [8] Undefined index:  /opt/lampp/htdocs/ihanc/eva/Application/Home/Controller/SaleController.class.php 第 237 行.
NOTIC: [8] Undefined variable: sum /opt/lampp/htdocs/ihanc/eva/Application/Home/Controller/SaleController.class.php 第 238 行.
NOTIC: [8] Undefined index:  /opt/lampp/htdocs/ihanc/eva/Application/Home/Controller/SaleController.class.php 第 237 行.
NOTIC: [8] Undefined index:  /opt/lampp/htdocs/ihanc/eva/Application/Home/Controller/SaleController.class.php 第 237 行.
NOTIC: [8] Undefined index:  /opt/lampp/htdocs/ihanc/eva/Application/Home/Controller/SaleController.class.php 第 237 行.
NOTIC: [8] Undefined index:  /opt/lampp/htdocs/ihanc/eva/Application/Home/Controller/SaleController.class.php 第 237 行.
SQL: SHOW COLUMNS FROM `ihanc_3`.`bank` [ RunTime:0.0004s ]
SQL: SELECT `idbank`,`bname` FROM ihanc_3.bank  [ RunTime:0.0001s ]
INFO: [ view_parse ] --START--
INFO: [ template_filter ] --START--
INFO: Run Behavior\ContentReplaceBehavior [ RunTime:0.000063s ]
INFO: [ template_filter ] --END-- [ RunTime:0.000098s ]
INFO: Run Behavior\ParseTemplateBehavior [ RunTime:0.007237s ]
INFO: [ view_parse ] --END-- [ RunTime:0.007275s ]
INFO: [ view_filter ] --START--
INFO: Run Behavior\WriteHtmlCacheBehavior [ RunTime:0.000101s ]
INFO: [ view_filter ] --END-- [ RunTime:0.000126s ]
INFO: [ app_end ] --START--
INFO: Run Behavior\ShowPageTraceBehavior [ RunTime:0.000327s ]
INFO: [ app_end ] --END-- [ RunTime:0.000362s ]

[ 2016-09-20T15:46:25+08:00 ] 117.173.171.30 /ihanc/eva/index.php/Home/Sale/cfPrint/idsale/21017
INFO: [ app_init ] --START--
INFO: Run Behavior\BuildLiteBehavior [ RunTime:0.000012s ]
INFO: [ app_init ] --END-- [ RunTime:0.000242s ]
INFO: [ app_begin ] --START--
INFO: Run Behavior\ReadHtmlCacheBehavior [ RunTime:0.000300s ]
INFO: [ app_begin ] --END-- [ RunTime:0.000340s ]
SQL: SHOW COLUMNS FROM `user` [ RunTime:0.0006s ]
SQL: SELECT * FROM `user` WHERE ( iduser='1' )  [ RunTime:0.0002s ]
SQL: SHOW COLUMNS FROM `ihanc_3`.`sale_all` [ RunTime:0.0008s ]
SQL: SELECT `idgoods`,`sum`,`number`,`price`,`cf`,`time` FROM ihanc_3.sale_all WHERE `cf` = 21017 ORDER BY time  [ RunTime:0.1328s ]
NOTIC: [8] Undefined index:  /opt/lampp/htdocs/ihanc/eva/Application/Home/Controller/SaleController.class.php 第 706 行.
SQL: SHOW COLUMNS FROM `ihanc_3`.`info` [ RunTime:0.0011s ]
SQL: SELECT * FROM ihanc_3.info WHERE `idinfo` = 1 LIMIT 1   [ RunTime:0.0002s ]
SQL: SELECT `remark`,`time`,`idmember` FROM ihanc_3.sale_all WHERE `idsale` = 21017 LIMIT 1   [ RunTime:0.1328s ]
SQL: SHOW COLUMNS FROM `ihanc_3`.`member` [ RunTime:0.0009s ]
SQL: SELECT `mname` FROM ihanc_3.member WHERE `idmember` = 116 LIMIT 1   [ RunTime:0.0002s ]
INFO: [ view_parse ] --START--
INFO: [ template_filter ] --START--
INFO: Run Behavior\ContentReplaceBehavior [ RunTime:0.000058s ]
INFO: [ template_filter ] --END-- [ RunTime:0.000096s ]
NOTIC: [8] Undefined index: mname /opt/lampp/htdocs/ihanc/eva/Application/Runtime/Cache/Home/7ef91215c9d26501bdd496b1d1fa7554.php 第 90 行.
NOTIC: [8] Undefined index: finish /opt/lampp/htdocs/ihanc/eva/Application/Runtime/Cache/Home/7ef91215c9d26501bdd496b1d1fa7554.php 第 113 行.
NOTIC: [8] Undefined index: remark /opt/lampp/htdocs/ihanc/eva/Application/Runtime/Cache/Home/7ef91215c9d26501bdd496b1d1fa7554.php 第 115 行.
NOTIC: [8] Undefined variable: ttl_paid /opt/lampp/htdocs/ihanc/eva/Application/Runtime/Cache/Home/7ef91215c9d26501bdd496b1d1fa7554.php 第 122 行.
INFO: Run Behavior\ParseTemplateBehavior [ RunTime:0.006681s ]
INFO: [ view_parse ] --END-- [ RunTime:0.006713s ]
INFO: [ view_filter ] --START--
INFO: Run Behavior\WriteHtmlCacheBehavior [ RunTime:0.000107s ]
INFO: [ view_filter ] --END-- [ RunTime:0.000135s ]
INFO: [ app_end ] --START--
INFO: Run Behavior\ShowPageTraceBehavior [ RunTime:0.000323s ]
INFO: [ app_end ] --END-- [ RunTime:0.000357s ]

[ 2016-09-20T15:53:18+08:00 ] 117.173.160.252 /ihanc/eva/index.php/Home/index/index.html
INFO: [ app_init ] --START--
INFO: Run Behavior\BuildLiteBehavior [ RunTime:0.000013s ]
INFO: [ app_init ] --END-- [ RunTime:0.000276s ]
INFO: [ app_begin ] --START--
INFO: Run Behavior\ReadHtmlCacheBehavior [ RunTime:0.000335s ]
INFO: [ app_begin ] --END-- [ RunTime:0.000387s ]
SQL: SHOW COLUMNS FROM `user` [ RunTime:0.0008s ]
SQL: SELECT * FROM `user` WHERE ( iduser='1' )  [ RunTime:0.0002s ]
INFO: [ view_parse ] --START--
INFO: [ template_filter ] --START--
INFO: Run Behavior\ContentReplaceBehavior [ RunTime:0.000163s ]
INFO: [ template_filter ] --END-- [ RunTime:0.000207s ]
INFO: Run Behavior\ParseTemplateBehavior [ RunTime:0.007452s ]
INFO: [ view_parse ] --END-- [ RunTime:0.007500s ]
INFO: [ view_filter ] --START--
INFO: Run Behavior\WriteHtmlCacheBehavior [ RunTime:0.000125s ]
INFO: [ view_filter ] --END-- [ RunTime:0.000159s ]
INFO: [ app_end ] --START--
INFO: Run Behavior\ShowPageTraceBehavior [ RunTime:0.000332s ]
INFO: [ app_end ] --END-- [ RunTime:0.000369s ]

[ 2016-09-20T15:53:19+08:00 ] 117.173.160.252 /ihanc/eva/index.php/Home/index/dashboard
INFO: [ app_init ] --START--
INFO: Run Behavior\BuildLiteBehavior [ RunTime:0.000011s ]
INFO: [ app_init ] --END-- [ RunTime:0.000233s ]
INFO: [ app_begin ] --START--
INFO: Run Behavior\ReadHtmlCacheBehavior [ RunTime:0.000315s ]
INFO: [ app_begin ] --END-- [ RunTime:0.000354s ]
SQL: SHOW COLUMNS FROM `user` [ RunTime:0.0007s ]
SQL: SELECT * FROM `user` WHERE ( iduser='1' )  [ RunTime:0.0002s ]
SQL: SHOW COLUMNS FROM `ihanc_3`.`sale` [ RunTime:0.0005s ]
SQL: SELECT `time`,`idmember`,sum(sum) as sum FROM ihanc_3.sale GROUP BY idmember ORDER BY time LIMIT 0,10   [ RunTime:0.0053s ]
SQL: SELECT `time`,`idmember`,sum(sum) as sum FROM ihanc_3.sale GROUP BY idmember ORDER BY sum desc LIMIT 0,10   [ RunTime:0.0051s ]
SQL: SELECT `etime` FROM `user` WHERE `db` = '3' LIMIT 1   [ RunTime:0.0001s ]
INFO: [ view_parse ] --START--
INFO: [ template_filter ] --START--
INFO: Run Behavior\ContentReplaceBehavior [ RunTime:0.000055s ]
INFO: [ template_filter ] --END-- [ RunTime:0.000093s ]
INFO: Run Behavior\ParseTemplateBehavior [ RunTime:0.012299s ]
INFO: [ view_parse ] --END-- [ RunTime:0.012344s ]
INFO: [ view_filter ] --START--
INFO: Run Behavior\WriteHtmlCacheBehavior [ RunTime:0.000110s ]
INFO: [ view_filter ] --END-- [ RunTime:0.000142s ]
INFO: [ app_end ] --START--
INFO: Run Behavior\ShowPageTraceBehavior [ RunTime:0.000358s ]
INFO: [ app_end ] --END-- [ RunTime:0.000404s ]

[ 2016-09-20T15:53:19+08:00 ] 117.173.160.252 /ihanc/eva/index.php/Home/index/favicon.ico
INFO: [ app_init ] --START--
INFO: Run Behavior\BuildLiteBehavior [ RunTime:0.000010s ]
INFO: [ app_init ] --END-- [ RunTime:0.000234s ]

[ 2016-09-20T15:53:22+08:00 ] 117.173.160.252 /ihanc/eva/index.php/Home/sale/sale.html
INFO: [ app_init ] --START--
INFO: Run Behavior\BuildLiteBehavior [ RunTime:0.000012s ]
INFO: [ app_init ] --END-- [ RunTime:0.000245s ]
INFO: [ app_begin ] --START--
INFO: Run Behavior\ReadHtmlCacheBehavior [ RunTime:0.000296s ]
INFO: [ app_begin ] --END-- [ RunTime:0.000337s ]
SQL: SHOW COLUMNS FROM `user` [ RunTime:0.0009s ]
SQL: SELECT * FROM `user` WHERE ( iduser='1' )  [ RunTime:0.0003s ]
SQL: SHOW COLUMNS FROM `ihanc_3`.`bank` [ RunTime:0.0004s ]
SQL: SELECT `idbank`,`bname` FROM ihanc_3.bank  [ RunTime:0.0002s ]
INFO: [ view_parse ] --START--
INFO: [ template_filter ] --START--
INFO: Run Behavior\ContentReplaceBehavior [ RunTime:0.000102s ]
INFO: [ template_filter ] --END-- [ RunTime:0.000140s ]
INFO: Run Behavior\ParseTemplateBehavior [ RunTime:0.006264s ]
INFO: [ view_parse ] --END-- [ RunTime:0.006301s ]
INFO: [ view_filter ] --START--
INFO: Run Behavior\WriteHtmlCacheBehavior [ RunTime:0.000110s ]
INFO: [ view_filter ] --END-- [ RunTime:0.000138s ]
INFO: [ app_end ] --START--
INFO: Run Behavior\ShowPageTraceBehavior [ RunTime:0.000401s ]
INFO: [ app_end ] --END-- [ RunTime:0.000438s ]

[ 2016-09-20T15:53:25+08:00 ] 117.173.160.252 /ihanc/eva/index.php/Home/Sale/searchMember
INFO: [ app_init ] --START--
INFO: Run Behavior\BuildLiteBehavior [ RunTime:0.000011s ]
INFO: [ app_init ] --END-- [ RunTime:0.000249s ]
INFO: [ app_begin ] --START--
INFO: Run Behavior\ReadHtmlCacheBehavior [ RunTime:0.000334s ]
INFO: [ app_begin ] --END-- [ RunTime:0.000375s ]
SQL: SHOW COLUMNS FROM `user` [ RunTime:0.0006s ]
SQL: SELECT * FROM `user` WHERE ( iduser='1' )  [ RunTime:0.0002s ]
SQL: SHOW COLUMNS FROM `ihanc_3`.`member` [ RunTime:0.0004s ]
SQL: SELECT `idmember`,`mname` FROM ihanc_3.member WHERE ( `mname` LIKE '%h%' OR `msn` LIKE '%h%' ) LIMIT 0,10   [ RunTime:0.0002s ]
INFO: [ app_end ] --START--
INFO: Run Behavior\ShowPageTraceBehavior [ RunTime:0.000345s ]
INFO: [ app_end ] --END-- [ RunTime:0.000380s ]

[ 2016-09-20T15:53:26+08:00 ] 117.173.160.252 /ihanc/eva/index.php/Home/Sale/searchMember
INFO: [ app_init ] --START--
INFO: Run Behavior\BuildLiteBehavior [ RunTime:0.000012s ]
INFO: [ app_init ] --END-- [ RunTime:0.000247s ]
INFO: [ app_begin ] --START--
INFO: Run Behavior\ReadHtmlCacheBehavior [ RunTime:0.000312s ]
INFO: [ app_begin ] --END-- [ RunTime:0.000352s ]
SQL: SHOW COLUMNS FROM `user` [ RunTime:0.0007s ]
SQL: SELECT * FROM `user` WHERE ( iduser='1' )  [ RunTime:0.0002s ]
SQL: SHOW COLUMNS FROM `ihanc_3`.`member` [ RunTime:0.0004s ]
SQL: SELECT `idmember`,`mname` FROM ihanc_3.member WHERE ( `mname` LIKE '%hx%' OR `msn` LIKE '%hx%' ) LIMIT 0,10   [ RunTime:0.0004s ]
INFO: [ app_end ] --START--
INFO: Run Behavior\ShowPageTraceBehavior [ RunTime:0.000425s ]
INFO: [ app_end ] --END-- [ RunTime:0.000472s ]

[ 2016-09-20T15:53:26+08:00 ] 117.173.160.252 /ihanc/eva/index.php/Home/Sale/searchMember
INFO: [ app_init ] --START--
INFO: Run Behavior\BuildLiteBehavior [ RunTime:0.000018s ]
INFO: [ app_init ] --END-- [ RunTime:0.000523s ]
INFO: [ app_begin ] --START--
INFO: Run Behavior\ReadHtmlCacheBehavior [ RunTime:0.000559s ]
INFO: [ app_begin ] --END-- [ RunTime:0.000613s ]
SQL: SHOW COLUMNS FROM `user` [ RunTime:0.0009s ]
SQL: SELECT * FROM `user` WHERE ( iduser='1' )  [ RunTime:0.0003s ]
SQL: SHOW COLUMNS FROM `ihanc_3`.`member` [ RunTime:0.0006s ]
SQL: SELECT `idmember`,`mname` FROM ihanc_3.member WHERE ( `mname` LIKE '%hxc%' OR `msn` LIKE '%hxc%' ) LIMIT 0,10   [ RunTime:0.0005s ]
INFO: [ app_end ] --START--
INFO: Run Behavior\ShowPageTraceBehavior [ RunTime:0.000595s ]
INFO: [ app_end ] --END-- [ RunTime:0.000652s ]

[ 2016-09-20T15:53:27+08:00 ] 117.173.160.252 /ihanc/eva/index.php/Home/Sale/getCredit?idmember=116
INFO: [ app_init ] --START--
INFO: Run Behavior\BuildLiteBehavior [ RunTime:0.000011s ]
INFO: [ app_init ] --END-- [ RunTime:0.000254s ]
INFO: [ app_begin ] --START--
INFO: Run Behavior\ReadHtmlCacheBehavior [ RunTime:0.000351s ]
INFO: [ app_begin ] --END-- [ RunTime:0.000404s ]
SQL: SHOW COLUMNS FROM `user` [ RunTime:0.0007s ]
SQL: SELECT * FROM `user` WHERE ( iduser='1' )  [ RunTime:0.0002s ]
SQL: SHOW COLUMNS FROM `ihanc_3`.`sale` [ RunTime:0.0005s ]
SQL: SELECT SUM(sum) AS tp_sum FROM ihanc_3.sale WHERE `idmember` = 116 LIMIT 1   [ RunTime:0.0008s ]
INFO: [ app_end ] --START--
INFO: Run Behavior\ShowPageTraceBehavior [ RunTime:0.000319s ]
INFO: [ app_end ] --END-- [ RunTime:0.000353s ]

[ 2016-09-20T15:53:29+08:00 ] 117.173.160.252 /ihanc/eva/index.php/Home/Sale/mcreditDetail?idmember=116
INFO: [ app_init ] --START--
INFO: Run Behavior\BuildLiteBehavior [ RunTime:0.000013s ]
INFO: [ app_init ] --END-- [ RunTime:0.000259s ]
INFO: [ app_begin ] --START--
INFO: Run Behavior\ReadHtmlCacheBehavior [ RunTime:0.000334s ]
INFO: [ app_begin ] --END-- [ RunTime:0.000374s ]
SQL: SHOW COLUMNS FROM `user` [ RunTime:0.0007s ]
SQL: SELECT * FROM `user` WHERE ( iduser='1' )  [ RunTime:0.0002s ]
SQL: SHOW COLUMNS FROM `ihanc_3`.`sale` [ RunTime:0.0005s ]
SQL: SELECT `idsale`,`idmember`,`inorder`,`idgoods`,`number`,`price`,`time`,`sum`,`cf`,`remark`,`idintime` FROM ihanc_3.sale WHERE `idmember` = 116 ORDER BY idsale  [ RunTime:0.0009s ]
NOTIC: [8] Undefined index:  /opt/lampp/htdocs/ihanc/eva/Application/Home/Controller/SaleController.class.php 第 237 行.
NOTIC: [8] Undefined variable: sum /opt/lampp/htdocs/ihanc/eva/Application/Home/Controller/SaleController.class.php 第 238 行.
NOTIC: [8] Undefined index:  /opt/lampp/htdocs/ihanc/eva/Application/Home/Controller/SaleController.class.php 第 237 行.
NOTIC: [8] Undefined index:  /opt/lampp/htdocs/ihanc/eva/Application/Home/Controller/SaleController.class.php 第 237 行.
NOTIC: [8] Undefined index:  /opt/lampp/htdocs/ihanc/eva/Application/Home/Controller/SaleController.class.php 第 237 行.
NOTIC: [8] Undefined index:  /opt/lampp/htdocs/ihanc/eva/Application/Home/Controller/SaleController.class.php 第 237 行.
SQL: SHOW COLUMNS FROM `ihanc_3`.`bank` [ RunTime:0.0004s ]
SQL: SELECT `idbank`,`bname` FROM ihanc_3.bank  [ RunTime:0.0001s ]
INFO: [ view_parse ] --START--
INFO: [ template_filter ] --START--
INFO: Run Behavior\ContentReplaceBehavior [ RunTime:0.000070s ]
INFO: [ template_filter ] --END-- [ RunTime:0.000113s ]
INFO: Run Behavior\ParseTemplateBehavior [ RunTime:0.007389s ]
INFO: [ view_parse ] --END-- [ RunTime:0.007429s ]
INFO: [ view_filter ] --START--
INFO: Run Behavior\WriteHtmlCacheBehavior [ RunTime:0.000116s ]
INFO: [ view_filter ] --END-- [ RunTime:0.000142s ]
INFO: [ app_end ] --START--
INFO: Run Behavior\ShowPageTraceBehavior [ RunTime:0.000345s ]
INFO: [ app_end ] --END-- [ RunTime:0.000383s ]

[ 2016-09-20T15:53:38+08:00 ] 117.173.160.252 /ihanc/eva/index.php/Home/Sale/cfPrint/idsale/19985
INFO: [ app_init ] --START--
INFO: Run Behavior\BuildLiteBehavior [ RunTime:0.000019s ]
INFO: [ app_init ] --END-- [ RunTime:0.000296s ]
INFO: [ app_begin ] --START--
INFO: Run Behavior\ReadHtmlCacheBehavior [ RunTime:0.000340s ]
INFO: [ app_begin ] --END-- [ RunTime:0.000387s ]
SQL: SHOW COLUMNS FROM `user` [ RunTime:0.0007s ]
SQL: SELECT * FROM `user` WHERE ( iduser='1' )  [ RunTime:0.0002s ]
SQL: SHOW COLUMNS FROM `ihanc_3`.`sale_all` [ RunTime:0.0007s ]
SQL: SELECT `idgoods`,`sum`,`number`,`price`,`cf`,`time` FROM ihanc_3.sale_all WHERE `cf` = 19985 ORDER BY time  [ RunTime:0.1365s ]
NOTIC: [8] Undefined index:  /opt/lampp/htdocs/ihanc/eva/Application/Home/Controller/SaleController.class.php 第 706 行.
SQL: SHOW COLUMNS FROM `ihanc_3`.`info` [ RunTime:0.0010s ]
SQL: SELECT * FROM ihanc_3.info WHERE `idinfo` = 1 LIMIT 1   [ RunTime:0.0002s ]
SQL: SELECT `remark`,`time`,`idmember` FROM ihanc_3.sale_all WHERE `idsale` = 19985 LIMIT 1   [ RunTime:0.1333s ]
SQL: SHOW COLUMNS FROM `ihanc_3`.`member` [ RunTime:0.0009s ]
SQL: SELECT `mname` FROM ihanc_3.member WHERE `idmember` = 116 LIMIT 1   [ RunTime:0.0002s ]
INFO: [ view_parse ] --START--
INFO: [ template_filter ] --START--
INFO: Run Behavior\ContentReplaceBehavior [ RunTime:0.000058s ]
INFO: [ template_filter ] --END-- [ RunTime:0.000094s ]
NOTIC: [8] Undefined index: mname /opt/lampp/htdocs/ihanc/eva/Application/Runtime/Cache/Home/7ef91215c9d26501bdd496b1d1fa7554.php 第 90 行.
NOTIC: [8] Undefined index: finish /opt/lampp/htdocs/ihanc/eva/Application/Runtime/Cache/Home/7ef91215c9d26501bdd496b1d1fa7554.php 第 113 行.
NOTIC: [8] Undefined index: remark /opt/lampp/htdocs/ihanc/eva/Application/Runtime/Cache/Home/7ef91215c9d26501bdd496b1d1fa7554.php 第 115 行.
NOTIC: [8] Undefined index: finish /opt/lampp/htdocs/ihanc/eva/Application/Runtime/Cache/Home/7ef91215c9d26501bdd496b1d1fa7554.php 第 113 行.
NOTIC: [8] Undefined index: remark /opt/lampp/htdocs/ihanc/eva/Application/Runtime/Cache/Home/7ef91215c9d26501bdd496b1d1fa7554.php 第 115 行.
NOTIC: [8] Undefined index: finish /opt/lampp/htdocs/ihanc/eva/Application/Runtime/Cache/Home/7ef91215c9d26501bdd496b1d1fa7554.php 第 113 行.
NOTIC: [8] Undefined index: remark /opt/lampp/htdocs/ihanc/eva/Application/Runtime/Cache/Home/7ef91215c9d26501bdd496b1d1fa7554.php 第 115 行.
NOTIC: [8] Undefined index: finish /opt/lampp/htdocs/ihanc/eva/Application/Runtime/Cache/Home/7ef91215c9d26501bdd496b1d1fa7554.php 第 113 行.
NOTIC: [8] Undefined index: remark /opt/lampp/htdocs/ihanc/eva/Application/Runtime/Cache/Home/7ef91215c9d26501bdd496b1d1fa7554.php 第 115 行.
NOTIC: [8] Undefined index: finish /opt/lampp/htdocs/ihanc/eva/Application/Runtime/Cache/Home/7ef91215c9d26501bdd496b1d1fa7554.php 第 113 行.
NOTIC: [8] Undefined index: remark /opt/lampp/htdocs/ihanc/eva/Application/Runtime/Cache/Home/7ef91215c9d26501bdd496b1d1fa7554.php 第 115 行.
NOTIC: [8] Undefined index: finish /opt/lampp/htdocs/ihanc/eva/Application/Runtime/Cache/Home/7ef91215c9d26501bdd496b1d1fa7554.php 第 113 行.
NOTIC: [8] Undefined index: remark /opt/lampp/htdocs/ihanc/eva/Application/Runtime/Cache/Home/7ef91215c9d26501bdd496b1d1fa7554.php 第 115 行.
NOTIC: [8] Undefined index: finish /opt/lampp/htdocs/ihanc/eva/Application/Runtime/Cache/Home/7ef91215c9d26501bdd496b1d1fa7554.php 第 113 行.
NOTIC: [8] Undefined index: remark /opt/lampp/htdocs/ihanc/eva/Application/Runtime/Cache/Home/7ef91215c9d26501bdd496b1d1fa7554.php 第 115 行.
NOTIC: [8] Undefined index: finish /opt/lampp/htdocs/ihanc/eva/Application/Runtime/Cache/Home/7ef91215c9d26501bdd496b1d1fa7554.php 第 113 行.
NOTIC: [8] Undefined index: remark /opt/lampp/htdocs/ihanc/eva/Application/Runtime/Cache/Home/7ef91215c9d26501bdd496b1d1fa7554.php 第 115 行.
NOTIC: [8] Undefined index: finish /opt/lampp/htdocs/ihanc/eva/Application/Runtime/Cache/Home/7ef91215c9d26501bdd496b1d1fa7554.php 第 113 行.
NOTIC: [8] Undefined index: remark /opt/lampp/htdocs/ihanc/eva/Application/Runtime/Cache/Home/7ef91215c9d26501bdd496b1d1fa7554.php 第 115 行.
NOTIC: [8] Undefined index: finish /opt/lampp/htdocs/ihanc/eva/Application/Runtime/Cache/Home/7ef91215c9d26501bdd496b1d1fa7554.php 第 113 行.
NOTIC: [8] Undefined index: remark /opt/lampp/htdocs/ihanc/eva/Application/Runtime/Cache/Home/7ef91215c9d26501bdd496b1d1fa7554.php 第 115 行.
NOTIC: [8] Undefined index: finish /opt/lampp/htdocs/ihanc/eva/Application/Runtime/Cache/Home/7ef91215c9d26501bdd496b1d1fa7554.php 第 113 行.
NOTIC: [8] Undefined index: remark /opt/lampp/htdocs/ihanc/eva/Application/Runtime/Cache/Home/7ef91215c9d26501bdd496b1d1fa7554.php 第 115 行.
NOTIC: [8] Undefined index: finish /opt/lampp/htdocs/ihanc/eva/Application/Runtime/Cache/Home/7ef91215c9d26501bdd496b1d1fa7554.php 第 113 行.
NOTIC: [8] Undefined index: remark /opt/lampp/htdocs/ihanc/eva/Application/Runtime/Cache/Home/7ef91215c9d26501bdd496b1d1fa7554.php 第 115 行.
NOTIC: [8] Undefined index: finish /opt/lampp/htdocs/ihanc/eva/Application/Runtime/Cache/Home/7ef91215c9d26501bdd496b1d1fa7554.php 第 113 行.
NOTIC: [8] Undefined index: remark /opt/lampp/htdocs/ihanc/eva/Application/Runtime/Cache/Home/7ef91215c9d26501bdd496b1d1fa7554.php 第 115 行.
NOTIC: [8] Undefined index: finish /opt/lampp/htdocs/ihanc/eva/Application/Runtime/Cache/Home/7ef91215c9d26501bdd496b1d1fa7554.php 第 113 行.
NOTIC: [8] Undefined index: remark /opt/lampp/htdocs/ihanc/eva/Application/Runtime/Cache/Home/7ef91215c9d26501bdd496b1d1fa7554.php 第 115 行.
NOTIC: [8] Undefined index: finish /opt/lampp/htdocs/ihanc/eva/Application/Runtime/Cache/Home/7ef91215c9d26501bdd496b1d1fa7554.php 第 113 行.
NOTIC: [8] Undefined index: remark /opt/lampp/htdocs/ihanc/eva/Application/Runtime/Cache/Home/7ef91215c9d26501bdd496b1d1fa7554.php 第 115 行.
NOTIC: [8] Undefined index: finish /opt/lampp/htdocs/ihanc/eva/Application/Runtime/Cache/Home/7ef91215c9d26501bdd496b1d1fa7554.php 第 113 行.
NOTIC: [8] Undefined index: remark /opt/lampp/htdocs/ihanc/eva/Application/Runtime/Cache/Home/7ef91215c9d26501bdd496b1d1fa7554.php 第 115 行.
NOTIC: [8] Undefined index: finish /opt/lampp/htdocs/ihanc/eva/Application/Runtime/Cache/Home/7ef91215c9d26501bdd496b1d1fa7554.php 第 113 行.
NOTIC: [8] Undefined index: remark /opt/lampp/htdocs/ihanc/eva/Application/Runtime/Cache/Home/7ef91215c9d26501bdd496b1d1fa7554.php 第 115 行.
NOTIC: [8] Undefined index: finish /opt/lampp/htdocs/ihanc/eva/Application/Runtime/Cache/Home/7ef91215c9d26501bdd496b1d1fa7554.php 第 113 行.
NOTIC: [8] Undefined index: remark /opt/lampp/htdocs/ihanc/eva/Application/Runtime/Cache/Home/7ef91215c9d26501bdd496b1d1fa7554.php 第 115 行.
NOTIC: [8] Undefined index: finish /opt/lampp/htdocs/ihanc/eva/Application/Runtime/Cache/Home/7ef91215c9d26501bdd496b1d1fa7554.php 第 113 行.
NOTIC: [8] Undefined index: remark /opt/lampp/htdocs/ihanc/eva/Application/Runtime/Cache/Home/7ef91215c9d26501bdd496b1d1fa7554.php 第 115 行.
NOTIC: [8] Undefined index: finish /opt/lampp/htdocs/ihanc/eva/Application/Runtime/Cache/Home/7ef91215c9d26501bdd496b1d1fa7554.php 第 113 行.
NOTIC: [8] Undefined index: remark /opt/lampp/htdocs/ihanc/eva/Application/Runtime/Cache/Home/7ef91215c9d26501bdd496b1d1fa7554.php 第 115 行.
NOTIC: [8] Undefined index: finish /opt/lampp/htdocs/ihanc/eva/Application/Runtime/Cache/Home/7ef91215c9d26501bdd496b1d1fa7554.php 第 113 行.
NOTIC: [8] Undefined index: remark /opt/lampp/htdocs/ihanc/eva/Application/Runtime/Cache/Home/7ef91215c9d26501bdd496b1d1fa7554.php 第 115 行.
NOTIC: [8] Undefined index: finish /opt/lampp/htdocs/ihanc/eva/Application/Runtime/Cache/Home/7ef91215c9d26501bdd496b1d1fa7554.php 第 113 行.
NOTIC: [8] Undefined index: remark /opt/lampp/htdocs/ihanc/eva/Application/Runtime/Cache/Home/7ef91215c9d26501bdd496b1d1fa7554.php 第 115 行.
NOTIC: [8] Undefined index: finish /opt/lampp/htdocs/ihanc/eva/Application/Runtime/Cache/Home/7ef91215c9d26501bdd496b1d1fa7554.php 第 113 行.
NOTIC: [8] Undefined index: remark /opt/lampp/htdocs/ihanc/eva/Application/Runtime/Cache/Home/7ef91215c9d26501bdd496b1d1fa7554.php 第 115 行.
NOTIC: [8] Undefined index: finish /opt/lampp/htdocs/ihanc/eva/Application/Runtime/Cache/Home/7ef91215c9d26501bdd496b1d1fa7554.php 第 113 行.
NOTIC: [8] Undefined index: remark /opt/lampp/htdocs/ihanc/eva/Application/Runtime/Cache/Home/7ef91215c9d26501bdd496b1d1fa7554.php 第 115 行.
NOTIC: [8] Undefined index: finish /opt/lampp/htdocs/ihanc/eva/Application/Runtime/Cache/Home/7ef91215c9d26501bdd496b1d1fa7554.php 第 113 行.
NOTIC: [8] Undefined index: remark /opt/lampp/htdocs/ihanc/eva/Application/Runtime/Cache/Home/7ef91215c9d26501bdd496b1d1fa7554.php 第 115 行.
NOTIC: [8] Undefined index: finish /opt/lampp/htdocs/ihanc/eva/Application/Runtime/Cache/Home/7ef91215c9d26501bdd496b1d1fa7554.php 第 113 行.
NOTIC: [8] Undefined index: remark /opt/lampp/htdocs/ihanc/eva/Application/Runtime/Cache/Home/7ef91215c9d26501bdd496b1d1fa7554.php 第 115 行.
NOTIC: [8] Undefined index: finish /opt/lampp/htdocs/ihanc/eva/Application/Runtime/Cache/Home/7ef91215c9d26501bdd496b1d1fa7554.php 第 113 行.
NOTIC: [8] Undefined index: remark /opt/lampp/htdocs/ihanc/eva/Application/Runtime/Cache/Home/7ef91215c9d26501bdd496b1d1fa7554.php 第 115 行.
NOTIC: [8] Undefined index: finish /opt/lampp/htdocs/ihanc/eva/Application/Runtime/Cache/Home/7ef91215c9d26501bdd496b1d1fa7554.php 第 113 行.
NOTIC: [8] Undefined index: remark /opt/lampp/htdocs/ihanc/eva/Application/Runtime/Cache/Home/7ef91215c9d26501bdd496b1d1fa7554.php 第 115 行.
NOTIC: [8] Undefined index: finish /opt/lampp/htdocs/ihanc/eva/Application/Runtime/Cache/Home/7ef91215c9d26501bdd496b1d1fa7554.php 第 113 行.
NOTIC: [8] Undefined index: remark /opt/lampp/htdocs/ihanc/eva/Application/Runtime/Cache/Home/7ef91215c9d26501bdd496b1d1fa7554.php 第 115 行.
NOTIC: [8] Undefined index: finish /opt/lampp/htdocs/ihanc/eva/Application/Runtime/Cache/Home/7ef91215c9d26501bdd496b1d1fa7554.php 第 113 行.
NOTIC: [8] Undefined index: remark /opt/lampp/htdocs/ihanc/eva/Application/Runtime/Cache/Home/7ef91215c9d26501bdd496b1d1fa7554.php 第 115 行.
NOTIC: [8] Undefined index: finish /opt/lampp/htdocs/ihanc/eva/Application/Runtime/Cache/Home/7ef91215c9d26501bdd496b1d1fa7554.php 第 113 行.
NOTIC: [8] Undefined index: remark /opt/lampp/htdocs/ihanc/eva/Application/Runtime/Cache/Home/7ef91215c9d26501bdd496b1d1fa7554.php 第 115 行.
NOTIC: [8] Undefined index: finish /opt/lampp/htdocs/ihanc/eva/Application/Runtime/Cache/Home/7ef91215c9d26501bdd496b1d1fa7554.php 第 113 行.
NOTIC: [8] Undefined index: remark /opt/lampp/htdocs/ihanc/eva/Application/Runtime/Cache/Home/7ef91215c9d26501bdd496b1d1fa7554.php 第 115 行.
NOTIC: [8] Undefined index: finish /opt/lampp/htdocs/ihanc/eva/Application/Runtime/Cache/Home/7ef91215c9d26501bdd496b1d1fa7554.php 第 113 行.
NOTIC: [8] Undefined index: remark /opt/lampp/htdocs/ihanc/eva/Application/Runtime/Cache/Home/7ef91215c9d26501bdd496b1d1fa7554.php 第 115 行.
NOTIC: [8] Undefined index: finish /opt/lampp/htdocs/ihanc/eva/Application/Runtime/Cache/Home/7ef91215c9d26501bdd496b1d1fa7554.php 第 113 行.
NOTIC: [8] Undefined index: remark /opt/lampp/htdocs/ihanc/eva/Application/Runtime/Cache/Home/7ef91215c9d26501bdd496b1d1fa7554.php 第 115 行.
NOTIC: [8] Undefined index: finish /opt/lampp/htdocs/ihanc/eva/Application/Runtime/Cache/Home/7ef91215c9d26501bdd496b1d1fa7554.php 第 113 行.
NOTIC: [8] Undefined index: remark /opt/lampp/htdocs/ihanc/eva/Application/Runtime/Cache/Home/7ef91215c9d26501bdd496b1d1fa7554.php 第 115 行.
NOTIC: [8] Undefined index: finish /opt/lampp/htdocs/ihanc/eva/Application/Runtime/Cache/Home/7ef91215c9d26501bdd496b1d1fa7554.php 第 113 行.
NOTIC: [8] Undefined index: remark /opt/lampp/htdocs/ihanc/eva/Application/Runtime/Cache/Home/7ef91215c9d26501bdd496b1d1fa7554.php 第 115 行.
NOTIC: [8] Undefined index: finish /opt/lampp/htdocs/ihanc/eva/Application/Runtime/Cache/Home/7ef91215c9d26501bdd496b1d1fa7554.php 第 113 行.
NOTIC: [8] Undefined index: remark /opt/lampp/htdocs/ihanc/eva/Application/Runtime/Cache/Home/7ef91215c9d26501bdd496b1d1fa7554.php 第 115 行.
NOTIC: [8] Undefined index: finish /opt/lampp/htdocs/ihanc/eva/Application/Runtime/Cache/Home/7ef91215c9d26501bdd496b1d1fa7554.php 第 113 行.
NOTIC: [8] Undefined index: remark /opt/lampp/htdocs/ihanc/eva/Application/Runtime/Cache/Home/7ef91215c9d26501bdd496b1d1fa7554.php 第 115 行.
NOTIC: [8] Undefined index: finish /opt/lampp/htdocs/ihanc/eva/Application/Runtime/Cache/Home/7ef91215c9d26501bdd496b1d1fa7554.php 第 113 行.
NOTIC: [8] Undefined index: remark /opt/lampp/htdocs/ihanc/eva/Application/Runtime/Cache/Home/7ef91215c9d26501bdd496b1d1fa7554.php 第 115 行.
NOTIC: [8] Undefined index: finish /opt/lampp/htdocs/ihanc/eva/Application/Runtime/Cache/Home/7ef91215c9d26501bdd496b1d1fa7554.php 第 113 行.
NOTIC: [8] Undefined index: remark /opt/lampp/htdocs/ihanc/eva/Application/Runtime/Cache/Home/7ef91215c9d26501bdd496b1d1fa7554.php 第 115 行.
NOTIC: [8] Undefined index: finish /opt/lampp/htdocs/ihanc/eva/Application/Runtime/Cache/Home/7ef91215c9d26501bdd496b1d1fa7554.php 第 113 行.
NOTIC: [8] Undefined index: remark /opt/lampp/htdocs/ihanc/eva/Application/Runtime/Cache/Home/7ef91215c9d26501bdd496b1d1fa7554.php 第 115 行.
NOTIC: [8] Undefined index: finish /opt/lampp/htdocs/ihanc/eva/Application/Runtime/Cache/Home/7ef91215c9d26501bdd496b1d1fa7554.php 第 113 行.
NOTIC: [8] Undefined index: remark /opt/lampp/htdocs/ihanc/eva/Application/Runtime/Cache/Home/7ef91215c9d26501bdd496b1d1fa7554.php 第 115 行.
NOTIC: [8] Undefined index: finish /opt/lampp/htdocs/ihanc/eva/Application/Runtime/Cache/Home/7ef91215c9d26501bdd496b1d1fa7554.php 第 113 行.
NOTIC: [8] Undefined index: remark /opt/lampp/htdocs/ihanc/eva/Application/Runtime/Cache/Home/7ef91215c9d26501bdd496b1d1fa7554.php 第 115 行.
NOTIC: [8] Undefined index: finish /opt/lampp/htdocs/ihanc/eva/Application/Runtime/Cache/Home/7ef91215c9d26501bdd496b1d1fa7554.php 第 113 行.
NOTIC: [8] Undefined index: remark /opt/lampp/htdocs/ihanc/eva/Application/Runtime/Cache/Home/7ef91215c9d26501bdd496b1d1fa7554.php 第 115 行.
NOTIC: [8] Undefined index: finish /opt/lampp/htdocs/ihanc/eva/Application/Runtime/Cache/Home/7ef91215c9d26501bdd496b1d1fa7554.php 第 113 行.
NOTIC: [8] Undefined index: remark /opt/lampp/htdocs/ihanc/eva/Application/Runtime/Cache/Home/7ef91215c9d26501bdd496b1d1fa7554.php 第 115 行.
NOTIC: [8] Undefined index: finish /opt/lampp/htdocs/ihanc/eva/Application/Runtime/Cache/Home/7ef91215c9d26501bdd496b1d1fa7554.php 第 113 行.
NOTIC: [8] Undefined index: remark /opt/lampp/htdocs/ihanc/eva/Application/Runtime/Cache/Home/7ef91215c9d26501bdd496b1d1fa7554.php 第 115 行.
NOTIC: [8] Undefined index: finish /opt/lampp/htdocs/ihanc/eva/Application/Runtime/Cache/Home/7ef91215c9d26501bdd496b1d1fa7554.php 第 113 行.
NOTIC: [8] Undefined index: remark /opt/lampp/htdocs/ihanc/eva/Application/Runtime/Cache/Home/7ef91215c9d26501bdd496b1d1fa7554.php 第 115 行.
NOTIC: [8] Undefined index: finish /opt/lampp/htdocs/ihanc/eva/Application/Runtime/Cache/Home/7ef91215c9d26501bdd496b1d1fa7554.php 第 113 行.
NOTIC: [8] Undefined index: remark /opt/lampp/htdocs/ihanc/eva/Application/Runtime/Cache/Home/7ef91215c9d26501bdd496b1d1fa7554.php 第 115 行.
NOTIC: [8] Undefined variable: ttl_paid /opt/lampp/htdocs/ihanc/eva/Application/Runtime/Cache/Home/7ef91215c9d26501bdd496b1d1fa7554.php 第 122 行.
INFO: Run Behavior\ParseTemplateBehavior [ RunTime:0.007673s ]
INFO: [ view_parse ] --END-- [ RunTime:0.007702s ]
INFO: [ view_filter ] --START--
INFO: Run Behavior\WriteHtmlCacheBehavior [ RunTime:0.000104s ]
INFO: [ view_filter ] --END-- [ RunTime:0.000131s ]
INFO: [ app_end ] --START--
INFO: Run Behavior\ShowPageTraceBehavior [ RunTime:0.000320s ]
INFO: [ app_end ] --END-- [ RunTime:0.000355s ]

[ 2016-09-20T15:53:56+08:00 ] 117.173.160.252 /ihanc/eva/index.php/Home/Sale/saleprint?idsale%5B%5D=19767&idsale%5B%5D=19985&idmember=116
INFO: [ app_init ] --START--
INFO: Run Behavior\BuildLiteBehavior [ RunTime:0.000013s ]
INFO: [ app_init ] --END-- [ RunTime:0.000262s ]
INFO: [ app_begin ] --START--
INFO: Run Behavior\ReadHtmlCacheBehavior [ RunTime:0.000318s ]
INFO: [ app_begin ] --END-- [ RunTime:0.000356s ]
SQL: SHOW COLUMNS FROM `user` [ RunTime:0.0007s ]
SQL: SELECT * FROM `user` WHERE ( iduser='1' )  [ RunTime:0.0002s ]
SQL: SHOW COLUMNS FROM `ihanc_3`.`info` [ RunTime:0.0004s ]
SQL: SELECT * FROM ihanc_3.info WHERE `idinfo` = 1 LIMIT 1   [ RunTime:0.0001s ]
SQL: SHOW COLUMNS FROM `ihanc_3`.`sale` [ RunTime:0.0005s ]
SQL: SELECT `price`,`number`,`sum`,`idgoods`,`time`,`cf` FROM ihanc_3.sale WHERE `idsale` IN ('19767','19985') ORDER BY idsale  [ RunTime:0.0002s ]
SQL: SHOW COLUMNS FROM `ihanc_3`.`member` [ RunTime:0.0004s ]
SQL: SELECT `mname` FROM ihanc_3.member WHERE `idmember` = 116 LIMIT 1   [ RunTime:0.0001s ]
NOTIC: [8] Undefined index:  /opt/lampp/htdocs/ihanc/eva/Application/Home/Controller/SaleController.class.php 第 387 行.
INFO: [ view_parse ] --START--
INFO: [ template_filter ] --START--
INFO: Run Behavior\ContentReplaceBehavior [ RunTime:0.000063s ]
INFO: [ template_filter ] --END-- [ RunTime:0.000102s ]
NOTIC: [8] Undefined index: finish /opt/lampp/htdocs/ihanc/eva/Application/Runtime/Cache/Home/19394307bbec93e777241c9dbb339379.php 第 108 行.
NOTIC: [8] Undefined index: finish /opt/lampp/htdocs/ihanc/eva/Application/Runtime/Cache/Home/19394307bbec93e777241c9dbb339379.php 第 108 行.
INFO: Run Behavior\ParseTemplateBehavior [ RunTime:0.005773s ]
INFO: [ view_parse ] --END-- [ RunTime:0.005800s ]
INFO: [ view_filter ] --START--
INFO: Run Behavior\WriteHtmlCacheBehavior [ RunTime:0.000107s ]
INFO: [ view_filter ] --END-- [ RunTime:0.000132s ]
INFO: [ app_end ] --START--
INFO: Run Behavior\ShowPageTraceBehavior [ RunTime:0.000378s ]
INFO: [ app_end ] --END-- [ RunTime:0.000410s ]

[ 2016-09-20T15:56:46+08:00 ] 180.153.206.23 /ihanc/eva/index.php/Home/Sale/cfPrint/idsale/19985
INFO: [ app_init ] --START--
INFO: Run Behavior\BuildLiteBehavior [ RunTime:0.000011s ]
INFO: [ app_init ] --END-- [ RunTime:0.000236s ]
INFO: [ app_begin ] --START--
INFO: Run Behavior\ReadHtmlCacheBehavior [ RunTime:0.000293s ]
INFO: [ app_begin ] --END-- [ RunTime:0.000331s ]

[ 2016-09-20T15:56:46+08:00 ] 180.153.206.23 /ihanc/eva/index.php/Home/login/index.html
INFO: [ app_init ] --START--
INFO: Run Behavior\BuildLiteBehavior [ RunTime:0.000011s ]
INFO: [ app_init ] --END-- [ RunTime:0.000231s ]
INFO: [ app_begin ] --START--
INFO: Run Behavior\ReadHtmlCacheBehavior [ RunTime:0.000364s ]
INFO: [ app_begin ] --END-- [ RunTime:0.000403s ]
INFO: [ view_parse ] --START--
INFO: [ template_filter ] --START--
INFO: Run Behavior\ContentReplaceBehavior [ RunTime:0.000053s ]
INFO: [ template_filter ] --END-- [ RunTime:0.000088s ]
NOTIC: [8] Undefined variable: info /opt/lampp/htdocs/ihanc/eva/Application/Runtime/Cache/Home/97269d504bf33cb4c14eb7be85b7c9ec.php 第 75 行.
INFO: Run Behavior\ParseTemplateBehavior [ RunTime:0.004162s ]
INFO: [ view_parse ] --END-- [ RunTime:0.004194s ]
INFO: [ view_filter ] --START--
INFO: Run Behavior\WriteHtmlCacheBehavior [ RunTime:0.000099s ]
INFO: [ view_filter ] --END-- [ RunTime:0.000126s ]
INFO: [ app_end ] --START--
INFO: Run Behavior\ShowPageTraceBehavior [ RunTime:0.000317s ]
INFO: [ app_end ] --END-- [ RunTime:0.000348s ]

[ 2016-09-20T21:49:59+08:00 ] 117.173.171.24 /ihanc/eva/index.php/Home/login/index.html
INFO: [ app_init ] --START--
INFO: Run Behavior\BuildLiteBehavior [ RunTime:0.000013s ]
INFO: [ app_init ] --END-- [ RunTime:0.000248s ]
INFO: [ app_begin ] --START--
INFO: Run Behavior\ReadHtmlCacheBehavior [ RunTime:0.000299s ]
INFO: [ app_begin ] --END-- [ RunTime:0.000341s ]
INFO: [ view_parse ] --START--
INFO: [ template_filter ] --START--
INFO: Run Behavior\ContentReplaceBehavior [ RunTime:0.000057s ]
INFO: [ template_filter ] --END-- [ RunTime:0.000095s ]
NOTIC: [8] Undefined variable: info /opt/lampp/htdocs/ihanc/eva/Application/Runtime/Cache/Home/97269d504bf33cb4c14eb7be85b7c9ec.php 第 75 行.
INFO: Run Behavior\ParseTemplateBehavior [ RunTime:0.004478s ]
INFO: [ view_parse ] --END-- [ RunTime:0.004515s ]
INFO: [ view_filter ] --START--
INFO: Run Behavior\WriteHtmlCacheBehavior [ RunTime:0.000125s ]
INFO: [ view_filter ] --END-- [ RunTime:0.000153s ]
INFO: [ app_end ] --START--
INFO: Run Behavior\ShowPageTraceBehavior [ RunTime:0.000339s ]
INFO: [ app_end ] --END-- [ RunTime:0.000373s ]

[ 2016-09-20T21:50:02+08:00 ] 117.173.171.24 /ihanc/eva/index.php/Home/login/undefined/ajax-loader-trans.gif
INFO: [ app_init ] --START--
INFO: Run Behavior\BuildLiteBehavior [ RunTime:0.000030s ]
INFO: [ app_init ] --END-- [ RunTime:0.000320s ]

[ 2016-09-20T21:50:02+08:00 ] 117.173.171.24 /ihanc/eva/index.php/Home/login/undefinedundefined
INFO: [ app_init ] --START--
INFO: Run Behavior\BuildLiteBehavior [ RunTime:0.000014s ]
INFO: [ app_init ] --END-- [ RunTime:0.000259s ]
INFO: [ app_begin ] --START--
INFO: Run Behavior\ReadHtmlCacheBehavior [ RunTime:0.000307s ]
INFO: [ app_begin ] --END-- [ RunTime:0.000348s ]
ERR: 非法操作:undefinedundefined

[ 2016-09-20T21:50:26+08:00 ] 117.173.171.24 /ihanc/eva/index.php/home/login/login
INFO: [ app_init ] --START--
INFO: Run Behavior\BuildLiteBehavior [ RunTime:0.000016s ]
INFO: [ app_init ] --END-- [ RunTime:0.000305s ]
INFO: [ app_begin ] --START--
INFO: Run Behavior\ReadHtmlCacheBehavior [ RunTime:0.000513s ]
INFO: [ app_begin ] --END-- [ RunTime:0.000580s ]
SQL: SHOW COLUMNS FROM `user` [ RunTime:0.0009s ]
SQL: SELECT * FROM `user` WHERE `name` = '李明强admin'  [ RunTime:0.0003s ]
SQL: SELECT * FROM `user` WHERE `name` = '李明强admin' AND `pwd` = 'e10adc3949ba59abbe56e057f20f883e'  [ RunTime:0.0002s ]
SQL: SHOW COLUMNS FROM `user_log` [ RunTime:0.0006s ]
SQL: INSERT INTO `user_log` (`iduser`,`ltime`) VALUES ('5','2016-09-20 21:50:26') [ RunTime:0.0170s ]
SQL: UPDATE `user` SET `ltime`='0.27230500 1474379426',`ip`='117.173.171.24' WHERE `iduser` = 5 [ RunTime:0.0032s ]

[ 2016-09-20T21:50:26+08:00 ] 117.173.171.24 /ihanc/eva/index.php/Home/index/index.html
INFO: [ app_init ] --START--
INFO: Run Behavior\BuildLiteBehavior [ RunTime:0.000013s ]
INFO: [ app_init ] --END-- [ RunTime:0.000251s ]
INFO: [ app_begin ] --START--
INFO: Run Behavior\ReadHtmlCacheBehavior [ RunTime:0.000330s ]
INFO: [ app_begin ] --END-- [ RunTime:0.000375s ]
SQL: SHOW COLUMNS FROM `user` [ RunTime:0.0009s ]
SQL: SELECT * FROM `user` WHERE ( iduser='5' )  [ RunTime:0.0003s ]
INFO: [ view_parse ] --START--
INFO: [ template_filter ] --START--
INFO: Run Behavior\ContentReplaceBehavior [ RunTime:0.000164s ]
INFO: [ template_filter ] --END-- [ RunTime:0.000210s ]
INFO: Run Behavior\ParseTemplateBehavior [ RunTime:0.007431s ]
INFO: [ view_parse ] --END-- [ RunTime:0.007481s ]
INFO: [ view_filter ] --START--
INFO: Run Behavior\WriteHtmlCacheBehavior [ RunTime:0.000107s ]
INFO: [ view_filter ] --END-- [ RunTime:0.000134s ]
INFO: [ app_end ] --START--
INFO: Run Behavior\ShowPageTraceBehavior [ RunTime:0.000379s ]
INFO: [ app_end ] --END-- [ RunTime:0.000429s ]

[ 2016-09-20T21:50:28+08:00 ] 117.173.171.24 /ihanc/eva/index.php/Home/index/favicon.ico
INFO: [ app_init ] --START--
INFO: Run Behavior\BuildLiteBehavior [ RunTime:0.000014s ]
INFO: [ app_init ] --END-- [ RunTime:0.000246s ]

[ 2016-09-20T21:50:28+08:00 ] 117.173.171.24 /ihanc/eva/index.php/Home/index/dashboard
INFO: [ app_init ] --START--
INFO: Run Behavior\BuildLiteBehavior [ RunTime:0.000014s ]
INFO: [ app_init ] --END-- [ RunTime:0.000251s ]
INFO: [ app_begin ] --START--
INFO: Run Behavior\ReadHtmlCacheBehavior [ RunTime:0.000346s ]
INFO: [ app_begin ] --END-- [ RunTime:0.000437s ]
SQL: SHOW COLUMNS FROM `user` [ RunTime:0.0007s ]
SQL: SELECT * FROM `user` WHERE ( iduser='5' )  [ RunTime:0.0002s ]
SQL: SHOW COLUMNS FROM `ihanc_4`.`sale` [ RunTime:0.0006s ]
SQL: SELECT `time`,`idmember`,sum(sum) as sum FROM ihanc_4.sale GROUP BY idmember ORDER BY time LIMIT 0,10   [ RunTime:0.0030s ]
SQL: SELECT `time`,`idmember`,sum(sum) as sum FROM ihanc_4.sale GROUP BY idmember ORDER BY sum desc LIMIT 0,10   [ RunTime:0.0030s ]
SQL: SELECT `etime` FROM `user` WHERE `db` = '4' LIMIT 1   [ RunTime:0.0002s ]
INFO: [ view_parse ] --START--
INFO: [ template_filter ] --START--
INFO: Run Behavior\ContentReplaceBehavior [ RunTime:0.000060s ]
INFO: [ template_filter ] --END-- [ RunTime:0.000134s ]
INFO: Run Behavior\ParseTemplateBehavior [ RunTime:0.006307s ]
INFO: [ view_parse ] --END-- [ RunTime:0.006355s ]
INFO: [ view_filter ] --START--
INFO: Run Behavior\WriteHtmlCacheBehavior [ RunTime:0.000136s ]
INFO: [ view_filter ] --END-- [ RunTime:0.000168s ]
INFO: [ app_end ] --START--
INFO: Run Behavior\ShowPageTraceBehavior [ RunTime:0.000328s ]
INFO: [ app_end ] --END-- [ RunTime:0.000363s ]

[ 2016-09-20T21:50:32+08:00 ] 117.173.171.24 /ihanc/eva/index.php/Home/sale/sale.html
INFO: [ app_init ] --START--
INFO: Run Behavior\BuildLiteBehavior [ RunTime:0.000016s ]
INFO: [ app_init ] --END-- [ RunTime:0.000262s ]
INFO: [ app_begin ] --START--
INFO: Run Behavior\ReadHtmlCacheBehavior [ RunTime:0.000330s ]
INFO: [ app_begin ] --END-- [ RunTime:0.000375s ]
SQL: SHOW COLUMNS FROM `user` [ RunTime:0.0006s ]
SQL: SELECT * FROM `user` WHERE ( iduser='5' )  [ RunTime:0.0002s ]
SQL: SHOW COLUMNS FROM `ihanc_4`.`bank` [ RunTime:0.0004s ]
SQL: SELECT `idbank`,`bname` FROM ihanc_4.bank  [ RunTime:0.0002s ]
INFO: [ view_parse ] --START--
INFO: [ template_filter ] --START--
INFO: Run Behavior\ContentReplaceBehavior [ RunTime:0.000097s ]
INFO: [ template_filter ] --END-- [ RunTime:0.000133s ]
INFO: Run Behavior\ParseTemplateBehavior [ RunTime:0.006002s ]
INFO: [ view_parse ] --END-- [ RunTime:0.006041s ]
INFO: [ view_filter ] --START--
INFO: Run Behavior\WriteHtmlCacheBehavior [ RunTime:0.000103s ]
INFO: [ view_filter ] --END-- [ RunTime:0.000129s ]
INFO: [ app_end ] --START--
INFO: Run Behavior\ShowPageTraceBehavior [ RunTime:0.000322s ]
INFO: [ app_end ] --END-- [ RunTime:0.000357s ]

[ 2016-09-20T21:50:34+08:00 ] 117.173.171.24 /ihanc/eva/index.php/Home/Sale/searchMember
INFO: [ app_init ] --START--
INFO: Run Behavior\BuildLiteBehavior [ RunTime:0.000017s ]
INFO: [ app_init ] --END-- [ RunTime:0.000359s ]
INFO: [ app_begin ] --START--
INFO: Run Behavior\ReadHtmlCacheBehavior [ RunTime:0.000495s ]
INFO: [ app_begin ] --END-- [ RunTime:0.000567s ]
SQL: SHOW COLUMNS FROM `user` [ RunTime:0.0008s ]
SQL: SELECT * FROM `user` WHERE ( iduser='5' )  [ RunTime:0.0003s ]
SQL: SHOW COLUMNS FROM `ihanc_4`.`member` [ RunTime:0.0006s ]
SQL: SELECT `idmember`,`mname` FROM ihanc_4.member WHERE ( `mname` LIKE '%z%' OR `msn` LIKE '%z%' ) LIMIT 0,10   [ RunTime:0.0004s ]
INFO: [ app_end ] --START--
INFO: Run Behavior\ShowPageTraceBehavior [ RunTime:0.000464s ]
INFO: [ app_end ] --END-- [ RunTime:0.000520s ]

[ 2016-09-20T21:50:34+08:00 ] 117.173.171.24 /ihanc/eva/index.php/Home/Sale/searchMember
INFO: [ app_init ] --START--
INFO: Run Behavior\BuildLiteBehavior [ RunTime:0.000013s ]
INFO: [ app_init ] --END-- [ RunTime:0.000256s ]
INFO: [ app_begin ] --START--
INFO: Run Behavior\ReadHtmlCacheBehavior [ RunTime:0.000309s ]
INFO: [ app_begin ] --END-- [ RunTime:0.000355s ]
SQL: SHOW COLUMNS FROM `user` [ RunTime:0.0007s ]
SQL: SELECT * FROM `user` WHERE ( iduser='5' )  [ RunTime:0.0002s ]
SQL: SHOW COLUMNS FROM `ihanc_4`.`member` [ RunTime:0.0004s ]
SQL: SELECT `idmember`,`mname` FROM ihanc_4.member WHERE ( `mname` LIKE '%zd%' OR `msn` LIKE '%zd%' ) LIMIT 0,10   [ RunTime:0.0004s ]
INFO: [ app_end ] --START--
INFO: Run Behavior\ShowPageTraceBehavior [ RunTime:0.000381s ]
INFO: [ app_end ] --END-- [ RunTime:0.000421s ]

[ 2016-09-20T21:50:36+08:00 ] 117.173.171.24 /ihanc/eva/index.php/Home/Sale/getCredit?idmember=189
INFO: [ app_init ] --START--
INFO: Run Behavior\BuildLiteBehavior [ RunTime:0.000013s ]
INFO: [ app_init ] --END-- [ RunTime:0.000321s ]
INFO: [ app_begin ] --START--
INFO: Run Behavior\ReadHtmlCacheBehavior [ RunTime:0.000401s ]
INFO: [ app_begin ] --END-- [ RunTime:0.000463s ]
SQL: SHOW COLUMNS FROM `user` [ RunTime:0.0006s ]
SQL: SELECT * FROM `user` WHERE ( iduser='5' )  [ RunTime:0.0002s ]
SQL: SHOW COLUMNS FROM `ihanc_4`.`sale` [ RunTime:0.0005s ]
SQL: SELECT SUM(sum) AS tp_sum FROM ihanc_4.sale WHERE `idmember` = 189 LIMIT 1   [ RunTime:0.0005s ]
INFO: [ app_end ] --START--
INFO: Run Behavior\ShowPageTraceBehavior [ RunTime:0.000380s ]
INFO: [ app_end ] --END-- [ RunTime:0.000420s ]

[ 2016-09-20T21:50:37+08:00 ] 117.173.171.24 /ihanc/eva/index.php/Home/Sale/mcreditDetail?idmember=189
INFO: [ app_init ] --START--
INFO: Run Behavior\BuildLiteBehavior [ RunTime:0.000013s ]
INFO: [ app_init ] --END-- [ RunTime:0.000273s ]
INFO: [ app_begin ] --START--
INFO: Run Behavior\ReadHtmlCacheBehavior [ RunTime:0.000325s ]
INFO: [ app_begin ] --END-- [ RunTime:0.000366s ]
SQL: SHOW COLUMNS FROM `user` [ RunTime:0.0007s ]
SQL: SELECT * FROM `user` WHERE ( iduser='5' )  [ RunTime:0.0002s ]
SQL: SHOW COLUMNS FROM `ihanc_4`.`sale` [ RunTime:0.0006s ]
SQL: SELECT `idsale`,`idmember`,`inorder`,`idgoods`,`number`,`price`,`time`,`sum`,`cf`,`remark`,`idintime` FROM ihanc_4.sale WHERE `idmember` = 189 ORDER BY idsale  [ RunTime:0.0008s ]
NOTIC: [8] Undefined variable: sum /opt/lampp/htdocs/ihanc/eva/Application/Home/Controller/SaleController.class.php 第 238 行.
SQL: SHOW COLUMNS FROM `ihanc_4`.`bank` [ RunTime:0.0005s ]
SQL: SELECT `idbank`,`bname` FROM ihanc_4.bank  [ RunTime:0.0002s ]
INFO: [ view_parse ] --START--
INFO: [ template_filter ] --START--
INFO: Run Behavior\ContentReplaceBehavior [ RunTime:0.000087s ]
INFO: [ template_filter ] --END-- [ RunTime:0.000135s ]
INFO: Run Behavior\ParseTemplateBehavior [ RunTime:0.008212s ]
INFO: [ view_parse ] --END-- [ RunTime:0.008260s ]
INFO: [ view_filter ] --START--
INFO: Run Behavior\WriteHtmlCacheBehavior [ RunTime:0.000144s ]
INFO: [ view_filter ] --END-- [ RunTime:0.000181s ]
INFO: [ app_end ] --START--
INFO: Run Behavior\ShowPageTraceBehavior [ RunTime:0.000406s ]
INFO: [ app_end ] --END-- [ RunTime:0.000452s ]

[ 2016-09-20T21:50:38+08:00 ] 117.173.171.24 /ihanc/eva/index.php/Home/Sale/mcreditDetail?idmember=189
INFO: [ app_init ] --START--
INFO: Run Behavior\BuildLiteBehavior [ RunTime:0.000019s ]
INFO: [ app_init ] --END-- [ RunTime:0.000402s ]
INFO: [ app_begin ] --START--
INFO: Run Behavior\ReadHtmlCacheBehavior [ RunTime:0.000490s ]
INFO: [ app_begin ] --END-- [ RunTime:0.000545s ]
SQL: SHOW COLUMNS FROM `user` [ RunTime:0.0101s ]
SQL: SELECT * FROM `user` WHERE ( iduser='5' )  [ RunTime:0.0003s ]
SQL: SHOW COLUMNS FROM `ihanc_4`.`sale` [ RunTime:0.0006s ]
SQL: SELECT `idsale`,`idmember`,`inorder`,`idgoods`,`number`,`price`,`time`,`sum`,`cf`,`remark`,`idintime` FROM ihanc_4.sale WHERE `idmember` = 189 ORDER BY idsale  [ RunTime:0.0005s ]
NOTIC: [8] Undefined variable: sum /opt/lampp/htdocs/ihanc/eva/Application/Home/Controller/SaleController.class.php 第 238 行.
SQL: SHOW COLUMNS FROM `ihanc_4`.`bank` [ RunTime:0.0004s ]
SQL: SELECT `idbank`,`bname` FROM ihanc_4.bank  [ RunTime:0.0001s ]
INFO: [ view_parse ] --START--
INFO: [ template_filter ] --START--
INFO: Run Behavior\ContentReplaceBehavior [ RunTime:0.000065s ]
INFO: [ template_filter ] --END-- [ RunTime:0.000097s ]
INFO: Run Behavior\ParseTemplateBehavior [ RunTime:0.007713s ]
INFO: [ view_parse ] --END-- [ RunTime:0.007748s ]
INFO: [ view_filter ] --START--
INFO: Run Behavior\WriteHtmlCacheBehavior [ RunTime:0.000102s ]
INFO: [ view_filter ] --END-- [ RunTime:0.000128s ]
INFO: [ app_end ] --START--
INFO: Run Behavior\ShowPageTraceBehavior [ RunTime:0.000332s ]
INFO: [ app_end ] --END-- [ RunTime:0.000363s ]

[ 2016-09-20T21:50:38+08:00 ] 117.173.171.24 /ihanc/eva/index.php/Home/Sale/mcreditDetail?idmember=189
INFO: [ app_init ] --START--
INFO: Run Behavior\BuildLiteBehavior [ RunTime:0.000013s ]
INFO: [ app_init ] --END-- [ RunTime:0.000255s ]
INFO: [ app_begin ] --START--
INFO: Run Behavior\ReadHtmlCacheBehavior [ RunTime:0.009478s ]
INFO: [ app_begin ] --END-- [ RunTime:0.009525s ]
SQL: SHOW COLUMNS FROM `user` [ RunTime:0.0006s ]
SQL: SELECT * FROM `user` WHERE ( iduser='5' )  [ RunTime:0.0002s ]
SQL: SHOW COLUMNS FROM `ihanc_4`.`sale` [ RunTime:0.0005s ]
SQL: SELECT `idsale`,`idmember`,`inorder`,`idgoods`,`number`,`price`,`time`,`sum`,`cf`,`remark`,`idintime` FROM ihanc_4.sale WHERE `idmember` = 189 ORDER BY idsale  [ RunTime:0.0006s ]
NOTIC: [8] Undefined variable: sum /opt/lampp/htdocs/ihanc/eva/Application/Home/Controller/SaleController.class.php 第 238 行.
SQL: SHOW COLUMNS FROM `ihanc_4`.`bank` [ RunTime:0.0004s ]
SQL: SELECT `idbank`,`bname` FROM ihanc_4.bank  [ RunTime:0.0002s ]
INFO: [ view_parse ] --START--
INFO: [ template_filter ] --START--
INFO: Run Behavior\ContentReplaceBehavior [ RunTime:0.000065s ]
INFO: [ template_filter ] --END-- [ RunTime:0.000100s ]
INFO: Run Behavior\ParseTemplateBehavior [ RunTime:0.007169s ]
INFO: [ view_parse ] --END-- [ RunTime:0.007212s ]
INFO: [ view_filter ] --START--
INFO: Run Behavior\WriteHtmlCacheBehavior [ RunTime:0.000105s ]
INFO: [ view_filter ] --END-- [ RunTime:0.000132s ]
INFO: [ app_end ] --START--
INFO: Run Behavior\ShowPageTraceBehavior [ RunTime:0.000383s ]
INFO: [ app_end ] --END-- [ RunTime:0.000424s ]

[ 2016-09-20T21:50:43+08:00 ] 117.173.171.24 /ihanc/eva/index.php/Home/Sale/saleprint/idmember/189
INFO: [ app_init ] --START--
INFO: Run Behavior\BuildLiteBehavior [ RunTime:0.000015s ]
INFO: [ app_init ] --END-- [ RunTime:0.000299s ]
INFO: [ app_begin ] --START--
INFO: Run Behavior\ReadHtmlCacheBehavior [ RunTime:0.000370s ]
INFO: [ app_begin ] --END-- [ RunTime:0.000416s ]
SQL: SHOW COLUMNS FROM `user` [ RunTime:0.0008s ]
SQL: SELECT * FROM `user` WHERE ( iduser='5' )  [ RunTime:0.0002s ]
SQL: SHOW COLUMNS FROM `ihanc_4`.`info` [ RunTime:0.0004s ]
SQL: SELECT * FROM ihanc_4.info WHERE `idinfo` = 1 LIMIT 1   [ RunTime:0.0003s ]
NOTIC: [8] Undefined index: idsale /opt/lampp/htdocs/ihanc/eva/Application/Home/Controller/SaleController.class.php 第 371 行.
SQL: SHOW COLUMNS FROM `ihanc_4`.`member` [ RunTime:0.0004s ]
SQL: SELECT `mname` FROM ihanc_4.member WHERE `idmember` = 189 LIMIT 1   [ RunTime:0.0002s ]
SQL: SHOW COLUMNS FROM `ihanc_4`.`sale` [ RunTime:0.0006s ]
SQL: SELECT `price`,`number`,`sum`,`idgoods`,`time`,`cf` FROM ihanc_4.sale WHERE `idmember` = 189 ORDER BY idsale  [ RunTime:0.0005s ]
INFO: [ view_parse ] --START--
INFO: [ template_filter ] --START--
INFO: Run Behavior\ContentReplaceBehavior [ RunTime:0.000070s ]
INFO: [ template_filter ] --END-- [ RunTime:0.000135s ]
NOTIC: [8] Undefined index: finish /opt/lampp/htdocs/ihanc/eva/Application/Runtime/Cache/Home/19394307bbec93e777241c9dbb339379.php 第 108 行.
NOTIC: [8] Undefined index: finish /opt/lampp/htdocs/ihanc/eva/Application/Runtime/Cache/Home/19394307bbec93e777241c9dbb339379.php 第 108 行.
NOTIC: [8] Undefined index: finish /opt/lampp/htdocs/ihanc/eva/Application/Runtime/Cache/Home/19394307bbec93e777241c9dbb339379.php 第 108 行.
NOTIC: [8] Undefined index: finish /opt/lampp/htdocs/ihanc/eva/Application/Runtime/Cache/Home/19394307bbec93e777241c9dbb339379.php 第 108 行.
NOTIC: [8] Undefined index: finish /opt/lampp/htdocs/ihanc/eva/Application/Runtime/Cache/Home/19394307bbec93e777241c9dbb339379.php 第 108 行.
NOTIC: [8] Undefined index: finish /opt/lampp/htdocs/ihanc/eva/Application/Runtime/Cache/Home/19394307bbec93e777241c9dbb339379.php 第 108 行.
NOTIC: [8] Undefined index: finish /opt/lampp/htdocs/ihanc/eva/Application/Runtime/Cache/Home/19394307bbec93e777241c9dbb339379.php 第 108 行.
NOTIC: [8] Undefined index: finish /opt/lampp/htdocs/ihanc/eva/Application/Runtime/Cache/Home/19394307bbec93e777241c9dbb339379.php 第 108 行.
NOTIC: [8] Undefined index: finish /opt/lampp/htdocs/ihanc/eva/Application/Runtime/Cache/Home/19394307bbec93e777241c9dbb339379.php 第 108 行.
NOTIC: [8] Undefined index: finish /opt/lampp/htdocs/ihanc/eva/Application/Runtime/Cache/Home/19394307bbec93e777241c9dbb339379.php 第 108 行.
INFO: Run Behavior\ParseTemplateBehavior [ RunTime:0.009931s ]
INFO: [ view_parse ] --END-- [ RunTime:0.009979s ]
INFO: [ view_filter ] --START--
INFO: Run Behavior\WriteHtmlCacheBehavior [ RunTime:0.000195s ]
INFO: [ view_filter ] --END-- [ RunTime:0.000244s ]
INFO: [ app_end ] --START--
INFO: Run Behavior\ShowPageTraceBehavior [ RunTime:0.000550s ]
INFO: [ app_end ] --END-- [ RunTime:0.000605s ]

