[ 2016-09-27T19:37:00+08:00 ] 117.173.160.231 /ihanc/eva/index.php/Home/finance/bank
INFO: [ app_init ] --START--
INFO: Run Behavior\BuildLiteBehavior [ RunTime:0.000013s ]
INFO: [ app_init ] --END-- [ RunTime:0.000295s ]
INFO: [ app_begin ] --START--
INFO: Run Behavior\ReadHtmlCacheBehavior [ RunTime:0.000320s ]
INFO: [ app_begin ] --END-- [ RunTime:0.000364s ]
SQL: SHOW COLUMNS FROM `user` [ RunTime:0.0007s ]
SQL: SELECT * FROM `user` WHERE ( iduser='3' )  [ RunTime:0.0002s ]
SQL: SHOW COLUMNS FROM `ihanc_3`.`bank` [ RunTime:0.0005s ]
SQL: SELECT * FROM ihanc_3.bank  [ RunTime:0.0001s ]
INFO: [ view_parse ] --START--
INFO: [ template_filter ] --START--
INFO: Run Behavior\ContentReplaceBehavior [ RunTime:0.000114s ]
INFO: [ template_filter ] --END-- [ RunTime:0.000197s ]
INFO: Run Behavior\ParseTemplateBehavior [ RunTime:0.007512s ]
INFO: [ view_parse ] --END-- [ RunTime:0.007570s ]
INFO: [ view_filter ] --START--
INFO: Run Behavior\WriteHtmlCacheBehavior [ RunTime:0.000187s ]
INFO: [ view_filter ] --END-- [ RunTime:0.000232s ]
INFO: [ app_end ] --START--
INFO: Run Behavior\ShowPageTraceBehavior [ RunTime:0.000549s ]
INFO: [ app_end ] --END-- [ RunTime:0.000604s ]

[ 2016-09-27T19:37:02+08:00 ] 106.120.160.119 /ihanc/eva/index.php/Home/index/index.html
INFO: [ app_init ] --START--
INFO: Run Behavior\BuildLiteBehavior [ RunTime:0.000012s ]
INFO: [ app_init ] --END-- [ RunTime:0.000260s ]
INFO: [ app_begin ] --START--
INFO: Run Behavior\ReadHtmlCacheBehavior [ RunTime:0.000318s ]
INFO: [ app_begin ] --END-- [ RunTime:0.000369s ]

[ 2016-09-27T19:37:02+08:00 ] 106.120.160.119 /ihanc/eva/index.php/Home/login/index.html
INFO: [ app_init ] --START--
INFO: Run Behavior\BuildLiteBehavior [ RunTime:0.000012s ]
INFO: [ app_init ] --END-- [ RunTime:0.000250s ]
INFO: [ app_begin ] --START--
INFO: Run Behavior\ReadHtmlCacheBehavior [ RunTime:0.000362s ]
INFO: [ app_begin ] --END-- [ RunTime:0.000410s ]
INFO: [ view_parse ] --START--
INFO: [ template_filter ] --START--
INFO: Run Behavior\ContentReplaceBehavior [ RunTime:0.000064s ]
INFO: [ template_filter ] --END-- [ RunTime:0.000107s ]
NOTIC: [8] Undefined variable: info /opt/lampp/htdocs/ihanc/eva/Application/Runtime/Cache/Home/97269d504bf33cb4c14eb7be85b7c9ec.php 第 75 行.
INFO: Run Behavior\ParseTemplateBehavior [ RunTime:0.004934s ]
INFO: [ view_parse ] --END-- [ RunTime:0.004968s ]
INFO: [ view_filter ] --START--
INFO: Run Behavior\WriteHtmlCacheBehavior [ RunTime:0.000119s ]
INFO: [ view_filter ] --END-- [ RunTime:0.000157s ]
INFO: [ app_end ] --START--
INFO: Run Behavior\ShowPageTraceBehavior [ RunTime:0.000403s ]
INFO: [ app_end ] --END-- [ RunTime:0.000438s ]

[ 2016-09-27T19:37:29+08:00 ] 106.120.160.119 /ihanc/eva/index.php/Home/index/index.html
INFO: [ app_init ] --START--
INFO: Run Behavior\BuildLiteBehavior [ RunTime:0.000013s ]
INFO: [ app_init ] --END-- [ RunTime:0.000293s ]
INFO: [ app_begin ] --START--
INFO: Run Behavior\ReadHtmlCacheBehavior [ RunTime:0.000401s ]
INFO: [ app_begin ] --END-- [ RunTime:0.000449s ]

[ 2016-09-27T19:37:29+08:00 ] 106.120.160.119 /ihanc/eva/index.php/Home/login/index.html
INFO: [ app_init ] --START--
INFO: Run Behavior\BuildLiteBehavior [ RunTime:0.000019s ]
INFO: [ app_init ] --END-- [ RunTime:0.000399s ]
INFO: [ app_begin ] --START--
INFO: Run Behavior\ReadHtmlCacheBehavior [ RunTime:0.000466s ]
INFO: [ app_begin ] --END-- [ RunTime:0.000538s ]
INFO: [ view_parse ] --START--
INFO: [ template_filter ] --START--
INFO: Run Behavior\ContentReplaceBehavior [ RunTime:0.000101s ]
INFO: [ template_filter ] --END-- [ RunTime:0.000171s ]
NOTIC: [8] Undefined variable: info /opt/lampp/htdocs/ihanc/eva/Application/Runtime/Cache/Home/97269d504bf33cb4c14eb7be85b7c9ec.php 第 75 行.
INFO: Run Behavior\ParseTemplateBehavior [ RunTime:0.006901s ]
INFO: [ view_parse ] --END-- [ RunTime:0.006955s ]
INFO: [ view_filter ] --START--
INFO: Run Behavior\WriteHtmlCacheBehavior [ RunTime:0.000145s ]
INFO: [ view_filter ] --END-- [ RunTime:0.000188s ]
INFO: [ app_end ] --START--
INFO: Run Behavior\ShowPageTraceBehavior [ RunTime:0.000514s ]
INFO: [ app_end ] --END-- [ RunTime:0.000569s ]

[ 2016-09-27T19:37:54+08:00 ] 182.140.230.20 /ihanc/eva/index.php/Home/index/index.html
INFO: [ app_init ] --START--
INFO: Run Behavior\BuildLiteBehavior [ RunTime:0.000012s ]
INFO: [ app_init ] --END-- [ RunTime:0.000270s ]
INFO: [ app_begin ] --START--
INFO: Run Behavior\ReadHtmlCacheBehavior [ RunTime:0.000324s ]
INFO: [ app_begin ] --END-- [ RunTime:0.000372s ]

[ 2016-09-27T19:37:54+08:00 ] 182.140.230.20 /ihanc/eva/index.php/Home/login/index.html
INFO: [ app_init ] --START--
INFO: Run Behavior\BuildLiteBehavior [ RunTime:0.000013s ]
INFO: [ app_init ] --END-- [ RunTime:0.000306s ]
INFO: [ app_begin ] --START--
INFO: Run Behavior\ReadHtmlCacheBehavior [ RunTime:0.000304s ]
INFO: [ app_begin ] --END-- [ RunTime:0.000350s ]
INFO: [ view_parse ] --START--
INFO: [ template_filter ] --START--
INFO: Run Behavior\ContentReplaceBehavior [ RunTime:0.000055s ]
INFO: [ template_filter ] --END-- [ RunTime:0.000106s ]
NOTIC: [8] Undefined variable: info /opt/lampp/htdocs/ihanc/eva/Application/Runtime/Cache/Home/97269d504bf33cb4c14eb7be85b7c9ec.php 第 75 行.
INFO: Run Behavior\ParseTemplateBehavior [ RunTime:0.004163s ]
INFO: [ view_parse ] --END-- [ RunTime:0.004196s ]
INFO: [ view_filter ] --START--
INFO: Run Behavior\WriteHtmlCacheBehavior [ RunTime:0.000099s ]
INFO: [ view_filter ] --END-- [ RunTime:0.000126s ]
INFO: [ app_end ] --START--
INFO: Run Behavior\ShowPageTraceBehavior [ RunTime:0.000310s ]
INFO: [ app_end ] --END-- [ RunTime:0.000341s ]

[ 2016-09-27T19:37:55+08:00 ] 182.140.230.20 /ihanc/eva/index.php/Home/login/undefinedpurchase/scredit.html
INFO: [ app_init ] --START--
INFO: Run Behavior\BuildLiteBehavior [ RunTime:0.000011s ]
INFO: [ app_init ] --END-- [ RunTime:0.000262s ]
INFO: [ app_begin ] --START--
INFO: Run Behavior\ReadHtmlCacheBehavior [ RunTime:0.000315s ]
INFO: [ app_begin ] --END-- [ RunTime:0.000364s ]
ERR: 非法操作:undefinedpurchase

[ 2016-09-27T19:38:08+08:00 ] 106.120.160.119 /ihanc/eva/index.php/Home/index/index.html
INFO: [ app_init ] --START--
INFO: Run Behavior\BuildLiteBehavior [ RunTime:0.000011s ]
INFO: [ app_init ] --END-- [ RunTime:0.000248s ]
INFO: [ app_begin ] --START--
INFO: Run Behavior\ReadHtmlCacheBehavior [ RunTime:0.000289s ]
INFO: [ app_begin ] --END-- [ RunTime:0.000327s ]

[ 2016-09-27T19:38:08+08:00 ] 106.120.160.119 /ihanc/eva/index.php/Home/login/index.html
INFO: [ app_init ] --START--
INFO: Run Behavior\BuildLiteBehavior [ RunTime:0.000011s ]
INFO: [ app_init ] --END-- [ RunTime:0.000253s ]
INFO: [ app_begin ] --START--
INFO: Run Behavior\ReadHtmlCacheBehavior [ RunTime:0.000337s ]
INFO: [ app_begin ] --END-- [ RunTime:0.000377s ]
INFO: [ view_parse ] --START--
INFO: [ template_filter ] --START--
INFO: Run Behavior\ContentReplaceBehavior [ RunTime:0.000058s ]
INFO: [ template_filter ] --END-- [ RunTime:0.000103s ]
NOTIC: [8] Undefined variable: info /opt/lampp/htdocs/ihanc/eva/Application/Runtime/Cache/Home/97269d504bf33cb4c14eb7be85b7c9ec.php 第 75 行.
INFO: Run Behavior\ParseTemplateBehavior [ RunTime:0.004356s ]
INFO: [ view_parse ] --END-- [ RunTime:0.004390s ]
INFO: [ view_filter ] --START--
INFO: Run Behavior\WriteHtmlCacheBehavior [ RunTime:0.000107s ]
INFO: [ view_filter ] --END-- [ RunTime:0.000143s ]
INFO: [ app_end ] --START--
INFO: Run Behavior\ShowPageTraceBehavior [ RunTime:0.000317s ]
INFO: [ app_end ] --END-- [ RunTime:0.000353s ]

[ 2016-09-27T19:38:39+08:00 ] 182.140.230.18 /ihanc/eva/index.php/Home/index/index.html
INFO: [ app_init ] --START--
INFO: Run Behavior\BuildLiteBehavior [ RunTime:0.000019s ]
INFO: [ app_init ] --END-- [ RunTime:0.000393s ]
INFO: [ app_begin ] --START--
INFO: Run Behavior\ReadHtmlCacheBehavior [ RunTime:0.000424s ]
INFO: [ app_begin ] --END-- [ RunTime:0.000483s ]

[ 2016-09-27T19:38:39+08:00 ] 182.140.230.18 /ihanc/eva/index.php/Home/login/index.html
INFO: [ app_init ] --START--
INFO: Run Behavior\BuildLiteBehavior [ RunTime:0.000014s ]
INFO: [ app_init ] --END-- [ RunTime:0.000312s ]
INFO: [ app_begin ] --START--
INFO: Run Behavior\ReadHtmlCacheBehavior [ RunTime:0.000394s ]
INFO: [ app_begin ] --END-- [ RunTime:0.000452s ]
INFO: [ view_parse ] --START--
INFO: [ template_filter ] --START--
INFO: Run Behavior\ContentReplaceBehavior [ RunTime:0.000071s ]
INFO: [ template_filter ] --END-- [ RunTime:0.000110s ]
NOTIC: [8] Undefined variable: info /opt/lampp/htdocs/ihanc/eva/Application/Runtime/Cache/Home/97269d504bf33cb4c14eb7be85b7c9ec.php 第 75 行.
INFO: Run Behavior\ParseTemplateBehavior [ RunTime:0.005004s ]
INFO: [ view_parse ] --END-- [ RunTime:0.005044s ]
INFO: [ view_filter ] --START--
INFO: Run Behavior\WriteHtmlCacheBehavior [ RunTime:0.000101s ]
INFO: [ view_filter ] --END-- [ RunTime:0.000130s ]
INFO: [ app_end ] --START--
INFO: Run Behavior\ShowPageTraceBehavior [ RunTime:0.000322s ]
INFO: [ app_end ] --END-- [ RunTime:0.000365s ]

[ 2016-09-27T19:38:40+08:00 ] 182.140.230.18 /ihanc/eva/index.php/Home/login/undefinedfinance/transfer
INFO: [ app_init ] --START--
INFO: Run Behavior\BuildLiteBehavior [ RunTime:0.000014s ]
INFO: [ app_init ] --END-- [ RunTime:0.000369s ]
INFO: [ app_begin ] --START--
INFO: Run Behavior\ReadHtmlCacheBehavior [ RunTime:0.000330s ]
INFO: [ app_begin ] --END-- [ RunTime:0.000387s ]
ERR: 非法操作:undefinedfinance

[ 2016-09-27T19:39:03+08:00 ] 117.173.160.231 /ihanc/eva/index.php/Home/Finance/bankDetail?idbank=9
INFO: [ app_init ] --START--
INFO: Run Behavior\BuildLiteBehavior [ RunTime:0.000012s ]
INFO: [ app_init ] --END-- [ RunTime:0.000283s ]
INFO: [ app_begin ] --START--
INFO: Run Behavior\ReadHtmlCacheBehavior [ RunTime:0.000351s ]
INFO: [ app_begin ] --END-- [ RunTime:0.000388s ]
SQL: SHOW COLUMNS FROM `user` [ RunTime:0.0008s ]
SQL: SELECT * FROM `user` WHERE ( iduser='3' )  [ RunTime:0.0002s ]
SQL: SHOW COLUMNS FROM `ihanc_3`.`bank_detail` [ RunTime:0.0005s ]
NOTIC: [8] Undefined index: p /opt/lampp/htdocs/ihanc/eva/Application/Home/Controller/FinanceController.class.php 第 49 行.
NOTIC: [8] Undefined index: sdate /opt/lampp/htdocs/ihanc/eva/Application/Home/Controller/FinanceController.class.php 第 54 行.
NOTIC: [8] Undefined index: edate /opt/lampp/htdocs/ihanc/eva/Application/Home/Controller/FinanceController.class.php 第 55 行.
NOTIC: [8] Undefined index: summary /opt/lampp/htdocs/ihanc/eva/Application/Home/Controller/FinanceController.class.php 第 56 行.
SQL: SELECT COUNT(*) AS tp_count FROM ihanc_3.bank_detail WHERE `idbank` = 9 LIMIT 1   [ RunTime:0.0014s ]
SQL: SELECT * FROM ihanc_3.bank_detail WHERE `idbank` = 9 ORDER BY time desc LIMIT 0,10   [ RunTime:0.0062s ]
INFO: [ view_parse ] --START--
INFO: [ template_filter ] --START--
INFO: Run Behavior\ContentReplaceBehavior [ RunTime:0.000053s ]
INFO: [ template_filter ] --END-- [ RunTime:0.000087s ]
INFO: Run Behavior\ParseTemplateBehavior [ RunTime:0.005030s ]
INFO: [ view_parse ] --END-- [ RunTime:0.005070s ]
INFO: [ view_filter ] --START--
INFO: Run Behavior\WriteHtmlCacheBehavior [ RunTime:0.000100s ]
INFO: [ view_filter ] --END-- [ RunTime:0.000124s ]
INFO: [ app_end ] --START--
INFO: Run Behavior\ShowPageTraceBehavior [ RunTime:0.000320s ]
INFO: [ app_end ] --END-- [ RunTime:0.000355s ]

[ 2016-09-27T19:39:20+08:00 ] 117.173.160.231 /ihanc/eva/index.php/Home/sale/sale.html
INFO: [ app_init ] --START--
INFO: Run Behavior\BuildLiteBehavior [ RunTime:0.000013s ]
INFO: [ app_init ] --END-- [ RunTime:0.000257s ]
INFO: [ app_begin ] --START--
INFO: Run Behavior\ReadHtmlCacheBehavior [ RunTime:0.000305s ]
INFO: [ app_begin ] --END-- [ RunTime:0.000344s ]
SQL: SHOW COLUMNS FROM `user` [ RunTime:0.0008s ]
SQL: SELECT * FROM `user` WHERE ( iduser='3' )  [ RunTime:0.0002s ]
SQL: SHOW COLUMNS FROM `ihanc_3`.`bank` [ RunTime:0.0004s ]
SQL: SELECT `idbank`,`bname` FROM ihanc_3.bank  [ RunTime:0.0001s ]
INFO: [ view_parse ] --START--
INFO: [ template_filter ] --START--
INFO: Run Behavior\ContentReplaceBehavior [ RunTime:0.000147s ]
INFO: [ template_filter ] --END-- [ RunTime:0.000193s ]
INFO: Run Behavior\ParseTemplateBehavior [ RunTime:0.007558s ]
INFO: [ view_parse ] --END-- [ RunTime:0.007597s ]
INFO: [ view_filter ] --START--
INFO: Run Behavior\WriteHtmlCacheBehavior [ RunTime:0.000185s ]
INFO: [ view_filter ] --END-- [ RunTime:0.000238s ]
INFO: [ app_end ] --START--
INFO: Run Behavior\ShowPageTraceBehavior [ RunTime:0.000454s ]
INFO: [ app_end ] --END-- [ RunTime:0.000499s ]

[ 2016-09-27T19:39:23+08:00 ] 117.173.160.231 /ihanc/eva/index.php/Home/Sale/searchMember
INFO: [ app_init ] --START--
INFO: Run Behavior\BuildLiteBehavior [ RunTime:0.000011s ]
INFO: [ app_init ] --END-- [ RunTime:0.000257s ]
INFO: [ app_begin ] --START--
INFO: Run Behavior\ReadHtmlCacheBehavior [ RunTime:0.000305s ]
INFO: [ app_begin ] --END-- [ RunTime:0.000343s ]
SQL: SHOW COLUMNS FROM `user` [ RunTime:0.0008s ]
SQL: SELECT * FROM `user` WHERE ( iduser='3' )  [ RunTime:0.0003s ]
SQL: SHOW COLUMNS FROM `ihanc_3`.`member` [ RunTime:0.0005s ]
SQL: SELECT `idmember`,`mname` FROM ihanc_3.member WHERE ( `mname` LIKE '%l%' OR `msn` LIKE '%l%' ) LIMIT 0,10   [ RunTime:0.0003s ]
INFO: [ app_end ] --START--
INFO: Run Behavior\ShowPageTraceBehavior [ RunTime:0.000495s ]
INFO: [ app_end ] --END-- [ RunTime:0.000547s ]

[ 2016-09-27T19:39:23+08:00 ] 117.173.160.231 /ihanc/eva/index.php/Home/Sale/searchMember
INFO: [ app_init ] --START--
INFO: Run Behavior\BuildLiteBehavior [ RunTime:0.000014s ]
INFO: [ app_init ] --END-- [ RunTime:0.000253s ]
INFO: [ app_begin ] --START--
INFO: Run Behavior\ReadHtmlCacheBehavior [ RunTime:0.000301s ]
INFO: [ app_begin ] --END-- [ RunTime:0.000340s ]
SQL: SHOW COLUMNS FROM `user` [ RunTime:0.0006s ]
SQL: SELECT * FROM `user` WHERE ( iduser='3' )  [ RunTime:0.0002s ]
SQL: SHOW COLUMNS FROM `ihanc_3`.`member` [ RunTime:0.0005s ]
SQL: SELECT `idmember`,`mname` FROM ihanc_3.member WHERE ( `mname` LIKE '%ls%' OR `msn` LIKE '%ls%' ) LIMIT 0,10   [ RunTime:0.0003s ]
INFO: [ app_end ] --START--
INFO: Run Behavior\ShowPageTraceBehavior [ RunTime:0.000449s ]
INFO: [ app_end ] --END-- [ RunTime:0.000487s ]

[ 2016-09-27T19:39:25+08:00 ] 117.173.160.231 /ihanc/eva/index.php/Home/Sale/getCredit?idmember=47
INFO: [ app_init ] --START--
INFO: Run Behavior\BuildLiteBehavior [ RunTime:0.000013s ]
INFO: [ app_init ] --END-- [ RunTime:0.000265s ]
INFO: [ app_begin ] --START--
INFO: Run Behavior\ReadHtmlCacheBehavior [ RunTime:0.000321s ]
INFO: [ app_begin ] --END-- [ RunTime:0.000358s ]
SQL: SHOW COLUMNS FROM `user` [ RunTime:0.0006s ]
SQL: SELECT * FROM `user` WHERE ( iduser='3' )  [ RunTime:0.0002s ]
SQL: SHOW COLUMNS FROM `ihanc_3`.`sale` [ RunTime:0.0005s ]
SQL: SELECT SUM(sum) AS tp_sum FROM ihanc_3.sale WHERE `idmember` = 47 LIMIT 1   [ RunTime:0.0007s ]
INFO: [ app_end ] --START--
INFO: Run Behavior\ShowPageTraceBehavior [ RunTime:0.000405s ]
INFO: [ app_end ] --END-- [ RunTime:0.000441s ]

[ 2016-09-27T19:39:26+08:00 ] 117.173.160.231 /ihanc/eva/index.php/Home/Sale/mcreditDetail?idmember=47
INFO: [ app_init ] --START--
INFO: Run Behavior\BuildLiteBehavior [ RunTime:0.000014s ]
INFO: [ app_init ] --END-- [ RunTime:0.000251s ]
INFO: [ app_begin ] --START--
INFO: Run Behavior\ReadHtmlCacheBehavior [ RunTime:0.000335s ]
INFO: [ app_begin ] --END-- [ RunTime:0.000377s ]
SQL: SHOW COLUMNS FROM `user` [ RunTime:0.0007s ]
SQL: SELECT * FROM `user` WHERE ( iduser='3' )  [ RunTime:0.0002s ]
SQL: SHOW COLUMNS FROM `ihanc_3`.`sale` [ RunTime:0.0005s ]
SQL: SELECT `idsale`,`idmember`,`inorder`,`idgoods`,`number`,`price`,`time`,`sum`,`cf`,`remark`,`idintime` FROM ihanc_3.sale WHERE `idmember` = 47 ORDER BY idsale  [ RunTime:0.0010s ]
NOTIC: [8] Undefined variable: sum /opt/lampp/htdocs/ihanc/eva/Application/Home/Controller/SaleController.class.php 第 238 行.
SQL: SHOW COLUMNS FROM `ihanc_3`.`bank` [ RunTime:0.0006s ]
SQL: SELECT `idbank`,`bname` FROM ihanc_3.bank  [ RunTime:0.0002s ]
INFO: [ view_parse ] --START--
INFO: [ template_filter ] --START--
INFO: Run Behavior\ContentReplaceBehavior [ RunTime:0.000072s ]
INFO: [ template_filter ] --END-- [ RunTime:0.000121s ]
INFO: Run Behavior\ParseTemplateBehavior [ RunTime:0.008142s ]
INFO: [ view_parse ] --END-- [ RunTime:0.008184s ]
INFO: [ view_filter ] --START--
INFO: Run Behavior\WriteHtmlCacheBehavior [ RunTime:0.000141s ]
INFO: [ view_filter ] --END-- [ RunTime:0.000177s ]
INFO: [ app_end ] --START--
INFO: Run Behavior\ShowPageTraceBehavior [ RunTime:0.000415s ]
INFO: [ app_end ] --END-- [ RunTime:0.000454s ]

[ 2016-09-27T19:39:33+08:00 ] 117.173.160.231 /ihanc/eva/index.php/Home/purchase/purchase.html
INFO: [ app_init ] --START--
INFO: Run Behavior\BuildLiteBehavior [ RunTime:0.000025s ]
INFO: [ app_init ] --END-- [ RunTime:0.000272s ]
INFO: [ app_begin ] --START--
INFO: Run Behavior\ReadHtmlCacheBehavior [ RunTime:0.000343s ]
INFO: [ app_begin ] --END-- [ RunTime:0.000388s ]
SQL: SHOW COLUMNS FROM `user` [ RunTime:0.0007s ]
SQL: SELECT * FROM `user` WHERE ( iduser='3' )  [ RunTime:0.0002s ]
NOTIC: [8] Use of undefined constant IN - assumed 'IN' /opt/lampp/htdocs/ihanc/eva/Application/Home/Controller/PurchaseController.class.php 第 83 行.
SQL: SHOW COLUMNS FROM `ihanc_3`.`purchase_all` [ RunTime:0.0007s ]
SQL: SELECT COUNT(*) AS tp_count FROM ihanc_3.purchase_all WHERE `inorder` = 'IN20160927-1' LIMIT 1   [ RunTime:0.0456s ]
NOTIC: [8] Use of undefined constant IN - assumed 'IN' /opt/lampp/htdocs/ihanc/eva/Application/Home/Controller/PurchaseController.class.php 第 88 行.
SQL: SELECT COUNT(*) AS tp_count FROM ihanc_3.purchase_all WHERE `inorder` = 'IN20160927-2' LIMIT 1   [ RunTime:0.0467s ]
NOTIC: [8] Use of undefined constant IN - assumed 'IN' /opt/lampp/htdocs/ihanc/eva/Application/Home/Controller/PurchaseController.class.php 第 88 行.
SQL: SELECT COUNT(*) AS tp_count FROM ihanc_3.purchase_all WHERE `inorder` = 'IN20160927-3' LIMIT 1   [ RunTime:0.0481s ]
NOTIC: [8] Use of undefined constant IN - assumed 'IN' /opt/lampp/htdocs/ihanc/eva/Application/Home/Controller/PurchaseController.class.php 第 88 行.
SQL: SELECT COUNT(*) AS tp_count FROM ihanc_3.purchase_all WHERE `inorder` = 'IN20160927-4' LIMIT 1   [ RunTime:0.0467s ]
NOTIC: [8] Use of undefined constant IN - assumed 'IN' /opt/lampp/htdocs/ihanc/eva/Application/Home/Controller/PurchaseController.class.php 第 88 行.
SQL: SELECT COUNT(*) AS tp_count FROM ihanc_3.purchase_all WHERE `inorder` = 'IN20160927-5' LIMIT 1   [ RunTime:0.0465s ]
NOTIC: [8] Use of undefined constant IN - assumed 'IN' /opt/lampp/htdocs/ihanc/eva/Application/Home/Controller/PurchaseController.class.php 第 88 行.
SQL: SELECT COUNT(*) AS tp_count FROM ihanc_3.purchase_all WHERE `inorder` = 'IN20160927-6' LIMIT 1   [ RunTime:0.0465s ]
NOTIC: [8] Use of undefined constant IN - assumed 'IN' /opt/lampp/htdocs/ihanc/eva/Application/Home/Controller/PurchaseController.class.php 第 88 行.
SQL: SELECT COUNT(*) AS tp_count FROM ihanc_3.purchase_all WHERE `inorder` = 'IN20160927-7' LIMIT 1   [ RunTime:0.0483s ]
SQL: SHOW COLUMNS FROM `ihanc_3`.`staff` [ RunTime:0.0008s ]
SQL: SELECT `idstaff`,`staff_name` FROM ihanc_3.staff  [ RunTime:0.0002s ]
SQL: SHOW COLUMNS FROM `ihanc_3`.`categroy` [ RunTime:0.0004s ]
SQL: SELECT * FROM ihanc_3.categroy  [ RunTime:0.0002s ]
INFO: [ view_parse ] --START--
INFO: [ template_filter ] --START--
INFO: Run Behavior\ContentReplaceBehavior [ RunTime:0.000144s ]
INFO: [ template_filter ] --END-- [ RunTime:0.000185s ]
INFO: Run Behavior\ParseTemplateBehavior [ RunTime:0.008443s ]
INFO: [ view_parse ] --END-- [ RunTime:0.008485s ]
INFO: [ view_filter ] --START--
INFO: Run Behavior\WriteHtmlCacheBehavior [ RunTime:0.000104s ]
INFO: [ view_filter ] --END-- [ RunTime:0.000131s ]
INFO: [ app_end ] --START--
INFO: Run Behavior\ShowPageTraceBehavior [ RunTime:0.000342s ]
INFO: [ app_end ] --END-- [ RunTime:0.000382s ]

[ 2016-09-27T19:39:35+08:00 ] 171.8.167.64 /ihanc/eva/index.php/Home/index/index.html
INFO: [ app_init ] --START--
INFO: Run Behavior\BuildLiteBehavior [ RunTime:0.000015s ]
INFO: [ app_init ] --END-- [ RunTime:0.000327s ]
INFO: [ app_begin ] --START--
INFO: Run Behavior\ReadHtmlCacheBehavior [ RunTime:0.000338s ]
INFO: [ app_begin ] --END-- [ RunTime:0.000386s ]

[ 2016-09-27T19:39:35+08:00 ] 171.8.167.64 /ihanc/eva/index.php/Home/login/index.html
INFO: [ app_init ] --START--
INFO: Run Behavior\BuildLiteBehavior [ RunTime:0.000012s ]
INFO: [ app_init ] --END-- [ RunTime:0.000271s ]
INFO: [ app_begin ] --START--
INFO: Run Behavior\ReadHtmlCacheBehavior [ RunTime:0.000335s ]
INFO: [ app_begin ] --END-- [ RunTime:0.000382s ]
INFO: [ view_parse ] --START--
INFO: [ template_filter ] --START--
INFO: Run Behavior\ContentReplaceBehavior [ RunTime:0.000057s ]
INFO: [ template_filter ] --END-- [ RunTime:0.000099s ]
NOTIC: [8] Undefined variable: info /opt/lampp/htdocs/ihanc/eva/Application/Runtime/Cache/Home/97269d504bf33cb4c14eb7be85b7c9ec.php 第 75 行.
INFO: Run Behavior\ParseTemplateBehavior [ RunTime:0.004472s ]
INFO: [ view_parse ] --END-- [ RunTime:0.004515s ]
INFO: [ view_filter ] --START--
INFO: Run Behavior\WriteHtmlCacheBehavior [ RunTime:0.000103s ]
INFO: [ view_filter ] --END-- [ RunTime:0.000131s ]
INFO: [ app_end ] --START--
INFO: Run Behavior\ShowPageTraceBehavior [ RunTime:0.000309s ]
INFO: [ app_end ] --END-- [ RunTime:0.000344s ]

[ 2016-09-27T19:39:35+08:00 ] 117.173.160.231 /ihanc/eva/index.php/Home/Purchase/searchSupply
INFO: [ app_init ] --START--
INFO: Run Behavior\BuildLiteBehavior [ RunTime:0.000014s ]
INFO: [ app_init ] --END-- [ RunTime:0.000296s ]
INFO: [ app_begin ] --START--
INFO: Run Behavior\ReadHtmlCacheBehavior [ RunTime:0.000299s ]
INFO: [ app_begin ] --END-- [ RunTime:0.000339s ]
SQL: SHOW COLUMNS FROM `user` [ RunTime:0.0007s ]
SQL: SELECT * FROM `user` WHERE ( iduser='3' )  [ RunTime:0.0002s ]
SQL: SHOW COLUMNS FROM `ihanc_3`.`supply` [ RunTime:0.0006s ]
SQL: SELECT `idsupply`,`sname` FROM ihanc_3.supply WHERE ( `sname` LIKE '%z%' OR `ssn` LIKE '%z%' ) LIMIT 0,10   [ RunTime:0.0002s ]
INFO: [ app_end ] --START--
INFO: Run Behavior\ShowPageTraceBehavior [ RunTime:0.000439s ]
INFO: [ app_end ] --END-- [ RunTime:0.000477s ]

[ 2016-09-27T19:39:36+08:00 ] 117.173.160.231 /ihanc/eva/index.php/Home/Purchase/searchSupply
INFO: [ app_init ] --START--
INFO: Run Behavior\BuildLiteBehavior [ RunTime:0.000017s ]
INFO: [ app_init ] --END-- [ RunTime:0.000345s ]
INFO: [ app_begin ] --START--
INFO: Run Behavior\ReadHtmlCacheBehavior [ RunTime:0.000461s ]
INFO: [ app_begin ] --END-- [ RunTime:0.000511s ]
SQL: SHOW COLUMNS FROM `user` [ RunTime:0.0006s ]
SQL: SELECT * FROM `user` WHERE ( iduser='3' )  [ RunTime:0.0002s ]
SQL: SHOW COLUMNS FROM `ihanc_3`.`supply` [ RunTime:0.0004s ]
SQL: SELECT `idsupply`,`sname` FROM ihanc_3.supply WHERE ( `sname` LIKE '%zf%' OR `ssn` LIKE '%zf%' ) LIMIT 0,10   [ RunTime:0.0003s ]
INFO: [ app_end ] --START--
INFO: Run Behavior\ShowPageTraceBehavior [ RunTime:0.000425s ]
INFO: [ app_end ] --END-- [ RunTime:0.000462s ]

[ 2016-09-27T19:39:39+08:00 ] 117.173.160.231 /ihanc/eva/index.php/Home/Purchase/searchGoods
INFO: [ app_init ] --START--
INFO: Run Behavior\BuildLiteBehavior [ RunTime:0.000012s ]
INFO: [ app_init ] --END-- [ RunTime:0.000318s ]
INFO: [ app_begin ] --START--
INFO: Run Behavior\ReadHtmlCacheBehavior [ RunTime:0.000295s ]
INFO: [ app_begin ] --END-- [ RunTime:0.000333s ]
SQL: SHOW COLUMNS FROM `user` [ RunTime:0.0007s ]
SQL: SELECT * FROM `user` WHERE ( iduser='3' )  [ RunTime:0.0002s ]
SQL: SHOW COLUMNS FROM `ihanc_3`.`goods` [ RunTime:0.0004s ]
SQL: SELECT `idgoods`,`gname` FROM ihanc_3.goods WHERE ( `gname` LIKE '%j%' OR `gsn` LIKE '%j%' ) LIMIT 0,10   [ RunTime:0.0003s ]
INFO: [ app_end ] --START--
INFO: Run Behavior\ShowPageTraceBehavior [ RunTime:0.000366s ]
INFO: [ app_end ] --END-- [ RunTime:0.000405s ]

[ 2016-09-27T19:39:44+08:00 ] 117.173.160.231 /ihanc/eva/index.php/Home/Purchase/searchGoods
INFO: [ app_init ] --START--
INFO: Run Behavior\BuildLiteBehavior [ RunTime:0.000016s ]
INFO: [ app_init ] --END-- [ RunTime:0.000440s ]
INFO: [ app_begin ] --START--
INFO: Run Behavior\ReadHtmlCacheBehavior [ RunTime:0.000317s ]
INFO: [ app_begin ] --END-- [ RunTime:0.000357s ]
SQL: SHOW COLUMNS FROM `user` [ RunTime:0.0007s ]
SQL: SELECT * FROM `user` WHERE ( iduser='3' )  [ RunTime:0.0002s ]
SQL: SHOW COLUMNS FROM `ihanc_3`.`goods` [ RunTime:0.0005s ]
SQL: SELECT `idgoods`,`gname` FROM ihanc_3.goods WHERE ( `gname` LIKE '%jq%' OR `gsn` LIKE '%jq%' ) LIMIT 0,10   [ RunTime:0.0003s ]
INFO: [ app_end ] --START--
INFO: Run Behavior\ShowPageTraceBehavior [ RunTime:0.000445s ]
INFO: [ app_end ] --END-- [ RunTime:0.000484s ]

[ 2016-09-27T19:39:45+08:00 ] 117.173.160.231 /ihanc/eva/index.php/Home/Purchase/searchGoods
INFO: [ app_init ] --START--
INFO: Run Behavior\BuildLiteBehavior [ RunTime:0.000012s ]
INFO: [ app_init ] --END-- [ RunTime:0.000279s ]
INFO: [ app_begin ] --START--
INFO: Run Behavior\ReadHtmlCacheBehavior [ RunTime:0.000342s ]
INFO: [ app_begin ] --END-- [ RunTime:0.000382s ]
SQL: SHOW COLUMNS FROM `user` [ RunTime:0.0007s ]
SQL: SELECT * FROM `user` WHERE ( iduser='3' )  [ RunTime:0.0002s ]
SQL: SHOW COLUMNS FROM `ihanc_3`.`goods` [ RunTime:0.0004s ]
SQL: SELECT `idgoods`,`gname` FROM ihanc_3.goods WHERE ( `gname` LIKE '%j%' OR `gsn` LIKE '%j%' ) LIMIT 0,10   [ RunTime:0.0002s ]
INFO: [ app_end ] --START--
INFO: Run Behavior\ShowPageTraceBehavior [ RunTime:0.000359s ]
INFO: [ app_end ] --END-- [ RunTime:0.000395s ]

[ 2016-09-27T19:39:57+08:00 ] 117.173.160.231 /ihanc/eva/index.php/Home/sale/sale.html
INFO: [ app_init ] --START--
INFO: Run Behavior\BuildLiteBehavior [ RunTime:0.000012s ]
INFO: [ app_init ] --END-- [ RunTime:0.000255s ]
INFO: [ app_begin ] --START--
INFO: Run Behavior\ReadHtmlCacheBehavior [ RunTime:0.000309s ]
INFO: [ app_begin ] --END-- [ RunTime:0.000356s ]
SQL: SHOW COLUMNS FROM `user` [ RunTime:0.0007s ]
SQL: SELECT * FROM `user` WHERE ( iduser='3' )  [ RunTime:0.0002s ]
SQL: SHOW COLUMNS FROM `ihanc_3`.`bank` [ RunTime:0.0005s ]
SQL: SELECT `idbank`,`bname` FROM ihanc_3.bank  [ RunTime:0.0002s ]
INFO: [ view_parse ] --START--
INFO: [ template_filter ] --START--
INFO: Run Behavior\ContentReplaceBehavior [ RunTime:0.000133s ]
INFO: [ template_filter ] --END-- [ RunTime:0.000179s ]
INFO: Run Behavior\ParseTemplateBehavior [ RunTime:0.007483s ]
INFO: [ view_parse ] --END-- [ RunTime:0.007532s ]
INFO: [ view_filter ] --START--
INFO: Run Behavior\WriteHtmlCacheBehavior [ RunTime:0.000105s ]
INFO: [ view_filter ] --END-- [ RunTime:0.000131s ]
INFO: [ app_end ] --START--
INFO: Run Behavior\ShowPageTraceBehavior [ RunTime:0.000355s ]
INFO: [ app_end ] --END-- [ RunTime:0.000391s ]

[ 2016-09-27T19:39:59+08:00 ] 117.173.160.231 /ihanc/eva/index.php/Home/purchase/index.html
INFO: [ app_init ] --START--
INFO: Run Behavior\BuildLiteBehavior [ RunTime:0.000015s ]
INFO: [ app_init ] --END-- [ RunTime:0.000288s ]
INFO: [ app_begin ] --START--
INFO: Run Behavior\ReadHtmlCacheBehavior [ RunTime:0.000318s ]
INFO: [ app_begin ] --END-- [ RunTime:0.000363s ]
SQL: SHOW COLUMNS FROM `user` [ RunTime:0.0007s ]
SQL: SELECT * FROM `user` WHERE ( iduser='3' )  [ RunTime:0.0002s ]
INFO: [ view_parse ] --START--
INFO: [ template_filter ] --START--
INFO: Run Behavior\ContentReplaceBehavior [ RunTime:0.000086s ]
INFO: [ template_filter ] --END-- [ RunTime:0.000154s ]
INFO: Run Behavior\ParseTemplateBehavior [ RunTime:0.004653s ]
INFO: [ view_parse ] --END-- [ RunTime:0.004705s ]
INFO: [ view_filter ] --START--
INFO: Run Behavior\WriteHtmlCacheBehavior [ RunTime:0.000151s ]
INFO: [ view_filter ] --END-- [ RunTime:0.000195s ]
INFO: [ app_end ] --START--
INFO: Run Behavior\ShowPageTraceBehavior [ RunTime:0.000521s ]
INFO: [ app_end ] --END-- [ RunTime:0.000566s ]

[ 2016-09-27T19:40:00+08:00 ] 117.173.160.231 /ihanc/eva/index.php/Home/Purchase/purchaseTable
INFO: [ app_init ] --START--
INFO: Run Behavior\BuildLiteBehavior [ RunTime:0.000019s ]
INFO: [ app_init ] --END-- [ RunTime:0.000425s ]
INFO: [ app_begin ] --START--
INFO: Run Behavior\ReadHtmlCacheBehavior [ RunTime:0.000520s ]
INFO: [ app_begin ] --END-- [ RunTime:0.000580s ]
SQL: SHOW COLUMNS FROM `user` [ RunTime:0.0008s ]
SQL: SELECT * FROM `user` WHERE ( iduser='3' )  [ RunTime:0.0003s ]
SQL: SHOW COLUMNS FROM `ihanc_3`.`purchase_all` [ RunTime:0.0009s ]
SQL: SELECT count(distinct inorder) as count FROM ihanc_3.purchase_all WHERE `idgoods` > 0 AND `time` LIKE '%2016-09-27%'  [ RunTime:0.0436s ]
NOTIC: [8] Undefined variable: params /opt/lampp/htdocs/ihanc/eva/Application/Home/Controller/PurchaseController.class.php 第 131 行.
NOTIC: [2] Invalid argument supplied for foreach() /opt/lampp/htdocs/ihanc/eva/Application/Home/Common/function.php 第 115 行.
NOTIC: [8] Undefined index: p /opt/lampp/htdocs/ihanc/eva/Application/Home/Controller/PurchaseController.class.php 第 133 行.
SQL: SELECT sum(number) as ttl_num,`inorder`,sum(sum) as ttl_sum FROM ihanc_3.purchase_all WHERE `idgoods` > 0 AND `time` LIKE '%2016-09-27%' GROUP BY inorder ORDER BY time desc LIMIT 0,10   [ RunTime:0.0444s ]
SQL: SHOW COLUMNS FROM `ihanc_3`.`freight` [ RunTime:0.0007s ]
SQL: SELECT SUM(freight) AS tp_sum FROM ihanc_3.freight WHERE `inorder` = 'IN20160927-6' LIMIT 1   [ RunTime:0.0003s ]
SQL: SELECT SUM(freight) AS tp_sum FROM ihanc_3.freight WHERE `inorder` = 'IN20160927-5' LIMIT 1   [ RunTime:0.0002s ]
SQL: SELECT SUM(freight) AS tp_sum FROM ihanc_3.freight WHERE `inorder` = 'IN20160927-4' LIMIT 1   [ RunTime:0.0002s ]
SQL: SELECT SUM(freight) AS tp_sum FROM ihanc_3.freight WHERE `inorder` = 'IN20160927-3' LIMIT 1   [ RunTime:0.0001s ]
SQL: SELECT SUM(freight) AS tp_sum FROM ihanc_3.freight WHERE `inorder` = 'IN20160927-2' LIMIT 1   [ RunTime:0.0001s ]
SQL: SELECT SUM(freight) AS tp_sum FROM ihanc_3.freight WHERE `inorder` = 'IN20160927-1' LIMIT 1   [ RunTime:0.0002s ]
INFO: [ view_parse ] --START--
INFO: [ template_filter ] --START--
INFO: Run Behavior\ContentReplaceBehavior [ RunTime:0.000051s ]
INFO: [ template_filter ] --END-- [ RunTime:0.000092s ]
INFO: Run Behavior\ParseTemplateBehavior [ RunTime:0.005361s ]
INFO: [ view_parse ] --END-- [ RunTime:0.005418s ]
INFO: [ view_filter ] --START--
INFO: Run Behavior\WriteHtmlCacheBehavior [ RunTime:0.000138s ]
INFO: [ view_filter ] --END-- [ RunTime:0.000169s ]
INFO: [ app_end ] --START--
INFO: Run Behavior\ShowPageTraceBehavior [ RunTime:0.000406s ]
INFO: [ app_end ] --END-- [ RunTime:0.000443s ]

[ 2016-09-27T19:40:01+08:00 ] 117.173.160.231 /ihanc/eva/index.php/Home/purchase/purchase.html
INFO: [ app_init ] --START--
INFO: Run Behavior\BuildLiteBehavior [ RunTime:0.000018s ]
INFO: [ app_init ] --END-- [ RunTime:0.000442s ]
INFO: [ app_begin ] --START--
INFO: Run Behavior\ReadHtmlCacheBehavior [ RunTime:0.000510s ]
INFO: [ app_begin ] --END-- [ RunTime:0.000572s ]
SQL: SHOW COLUMNS FROM `user` [ RunTime:0.0007s ]
SQL: SELECT * FROM `user` WHERE ( iduser='3' )  [ RunTime:0.0002s ]
NOTIC: [8] Use of undefined constant IN - assumed 'IN' /opt/lampp/htdocs/ihanc/eva/Application/Home/Controller/PurchaseController.class.php 第 83 行.
SQL: SHOW COLUMNS FROM `ihanc_3`.`purchase_all` [ RunTime:0.0006s ]
SQL: SELECT COUNT(*) AS tp_count FROM ihanc_3.purchase_all WHERE `inorder` = 'IN20160927-1' LIMIT 1   [ RunTime:0.0444s ]
NOTIC: [8] Use of undefined constant IN - assumed 'IN' /opt/lampp/htdocs/ihanc/eva/Application/Home/Controller/PurchaseController.class.php 第 88 行.
SQL: SELECT COUNT(*) AS tp_count FROM ihanc_3.purchase_all WHERE `inorder` = 'IN20160927-2' LIMIT 1   [ RunTime:0.0442s ]
NOTIC: [8] Use of undefined constant IN - assumed 'IN' /opt/lampp/htdocs/ihanc/eva/Application/Home/Controller/PurchaseController.class.php 第 88 行.
SQL: SELECT COUNT(*) AS tp_count FROM ihanc_3.purchase_all WHERE `inorder` = 'IN20160927-3' LIMIT 1   [ RunTime:0.0448s ]
NOTIC: [8] Use of undefined constant IN - assumed 'IN' /opt/lampp/htdocs/ihanc/eva/Application/Home/Controller/PurchaseController.class.php 第 88 行.
SQL: SELECT COUNT(*) AS tp_count FROM ihanc_3.purchase_all WHERE `inorder` = 'IN20160927-4' LIMIT 1   [ RunTime:0.0519s ]
NOTIC: [8] Use of undefined constant IN - assumed 'IN' /opt/lampp/htdocs/ihanc/eva/Application/Home/Controller/PurchaseController.class.php 第 88 行.
SQL: SELECT COUNT(*) AS tp_count FROM ihanc_3.purchase_all WHERE `inorder` = 'IN20160927-5' LIMIT 1   [ RunTime:0.0457s ]
NOTIC: [8] Use of undefined constant IN - assumed 'IN' /opt/lampp/htdocs/ihanc/eva/Application/Home/Controller/PurchaseController.class.php 第 88 行.
SQL: SELECT COUNT(*) AS tp_count FROM ihanc_3.purchase_all WHERE `inorder` = 'IN20160927-6' LIMIT 1   [ RunTime:0.0496s ]
NOTIC: [8] Use of undefined constant IN - assumed 'IN' /opt/lampp/htdocs/ihanc/eva/Application/Home/Controller/PurchaseController.class.php 第 88 行.
SQL: SELECT COUNT(*) AS tp_count FROM ihanc_3.purchase_all WHERE `inorder` = 'IN20160927-7' LIMIT 1   [ RunTime:0.0694s ]
SQL: SHOW COLUMNS FROM `ihanc_3`.`staff` [ RunTime:0.0010s ]
SQL: SELECT `idstaff`,`staff_name` FROM ihanc_3.staff  [ RunTime:0.0002s ]
SQL: SHOW COLUMNS FROM `ihanc_3`.`categroy` [ RunTime:0.0005s ]
SQL: SELECT * FROM ihanc_3.categroy  [ RunTime:0.0002s ]
INFO: [ view_parse ] --START--
INFO: [ template_filter ] --START--
INFO: Run Behavior\ContentReplaceBehavior [ RunTime:0.000202s ]
INFO: [ template_filter ] --END-- [ RunTime:0.000284s ]
INFO: Run Behavior\ParseTemplateBehavior [ RunTime:0.013840s ]
INFO: [ view_parse ] --END-- [ RunTime:0.013906s ]
INFO: [ view_filter ] --START--
INFO: Run Behavior\WriteHtmlCacheBehavior [ RunTime:0.000186s ]
INFO: [ view_filter ] --END-- [ RunTime:0.000229s ]
INFO: [ app_end ] --START--
INFO: Run Behavior\ShowPageTraceBehavior [ RunTime:0.000544s ]
INFO: [ app_end ] --END-- [ RunTime:0.000600s ]

[ 2016-09-27T19:40:03+08:00 ] 117.173.160.231 /ihanc/eva/index.php/Home/Purchase/searchSupply
INFO: [ app_init ] --START--
INFO: Run Behavior\BuildLiteBehavior [ RunTime:0.000017s ]
INFO: [ app_init ] --END-- [ RunTime:0.000568s ]
INFO: [ app_begin ] --START--
INFO: Run Behavior\ReadHtmlCacheBehavior [ RunTime:0.000581s ]
INFO: [ app_begin ] --END-- [ RunTime:0.000659s ]
SQL: SHOW COLUMNS FROM `user` [ RunTime:0.0009s ]
SQL: SELECT * FROM `user` WHERE ( iduser='3' )  [ RunTime:0.0003s ]
SQL: SHOW COLUMNS FROM `ihanc_3`.`supply` [ RunTime:0.0005s ]
SQL: SELECT `idsupply`,`sname` FROM ihanc_3.supply WHERE ( `sname` LIKE '%z%' OR `ssn` LIKE '%z%' ) LIMIT 0,10   [ RunTime:0.0002s ]
INFO: [ app_end ] --START--
INFO: Run Behavior\ShowPageTraceBehavior [ RunTime:0.000502s ]
INFO: [ app_end ] --END-- [ RunTime:0.000554s ]

[ 2016-09-27T19:40:03+08:00 ] 117.173.160.231 /ihanc/eva/index.php/Home/Purchase/searchSupply
INFO: [ app_init ] --START--
INFO: Run Behavior\BuildLiteBehavior [ RunTime:0.000015s ]
INFO: [ app_init ] --END-- [ RunTime:0.000367s ]
INFO: [ app_begin ] --START--
INFO: Run Behavior\ReadHtmlCacheBehavior [ RunTime:0.000465s ]
INFO: [ app_begin ] --END-- [ RunTime:0.000538s ]
SQL: SHOW COLUMNS FROM `user` [ RunTime:0.0007s ]
SQL: SELECT * FROM `user` WHERE ( iduser='3' )  [ RunTime:0.0002s ]
SQL: SHOW COLUMNS FROM `ihanc_3`.`supply` [ RunTime:0.0005s ]
SQL: SELECT `idsupply`,`sname` FROM ihanc_3.supply WHERE ( `sname` LIKE '%zs%' OR `ssn` LIKE '%zs%' ) LIMIT 0,10   [ RunTime:0.0002s ]
INFO: [ app_end ] --START--
INFO: Run Behavior\ShowPageTraceBehavior [ RunTime:0.000355s ]
INFO: [ app_end ] --END-- [ RunTime:0.000394s ]

[ 2016-09-27T19:40:04+08:00 ] 117.173.160.231 /ihanc/eva/index.php/Home/Purchase/searchSupply
INFO: [ app_init ] --START--
INFO: Run Behavior\BuildLiteBehavior [ RunTime:0.000013s ]
INFO: [ app_init ] --END-- [ RunTime:0.000315s ]
INFO: [ app_begin ] --START--
INFO: Run Behavior\ReadHtmlCacheBehavior [ RunTime:0.000366s ]
INFO: [ app_begin ] --END-- [ RunTime:0.000440s ]
SQL: SHOW COLUMNS FROM `user` [ RunTime:0.0008s ]
SQL: SELECT * FROM `user` WHERE ( iduser='3' )  [ RunTime:0.0003s ]
SQL: SHOW COLUMNS FROM `ihanc_3`.`supply` [ RunTime:0.0005s ]
SQL: SELECT `idsupply`,`sname` FROM ihanc_3.supply WHERE ( `sname` LIKE '%z%' OR `ssn` LIKE '%z%' ) LIMIT 0,10   [ RunTime:0.0003s ]
INFO: [ app_end ] --START--
INFO: Run Behavior\ShowPageTraceBehavior [ RunTime:0.000401s ]
INFO: [ app_end ] --END-- [ RunTime:0.000450s ]

[ 2016-09-27T19:40:05+08:00 ] 117.173.160.231 /ihanc/eva/index.php/Home/Purchase/searchSupply
INFO: [ app_init ] --START--
INFO: Run Behavior\BuildLiteBehavior [ RunTime:0.000013s ]
INFO: [ app_init ] --END-- [ RunTime:0.000272s ]
INFO: [ app_begin ] --START--
INFO: Run Behavior\ReadHtmlCacheBehavior [ RunTime:0.000329s ]
INFO: [ app_begin ] --END-- [ RunTime:0.000381s ]
SQL: SHOW COLUMNS FROM `user` [ RunTime:0.0009s ]
SQL: SELECT * FROM `user` WHERE ( iduser='3' )  [ RunTime:0.0003s ]
SQL: SHOW COLUMNS FROM `ihanc_3`.`supply` [ RunTime:0.0006s ]
SQL: SELECT `idsupply`,`sname` FROM ihanc_3.supply WHERE ( `sname` LIKE '%a%' OR `ssn` LIKE '%a%' ) LIMIT 0,10   [ RunTime:0.0003s ]
INFO: [ app_end ] --START--
INFO: Run Behavior\ShowPageTraceBehavior [ RunTime:0.000581s ]
INFO: [ app_end ] --END-- [ RunTime:0.000645s ]

[ 2016-09-27T19:40:07+08:00 ] 117.173.160.231 /ihanc/eva/index.php/Home/Purchase/searchSupply
INFO: [ app_init ] --START--
INFO: Run Behavior\BuildLiteBehavior [ RunTime:0.000013s ]
INFO: [ app_init ] --END-- [ RunTime:0.000278s ]
INFO: [ app_begin ] --START--
INFO: Run Behavior\ReadHtmlCacheBehavior [ RunTime:0.000309s ]
INFO: [ app_begin ] --END-- [ RunTime:0.000356s ]
SQL: SHOW COLUMNS FROM `user` [ RunTime:0.0006s ]
SQL: SELECT * FROM `user` WHERE ( iduser='3' )  [ RunTime:0.0002s ]
SQL: SHOW COLUMNS FROM `ihanc_3`.`supply` [ RunTime:0.0006s ]
SQL: SELECT `idsupply`,`sname` FROM ihanc_3.supply WHERE ( `sname` LIKE '%z%' OR `ssn` LIKE '%z%' ) LIMIT 0,10   [ RunTime:0.0003s ]
INFO: [ app_end ] --START--
INFO: Run Behavior\ShowPageTraceBehavior [ RunTime:0.000543s ]
INFO: [ app_end ] --END-- [ RunTime:0.000604s ]

[ 2016-09-27T19:40:07+08:00 ] 117.173.160.231 /ihanc/eva/index.php/Home/Purchase/searchSupply
INFO: [ app_init ] --START--
INFO: Run Behavior\BuildLiteBehavior [ RunTime:0.000012s ]
INFO: [ app_init ] --END-- [ RunTime:0.000360s ]
INFO: [ app_begin ] --START--
INFO: Run Behavior\ReadHtmlCacheBehavior [ RunTime:0.000313s ]
INFO: [ app_begin ] --END-- [ RunTime:0.000357s ]
SQL: SHOW COLUMNS FROM `user` [ RunTime:0.0007s ]
SQL: SELECT * FROM `user` WHERE ( iduser='3' )  [ RunTime:0.0002s ]
SQL: SHOW COLUMNS FROM `ihanc_3`.`supply` [ RunTime:0.0005s ]
SQL: SELECT `idsupply`,`sname` FROM ihanc_3.supply WHERE ( `sname` LIKE '%zf%' OR `ssn` LIKE '%zf%' ) LIMIT 0,10   [ RunTime:0.0002s ]
INFO: [ app_end ] --START--
INFO: Run Behavior\ShowPageTraceBehavior [ RunTime:0.000465s ]
INFO: [ app_end ] --END-- [ RunTime:0.000517s ]

[ 2016-09-27T19:40:57+08:00 ] 117.173.160.231 /ihanc/eva/index.php/Home/setting/goodsUpdate
INFO: [ app_init ] --START--
INFO: Run Behavior\BuildLiteBehavior [ RunTime:0.000019s ]
INFO: [ app_init ] --END-- [ RunTime:0.000403s ]
INFO: [ app_begin ] --START--
INFO: Run Behavior\ReadHtmlCacheBehavior [ RunTime:0.000617s ]
INFO: [ app_begin ] --END-- [ RunTime:0.000702s ]
SQL: SHOW COLUMNS FROM `user` [ RunTime:0.0009s ]
SQL: SELECT * FROM `user` WHERE ( iduser='3' )  [ RunTime:0.0003s ]
SQL: SHOW COLUMNS FROM `ihanc_3`.`goods` [ RunTime:0.0006s ]
NOTIC: [8] Undefined index: idgoods /opt/lampp/htdocs/ihanc/eva/Application/Home/Controller/SettingController.class.php 第 90 行.
SQL: SELECT COUNT(*) AS tp_count FROM ihanc_3.goods WHERE `gname` = '机器' LIMIT 1   [ RunTime:0.0003s ]
SQL: INSERT INTO ihanc_3.goods (`gname`,`gsn`,`idcat`) VALUES ('机器','jq','38') [ RunTime:0.0058s ]
SQL: SELECT `idgoods`,`gname` FROM ihanc_3.goods  [ RunTime:0.0003s ]
INFO: [ app_end ] --START--
INFO: Run Behavior\ShowPageTraceBehavior [ RunTime:0.000400s ]
INFO: [ app_end ] --END-- [ RunTime:0.000452s ]

[ 2016-09-27T19:41:01+08:00 ] 117.173.160.231 /ihanc/eva/index.php/Home/Purchase/searchGoods
INFO: [ app_init ] --START--
INFO: Run Behavior\BuildLiteBehavior [ RunTime:0.000020s ]
INFO: [ app_init ] --END-- [ RunTime:0.000453s ]
INFO: [ app_begin ] --START--
INFO: Run Behavior\ReadHtmlCacheBehavior [ RunTime:0.000575s ]
INFO: [ app_begin ] --END-- [ RunTime:0.000651s ]
SQL: SHOW COLUMNS FROM `user` [ RunTime:0.0009s ]
SQL: SELECT * FROM `user` WHERE ( iduser='3' )  [ RunTime:0.0003s ]
SQL: SHOW COLUMNS FROM `ihanc_3`.`goods` [ RunTime:0.0006s ]
SQL: SELECT `idgoods`,`gname` FROM ihanc_3.goods WHERE ( `gname` LIKE '%J%' OR `gsn` LIKE '%J%' ) LIMIT 0,10   [ RunTime:0.0003s ]
INFO: [ app_end ] --START--
INFO: Run Behavior\ShowPageTraceBehavior [ RunTime:0.000675s ]
INFO: [ app_end ] --END-- [ RunTime:0.000726s ]

[ 2016-09-27T19:41:01+08:00 ] 117.173.160.231 /ihanc/eva/index.php/Home/Purchase/searchGoods
INFO: [ app_init ] --START--
INFO: Run Behavior\BuildLiteBehavior [ RunTime:0.000019s ]
INFO: [ app_init ] --END-- [ RunTime:0.000377s ]
INFO: [ app_begin ] --START--
INFO: Run Behavior\ReadHtmlCacheBehavior [ RunTime:0.000462s ]
INFO: [ app_begin ] --END-- [ RunTime:0.000509s ]
SQL: SHOW COLUMNS FROM `user` [ RunTime:0.0007s ]
SQL: SELECT * FROM `user` WHERE ( iduser='3' )  [ RunTime:0.0002s ]
SQL: SHOW COLUMNS FROM `ihanc_3`.`goods` [ RunTime:0.0004s ]
SQL: SELECT `idgoods`,`gname` FROM ihanc_3.goods WHERE ( `gname` LIKE '%JQ%' OR `gsn` LIKE '%JQ%' ) LIMIT 0,10   [ RunTime:0.0002s ]
INFO: [ app_end ] --START--
INFO: Run Behavior\ShowPageTraceBehavior [ RunTime:0.000408s ]
INFO: [ app_end ] --END-- [ RunTime:0.000450s ]

[ 2016-09-27T19:41:11+08:00 ] 117.173.160.231 /ihanc/eva/index.php/Home/Purchase/purchaseAdd
INFO: [ app_init ] --START--
INFO: Run Behavior\BuildLiteBehavior [ RunTime:0.000013s ]
INFO: [ app_init ] --END-- [ RunTime:0.000278s ]
INFO: [ app_begin ] --START--
INFO: Run Behavior\ReadHtmlCacheBehavior [ RunTime:0.000328s ]
INFO: [ app_begin ] --END-- [ RunTime:0.000378s ]
SQL: SHOW COLUMNS FROM `user` [ RunTime:0.0007s ]
SQL: SELECT * FROM `user` WHERE ( iduser='3' )  [ RunTime:0.0002s ]
SQL: SHOW COLUMNS FROM `ihanc_3`.`purchase` [ RunTime:0.0005s ]
SQL: INSERT INTO ihanc_3.purchase (`idsupply`,`idgoods`,`price`,`number`,`sum`,`inorder`,`time`,`user`) VALUES ('67','212','3100','1','3100','IN20160927-7','2016-09-27 19:41:11','杨胖娃') [ RunTime:0.0002s ]
SQL: SELECT `idgoods`,sum(number) as stock,`inorder` FROM ihanc_3.purchase WHERE `inorder` = 'IN20160927-7' GROUP BY idgoods  [ RunTime:0.0006s ]
SQL: SHOW COLUMNS FROM `ihanc_3`.`stock` [ RunTime:0.0006s ]
SQL: INSERT INTO ihanc_3.stock (`idgoods`,`stock`,`inorder`) VALUES ('212','1','IN20160927-7') [ RunTime:0.0057s ]
NOTIC: [8] Undefined index: freight /opt/lampp/htdocs/ihanc/eva/Application/Home/Controller/PurchaseController.class.php 第 245 行.
SQL: SHOW COLUMNS FROM `ihanc_3`.`log` [ RunTime:0.0006s ]
SQL: INSERT INTO ihanc_3.log (`summary`,`user`) VALUES ('0','杨胖娃') [ RunTime:0.0038s ]
INFO: [ app_end ] --START--
INFO: Run Behavior\ShowPageTraceBehavior [ RunTime:0.000560s ]
INFO: [ app_end ] --END-- [ RunTime:0.000614s ]

[ 2016-09-27T19:41:14+08:00 ] 117.173.160.231 /ihanc/eva/index.php/Home/sale/sale.html
INFO: [ app_init ] --START--
INFO: Run Behavior\BuildLiteBehavior [ RunTime:0.000019s ]
INFO: [ app_init ] --END-- [ RunTime:0.000383s ]
INFO: [ app_begin ] --START--
INFO: Run Behavior\ReadHtmlCacheBehavior [ RunTime:0.000479s ]
INFO: [ app_begin ] --END-- [ RunTime:0.000533s ]
SQL: SHOW COLUMNS FROM `user` [ RunTime:0.0007s ]
SQL: SELECT * FROM `user` WHERE ( iduser='3' )  [ RunTime:0.0003s ]
SQL: SHOW COLUMNS FROM `ihanc_3`.`bank` [ RunTime:0.0004s ]
SQL: SELECT `idbank`,`bname` FROM ihanc_3.bank  [ RunTime:0.0002s ]
INFO: [ view_parse ] --START--
INFO: [ template_filter ] --START--
INFO: Run Behavior\ContentReplaceBehavior [ RunTime:0.000127s ]
INFO: [ template_filter ] --END-- [ RunTime:0.000168s ]
INFO: Run Behavior\ParseTemplateBehavior [ RunTime:0.007571s ]
INFO: [ view_parse ] --END-- [ RunTime:0.007610s ]
INFO: [ view_filter ] --START--
INFO: Run Behavior\WriteHtmlCacheBehavior [ RunTime:0.000120s ]
INFO: [ view_filter ] --END-- [ RunTime:0.000147s ]
INFO: [ app_end ] --START--
INFO: Run Behavior\ShowPageTraceBehavior [ RunTime:0.000345s ]
INFO: [ app_end ] --END-- [ RunTime:0.000410s ]

[ 2016-09-27T19:41:17+08:00 ] 117.173.160.231 /ihanc/eva/index.php/Home/Sale/searchMember
INFO: [ app_init ] --START--
INFO: Run Behavior\BuildLiteBehavior [ RunTime:0.000011s ]
INFO: [ app_init ] --END-- [ RunTime:0.000265s ]
INFO: [ app_begin ] --START--
INFO: Run Behavior\ReadHtmlCacheBehavior [ RunTime:0.000324s ]
INFO: [ app_begin ] --END-- [ RunTime:0.000363s ]
SQL: SHOW COLUMNS FROM `user` [ RunTime:0.0007s ]
SQL: SELECT * FROM `user` WHERE ( iduser='3' )  [ RunTime:0.0002s ]
SQL: SHOW COLUMNS FROM `ihanc_3`.`member` [ RunTime:0.0004s ]
SQL: SELECT `idmember`,`mname` FROM ihanc_3.member WHERE ( `mname` LIKE '%L%' OR `msn` LIKE '%L%' ) LIMIT 0,10   [ RunTime:0.0002s ]
INFO: [ app_end ] --START--
INFO: Run Behavior\ShowPageTraceBehavior [ RunTime:0.000338s ]
INFO: [ app_end ] --END-- [ RunTime:0.000372s ]

[ 2016-09-27T19:41:17+08:00 ] 117.173.160.231 /ihanc/eva/index.php/Home/Sale/searchMember
INFO: [ app_init ] --START--
INFO: Run Behavior\BuildLiteBehavior [ RunTime:0.000012s ]
INFO: [ app_init ] --END-- [ RunTime:0.000255s ]
INFO: [ app_begin ] --START--
INFO: Run Behavior\ReadHtmlCacheBehavior [ RunTime:0.000292s ]
INFO: [ app_begin ] --END-- [ RunTime:0.000341s ]
SQL: SHOW COLUMNS FROM `user` [ RunTime:0.0007s ]
SQL: SELECT * FROM `user` WHERE ( iduser='3' )  [ RunTime:0.0002s ]
SQL: SHOW COLUMNS FROM `ihanc_3`.`member` [ RunTime:0.0005s ]
SQL: SELECT `idmember`,`mname` FROM ihanc_3.member WHERE ( `mname` LIKE '%LS%' OR `msn` LIKE '%LS%' ) LIMIT 0,10   [ RunTime:0.0004s ]
INFO: [ app_end ] --START--
INFO: Run Behavior\ShowPageTraceBehavior [ RunTime:0.000501s ]
INFO: [ app_end ] --END-- [ RunTime:0.000557s ]

[ 2016-09-27T19:41:19+08:00 ] 117.173.160.231 /ihanc/eva/index.php/Home/Sale/getCredit?idmember=47
INFO: [ app_init ] --START--
INFO: Run Behavior\BuildLiteBehavior [ RunTime:0.000016s ]
INFO: [ app_init ] --END-- [ RunTime:0.000271s ]
INFO: [ app_begin ] --START--
INFO: Run Behavior\ReadHtmlCacheBehavior [ RunTime:0.000319s ]
INFO: [ app_begin ] --END-- [ RunTime:0.000357s ]
SQL: SHOW COLUMNS FROM `user` [ RunTime:0.0007s ]
SQL: SELECT * FROM `user` WHERE ( iduser='3' )  [ RunTime:0.0002s ]
SQL: SHOW COLUMNS FROM `ihanc_3`.`sale` [ RunTime:0.0005s ]
SQL: SELECT SUM(sum) AS tp_sum FROM ihanc_3.sale WHERE `idmember` = 47 LIMIT 1   [ RunTime:0.0007s ]
INFO: [ app_end ] --START--
INFO: Run Behavior\ShowPageTraceBehavior [ RunTime:0.000388s ]
INFO: [ app_end ] --END-- [ RunTime:0.000423s ]

[ 2016-09-27T19:41:22+08:00 ] 117.173.160.231 /ihanc/eva/index.php/Home/Sale/searchStockGoods
INFO: [ app_init ] --START--
INFO: Run Behavior\BuildLiteBehavior [ RunTime:0.000018s ]
INFO: [ app_init ] --END-- [ RunTime:0.000376s ]
INFO: [ app_begin ] --START--
INFO: Run Behavior\ReadHtmlCacheBehavior [ RunTime:0.000488s ]
INFO: [ app_begin ] --END-- [ RunTime:0.000555s ]
SQL: SHOW COLUMNS FROM `user` [ RunTime:0.0009s ]
SQL: SELECT * FROM `user` WHERE ( iduser='3' )  [ RunTime:0.0003s ]
SQL: SHOW COLUMNS FROM `ihanc_3`.`stock_goods_view` [ RunTime:0.0007s ]
SQL: SELECT `idgoods`,`inorder`,`stock`,`gname` FROM ihanc_3.stock_goods_view WHERE ( `gname` LIKE '%J%' OR `gsn` LIKE '%J%' )  [ RunTime:0.0004s ]
INFO: [ app_end ] --START--
INFO: Run Behavior\ShowPageTraceBehavior [ RunTime:0.000516s ]
INFO: [ app_end ] --END-- [ RunTime:0.000567s ]

[ 2016-09-27T19:41:22+08:00 ] 117.173.160.231 /ihanc/eva/index.php/Home/Sale/searchStockGoods
INFO: [ app_init ] --START--
INFO: Run Behavior\BuildLiteBehavior [ RunTime:0.000012s ]
INFO: [ app_init ] --END-- [ RunTime:0.000261s ]
INFO: [ app_begin ] --START--
INFO: Run Behavior\ReadHtmlCacheBehavior [ RunTime:0.000323s ]
INFO: [ app_begin ] --END-- [ RunTime:0.000362s ]
SQL: SHOW COLUMNS FROM `user` [ RunTime:0.0006s ]
SQL: SELECT * FROM `user` WHERE ( iduser='3' )  [ RunTime:0.0002s ]
SQL: SHOW COLUMNS FROM `ihanc_3`.`stock_goods_view` [ RunTime:0.0006s ]
SQL: SELECT `idgoods`,`inorder`,`stock`,`gname` FROM ihanc_3.stock_goods_view WHERE ( `gname` LIKE '%JQ%' OR `gsn` LIKE '%JQ%' )  [ RunTime:0.0004s ]
INFO: [ app_end ] --START--
INFO: Run Behavior\ShowPageTraceBehavior [ RunTime:0.000494s ]
INFO: [ app_end ] --END-- [ RunTime:0.000547s ]

[ 2016-09-27T19:41:29+08:00 ] 117.173.160.231 /ihanc/eva/index.php/Home/Sale/saleAdd
INFO: [ app_init ] --START--
INFO: Run Behavior\BuildLiteBehavior [ RunTime:0.000016s ]
INFO: [ app_init ] --END-- [ RunTime:0.000379s ]
INFO: [ app_begin ] --START--
INFO: Run Behavior\ReadHtmlCacheBehavior [ RunTime:0.000483s ]
INFO: [ app_begin ] --END-- [ RunTime:0.000548s ]
SQL: SHOW COLUMNS FROM `user` [ RunTime:0.0006s ]
SQL: SELECT * FROM `user` WHERE ( iduser='3' )  [ RunTime:0.0002s ]
SQL: SHOW COLUMNS FROM `ihanc_3`.`sale` [ RunTime:0.0006s ]
SQL: INSERT INTO ihanc_3.sale (`idmember`,`idgoods`,`inorder`,`number`,`price`,`sum`,`remark`,`time`,`user`) VALUES ('47','212','IN20160927-7','1','3100','3100','','2016-09-27 19:41:29','杨胖娃') [ RunTime:0.0092s ]
SQL: SHOW COLUMNS FROM `ihanc_3`.`log` [ RunTime:0.0006s ]
SQL: INSERT INTO ihanc_3.log (`summary`,`user`) VALUES ('47刘四--福集 销售单保存成功','杨胖娃') [ RunTime:0.0034s ]
INFO: [ app_end ] --START--
INFO: Run Behavior\ShowPageTraceBehavior [ RunTime:0.000410s ]
INFO: [ app_end ] --END-- [ RunTime:0.000489s ]

[ 2016-09-27T19:41:33+08:00 ] 117.173.160.231 /ihanc/eva/index.php/Home/purchase/scredit.html
INFO: [ app_init ] --START--
INFO: Run Behavior\BuildLiteBehavior [ RunTime:0.000017s ]
INFO: [ app_init ] --END-- [ RunTime:0.000367s ]
INFO: [ app_begin ] --START--
INFO: Run Behavior\ReadHtmlCacheBehavior [ RunTime:0.000472s ]
INFO: [ app_begin ] --END-- [ RunTime:0.000532s ]
SQL: SHOW COLUMNS FROM `user` [ RunTime:0.0007s ]
SQL: SELECT * FROM `user` WHERE ( iduser='3' )  [ RunTime:0.0002s ]
INFO: [ view_parse ] --START--
INFO: [ template_filter ] --START--
INFO: Run Behavior\ContentReplaceBehavior [ RunTime:0.000064s ]
INFO: [ template_filter ] --END-- [ RunTime:0.000103s ]
INFO: Run Behavior\ParseTemplateBehavior [ RunTime:0.004159s ]
INFO: [ view_parse ] --END-- [ RunTime:0.004198s ]
INFO: [ view_filter ] --START--
INFO: Run Behavior\WriteHtmlCacheBehavior [ RunTime:0.000101s ]
INFO: [ view_filter ] --END-- [ RunTime:0.000126s ]
INFO: [ app_end ] --START--
INFO: Run Behavior\ShowPageTraceBehavior [ RunTime:0.000321s ]
INFO: [ app_end ] --END-- [ RunTime:0.000355s ]

[ 2016-09-27T19:41:33+08:00 ] 117.173.160.231 /ihanc/eva/index.php/Home/Purchase/screditTable
INFO: [ app_init ] --START--
INFO: Run Behavior\BuildLiteBehavior [ RunTime:0.000020s ]
INFO: [ app_init ] --END-- [ RunTime:0.000296s ]
INFO: [ app_begin ] --START--
INFO: Run Behavior\ReadHtmlCacheBehavior [ RunTime:0.000343s ]
INFO: [ app_begin ] --END-- [ RunTime:0.000388s ]
SQL: SHOW COLUMNS FROM `user` [ RunTime:0.0007s ]
SQL: SELECT * FROM `user` WHERE ( iduser='3' )  [ RunTime:0.0002s ]
SQL: SHOW COLUMNS FROM `ihanc_3`.`purchase` [ RunTime:0.0005s ]
NOTIC: [8] Use of undefined constant sum - assumed 'sum' /opt/lampp/htdocs/ihanc/eva/Application/Home/Controller/PurchaseController.class.php 第 314 行.
SQL: SELECT SUM(sum) AS tp_sum FROM ihanc_3.purchase LIMIT 1   [ RunTime:0.0006s ]
NOTIC: [8] Undefined index: p /opt/lampp/htdocs/ihanc/eva/Application/Home/Controller/PurchaseController.class.php 第 317 行.
NOTIC: [8] Undefined index: idsupply /opt/lampp/htdocs/ihanc/eva/Application/Home/Controller/PurchaseController.class.php 第 318 行.
SQL: SELECT count(distinct idsupply) as count FROM ihanc_3.purchase LIMIT 1   [ RunTime:0.0008s ]
SQL: SHOW COLUMNS FROM `ihanc_3`.`purchase` [ RunTime:0.0005s ]
SQL: SELECT purchase.idsupply as idsupply,sum(purchase.sum) as sum,supply.sname as sname FROM ihanc_3.purchase `purchase`,ihanc_3.supply `supply` WHERE ( purchase.idsupply=supply.idsupply ) GROUP BY idsupply LIMIT 0,10   [ RunTime:0.0020s ]
NOTIC: [2] Missing argument 2 for specialpage(), called in /opt/lampp/htdocs/ihanc/eva/Application/Home/Controller/PurchaseController.class.php on line 332 and defined /opt/lampp/htdocs/ihanc/eva/Application/Home/Common/function.php 第 103 行.
NOTIC: [8] Undefined variable: params /opt/lampp/htdocs/ihanc/eva/Application/Home/Common/function.php 第 115 行.
NOTIC: [2] Invalid argument supplied for foreach() /opt/lampp/htdocs/ihanc/eva/Application/Home/Common/function.php 第 115 行.
INFO: [ view_parse ] --START--
INFO: [ template_filter ] --START--
INFO: Run Behavior\ContentReplaceBehavior [ RunTime:0.000062s ]
INFO: [ template_filter ] --END-- [ RunTime:0.000100s ]
INFO: Run Behavior\ParseTemplateBehavior [ RunTime:0.004874s ]
INFO: [ view_parse ] --END-- [ RunTime:0.004934s ]
INFO: [ view_filter ] --START--
INFO: Run Behavior\WriteHtmlCacheBehavior [ RunTime:0.000106s ]
INFO: [ view_filter ] --END-- [ RunTime:0.000132s ]
INFO: [ app_end ] --START--
INFO: Run Behavior\ShowPageTraceBehavior [ RunTime:0.000402s ]
INFO: [ app_end ] --END-- [ RunTime:0.000435s ]

[ 2016-09-27T19:41:35+08:00 ] 117.173.160.231 /ihanc/eva/index.php/Home/Purchase/screditTable/p/2.html
INFO: [ app_init ] --START--
INFO: Run Behavior\BuildLiteBehavior [ RunTime:0.000011s ]
INFO: [ app_init ] --END-- [ RunTime:0.000298s ]
INFO: [ app_begin ] --START--
INFO: Run Behavior\ReadHtmlCacheBehavior [ RunTime:0.000357s ]
INFO: [ app_begin ] --END-- [ RunTime:0.000403s ]
SQL: SHOW COLUMNS FROM `user` [ RunTime:0.0007s ]
SQL: SELECT * FROM `user` WHERE ( iduser='3' )  [ RunTime:0.0002s ]
SQL: SHOW COLUMNS FROM `ihanc_3`.`purchase` [ RunTime:0.0005s ]
NOTIC: [8] Use of undefined constant sum - assumed 'sum' /opt/lampp/htdocs/ihanc/eva/Application/Home/Controller/PurchaseController.class.php 第 314 行.
SQL: SELECT SUM(sum) AS tp_sum FROM ihanc_3.purchase LIMIT 1   [ RunTime:0.0005s ]
NOTIC: [8] Undefined index: idsupply /opt/lampp/htdocs/ihanc/eva/Application/Home/Controller/PurchaseController.class.php 第 318 行.
SQL: SELECT count(distinct idsupply) as count FROM ihanc_3.purchase LIMIT 1   [ RunTime:0.0007s ]
SQL: SHOW COLUMNS FROM `ihanc_3`.`purchase` [ RunTime:0.0005s ]
SQL: SELECT purchase.idsupply as idsupply,sum(purchase.sum) as sum,supply.sname as sname FROM ihanc_3.purchase `purchase`,ihanc_3.supply `supply` WHERE ( purchase.idsupply=supply.idsupply ) GROUP BY idsupply LIMIT 10,10   [ RunTime:0.0026s ]
NOTIC: [2] Missing argument 2 for specialpage(), called in /opt/lampp/htdocs/ihanc/eva/Application/Home/Controller/PurchaseController.class.php on line 332 and defined /opt/lampp/htdocs/ihanc/eva/Application/Home/Common/function.php 第 103 行.
NOTIC: [8] Undefined variable: params /opt/lampp/htdocs/ihanc/eva/Application/Home/Common/function.php 第 115 行.
NOTIC: [2] Invalid argument supplied for foreach() /opt/lampp/htdocs/ihanc/eva/Application/Home/Common/function.php 第 115 行.
INFO: [ view_parse ] --START--
INFO: [ template_filter ] --START--
INFO: Run Behavior\ContentReplaceBehavior [ RunTime:0.000057s ]
INFO: [ template_filter ] --END-- [ RunTime:0.000097s ]
INFO: Run Behavior\ParseTemplateBehavior [ RunTime:0.005141s ]
INFO: [ view_parse ] --END-- [ RunTime:0.005191s ]
INFO: [ view_filter ] --START--
INFO: Run Behavior\WriteHtmlCacheBehavior [ RunTime:0.000130s ]
INFO: [ view_filter ] --END-- [ RunTime:0.000160s ]
INFO: [ app_end ] --START--
INFO: Run Behavior\ShowPageTraceBehavior [ RunTime:0.000379s ]
INFO: [ app_end ] --END-- [ RunTime:0.000424s ]

[ 2016-09-27T19:41:36+08:00 ] 117.173.160.231 /ihanc/eva/index.php/Home/Purchase/screditTable/p/3.html
INFO: [ app_init ] --START--
INFO: Run Behavior\BuildLiteBehavior [ RunTime:0.000017s ]
INFO: [ app_init ] --END-- [ RunTime:0.000284s ]
INFO: [ app_begin ] --START--
INFO: Run Behavior\ReadHtmlCacheBehavior [ RunTime:0.000495s ]
INFO: [ app_begin ] --END-- [ RunTime:0.000555s ]
SQL: SHOW COLUMNS FROM `user` [ RunTime:0.0008s ]
SQL: SELECT * FROM `user` WHERE ( iduser='3' )  [ RunTime:0.0002s ]
SQL: SHOW COLUMNS FROM `ihanc_3`.`purchase` [ RunTime:0.0005s ]
NOTIC: [8] Use of undefined constant sum - assumed 'sum' /opt/lampp/htdocs/ihanc/eva/Application/Home/Controller/PurchaseController.class.php 第 314 行.
SQL: SELECT SUM(sum) AS tp_sum FROM ihanc_3.purchase LIMIT 1   [ RunTime:0.0005s ]
NOTIC: [8] Undefined index: idsupply /opt/lampp/htdocs/ihanc/eva/Application/Home/Controller/PurchaseController.class.php 第 318 行.
SQL: SELECT count(distinct idsupply) as count FROM ihanc_3.purchase LIMIT 1   [ RunTime:0.0010s ]
SQL: SHOW COLUMNS FROM `ihanc_3`.`purchase` [ RunTime:0.0006s ]
SQL: SELECT purchase.idsupply as idsupply,sum(purchase.sum) as sum,supply.sname as sname FROM ihanc_3.purchase `purchase`,ihanc_3.supply `supply` WHERE ( purchase.idsupply=supply.idsupply ) GROUP BY idsupply LIMIT 20,10   [ RunTime:0.0027s ]
NOTIC: [2] Missing argument 2 for specialpage(), called in /opt/lampp/htdocs/ihanc/eva/Application/Home/Controller/PurchaseController.class.php on line 332 and defined /opt/lampp/htdocs/ihanc/eva/Application/Home/Common/function.php 第 103 行.
NOTIC: [8] Undefined variable: params /opt/lampp/htdocs/ihanc/eva/Application/Home/Common/function.php 第 115 行.
NOTIC: [2] Invalid argument supplied for foreach() /opt/lampp/htdocs/ihanc/eva/Application/Home/Common/function.php 第 115 行.
INFO: [ view_parse ] --START--
INFO: [ template_filter ] --START--
INFO: Run Behavior\ContentReplaceBehavior [ RunTime:0.000056s ]
INFO: [ template_filter ] --END-- [ RunTime:0.000095s ]
INFO: Run Behavior\ParseTemplateBehavior [ RunTime:0.004741s ]
INFO: [ view_parse ] --END-- [ RunTime:0.004797s ]
INFO: [ view_filter ] --START--
INFO: Run Behavior\WriteHtmlCacheBehavior [ RunTime:0.000109s ]
INFO: [ view_filter ] --END-- [ RunTime:0.000134s ]
INFO: [ app_end ] --START--
INFO: Run Behavior\ShowPageTraceBehavior [ RunTime:0.000352s ]
INFO: [ app_end ] --END-- [ RunTime:0.000389s ]

[ 2016-09-27T19:41:37+08:00 ] 117.173.160.231 /ihanc/eva/index.php/Home/Purchase/screditDetail?idsupply=67
INFO: [ app_init ] --START--
INFO: Run Behavior\BuildLiteBehavior [ RunTime:0.000013s ]
INFO: [ app_init ] --END-- [ RunTime:0.000275s ]
INFO: [ app_begin ] --START--
INFO: Run Behavior\ReadHtmlCacheBehavior [ RunTime:0.000334s ]
INFO: [ app_begin ] --END-- [ RunTime:0.000382s ]
SQL: SHOW COLUMNS FROM `user` [ RunTime:0.0009s ]
SQL: SELECT * FROM `user` WHERE ( iduser='3' )  [ RunTime:0.0003s ]
SQL: SHOW COLUMNS FROM `ihanc_3`.`purchase` [ RunTime:0.0005s ]
SQL: SELECT `idpurchase`,`idsupply`,`inorder`,`idgoods`,`number`,`price`,`time`,`sum`,`cf`,`remark` FROM ihanc_3.purchase WHERE `idsupply` = 67 ORDER BY idpurchase  [ RunTime:0.0005s ]
SQL: SHOW COLUMNS FROM `ihanc_3`.`bank` [ RunTime:0.0004s ]
SQL: SELECT `idbank`,`bname` FROM ihanc_3.bank  [ RunTime:0.0001s ]
INFO: [ view_parse ] --START--
INFO: [ template_filter ] --START--
INFO: Run Behavior\ContentReplaceBehavior [ RunTime:0.000068s ]
INFO: [ template_filter ] --END-- [ RunTime:0.000103s ]
INFO: Run Behavior\ParseTemplateBehavior [ RunTime:0.007860s ]
INFO: [ view_parse ] --END-- [ RunTime:0.007904s ]
INFO: [ view_filter ] --START--
INFO: Run Behavior\WriteHtmlCacheBehavior [ RunTime:0.000122s ]
INFO: [ view_filter ] --END-- [ RunTime:0.000149s ]
INFO: [ app_end ] --START--
INFO: Run Behavior\ShowPageTraceBehavior [ RunTime:0.000335s ]
INFO: [ app_end ] --END-- [ RunTime:0.000366s ]

[ 2016-09-27T19:41:41+08:00 ] 117.173.160.231 /ihanc/eva/index.php/Home/Purchase/screditPayment
INFO: [ app_init ] --START--
INFO: Run Behavior\BuildLiteBehavior [ RunTime:0.000018s ]
INFO: [ app_init ] --END-- [ RunTime:0.000319s ]
INFO: [ app_begin ] --START--
INFO: Run Behavior\ReadHtmlCacheBehavior [ RunTime:0.000351s ]
INFO: [ app_begin ] --END-- [ RunTime:0.000399s ]
SQL: SHOW COLUMNS FROM `user` [ RunTime:0.0006s ]
SQL: SELECT * FROM `user` WHERE ( iduser='3' )  [ RunTime:0.0002s ]
SQL: SHOW COLUMNS FROM `ihanc_3`.`purchase` [ RunTime:0.0005s ]
SQL: SHOW COLUMNS FROM `ihanc_3`.`bank_detail` [ RunTime:0.0004s ]
SQL: SELECT SUM(sum) AS tp_sum FROM ihanc_3.purchase WHERE `idpurchase` IN ('6903') AND `idsupply` = 67 LIMIT 1   [ RunTime:0.0002s ]
SQL: INSERT INTO ihanc_3.purchase (`user`,`time`,`sum`,`idsupply`) VALUES ('杨胖娃','2016-09-27 19:41:41','-3100','67') [ RunTime:0.0002s ]
SQL: SHOW COLUMNS FROM `ihanc_3`.`bank` [ RunTime:0.0004s ]
SQL: SELECT `sum` FROM ihanc_3.bank WHERE `idbank` = 9 LIMIT 1   [ RunTime:0.0002s ]
SQL: INSERT INTO ihanc_3.bank_detail (`user`,`time`,`sum`,`idbank`,`balance`,`summary`) VALUES ('杨胖娃','2016-09-27 19:41:41','-3100','9','10871','付款给供应商:张飞') [ RunTime:0.0043s ]
SQL: DELETE FROM ihanc_3.purchase WHERE ( idpurchase=6904 ) [ RunTime:0.0027s ]
SQL: DELETE FROM ihanc_3.purchase WHERE `idpurchase` IN ('6903') AND `idsupply` = 67 [ RunTime:0.0029s ]
SQL: SHOW COLUMNS FROM `ihanc_3`.`log` [ RunTime:0.0006s ]
SQL: INSERT INTO ihanc_3.log (`summary`,`user`) VALUES ('付款给供应商张飞,金额:3100','杨胖娃') [ RunTime:0.0034s ]
INFO: [ app_end ] --START--
INFO: Run Behavior\ShowPageTraceBehavior [ RunTime:0.000733s ]
INFO: [ app_end ] --END-- [ RunTime:0.000805s ]

[ 2016-09-27T19:41:41+08:00 ] 117.173.160.231 /ihanc/eva/index.php/Home/Purchase/screditTable
INFO: [ app_init ] --START--
INFO: Run Behavior\BuildLiteBehavior [ RunTime:0.000017s ]
INFO: [ app_init ] --END-- [ RunTime:0.000371s ]
INFO: [ app_begin ] --START--
INFO: Run Behavior\ReadHtmlCacheBehavior [ RunTime:0.000573s ]
INFO: [ app_begin ] --END-- [ RunTime:0.000650s ]
SQL: SHOW COLUMNS FROM `user` [ RunTime:0.0008s ]
SQL: SELECT * FROM `user` WHERE ( iduser='3' )  [ RunTime:0.0003s ]
SQL: SHOW COLUMNS FROM `ihanc_3`.`purchase` [ RunTime:0.0006s ]
NOTIC: [8] Use of undefined constant sum - assumed 'sum' /opt/lampp/htdocs/ihanc/eva/Application/Home/Controller/PurchaseController.class.php 第 314 行.
SQL: SELECT SUM(sum) AS tp_sum FROM ihanc_3.purchase LIMIT 1   [ RunTime:0.0008s ]
NOTIC: [8] Undefined index: p /opt/lampp/htdocs/ihanc/eva/Application/Home/Controller/PurchaseController.class.php 第 317 行.
NOTIC: [8] Undefined index: idsupply /opt/lampp/htdocs/ihanc/eva/Application/Home/Controller/PurchaseController.class.php 第 318 行.
SQL: SELECT count(distinct idsupply) as count FROM ihanc_3.purchase LIMIT 1   [ RunTime:0.0009s ]
SQL: SHOW COLUMNS FROM `ihanc_3`.`purchase` [ RunTime:0.0006s ]
SQL: SELECT purchase.idsupply as idsupply,sum(purchase.sum) as sum,supply.sname as sname FROM ihanc_3.purchase `purchase`,ihanc_3.supply `supply` WHERE ( purchase.idsupply=supply.idsupply ) GROUP BY idsupply LIMIT 0,10   [ RunTime:0.0024s ]
NOTIC: [2] Missing argument 2 for specialpage(), called in /opt/lampp/htdocs/ihanc/eva/Application/Home/Controller/PurchaseController.class.php on line 332 and defined /opt/lampp/htdocs/ihanc/eva/Application/Home/Common/function.php 第 103 行.
NOTIC: [8] Undefined variable: params /opt/lampp/htdocs/ihanc/eva/Application/Home/Common/function.php 第 115 行.
NOTIC: [2] Invalid argument supplied for foreach() /opt/lampp/htdocs/ihanc/eva/Application/Home/Common/function.php 第 115 行.
INFO: [ view_parse ] --START--
INFO: [ template_filter ] --START--
INFO: Run Behavior\ContentReplaceBehavior [ RunTime:0.000097s ]
INFO: [ template_filter ] --END-- [ RunTime:0.000161s ]
INFO: Run Behavior\ParseTemplateBehavior [ RunTime:0.007851s ]
INFO: [ view_parse ] --END-- [ RunTime:0.007926s ]
INFO: [ view_filter ] --START--
INFO: Run Behavior\WriteHtmlCacheBehavior [ RunTime:0.000175s ]
INFO: [ view_filter ] --END-- [ RunTime:0.000232s ]
INFO: [ app_end ] --START--
INFO: Run Behavior\ShowPageTraceBehavior [ RunTime:0.000603s ]
INFO: [ app_end ] --END-- [ RunTime:0.000668s ]

[ 2016-09-27T19:41:47+08:00 ] 106.120.160.119 /ihanc/eva/index.php/Home/index/index.html
INFO: [ app_init ] --START--
INFO: Run Behavior\BuildLiteBehavior [ RunTime:0.000026s ]
INFO: [ app_init ] --END-- [ RunTime:0.000293s ]
INFO: [ app_begin ] --START--
INFO: Run Behavior\ReadHtmlCacheBehavior [ RunTime:0.000397s ]
INFO: [ app_begin ] --END-- [ RunTime:0.000444s ]

[ 2016-09-27T19:41:47+08:00 ] 106.120.160.119 /ihanc/eva/index.php/Home/login/index.html
INFO: [ app_init ] --START--
INFO: Run Behavior\BuildLiteBehavior [ RunTime:0.000012s ]
INFO: [ app_init ] --END-- [ RunTime:0.000260s ]
INFO: [ app_begin ] --START--
INFO: Run Behavior\ReadHtmlCacheBehavior [ RunTime:0.000327s ]
INFO: [ app_begin ] --END-- [ RunTime:0.000369s ]
INFO: [ view_parse ] --START--
INFO: [ template_filter ] --START--
INFO: Run Behavior\ContentReplaceBehavior [ RunTime:0.000065s ]
INFO: [ template_filter ] --END-- [ RunTime:0.000105s ]
NOTIC: [8] Undefined variable: info /opt/lampp/htdocs/ihanc/eva/Application/Runtime/Cache/Home/97269d504bf33cb4c14eb7be85b7c9ec.php 第 75 行.
INFO: Run Behavior\ParseTemplateBehavior [ RunTime:0.004623s ]
INFO: [ view_parse ] --END-- [ RunTime:0.004662s ]
INFO: [ view_filter ] --START--
INFO: Run Behavior\WriteHtmlCacheBehavior [ RunTime:0.000112s ]
INFO: [ view_filter ] --END-- [ RunTime:0.000408s ]
INFO: [ app_end ] --START--
INFO: Run Behavior\ShowPageTraceBehavior [ RunTime:0.000344s ]
INFO: [ app_end ] --END-- [ RunTime:0.000411s ]

[ 2016-09-27T19:41:59+08:00 ] 117.173.160.231 /ihanc/eva/index.php/Home/finance/bank
INFO: [ app_init ] --START--
INFO: Run Behavior\BuildLiteBehavior [ RunTime:0.000012s ]
INFO: [ app_init ] --END-- [ RunTime:0.000269s ]
INFO: [ app_begin ] --START--
INFO: Run Behavior\ReadHtmlCacheBehavior [ RunTime:0.000358s ]
INFO: [ app_begin ] --END-- [ RunTime:0.000397s ]
SQL: SHOW COLUMNS FROM `user` [ RunTime:0.0007s ]
SQL: SELECT * FROM `user` WHERE ( iduser='3' )  [ RunTime:0.0002s ]
SQL: SHOW COLUMNS FROM `ihanc_3`.`bank` [ RunTime:0.0004s ]
SQL: SELECT * FROM ihanc_3.bank  [ RunTime:0.0001s ]
INFO: [ view_parse ] --START--
INFO: [ template_filter ] --START--
INFO: Run Behavior\ContentReplaceBehavior [ RunTime:0.000055s ]
INFO: [ template_filter ] --END-- [ RunTime:0.000087s ]
INFO: Run Behavior\ParseTemplateBehavior [ RunTime:0.004297s ]
INFO: [ view_parse ] --END-- [ RunTime:0.004330s ]
INFO: [ view_filter ] --START--
INFO: Run Behavior\WriteHtmlCacheBehavior [ RunTime:0.000104s ]
INFO: [ view_filter ] --END-- [ RunTime:0.000130s ]
INFO: [ app_end ] --START--
INFO: Run Behavior\ShowPageTraceBehavior [ RunTime:0.000367s ]
INFO: [ app_end ] --END-- [ RunTime:0.000401s ]

[ 2016-09-27T19:42:11+08:00 ] 117.173.160.231 /ihanc/eva/index.php/Home/finance/fee
INFO: [ app_init ] --START--
INFO: Run Behavior\BuildLiteBehavior [ RunTime:0.000013s ]
INFO: [ app_init ] --END-- [ RunTime:0.000244s ]
INFO: [ app_begin ] --START--
INFO: Run Behavior\ReadHtmlCacheBehavior [ RunTime:0.000297s ]
INFO: [ app_begin ] --END-- [ RunTime:0.000351s ]
SQL: SHOW COLUMNS FROM `user` [ RunTime:0.0007s ]
SQL: SELECT * FROM `user` WHERE ( iduser='3' )  [ RunTime:0.0002s ]
SQL: SHOW COLUMNS FROM `ihanc_3`.`bank` [ RunTime:0.0004s ]
SQL: SHOW COLUMNS FROM `ihanc_3`.`subject` [ RunTime:0.0004s ]
SQL: SELECT * FROM ihanc_3.subject WHERE ( cat=1 )  [ RunTime:0.0002s ]
SQL: SELECT `idbank`,`bname` FROM ihanc_3.bank  [ RunTime:0.0001s ]
INFO: [ view_parse ] --START--
INFO: [ template_filter ] --START--
INFO: Run Behavior\ContentReplaceBehavior [ RunTime:0.000055s ]
INFO: [ template_filter ] --END-- [ RunTime:0.000093s ]
INFO: Run Behavior\ParseTemplateBehavior [ RunTime:0.005459s ]
INFO: [ view_parse ] --END-- [ RunTime:0.005498s ]
INFO: [ view_filter ] --START--
INFO: Run Behavior\WriteHtmlCacheBehavior [ RunTime:0.000109s ]
INFO: [ view_filter ] --END-- [ RunTime:0.000135s ]
INFO: [ app_end ] --START--
INFO: Run Behavior\ShowPageTraceBehavior [ RunTime:0.000337s ]
INFO: [ app_end ] --END-- [ RunTime:0.000369s ]

[ 2016-09-27T19:42:13+08:00 ] 220.181.132.196 /ihanc/eva/index.php/Home/index/index.html
INFO: [ app_init ] --START--
INFO: Run Behavior\BuildLiteBehavior [ RunTime:0.000013s ]
INFO: [ app_init ] --END-- [ RunTime:0.000275s ]
INFO: [ app_begin ] --START--
INFO: Run Behavior\ReadHtmlCacheBehavior [ RunTime:0.000313s ]
INFO: [ app_begin ] --END-- [ RunTime:0.000354s ]

[ 2016-09-27T19:42:13+08:00 ] 220.181.132.196 /ihanc/eva/index.php/Home/login/index.html
INFO: [ app_init ] --START--
INFO: Run Behavior\BuildLiteBehavior [ RunTime:0.000012s ]
INFO: [ app_init ] --END-- [ RunTime:0.000249s ]
INFO: [ app_begin ] --START--
INFO: Run Behavior\ReadHtmlCacheBehavior [ RunTime:0.000416s ]
INFO: [ app_begin ] --END-- [ RunTime:0.000470s ]
INFO: [ view_parse ] --START--
INFO: [ template_filter ] --START--
INFO: Run Behavior\ContentReplaceBehavior [ RunTime:0.000056s ]
INFO: [ template_filter ] --END-- [ RunTime:0.000094s ]
NOTIC: [8] Undefined variable: info /opt/lampp/htdocs/ihanc/eva/Application/Runtime/Cache/Home/97269d504bf33cb4c14eb7be85b7c9ec.php 第 75 行.
INFO: Run Behavior\ParseTemplateBehavior [ RunTime:0.004439s ]
INFO: [ view_parse ] --END-- [ RunTime:0.004482s ]
INFO: [ view_filter ] --START--
INFO: Run Behavior\WriteHtmlCacheBehavior [ RunTime:0.000127s ]
INFO: [ view_filter ] --END-- [ RunTime:0.000157s ]
INFO: [ app_end ] --START--
INFO: Run Behavior\ShowPageTraceBehavior [ RunTime:0.000361s ]
INFO: [ app_end ] --END-- [ RunTime:0.000394s ]

[ 2016-09-27T19:42:13+08:00 ] 220.181.132.196 /ihanc/eva/index.php/Home/login/undefinedpurchase/index.html
INFO: [ app_init ] --START--
INFO: Run Behavior\BuildLiteBehavior [ RunTime:0.000013s ]
INFO: [ app_init ] --END-- [ RunTime:0.000238s ]
INFO: [ app_begin ] --START--
INFO: Run Behavior\ReadHtmlCacheBehavior [ RunTime:0.000293s ]
INFO: [ app_begin ] --END-- [ RunTime:0.000331s ]
ERR: 非法操作:undefinedpurchase

[ 2016-09-27T19:42:17+08:00 ] 117.173.160.231 /ihanc/eva/index.php/Home/Finance/feeAdd
INFO: [ app_init ] --START--
INFO: Run Behavior\BuildLiteBehavior [ RunTime:0.000014s ]
INFO: [ app_init ] --END-- [ RunTime:0.000286s ]
INFO: [ app_begin ] --START--
INFO: Run Behavior\ReadHtmlCacheBehavior [ RunTime:0.000340s ]
INFO: [ app_begin ] --END-- [ RunTime:0.000386s ]
SQL: SHOW COLUMNS FROM `user` [ RunTime:0.0007s ]
SQL: SELECT * FROM `user` WHERE ( iduser='3' )  [ RunTime:0.0003s ]
SQL: SHOW COLUMNS FROM `ihanc_3`.`bank` [ RunTime:0.0004s ]
SQL: SELECT `sum` FROM ihanc_3.bank WHERE `idbank` = 9 LIMIT 1   [ RunTime:0.0002s ]
SQL: SHOW COLUMNS FROM `ihanc_3`.`subject` [ RunTime:0.0004s ]
SQL: SELECT `subject` FROM ihanc_3.subject WHERE `idsubject` = 7 LIMIT 1   [ RunTime:0.0002s ]
SQL: SHOW COLUMNS FROM `ihanc_3`.`bank_detail` [ RunTime:0.0005s ]
SQL: INSERT INTO ihanc_3.bank_detail (`idsubject`,`sum`,`idbank`,`summary`,`balance`,`user`,`time`) VALUES ('7','-6994','9','费用:销售费用 ','3877','杨胖娃','2016-09-27 19:42:17') [ RunTime:0.0042s ]
SQL: SHOW COLUMNS FROM `ihanc_3`.`log` [ RunTime:0.0005s ]
SQL: INSERT INTO ihanc_3.log (`summary`,`user`) VALUES ('费用:销售费用 ','杨胖娃') [ RunTime:0.0031s ]
INFO: [ app_end ] --START--
INFO: Run Behavior\ShowPageTraceBehavior [ RunTime:0.000486s ]
INFO: [ app_end ] --END-- [ RunTime:0.000529s ]

