[ 2016-08-28T14:35:42+08:00 ] 117.173.170.145 /ihanc/eva/index.php/Home/Sale/searchMember
INFO: [ app_init ] --START--
INFO: Run Behavior\BuildLiteBehavior [ RunTime:0.000091s ]
INFO: [ app_init ] --END-- [ RunTime:0.000817s ]
INFO: [ app_begin ] --START--
INFO: Run Behavior\ReadHtmlCacheBehavior [ RunTime:0.000588s ]
INFO: [ app_begin ] --END-- [ RunTime:0.000728s ]
SQL: SHOW COLUMNS FROM `user` [ RunTime:0.0015s ]
SQL: SELECT * FROM `user` WHERE ( iduser='3' )  [ RunTime:0.0006s ]
SQL: SHOW COLUMNS FROM `ihanc_3`.`member` [ RunTime:0.0010s ]
SQL: SELECT `idmember`,`mname` FROM ihanc_3.member WHERE ( `mname` LIKE '%H%' OR `msn` LIKE '%H%' ) LIMIT 0,10   [ RunTime:0.0005s ]
INFO: [ app_end ] --START--
INFO: Run Behavior\ShowPageTraceBehavior [ RunTime:0.000696s ]
INFO: [ app_end ] --END-- [ RunTime:0.000842s ]

[ 2016-08-28T14:35:42+08:00 ] 117.173.170.145 /ihanc/eva/index.php/Home/Sale/searchMember
INFO: [ app_init ] --START--
INFO: Run Behavior\BuildLiteBehavior [ RunTime:0.000017s ]
INFO: [ app_init ] --END-- [ RunTime:0.000324s ]
INFO: [ app_begin ] --START--
INFO: Run Behavior\ReadHtmlCacheBehavior [ RunTime:0.000369s ]
INFO: [ app_begin ] --END-- [ RunTime:0.000422s ]
SQL: SHOW COLUMNS FROM `user` [ RunTime:0.0007s ]
SQL: SELECT * FROM `user` WHERE ( iduser='3' )  [ RunTime:0.0002s ]
SQL: SHOW COLUMNS FROM `ihanc_3`.`member` [ RunTime:0.0005s ]
SQL: SELECT `idmember`,`mname` FROM ihanc_3.member WHERE ( `mname` LIKE '%HX%' OR `msn` LIKE '%HX%' ) LIMIT 0,10   [ RunTime:0.0004s ]
INFO: [ app_end ] --START--
INFO: Run Behavior\ShowPageTraceBehavior [ RunTime:0.000383s ]
INFO: [ app_end ] --END-- [ RunTime:0.000432s ]

[ 2016-08-28T14:35:42+08:00 ] 117.173.170.145 /ihanc/eva/index.php/Home/Sale/searchMember
INFO: [ app_init ] --START--
INFO: Run Behavior\BuildLiteBehavior [ RunTime:0.000020s ]
INFO: [ app_init ] --END-- [ RunTime:0.000351s ]
INFO: [ app_begin ] --START--
INFO: Run Behavior\ReadHtmlCacheBehavior [ RunTime:0.000345s ]
INFO: [ app_begin ] --END-- [ RunTime:0.000401s ]
SQL: SHOW COLUMNS FROM `user` [ RunTime:0.0007s ]
SQL: SELECT * FROM `user` WHERE ( iduser='3' )  [ RunTime:0.0003s ]
SQL: SHOW COLUMNS FROM `ihanc_3`.`member` [ RunTime:0.0006s ]
SQL: SELECT `idmember`,`mname` FROM ihanc_3.member WHERE ( `mname` LIKE '%HXC%' OR `msn` LIKE '%HXC%' ) LIMIT 0,10   [ RunTime:0.0005s ]
INFO: [ app_end ] --START--
INFO: Run Behavior\ShowPageTraceBehavior [ RunTime:0.000533s ]
INFO: [ app_end ] --END-- [ RunTime:0.000599s ]

[ 2016-08-28T14:35:44+08:00 ] 117.173.170.145 /ihanc/eva/index.php/Home/Sale/getCredit?idmember=116
INFO: [ app_init ] --START--
INFO: Run Behavior\BuildLiteBehavior [ RunTime:0.000013s ]
INFO: [ app_init ] --END-- [ RunTime:0.000285s ]
INFO: [ app_begin ] --START--
INFO: Run Behavior\ReadHtmlCacheBehavior [ RunTime:0.000460s ]
INFO: [ app_begin ] --END-- [ RunTime:0.000503s ]
SQL: SHOW COLUMNS FROM `user` [ RunTime:0.0009s ]
SQL: SELECT * FROM `user` WHERE ( iduser='3' )  [ RunTime:0.0002s ]
SQL: SHOW COLUMNS FROM `ihanc_3`.`sale` [ RunTime:0.0005s ]
SQL: SELECT SUM(sum) AS tp_sum FROM ihanc_3.sale WHERE `idmember` = 116 LIMIT 1   [ RunTime:0.0008s ]
INFO: [ app_end ] --START--
INFO: Run Behavior\ShowPageTraceBehavior [ RunTime:0.000384s ]
INFO: [ app_end ] --END-- [ RunTime:0.000426s ]

[ 2016-08-28T14:35:47+08:00 ] 117.173.170.145 /ihanc/eva/index.php/Home/Sale/searchStockGoods
INFO: [ app_init ] --START--
INFO: Run Behavior\BuildLiteBehavior [ RunTime:0.000013s ]
INFO: [ app_init ] --END-- [ RunTime:0.000272s ]
INFO: [ app_begin ] --START--
INFO: Run Behavior\ReadHtmlCacheBehavior [ RunTime:0.000335s ]
INFO: [ app_begin ] --END-- [ RunTime:0.000383s ]
SQL: SHOW COLUMNS FROM `user` [ RunTime:0.0007s ]
SQL: SELECT * FROM `user` WHERE ( iduser='3' )  [ RunTime:0.0002s ]
SQL: SHOW COLUMNS FROM `ihanc_3`.`stock_goods_view` [ RunTime:0.0006s ]
SQL: SELECT `idgoods`,`inorder`,`stock`,`gname` FROM ihanc_3.stock_goods_view WHERE ( `gname` LIKE '%D%' OR `gsn` LIKE '%D%' )  [ RunTime:0.0004s ]
INFO: [ app_end ] --START--
INFO: Run Behavior\ShowPageTraceBehavior [ RunTime:0.000425s ]
INFO: [ app_end ] --END-- [ RunTime:0.000487s ]

[ 2016-08-28T14:35:47+08:00 ] 117.173.170.145 /ihanc/eva/index.php/Home/Sale/searchStockGoods
INFO: [ app_init ] --START--
INFO: Run Behavior\BuildLiteBehavior [ RunTime:0.000022s ]
INFO: [ app_init ] --END-- [ RunTime:0.000299s ]
INFO: [ app_begin ] --START--
INFO: Run Behavior\ReadHtmlCacheBehavior [ RunTime:0.000322s ]
INFO: [ app_begin ] --END-- [ RunTime:0.000367s ]
SQL: SHOW COLUMNS FROM `user` [ RunTime:0.0009s ]
SQL: SELECT * FROM `user` WHERE ( iduser='3' )  [ RunTime:0.0003s ]
SQL: SHOW COLUMNS FROM `ihanc_3`.`stock_goods_view` [ RunTime:0.0007s ]
SQL: SELECT `idgoods`,`inorder`,`stock`,`gname` FROM ihanc_3.stock_goods_view WHERE ( `gname` LIKE '%DJ%' OR `gsn` LIKE '%DJ%' )  [ RunTime:0.0004s ]
INFO: [ app_end ] --START--
INFO: Run Behavior\ShowPageTraceBehavior [ RunTime:0.000588s ]
INFO: [ app_end ] --END-- [ RunTime:0.000660s ]

[ 2016-08-28T14:35:49+08:00 ] 117.173.170.145 /ihanc/eva/index.php/Home/Sale/searchStockGoods
INFO: [ app_init ] --START--
INFO: Run Behavior\BuildLiteBehavior [ RunTime:0.000013s ]
INFO: [ app_init ] --END-- [ RunTime:0.000274s ]
INFO: [ app_begin ] --START--
INFO: Run Behavior\ReadHtmlCacheBehavior [ RunTime:0.000485s ]
INFO: [ app_begin ] --END-- [ RunTime:0.000549s ]
SQL: SHOW COLUMNS FROM `user` [ RunTime:0.0008s ]
SQL: SELECT * FROM `user` WHERE ( iduser='3' )  [ RunTime:0.0003s ]
SQL: SHOW COLUMNS FROM `ihanc_3`.`stock_goods_view` [ RunTime:0.0007s ]
SQL: SELECT `idgoods`,`inorder`,`stock`,`gname` FROM ihanc_3.stock_goods_view WHERE ( `gname` LIKE '%D%' OR `gsn` LIKE '%D%' )  [ RunTime:0.0004s ]
INFO: [ app_end ] --START--
INFO: Run Behavior\ShowPageTraceBehavior [ RunTime:0.000616s ]
INFO: [ app_end ] --END-- [ RunTime:0.000673s ]

[ 2016-08-28T14:35:50+08:00 ] 117.173.170.145 /ihanc/eva/index.php/Home/Sale/searchStockGoods
INFO: [ app_init ] --START--
INFO: Run Behavior\BuildLiteBehavior [ RunTime:0.000097s ]
INFO: [ app_init ] --END-- [ RunTime:0.000863s ]
INFO: [ app_begin ] --START--
INFO: Run Behavior\ReadHtmlCacheBehavior [ RunTime:0.001128s ]
INFO: [ app_begin ] --END-- [ RunTime:0.001217s ]
SQL: SHOW COLUMNS FROM `user` [ RunTime:0.0006s ]
SQL: SELECT * FROM `user` WHERE ( iduser='3' )  [ RunTime:0.0002s ]
SQL: SHOW COLUMNS FROM `ihanc_3`.`stock_goods_view` [ RunTime:0.0006s ]
SQL: SELECT `idgoods`,`inorder`,`stock`,`gname` FROM ihanc_3.stock_goods_view WHERE ( `gname` LIKE '%DD%' OR `gsn` LIKE '%DD%' )  [ RunTime:0.0003s ]
INFO: [ app_end ] --START--
INFO: Run Behavior\ShowPageTraceBehavior [ RunTime:0.000372s ]
INFO: [ app_end ] --END-- [ RunTime:0.000415s ]

[ 2016-08-28T14:35:50+08:00 ] 117.173.170.145 /ihanc/eva/index.php/Home/Sale/searchStockGoods
INFO: [ app_init ] --START--
INFO: Run Behavior\BuildLiteBehavior [ RunTime:0.000012s ]
INFO: [ app_init ] --END-- [ RunTime:0.000251s ]
INFO: [ app_begin ] --START--
INFO: Run Behavior\ReadHtmlCacheBehavior [ RunTime:0.000304s ]
INFO: [ app_begin ] --END-- [ RunTime:0.000349s ]
SQL: SHOW COLUMNS FROM `user` [ RunTime:0.0007s ]
SQL: SELECT * FROM `user` WHERE ( iduser='3' )  [ RunTime:0.0002s ]
SQL: SHOW COLUMNS FROM `ihanc_3`.`stock_goods_view` [ RunTime:0.0005s ]
SQL: SELECT `idgoods`,`inorder`,`stock`,`gname` FROM ihanc_3.stock_goods_view WHERE ( `gname` LIKE '%K%' OR `gsn` LIKE '%K%' )  [ RunTime:0.0003s ]
INFO: [ app_end ] --START--
INFO: Run Behavior\ShowPageTraceBehavior [ RunTime:0.000335s ]
INFO: [ app_end ] --END-- [ RunTime:0.000374s ]

[ 2016-08-28T14:35:54+08:00 ] 117.173.170.145 /ihanc/eva/index.php/Home/index/index.html
INFO: [ app_init ] --START--
INFO: Run Behavior\BuildLiteBehavior [ RunTime:0.000014s ]
INFO: [ app_init ] --END-- [ RunTime:0.000280s ]
INFO: [ app_begin ] --START--
INFO: Run Behavior\ReadHtmlCacheBehavior [ RunTime:0.000341s ]
INFO: [ app_begin ] --END-- [ RunTime:0.000388s ]
SQL: SHOW COLUMNS FROM `user` [ RunTime:0.0007s ]
SQL: SELECT * FROM `user` WHERE ( iduser='3' )  [ RunTime:0.0002s ]
INFO: [ view_parse ] --START--
INFO: [ template_filter ] --START--
INFO: Run Behavior\ContentReplaceBehavior [ RunTime:0.000151s ]
INFO: [ template_filter ] --END-- [ RunTime:0.000191s ]
INFO: Run Behavior\ParseTemplateBehavior [ RunTime:0.006767s ]
INFO: [ view_parse ] --END-- [ RunTime:0.006809s ]
INFO: [ view_filter ] --START--
INFO: Run Behavior\WriteHtmlCacheBehavior [ RunTime:0.000133s ]
INFO: [ view_filter ] --END-- [ RunTime:0.000162s ]
INFO: [ app_end ] --START--
INFO: Run Behavior\ShowPageTraceBehavior [ RunTime:0.000319s ]
INFO: [ app_end ] --END-- [ RunTime:0.000355s ]

[ 2016-08-28T14:35:54+08:00 ] 117.173.170.145 /ihanc/eva/index.php/Home/sale/mcredit.html
INFO: [ app_init ] --START--
INFO: Run Behavior\BuildLiteBehavior [ RunTime:0.000014s ]
INFO: [ app_init ] --END-- [ RunTime:0.000258s ]
INFO: [ app_begin ] --START--
INFO: Run Behavior\ReadHtmlCacheBehavior [ RunTime:0.000307s ]
INFO: [ app_begin ] --END-- [ RunTime:0.000353s ]
SQL: SHOW COLUMNS FROM `user` [ RunTime:0.0007s ]
SQL: SELECT * FROM `user` WHERE ( iduser='3' )  [ RunTime:0.0002s ]
SQL: SHOW COLUMNS FROM `ihanc_3`.`sale` [ RunTime:0.0005s ]
SQL: SELECT SUM(sum) AS tp_sum FROM ihanc_3.sale LIMIT 1   [ RunTime:0.0008s ]
INFO: [ view_parse ] --START--
INFO: [ template_filter ] --START--
INFO: Run Behavior\ContentReplaceBehavior [ RunTime:0.000065s ]
INFO: [ template_filter ] --END-- [ RunTime:0.000111s ]
INFO: Run Behavior\ParseTemplateBehavior [ RunTime:0.004224s ]
INFO: [ view_parse ] --END-- [ RunTime:0.004265s ]
INFO: [ view_filter ] --START--
INFO: Run Behavior\WriteHtmlCacheBehavior [ RunTime:0.000104s ]
INFO: [ view_filter ] --END-- [ RunTime:0.000130s ]
INFO: [ app_end ] --START--
INFO: Run Behavior\ShowPageTraceBehavior [ RunTime:0.000345s ]
INFO: [ app_end ] --END-- [ RunTime:0.000389s ]

[ 2016-08-28T14:35:55+08:00 ] 117.173.170.145 /ihanc/eva/index.php/Home/index/favicon.ico
INFO: [ app_init ] --START--
INFO: Run Behavior\BuildLiteBehavior [ RunTime:0.000015s ]
INFO: [ app_init ] --END-- [ RunTime:0.000282s ]

[ 2016-08-28T14:35:55+08:00 ] 117.173.170.145 /ihanc/eva/index.php/Home/Sale/mcreditTable
INFO: [ app_init ] --START--
INFO: Run Behavior\BuildLiteBehavior [ RunTime:0.000019s ]
INFO: [ app_init ] --END-- [ RunTime:0.000389s ]
INFO: [ app_begin ] --START--
INFO: Run Behavior\ReadHtmlCacheBehavior [ RunTime:0.000536s ]
INFO: [ app_begin ] --END-- [ RunTime:0.000595s ]
SQL: SHOW COLUMNS FROM `user` [ RunTime:0.0008s ]
SQL: SELECT * FROM `user` WHERE ( iduser='3' )  [ RunTime:0.0002s ]
SQL: SHOW COLUMNS FROM `ihanc_3`.`sale` [ RunTime:0.0006s ]
NOTIC: [8] Undefined index: p /opt/lampp/htdocs/ihanc/eva/Application/Home/Controller/SaleController.class.php 第 513 行.
NOTIC: [8] Undefined index: idmember /opt/lampp/htdocs/ihanc/eva/Application/Home/Controller/SaleController.class.php 第 514 行.
SQL: SELECT count(distinct idmember) as count FROM ihanc_3.sale LIMIT 1   [ RunTime:0.0011s ]
NOTIC: [2] Missing argument 2 for specialpage(), called in /opt/lampp/htdocs/ihanc/eva/Application/Home/Controller/SaleController.class.php on line 516 and defined /opt/lampp/htdocs/ihanc/eva/Application/Home/Common/function.php 第 103 行.
NOTIC: [8] Undefined variable: params /opt/lampp/htdocs/ihanc/eva/Application/Home/Common/function.php 第 115 行.
NOTIC: [2] Invalid argument supplied for foreach() /opt/lampp/htdocs/ihanc/eva/Application/Home/Common/function.php 第 115 行.
SQL: SELECT sale.idmember,sum(sale.sum) as sum,member.mname FROM ihanc_3.sale left JOIN ihanc_3.member ON sale.idmember= member.idmember  GROUP BY sale.idmember LIMIT 0,10   [ RunTime:0.0024s ]
INFO: [ view_parse ] --START--
INFO: [ template_filter ] --START--
INFO: Run Behavior\ContentReplaceBehavior [ RunTime:0.000070s ]
INFO: [ template_filter ] --END-- [ RunTime:0.000120s ]
INFO: Run Behavior\ParseTemplateBehavior [ RunTime:0.004569s ]
INFO: [ view_parse ] --END-- [ RunTime:0.004612s ]
INFO: [ view_filter ] --START--
INFO: Run Behavior\WriteHtmlCacheBehavior [ RunTime:0.000115s ]
INFO: [ view_filter ] --END-- [ RunTime:0.000142s ]
INFO: [ app_end ] --START--
INFO: Run Behavior\ShowPageTraceBehavior [ RunTime:0.000373s ]
INFO: [ app_end ] --END-- [ RunTime:0.000424s ]

[ 2016-08-28T14:36:01+08:00 ] 117.173.170.145 /ihanc/eva/index.php/Home/Sale/saleAdd
INFO: [ app_init ] --START--
INFO: Run Behavior\BuildLiteBehavior [ RunTime:0.000012s ]
INFO: [ app_init ] --END-- [ RunTime:0.000242s ]
INFO: [ app_begin ] --START--
INFO: Run Behavior\ReadHtmlCacheBehavior [ RunTime:0.000359s ]
INFO: [ app_begin ] --END-- [ RunTime:0.000406s ]
SQL: SHOW COLUMNS FROM `user` [ RunTime:0.0007s ]
SQL: SELECT * FROM `user` WHERE ( iduser='3' )  [ RunTime:0.0002s ]
SQL: SHOW COLUMNS FROM `ihanc_3`.`sale` [ RunTime:0.0007s ]
SQL: INSERT INTO ihanc_3.sale (`idmember`,`idgoods`,`inorder`,`number`,`price`,`sum`,`remark`,`time`,`user`) VALUES ('116','114','IN20160828-3','23','6.5','150','','2016-08-28 14:36:01','杨胖娃') [ RunTime:0.0043s ]
SQL: SHOW COLUMNS FROM `ihanc_3`.`log` [ RunTime:0.0009s ]
SQL: INSERT INTO ihanc_3.log (`summary`,`user`) VALUES ('116红星村销售单保存成功','杨胖娃') [ RunTime:0.0036s ]
INFO: [ app_end ] --START--
INFO: Run Behavior\ShowPageTraceBehavior [ RunTime:0.000819s ]
INFO: [ app_end ] --END-- [ RunTime:0.000907s ]

[ 2016-08-28T14:36:01+08:00 ] 117.173.170.145 /ihanc/eva/index.php/Home/Sale/getCredit?idmember=116
INFO: [ app_init ] --START--
INFO: Run Behavior\BuildLiteBehavior [ RunTime:0.000014s ]
INFO: [ app_init ] --END-- [ RunTime:0.000274s ]
INFO: [ app_begin ] --START--
INFO: Run Behavior\ReadHtmlCacheBehavior [ RunTime:0.000351s ]
INFO: [ app_begin ] --END-- [ RunTime:0.000388s ]
SQL: SHOW COLUMNS FROM `user` [ RunTime:0.0008s ]
SQL: SELECT * FROM `user` WHERE ( iduser='3' )  [ RunTime:0.0002s ]
SQL: SHOW COLUMNS FROM `ihanc_3`.`sale` [ RunTime:0.0006s ]
SQL: SELECT SUM(sum) AS tp_sum FROM ihanc_3.sale WHERE `idmember` = 116 LIMIT 1   [ RunTime:0.0017s ]
INFO: [ app_end ] --START--
INFO: Run Behavior\ShowPageTraceBehavior [ RunTime:0.000914s ]
INFO: [ app_end ] --END-- [ RunTime:0.000968s ]

[ 2016-08-28T14:36:05+08:00 ] 117.173.170.145 /ihanc/eva/index.php/Home/Sale/searchMember
INFO: [ app_init ] --START--
INFO: Run Behavior\BuildLiteBehavior [ RunTime:0.000016s ]
INFO: [ app_init ] --END-- [ RunTime:0.000415s ]
INFO: [ app_begin ] --START--
INFO: Run Behavior\ReadHtmlCacheBehavior [ RunTime:0.000506s ]
INFO: [ app_begin ] --END-- [ RunTime:0.000560s ]
SQL: SHOW COLUMNS FROM `user` [ RunTime:0.0009s ]
SQL: SELECT * FROM `user` WHERE ( iduser='3' )  [ RunTime:0.0003s ]
SQL: SHOW COLUMNS FROM `ihanc_3`.`member` [ RunTime:0.0006s ]
SQL: SELECT `idmember`,`mname` FROM ihanc_3.member WHERE ( `mname` LIKE '%X%' OR `msn` LIKE '%X%' ) LIMIT 0,10   [ RunTime:0.0003s ]
INFO: [ app_end ] --START--
INFO: Run Behavior\ShowPageTraceBehavior [ RunTime:0.000575s ]
INFO: [ app_end ] --END-- [ RunTime:0.000627s ]

[ 2016-08-28T14:36:06+08:00 ] 117.173.170.145 /ihanc/eva/index.php/Home/Sale/searchMember
INFO: [ app_init ] --START--
INFO: Run Behavior\BuildLiteBehavior [ RunTime:0.000015s ]
INFO: [ app_init ] --END-- [ RunTime:0.000397s ]
INFO: [ app_begin ] --START--
INFO: Run Behavior\ReadHtmlCacheBehavior [ RunTime:0.000470s ]
INFO: [ app_begin ] --END-- [ RunTime:0.000522s ]
SQL: SHOW COLUMNS FROM `user` [ RunTime:0.0006s ]
SQL: SELECT * FROM `user` WHERE ( iduser='3' )  [ RunTime:0.0002s ]
SQL: SHOW COLUMNS FROM `ihanc_3`.`member` [ RunTime:0.0004s ]
SQL: SELECT `idmember`,`mname` FROM ihanc_3.member WHERE ( `mname` LIKE '%XX%' OR `msn` LIKE '%XX%' ) LIMIT 0,10   [ RunTime:0.0003s ]
INFO: [ app_end ] --START--
INFO: Run Behavior\ShowPageTraceBehavior [ RunTime:0.000321s ]
INFO: [ app_end ] --END-- [ RunTime:0.000356s ]

[ 2016-08-28T14:36:07+08:00 ] 117.173.170.145 /ihanc/eva/index.php/Home/Sale/getCredit?idmember=265
INFO: [ app_init ] --START--
INFO: Run Behavior\BuildLiteBehavior [ RunTime:0.000012s ]
INFO: [ app_init ] --END-- [ RunTime:0.000274s ]
INFO: [ app_begin ] --START--
INFO: Run Behavior\ReadHtmlCacheBehavior [ RunTime:0.000334s ]
INFO: [ app_begin ] --END-- [ RunTime:0.000375s ]
SQL: SHOW COLUMNS FROM `user` [ RunTime:0.0007s ]
SQL: SELECT * FROM `user` WHERE ( iduser='3' )  [ RunTime:0.0002s ]
SQL: SHOW COLUMNS FROM `ihanc_3`.`sale` [ RunTime:0.0005s ]
SQL: SELECT SUM(sum) AS tp_sum FROM ihanc_3.sale WHERE `idmember` = 265 LIMIT 1   [ RunTime:0.0008s ]
INFO: [ app_end ] --START--
INFO: Run Behavior\ShowPageTraceBehavior [ RunTime:0.000357s ]
INFO: [ app_end ] --END-- [ RunTime:0.000398s ]

[ 2016-08-28T14:36:10+08:00 ] 117.173.170.145 /ihanc/eva/index.php/Home/Sale/searchStockGoods
INFO: [ app_init ] --START--
INFO: Run Behavior\BuildLiteBehavior [ RunTime:0.000017s ]
INFO: [ app_init ] --END-- [ RunTime:0.000257s ]
INFO: [ app_begin ] --START--
INFO: Run Behavior\ReadHtmlCacheBehavior [ RunTime:0.000306s ]
INFO: [ app_begin ] --END-- [ RunTime:0.000347s ]
SQL: SHOW COLUMNS FROM `user` [ RunTime:0.0008s ]
SQL: SELECT * FROM `user` WHERE ( iduser='3' )  [ RunTime:0.0002s ]
SQL: SHOW COLUMNS FROM `ihanc_3`.`stock_goods_view` [ RunTime:0.0006s ]
SQL: SELECT `idgoods`,`inorder`,`stock`,`gname` FROM ihanc_3.stock_goods_view WHERE ( `gname` LIKE '%H%' OR `gsn` LIKE '%H%' )  [ RunTime:0.0004s ]
INFO: [ app_end ] --START--
INFO: Run Behavior\ShowPageTraceBehavior [ RunTime:0.000426s ]
INFO: [ app_end ] --END-- [ RunTime:0.000475s ]

[ 2016-08-28T14:36:10+08:00 ] 117.173.170.145 /ihanc/eva/index.php/Home/Sale/searchStockGoods
INFO: [ app_init ] --START--
INFO: Run Behavior\BuildLiteBehavior [ RunTime:0.000013s ]
INFO: [ app_init ] --END-- [ RunTime:0.000264s ]
INFO: [ app_begin ] --START--
INFO: Run Behavior\ReadHtmlCacheBehavior [ RunTime:0.000333s ]
INFO: [ app_begin ] --END-- [ RunTime:0.000382s ]
SQL: SHOW COLUMNS FROM `user` [ RunTime:0.0007s ]
SQL: SELECT * FROM `user` WHERE ( iduser='3' )  [ RunTime:0.0002s ]
SQL: SHOW COLUMNS FROM `ihanc_3`.`stock_goods_view` [ RunTime:0.0006s ]
SQL: SELECT `idgoods`,`inorder`,`stock`,`gname` FROM ihanc_3.stock_goods_view WHERE ( `gname` LIKE '%HL%' OR `gsn` LIKE '%HL%' )  [ RunTime:0.0003s ]
INFO: [ app_end ] --START--
INFO: Run Behavior\ShowPageTraceBehavior [ RunTime:0.000358s ]
INFO: [ app_end ] --END-- [ RunTime:0.000395s ]

[ 2016-08-28T14:36:18+08:00 ] 117.173.170.145 /ihanc/eva/index.php/Home/Sale/saleAdd
INFO: [ app_init ] --START--
INFO: Run Behavior\BuildLiteBehavior [ RunTime:0.000017s ]
INFO: [ app_init ] --END-- [ RunTime:0.000364s ]
INFO: [ app_begin ] --START--
INFO: Run Behavior\ReadHtmlCacheBehavior [ RunTime:0.000472s ]
INFO: [ app_begin ] --END-- [ RunTime:0.000550s ]
SQL: SHOW COLUMNS FROM `user` [ RunTime:0.0006s ]
SQL: SELECT * FROM `user` WHERE ( iduser='3' )  [ RunTime:0.0002s ]
SQL: SHOW COLUMNS FROM `ihanc_3`.`sale` [ RunTime:0.0005s ]
SQL: INSERT INTO ihanc_3.sale (`idmember`,`idgoods`,`inorder`,`number`,`price`,`sum`,`remark`,`time`,`user`) VALUES ('265','103','IN20160828-3','20','14','280','','2016-08-28 14:36:18','杨胖娃') [ RunTime:0.0078s ]
SQL: SHOW COLUMNS FROM `ihanc_3`.`log` [ RunTime:0.0007s ]
SQL: INSERT INTO ihanc_3.log (`summary`,`user`) VALUES ('265云南正雄   小熊销售单保存成功','杨胖娃') [ RunTime:0.0041s ]
INFO: [ app_end ] --START--
INFO: Run Behavior\ShowPageTraceBehavior [ RunTime:0.000516s ]
INFO: [ app_end ] --END-- [ RunTime:0.000556s ]

[ 2016-08-28T14:36:18+08:00 ] 117.173.170.145 /ihanc/eva/index.php/Home/Sale/getCredit?idmember=265
INFO: [ app_init ] --START--
INFO: Run Behavior\BuildLiteBehavior [ RunTime:0.000013s ]
INFO: [ app_init ] --END-- [ RunTime:0.000363s ]
INFO: [ app_begin ] --START--
INFO: Run Behavior\ReadHtmlCacheBehavior [ RunTime:0.000364s ]
INFO: [ app_begin ] --END-- [ RunTime:0.000411s ]
SQL: SHOW COLUMNS FROM `user` [ RunTime:0.0006s ]
SQL: SELECT * FROM `user` WHERE ( iduser='3' )  [ RunTime:0.0002s ]
SQL: SHOW COLUMNS FROM `ihanc_3`.`sale` [ RunTime:0.0005s ]
SQL: SELECT SUM(sum) AS tp_sum FROM ihanc_3.sale WHERE `idmember` = 265 LIMIT 1   [ RunTime:0.0007s ]
INFO: [ app_end ] --START--
INFO: Run Behavior\ShowPageTraceBehavior [ RunTime:0.000380s ]
INFO: [ app_end ] --END-- [ RunTime:0.000418s ]

[ 2016-08-28T14:36:22+08:00 ] 117.173.170.145 /ihanc/eva/index.php/Home/Sale/searchMember
INFO: [ app_init ] --START--
INFO: Run Behavior\BuildLiteBehavior [ RunTime:0.000012s ]
INFO: [ app_init ] --END-- [ RunTime:0.000249s ]
INFO: [ app_begin ] --START--
INFO: Run Behavior\ReadHtmlCacheBehavior [ RunTime:0.000305s ]
INFO: [ app_begin ] --END-- [ RunTime:0.000349s ]
SQL: SHOW COLUMNS FROM `user` [ RunTime:0.0006s ]
SQL: SELECT * FROM `user` WHERE ( iduser='3' )  [ RunTime:0.0002s ]
SQL: SHOW COLUMNS FROM `ihanc_3`.`member` [ RunTime:0.0004s ]
SQL: SELECT `idmember`,`mname` FROM ihanc_3.member WHERE ( `mname` LIKE '%X%' OR `msn` LIKE '%X%' ) LIMIT 0,10   [ RunTime:0.0002s ]
INFO: [ app_end ] --START--
INFO: Run Behavior\ShowPageTraceBehavior [ RunTime:0.000351s ]
INFO: [ app_end ] --END-- [ RunTime:0.000389s ]

[ 2016-08-28T14:36:23+08:00 ] 117.173.170.145 /ihanc/eva/index.php/Home/Sale/searchMember
INFO: [ app_init ] --START--
INFO: Run Behavior\BuildLiteBehavior [ RunTime:0.000012s ]
INFO: [ app_init ] --END-- [ RunTime:0.000252s ]
INFO: [ app_begin ] --START--
INFO: Run Behavior\ReadHtmlCacheBehavior [ RunTime:0.000353s ]
INFO: [ app_begin ] --END-- [ RunTime:0.000403s ]
SQL: SHOW COLUMNS FROM `user` [ RunTime:0.0008s ]
SQL: SELECT * FROM `user` WHERE ( iduser='3' )  [ RunTime:0.0002s ]
SQL: SHOW COLUMNS FROM `ihanc_3`.`member` [ RunTime:0.0004s ]
SQL: SELECT `idmember`,`mname` FROM ihanc_3.member WHERE ( `mname` LIKE '%XX%' OR `msn` LIKE '%XX%' ) LIMIT 0,10   [ RunTime:0.0003s ]
INFO: [ app_end ] --START--
INFO: Run Behavior\ShowPageTraceBehavior [ RunTime:0.000387s ]
INFO: [ app_end ] --END-- [ RunTime:0.000425s ]

[ 2016-08-28T14:36:25+08:00 ] 117.173.170.145 /ihanc/eva/index.php/Home/Sale/getCredit?idmember=261
INFO: [ app_init ] --START--
INFO: Run Behavior\BuildLiteBehavior [ RunTime:0.000014s ]
INFO: [ app_init ] --END-- [ RunTime:0.000266s ]
INFO: [ app_begin ] --START--
INFO: Run Behavior\ReadHtmlCacheBehavior [ RunTime:0.000338s ]
INFO: [ app_begin ] --END-- [ RunTime:0.000383s ]
SQL: SHOW COLUMNS FROM `user` [ RunTime:0.0006s ]
SQL: SELECT * FROM `user` WHERE ( iduser='3' )  [ RunTime:0.0002s ]
SQL: SHOW COLUMNS FROM `ihanc_3`.`sale` [ RunTime:0.0005s ]
SQL: SELECT SUM(sum) AS tp_sum FROM ihanc_3.sale WHERE `idmember` = 261 LIMIT 1   [ RunTime:0.0007s ]
INFO: [ app_end ] --START--
INFO: Run Behavior\ShowPageTraceBehavior [ RunTime:0.000370s ]
INFO: [ app_end ] --END-- [ RunTime:0.000409s ]

[ 2016-08-28T14:36:28+08:00 ] 117.173.170.145 /ihanc/eva/index.php/Home/Sale/searchStockGoods
INFO: [ app_init ] --START--
INFO: Run Behavior\BuildLiteBehavior [ RunTime:0.000015s ]
INFO: [ app_init ] --END-- [ RunTime:0.000332s ]
INFO: [ app_begin ] --START--
INFO: Run Behavior\ReadHtmlCacheBehavior [ RunTime:0.000365s ]
INFO: [ app_begin ] --END-- [ RunTime:0.000419s ]
SQL: SHOW COLUMNS FROM `user` [ RunTime:0.0007s ]
SQL: SELECT * FROM `user` WHERE ( iduser='3' )  [ RunTime:0.0002s ]
SQL: SHOW COLUMNS FROM `ihanc_3`.`stock_goods_view` [ RunTime:0.0006s ]
SQL: SELECT `idgoods`,`inorder`,`stock`,`gname` FROM ihanc_3.stock_goods_view WHERE ( `gname` LIKE '%H%' OR `gsn` LIKE '%H%' )  [ RunTime:0.0003s ]
INFO: [ app_end ] --START--
INFO: Run Behavior\ShowPageTraceBehavior [ RunTime:0.000446s ]
INFO: [ app_end ] --END-- [ RunTime:0.000489s ]

[ 2016-08-28T14:36:28+08:00 ] 117.173.170.145 /ihanc/eva/index.php/Home/Sale/searchStockGoods
INFO: [ app_init ] --START--
INFO: Run Behavior\BuildLiteBehavior [ RunTime:0.000013s ]
INFO: [ app_init ] --END-- [ RunTime:0.000270s ]
INFO: [ app_begin ] --START--
INFO: Run Behavior\ReadHtmlCacheBehavior [ RunTime:0.000388s ]
INFO: [ app_begin ] --END-- [ RunTime:0.000435s ]
SQL: SHOW COLUMNS FROM `user` [ RunTime:0.0007s ]
SQL: SELECT * FROM `user` WHERE ( iduser='3' )  [ RunTime:0.0002s ]
SQL: SHOW COLUMNS FROM `ihanc_3`.`stock_goods_view` [ RunTime:0.0006s ]
SQL: SELECT `idgoods`,`inorder`,`stock`,`gname` FROM ihanc_3.stock_goods_view WHERE ( `gname` LIKE '%HL%' OR `gsn` LIKE '%HL%' )  [ RunTime:0.0003s ]
INFO: [ app_end ] --START--
INFO: Run Behavior\ShowPageTraceBehavior [ RunTime:0.000383s ]
INFO: [ app_end ] --END-- [ RunTime:0.000423s ]

[ 2016-08-28T14:36:35+08:00 ] 117.173.170.145 /ihanc/eva/index.php/Home/Sale/saleAdd
INFO: [ app_init ] --START--
INFO: Run Behavior\BuildLiteBehavior [ RunTime:0.000015s ]
INFO: [ app_init ] --END-- [ RunTime:0.000317s ]
INFO: [ app_begin ] --START--
INFO: Run Behavior\ReadHtmlCacheBehavior [ RunTime:0.000428s ]
INFO: [ app_begin ] --END-- [ RunTime:0.000469s ]
SQL: SHOW COLUMNS FROM `user` [ RunTime:0.0007s ]
SQL: SELECT * FROM `user` WHERE ( iduser='3' )  [ RunTime:0.0002s ]
SQL: SHOW COLUMNS FROM `ihanc_3`.`sale` [ RunTime:0.0005s ]
SQL: INSERT INTO ihanc_3.sale (`idmember`,`idgoods`,`inorder`,`number`,`price`,`sum`,`remark`,`time`,`user`) VALUES ('261','103','IN20160828-3','40','14','560','','2016-08-28 14:36:35','杨胖娃') [ RunTime:0.0037s ]
SQL: SHOW COLUMNS FROM `ihanc_3`.`log` [ RunTime:0.0004s ]
SQL: INSERT INTO ihanc_3.log (`summary`,`user`) VALUES ('261云南正雄小刘销售单保存成功','杨胖娃') [ RunTime:0.0030s ]
INFO: [ app_end ] --START--
INFO: Run Behavior\ShowPageTraceBehavior [ RunTime:0.000599s ]
INFO: [ app_end ] --END-- [ RunTime:0.000661s ]

[ 2016-08-28T14:36:35+08:00 ] 117.173.170.145 /ihanc/eva/index.php/Home/Sale/getCredit?idmember=261
INFO: [ app_init ] --START--
INFO: Run Behavior\BuildLiteBehavior [ RunTime:0.000018s ]
INFO: [ app_init ] --END-- [ RunTime:0.000361s ]
INFO: [ app_begin ] --START--
INFO: Run Behavior\ReadHtmlCacheBehavior [ RunTime:0.000428s ]
INFO: [ app_begin ] --END-- [ RunTime:0.000471s ]
SQL: SHOW COLUMNS FROM `user` [ RunTime:0.0006s ]
SQL: SELECT * FROM `user` WHERE ( iduser='3' )  [ RunTime:0.0002s ]
SQL: SHOW COLUMNS FROM `ihanc_3`.`sale` [ RunTime:0.0005s ]
SQL: SELECT SUM(sum) AS tp_sum FROM ihanc_3.sale WHERE `idmember` = 261 LIMIT 1   [ RunTime:0.0007s ]
INFO: [ app_end ] --START--
INFO: Run Behavior\ShowPageTraceBehavior [ RunTime:0.000377s ]
INFO: [ app_end ] --END-- [ RunTime:0.000418s ]

[ 2016-08-28T14:36:37+08:00 ] 117.173.170.145 /ihanc/eva/index.php/Home/Sale/searchMember
INFO: [ app_init ] --START--
INFO: Run Behavior\BuildLiteBehavior [ RunTime:0.000016s ]
INFO: [ app_init ] --END-- [ RunTime:0.000258s ]
INFO: [ app_begin ] --START--
INFO: Run Behavior\ReadHtmlCacheBehavior [ RunTime:0.000312s ]
INFO: [ app_begin ] --END-- [ RunTime:0.000353s ]
SQL: SHOW COLUMNS FROM `user` [ RunTime:0.0007s ]
SQL: SELECT * FROM `user` WHERE ( iduser='3' )  [ RunTime:0.0002s ]
SQL: SHOW COLUMNS FROM `ihanc_3`.`member` [ RunTime:0.0005s ]
SQL: SELECT `idmember`,`mname` FROM ihanc_3.member WHERE ( `mname` LIKE '%X%' OR `msn` LIKE '%X%' ) LIMIT 0,10   [ RunTime:0.0002s ]
INFO: [ app_end ] --START--
INFO: Run Behavior\ShowPageTraceBehavior [ RunTime:0.000371s ]
INFO: [ app_end ] --END-- [ RunTime:0.000416s ]

[ 2016-08-28T14:36:38+08:00 ] 117.173.170.145 /ihanc/eva/index.php/Home/Sale/searchMember
INFO: [ app_init ] --START--
INFO: Run Behavior\BuildLiteBehavior [ RunTime:0.000014s ]
INFO: [ app_init ] --END-- [ RunTime:0.000276s ]
INFO: [ app_begin ] --START--
INFO: Run Behavior\ReadHtmlCacheBehavior [ RunTime:0.000418s ]
INFO: [ app_begin ] --END-- [ RunTime:0.000460s ]
SQL: SHOW COLUMNS FROM `user` [ RunTime:0.0006s ]
SQL: SELECT * FROM `user` WHERE ( iduser='3' )  [ RunTime:0.0002s ]
SQL: SHOW COLUMNS FROM `ihanc_3`.`member` [ RunTime:0.0004s ]
SQL: SELECT `idmember`,`mname` FROM ihanc_3.member WHERE ( `mname` LIKE '%XC%' OR `msn` LIKE '%XC%' ) LIMIT 0,10   [ RunTime:0.0003s ]
INFO: [ app_end ] --START--
INFO: Run Behavior\ShowPageTraceBehavior [ RunTime:0.000351s ]
INFO: [ app_end ] --END-- [ RunTime:0.000388s ]

[ 2016-08-28T14:36:39+08:00 ] 117.173.170.145 /ihanc/eva/index.php/Home/Sale/getCredit?idmember=270
INFO: [ app_init ] --START--
INFO: Run Behavior\BuildLiteBehavior [ RunTime:0.000035s ]
INFO: [ app_init ] --END-- [ RunTime:0.000375s ]
INFO: [ app_begin ] --START--
INFO: Run Behavior\ReadHtmlCacheBehavior [ RunTime:0.000464s ]
INFO: [ app_begin ] --END-- [ RunTime:0.000515s ]
SQL: SHOW COLUMNS FROM `user` [ RunTime:0.0007s ]
SQL: SELECT * FROM `user` WHERE ( iduser='3' )  [ RunTime:0.0002s ]
SQL: SHOW COLUMNS FROM `ihanc_3`.`sale` [ RunTime:0.0005s ]
SQL: SELECT SUM(sum) AS tp_sum FROM ihanc_3.sale WHERE `idmember` = 270 LIMIT 1   [ RunTime:0.0008s ]
INFO: [ app_end ] --START--
INFO: Run Behavior\ShowPageTraceBehavior [ RunTime:0.000534s ]
INFO: [ app_end ] --END-- [ RunTime:0.000578s ]

[ 2016-08-28T14:36:42+08:00 ] 117.173.170.145 /ihanc/eva/index.php/Home/Sale/searchStockGoods
INFO: [ app_init ] --START--
INFO: Run Behavior\BuildLiteBehavior [ RunTime:0.000020s ]
INFO: [ app_init ] --END-- [ RunTime:0.000381s ]
INFO: [ app_begin ] --START--
INFO: Run Behavior\ReadHtmlCacheBehavior [ RunTime:0.000471s ]
INFO: [ app_begin ] --END-- [ RunTime:0.000520s ]
SQL: SHOW COLUMNS FROM `user` [ RunTime:0.0007s ]
SQL: SELECT * FROM `user` WHERE ( iduser='3' )  [ RunTime:0.0002s ]
SQL: SHOW COLUMNS FROM `ihanc_3`.`stock_goods_view` [ RunTime:0.0005s ]
SQL: SELECT `idgoods`,`inorder`,`stock`,`gname` FROM ihanc_3.stock_goods_view WHERE ( `gname` LIKE '%N%' OR `gsn` LIKE '%N%' )  [ RunTime:0.0003s ]
INFO: [ app_end ] --START--
INFO: Run Behavior\ShowPageTraceBehavior [ RunTime:0.000368s ]
INFO: [ app_end ] --END-- [ RunTime:0.000405s ]

[ 2016-08-28T14:36:42+08:00 ] 117.173.170.145 /ihanc/eva/index.php/Home/Sale/searchStockGoods
INFO: [ app_init ] --START--
INFO: Run Behavior\BuildLiteBehavior [ RunTime:0.000013s ]
INFO: [ app_init ] --END-- [ RunTime:0.000250s ]
INFO: [ app_begin ] --START--
INFO: Run Behavior\ReadHtmlCacheBehavior [ RunTime:0.000300s ]
INFO: [ app_begin ] --END-- [ RunTime:0.000337s ]
SQL: SHOW COLUMNS FROM `user` [ RunTime:0.0006s ]
SQL: SELECT * FROM `user` WHERE ( iduser='3' )  [ RunTime:0.0002s ]
SQL: SHOW COLUMNS FROM `ihanc_3`.`stock_goods_view` [ RunTime:0.0005s ]
SQL: SELECT `idgoods`,`inorder`,`stock`,`gname` FROM ihanc_3.stock_goods_view WHERE ( `gname` LIKE '%NW%' OR `gsn` LIKE '%NW%' )  [ RunTime:0.0003s ]
INFO: [ app_end ] --START--
INFO: Run Behavior\ShowPageTraceBehavior [ RunTime:0.000492s ]
INFO: [ app_end ] --END-- [ RunTime:0.000542s ]

[ 2016-08-28T14:37:06+08:00 ] 117.173.170.145 /ihanc/eva/index.php/Home/Sale/saleAdd
INFO: [ app_init ] --START--
INFO: Run Behavior\BuildLiteBehavior [ RunTime:0.000091s ]
INFO: [ app_init ] --END-- [ RunTime:0.000805s ]
INFO: [ app_begin ] --START--
INFO: Run Behavior\ReadHtmlCacheBehavior [ RunTime:0.000657s ]
INFO: [ app_begin ] --END-- [ RunTime:0.000814s ]
SQL: SHOW COLUMNS FROM `user` [ RunTime:0.0007s ]
SQL: SELECT * FROM `user` WHERE ( iduser='3' )  [ RunTime:0.0003s ]
SQL: SHOW COLUMNS FROM `ihanc_3`.`sale` [ RunTime:0.0006s ]
SQL: INSERT INTO ihanc_3.sale (`idmember`,`idgoods`,`inorder`,`number`,`price`,`sum`,`remark`,`time`,`user`) VALUES ('270','48','IN20160828-1','25','7.5','188','','2016-08-28 14:37:06','杨胖娃') [ RunTime:0.0042s ]
SQL: SHOW COLUMNS FROM `ihanc_3`.`log` [ RunTime:0.0007s ]
SQL: INSERT INTO ihanc_3.log (`summary`,`user`) VALUES ('270云南正雄小陈 销售单保存成功','杨胖娃') [ RunTime:0.0033s ]
INFO: [ app_end ] --START--
INFO: Run Behavior\ShowPageTraceBehavior [ RunTime:0.000607s ]
INFO: [ app_end ] --END-- [ RunTime:0.000656s ]

[ 2016-08-28T14:37:06+08:00 ] 117.173.170.145 /ihanc/eva/index.php/Home/Sale/getCredit?idmember=270
INFO: [ app_init ] --START--
INFO: Run Behavior\BuildLiteBehavior [ RunTime:0.000013s ]
INFO: [ app_init ] --END-- [ RunTime:0.000259s ]
INFO: [ app_begin ] --START--
INFO: Run Behavior\ReadHtmlCacheBehavior [ RunTime:0.000448s ]
INFO: [ app_begin ] --END-- [ RunTime:0.000518s ]
SQL: SHOW COLUMNS FROM `user` [ RunTime:0.0008s ]
SQL: SELECT * FROM `user` WHERE ( iduser='3' )  [ RunTime:0.0003s ]
SQL: SHOW COLUMNS FROM `ihanc_3`.`sale` [ RunTime:0.0005s ]
SQL: SELECT SUM(sum) AS tp_sum FROM ihanc_3.sale WHERE `idmember` = 270 LIMIT 1   [ RunTime:0.0008s ]
INFO: [ app_end ] --START--
INFO: Run Behavior\ShowPageTraceBehavior [ RunTime:0.000386s ]
INFO: [ app_end ] --END-- [ RunTime:0.000426s ]

[ 2016-08-28T14:37:16+08:00 ] 117.173.170.145 /ihanc/eva/index.php/Home/Sale/searchMember
INFO: [ app_init ] --START--
INFO: Run Behavior\BuildLiteBehavior [ RunTime:0.000014s ]
INFO: [ app_init ] --END-- [ RunTime:0.000288s ]
INFO: [ app_begin ] --START--
INFO: Run Behavior\ReadHtmlCacheBehavior [ RunTime:0.000334s ]
INFO: [ app_begin ] --END-- [ RunTime:0.000382s ]
SQL: SHOW COLUMNS FROM `user` [ RunTime:0.0007s ]
SQL: SELECT * FROM `user` WHERE ( iduser='3' )  [ RunTime:0.0002s ]
SQL: SHOW COLUMNS FROM `ihanc_3`.`member` [ RunTime:0.0005s ]
SQL: SELECT `idmember`,`mname` FROM ihanc_3.member WHERE ( `mname` LIKE '%X%' OR `msn` LIKE '%X%' ) LIMIT 0,10   [ RunTime:0.0002s ]
INFO: [ app_end ] --START--
INFO: Run Behavior\ShowPageTraceBehavior [ RunTime:0.000385s ]
INFO: [ app_end ] --END-- [ RunTime:0.000430s ]

[ 2016-08-28T14:37:18+08:00 ] 117.173.170.145 /ihanc/eva/index.php/Home/Sale/searchMember
INFO: [ app_init ] --START--
INFO: Run Behavior\BuildLiteBehavior [ RunTime:0.000013s ]
INFO: [ app_init ] --END-- [ RunTime:0.000299s ]
INFO: [ app_begin ] --START--
INFO: Run Behavior\ReadHtmlCacheBehavior [ RunTime:0.000302s ]
INFO: [ app_begin ] --END-- [ RunTime:0.000347s ]
SQL: SHOW COLUMNS FROM `user` [ RunTime:0.0006s ]
SQL: SELECT * FROM `user` WHERE ( iduser='3' )  [ RunTime:0.0002s ]
SQL: SHOW COLUMNS FROM `ihanc_3`.`member` [ RunTime:0.0004s ]
SQL: SELECT `idmember`,`mname` FROM ihanc_3.member WHERE ( `mname` LIKE '%XC%' OR `msn` LIKE '%XC%' ) LIMIT 0,10   [ RunTime:0.0003s ]
INFO: [ app_end ] --START--
INFO: Run Behavior\ShowPageTraceBehavior [ RunTime:0.000386s ]
INFO: [ app_end ] --END-- [ RunTime:0.000425s ]

[ 2016-08-28T14:37:20+08:00 ] 117.173.170.145 /ihanc/eva/index.php/Home/Sale/searchMember
INFO: [ app_init ] --START--
INFO: Run Behavior\BuildLiteBehavior [ RunTime:0.000017s ]
INFO: [ app_init ] --END-- [ RunTime:0.000303s ]
INFO: [ app_begin ] --START--
INFO: Run Behavior\ReadHtmlCacheBehavior [ RunTime:0.000318s ]
INFO: [ app_begin ] --END-- [ RunTime:0.000365s ]
SQL: SHOW COLUMNS FROM `user` [ RunTime:0.0007s ]
SQL: SELECT * FROM `user` WHERE ( iduser='3' )  [ RunTime:0.0002s ]
SQL: SHOW COLUMNS FROM `ihanc_3`.`member` [ RunTime:0.0005s ]
SQL: SELECT `idmember`,`mname` FROM ihanc_3.member WHERE ( `mname` LIKE '%XCS%' OR `msn` LIKE '%XCS%' ) LIMIT 0,10   [ RunTime:0.0004s ]
INFO: [ app_end ] --START--
INFO: Run Behavior\ShowPageTraceBehavior [ RunTime:0.000398s ]
INFO: [ app_end ] --END-- [ RunTime:0.000439s ]

[ 2016-08-28T14:37:22+08:00 ] 117.173.170.145 /ihanc/eva/index.php/Home/Sale/searchMember
INFO: [ app_init ] --START--
INFO: Run Behavior\BuildLiteBehavior [ RunTime:0.000012s ]
INFO: [ app_init ] --END-- [ RunTime:0.000298s ]
INFO: [ app_begin ] --START--
INFO: Run Behavior\ReadHtmlCacheBehavior [ RunTime:0.000352s ]
INFO: [ app_begin ] --END-- [ RunTime:0.000401s ]
SQL: SHOW COLUMNS FROM `user` [ RunTime:0.0007s ]
SQL: SELECT * FROM `user` WHERE ( iduser='3' )  [ RunTime:0.0002s ]
SQL: SHOW COLUMNS FROM `ihanc_3`.`member` [ RunTime:0.0004s ]
SQL: SELECT `idmember`,`mname` FROM ihanc_3.member WHERE ( `mname` LIKE '%C%' OR `msn` LIKE '%C%' ) LIMIT 0,10   [ RunTime:0.0002s ]
INFO: [ app_end ] --START--
INFO: Run Behavior\ShowPageTraceBehavior [ RunTime:0.000415s ]
INFO: [ app_end ] --END-- [ RunTime:0.000459s ]

[ 2016-08-28T14:37:23+08:00 ] 117.173.170.145 /ihanc/eva/index.php/Home/Sale/searchMember
INFO: [ app_init ] --START--
INFO: Run Behavior\BuildLiteBehavior [ RunTime:0.000012s ]
INFO: [ app_init ] --END-- [ RunTime:0.000296s ]
INFO: [ app_begin ] --START--
INFO: Run Behavior\ReadHtmlCacheBehavior [ RunTime:0.000347s ]
INFO: [ app_begin ] --END-- [ RunTime:0.000419s ]
SQL: SHOW COLUMNS FROM `user` [ RunTime:0.0007s ]
SQL: SELECT * FROM `user` WHERE ( iduser='3' )  [ RunTime:0.0002s ]
SQL: SHOW COLUMNS FROM `ihanc_3`.`member` [ RunTime:0.0004s ]
SQL: SELECT `idmember`,`mname` FROM ihanc_3.member WHERE ( `mname` LIKE '%CS%' OR `msn` LIKE '%CS%' ) LIMIT 0,10   [ RunTime:0.0002s ]
INFO: [ app_end ] --START--
INFO: Run Behavior\ShowPageTraceBehavior [ RunTime:0.000391s ]
INFO: [ app_end ] --END-- [ RunTime:0.000437s ]

[ 2016-08-28T14:37:23+08:00 ] 117.173.170.145 /ihanc/eva/index.php/Home/Sale/searchMember
INFO: [ app_init ] --START--
INFO: Run Behavior\BuildLiteBehavior [ RunTime:0.000012s ]
INFO: [ app_init ] --END-- [ RunTime:0.000315s ]
INFO: [ app_begin ] --START--
INFO: Run Behavior\ReadHtmlCacheBehavior [ RunTime:0.000374s ]
INFO: [ app_begin ] --END-- [ RunTime:0.000422s ]
SQL: SHOW COLUMNS FROM `user` [ RunTime:0.0007s ]
SQL: SELECT * FROM `user` WHERE ( iduser='3' )  [ RunTime:0.0002s ]
SQL: SHOW COLUMNS FROM `ihanc_3`.`member` [ RunTime:0.0004s ]
SQL: SELECT `idmember`,`mname` FROM ihanc_3.member WHERE ( `mname` LIKE '%CSX%' OR `msn` LIKE '%CSX%' ) LIMIT 0,10   [ RunTime:0.0003s ]
INFO: [ app_end ] --START--
INFO: Run Behavior\ShowPageTraceBehavior [ RunTime:0.000407s ]
INFO: [ app_end ] --END-- [ RunTime:0.000477s ]

[ 2016-08-28T14:37:26+08:00 ] 117.173.170.145 /ihanc/eva/index.php/Home/Sale/searchMember
INFO: [ app_init ] --START--
INFO: Run Behavior\BuildLiteBehavior [ RunTime:0.000016s ]
INFO: [ app_init ] --END-- [ RunTime:0.000359s ]
INFO: [ app_begin ] --START--
INFO: Run Behavior\ReadHtmlCacheBehavior [ RunTime:0.000435s ]
INFO: [ app_begin ] --END-- [ RunTime:0.000494s ]
SQL: SHOW COLUMNS FROM `user` [ RunTime:0.0007s ]
SQL: SELECT * FROM `user` WHERE ( iduser='3' )  [ RunTime:0.0002s ]
SQL: SHOW COLUMNS FROM `ihanc_3`.`member` [ RunTime:0.0004s ]
SQL: SELECT `idmember`,`mname` FROM ihanc_3.member WHERE ( `mname` LIKE '%X%' OR `msn` LIKE '%X%' ) LIMIT 0,10   [ RunTime:0.0002s ]
INFO: [ app_end ] --START--
INFO: Run Behavior\ShowPageTraceBehavior [ RunTime:0.000389s ]
INFO: [ app_end ] --END-- [ RunTime:0.000428s ]

[ 2016-08-28T14:37:27+08:00 ] 117.173.170.145 /ihanc/eva/index.php/Home/Sale/getCredit?idmember=6
INFO: [ app_init ] --START--
INFO: Run Behavior\BuildLiteBehavior [ RunTime:0.000018s ]
INFO: [ app_init ] --END-- [ RunTime:0.000384s ]
INFO: [ app_begin ] --START--
INFO: Run Behavior\ReadHtmlCacheBehavior [ RunTime:0.000511s ]
INFO: [ app_begin ] --END-- [ RunTime:0.000575s ]
SQL: SHOW COLUMNS FROM `user` [ RunTime:0.0006s ]
SQL: SELECT * FROM `user` WHERE ( iduser='3' )  [ RunTime:0.0002s ]
SQL: SHOW COLUMNS FROM `ihanc_3`.`sale` [ RunTime:0.0005s ]
SQL: SELECT SUM(sum) AS tp_sum FROM ihanc_3.sale WHERE `idmember` = 6 LIMIT 1   [ RunTime:0.0007s ]
INFO: [ app_end ] --START--
INFO: Run Behavior\ShowPageTraceBehavior [ RunTime:0.000404s ]
INFO: [ app_end ] --END-- [ RunTime:0.000446s ]

[ 2016-08-28T14:37:29+08:00 ] 117.173.170.145 /ihanc/eva/index.php/Home/Sale/searchStockGoods
INFO: [ app_init ] --START--
INFO: Run Behavior\BuildLiteBehavior [ RunTime:0.000013s ]
INFO: [ app_init ] --END-- [ RunTime:0.000296s ]
INFO: [ app_begin ] --START--
INFO: Run Behavior\ReadHtmlCacheBehavior [ RunTime:0.000302s ]
INFO: [ app_begin ] --END-- [ RunTime:0.000356s ]
SQL: SHOW COLUMNS FROM `user` [ RunTime:0.0007s ]
SQL: SELECT * FROM `user` WHERE ( iduser='3' )  [ RunTime:0.0002s ]
SQL: SHOW COLUMNS FROM `ihanc_3`.`stock_goods_view` [ RunTime:0.0005s ]
SQL: SELECT `idgoods`,`inorder`,`stock`,`gname` FROM ihanc_3.stock_goods_view WHERE ( `gname` LIKE '%H%' OR `gsn` LIKE '%H%' )  [ RunTime:0.0003s ]
INFO: [ app_end ] --START--
INFO: Run Behavior\ShowPageTraceBehavior [ RunTime:0.000372s ]
INFO: [ app_end ] --END-- [ RunTime:0.000412s ]

[ 2016-08-28T14:37:29+08:00 ] 117.173.170.145 /ihanc/eva/index.php/Home/Sale/searchStockGoods
INFO: [ app_init ] --START--
INFO: Run Behavior\BuildLiteBehavior [ RunTime:0.000016s ]
INFO: [ app_init ] --END-- [ RunTime:0.000316s ]
INFO: [ app_begin ] --START--
INFO: Run Behavior\ReadHtmlCacheBehavior [ RunTime:0.000332s ]
INFO: [ app_begin ] --END-- [ RunTime:0.000377s ]
SQL: SHOW COLUMNS FROM `user` [ RunTime:0.0009s ]
SQL: SELECT * FROM `user` WHERE ( iduser='3' )  [ RunTime:0.0003s ]
SQL: SHOW COLUMNS FROM `ihanc_3`.`stock_goods_view` [ RunTime:0.0007s ]
SQL: SELECT `idgoods`,`inorder`,`stock`,`gname` FROM ihanc_3.stock_goods_view WHERE ( `gname` LIKE '%HL%' OR `gsn` LIKE '%HL%' )  [ RunTime:0.0004s ]
INFO: [ app_end ] --START--
INFO: Run Behavior\ShowPageTraceBehavior [ RunTime:0.000569s ]
INFO: [ app_end ] --END-- [ RunTime:0.000628s ]

[ 2016-08-28T14:37:39+08:00 ] 117.173.170.145 /ihanc/eva/index.php/Home/Sale/saleAdd
INFO: [ app_init ] --START--
INFO: Run Behavior\BuildLiteBehavior [ RunTime:0.000013s ]
INFO: [ app_init ] --END-- [ RunTime:0.000279s ]
INFO: [ app_begin ] --START--
INFO: Run Behavior\ReadHtmlCacheBehavior [ RunTime:0.000312s ]
INFO: [ app_begin ] --END-- [ RunTime:0.000357s ]
SQL: SHOW COLUMNS FROM `user` [ RunTime:0.0007s ]
SQL: SELECT * FROM `user` WHERE ( iduser='3' )  [ RunTime:0.0002s ]
SQL: SHOW COLUMNS FROM `ihanc_3`.`sale` [ RunTime:0.0006s ]
SQL: INSERT INTO ihanc_3.sale (`idmember`,`idgoods`,`inorder`,`number`,`price`,`sum`,`remark`,`time`,`user`) VALUES ('6','103','IN20160828-3','10','15','150','','2016-08-28 14:37:39','杨胖娃') [ RunTime:0.0065s ]
SQL: SHOW COLUMNS FROM `ihanc_3`.`log` [ RunTime:0.0004s ]
SQL: INSERT INTO ihanc_3.log (`summary`,`user`) VALUES ('6现金客户销售单保存成功','杨胖娃') [ RunTime:0.0031s ]
INFO: [ app_end ] --START--
INFO: Run Behavior\ShowPageTraceBehavior [ RunTime:0.000421s ]
INFO: [ app_end ] --END-- [ RunTime:0.000459s ]

[ 2016-08-28T14:37:39+08:00 ] 117.173.170.145 /ihanc/eva/index.php/Home/Sale/getCredit?idmember=6
INFO: [ app_init ] --START--
INFO: Run Behavior\BuildLiteBehavior [ RunTime:0.000018s ]
INFO: [ app_init ] --END-- [ RunTime:0.000323s ]
INFO: [ app_begin ] --START--
INFO: Run Behavior\ReadHtmlCacheBehavior [ RunTime:0.000332s ]
INFO: [ app_begin ] --END-- [ RunTime:0.000369s ]
SQL: SHOW COLUMNS FROM `user` [ RunTime:0.0007s ]
SQL: SELECT * FROM `user` WHERE ( iduser='3' )  [ RunTime:0.0003s ]
SQL: SHOW COLUMNS FROM `ihanc_3`.`sale` [ RunTime:0.0005s ]
SQL: SELECT SUM(sum) AS tp_sum FROM ihanc_3.sale WHERE `idmember` = 6 LIMIT 1   [ RunTime:0.0008s ]
INFO: [ app_end ] --START--
INFO: Run Behavior\ShowPageTraceBehavior [ RunTime:0.000379s ]
INFO: [ app_end ] --END-- [ RunTime:0.000418s ]

[ 2016-08-28T14:37:47+08:00 ] 117.173.170.145 /ihanc/eva/index.php/Home/stock/index
INFO: [ app_init ] --START--
INFO: Run Behavior\BuildLiteBehavior [ RunTime:0.000013s ]
INFO: [ app_init ] --END-- [ RunTime:0.000265s ]
INFO: [ app_begin ] --START--
INFO: Run Behavior\ReadHtmlCacheBehavior [ RunTime:0.000394s ]
INFO: [ app_begin ] --END-- [ RunTime:0.000445s ]
SQL: SHOW COLUMNS FROM `user` [ RunTime:0.0007s ]
SQL: SELECT * FROM `user` WHERE ( iduser='3' )  [ RunTime:0.0002s ]
SQL: SHOW COLUMNS FROM `ihanc_3`.`stock` [ RunTime:0.0005s ]
SQL: SELECT * FROM ihanc_3.stock  [ RunTime:0.0002s ]
NOTIC: [8] Undefined index: number /opt/lampp/htdocs/ihanc/eva/Application/Home/Controller/StockController.class.php 第 23 行.
NOTIC: [8] Undefined index: number /opt/lampp/htdocs/ihanc/eva/Application/Home/Controller/StockController.class.php 第 23 行.
NOTIC: [8] Undefined index: number /opt/lampp/htdocs/ihanc/eva/Application/Home/Controller/StockController.class.php 第 23 行.
NOTIC: [8] Undefined index: number /opt/lampp/htdocs/ihanc/eva/Application/Home/Controller/StockController.class.php 第 23 行.
NOTIC: [8] Undefined index: number /opt/lampp/htdocs/ihanc/eva/Application/Home/Controller/StockController.class.php 第 23 行.
NOTIC: [8] Undefined index: number /opt/lampp/htdocs/ihanc/eva/Application/Home/Controller/StockController.class.php 第 23 行.
NOTIC: [8] Undefined index: number /opt/lampp/htdocs/ihanc/eva/Application/Home/Controller/StockController.class.php 第 23 行.
NOTIC: [8] Undefined index: number /opt/lampp/htdocs/ihanc/eva/Application/Home/Controller/StockController.class.php 第 23 行.
NOTIC: [8] Undefined index: number /opt/lampp/htdocs/ihanc/eva/Application/Home/Controller/StockController.class.php 第 23 行.
NOTIC: [8] Undefined index: number /opt/lampp/htdocs/ihanc/eva/Application/Home/Controller/StockController.class.php 第 23 行.
NOTIC: [8] Undefined index: number /opt/lampp/htdocs/ihanc/eva/Application/Home/Controller/StockController.class.php 第 23 行.
NOTIC: [8] Undefined index: number /opt/lampp/htdocs/ihanc/eva/Application/Home/Controller/StockController.class.php 第 23 行.
NOTIC: [8] Undefined index: number /opt/lampp/htdocs/ihanc/eva/Application/Home/Controller/StockController.class.php 第 23 行.
NOTIC: [8] Undefined index: number /opt/lampp/htdocs/ihanc/eva/Application/Home/Controller/StockController.class.php 第 23 行.
NOTIC: [8] Undefined index: number /opt/lampp/htdocs/ihanc/eva/Application/Home/Controller/StockController.class.php 第 23 行.
NOTIC: [8] Undefined index: number /opt/lampp/htdocs/ihanc/eva/Application/Home/Controller/StockController.class.php 第 23 行.
NOTIC: [8] Undefined index: number /opt/lampp/htdocs/ihanc/eva/Application/Home/Controller/StockController.class.php 第 23 行.
NOTIC: [8] Undefined index: number /opt/lampp/htdocs/ihanc/eva/Application/Home/Controller/StockController.class.php 第 23 行.
NOTIC: [8] Undefined index: number /opt/lampp/htdocs/ihanc/eva/Application/Home/Controller/StockController.class.php 第 23 行.
NOTIC: [8] Undefined index: number /opt/lampp/htdocs/ihanc/eva/Application/Home/Controller/StockController.class.php 第 23 行.
NOTIC: [8] Undefined index: number /opt/lampp/htdocs/ihanc/eva/Application/Home/Controller/StockController.class.php 第 23 行.
NOTIC: [8] Undefined index: number /opt/lampp/htdocs/ihanc/eva/Application/Home/Controller/StockController.class.php 第 23 行.
NOTIC: [8] Undefined index: number /opt/lampp/htdocs/ihanc/eva/Application/Home/Controller/StockController.class.php 第 23 行.
NOTIC: [8] Undefined index: number /opt/lampp/htdocs/ihanc/eva/Application/Home/Controller/StockController.class.php 第 23 行.
NOTIC: [8] Undefined index: number /opt/lampp/htdocs/ihanc/eva/Application/Home/Controller/StockController.class.php 第 23 行.
NOTIC: [8] Undefined index: number /opt/lampp/htdocs/ihanc/eva/Application/Home/Controller/StockController.class.php 第 23 行.
NOTIC: [8] Undefined index: number /opt/lampp/htdocs/ihanc/eva/Application/Home/Controller/StockController.class.php 第 23 行.
NOTIC: [8] Undefined index: number /opt/lampp/htdocs/ihanc/eva/Application/Home/Controller/StockController.class.php 第 23 行.
NOTIC: [8] Undefined index: number /opt/lampp/htdocs/ihanc/eva/Application/Home/Controller/StockController.class.php 第 23 行.
NOTIC: [8] Undefined index: number /opt/lampp/htdocs/ihanc/eva/Application/Home/Controller/StockController.class.php 第 23 行.
NOTIC: [8] Undefined index: number /opt/lampp/htdocs/ihanc/eva/Application/Home/Controller/StockController.class.php 第 23 行.
NOTIC: [8] Undefined index: number /opt/lampp/htdocs/ihanc/eva/Application/Home/Controller/StockController.class.php 第 23 行.
NOTIC: [8] Undefined index: number /opt/lampp/htdocs/ihanc/eva/Application/Home/Controller/StockController.class.php 第 23 行.
NOTIC: [8] Undefined index: number /opt/lampp/htdocs/ihanc/eva/Application/Home/Controller/StockController.class.php 第 23 行.
INFO: [ view_parse ] --START--
INFO: [ template_filter ] --START--
INFO: Run Behavior\ContentReplaceBehavior [ RunTime:0.000057s ]
INFO: [ template_filter ] --END-- [ RunTime:0.000096s ]
INFO: Run Behavior\ParseTemplateBehavior [ RunTime:0.005457s ]
INFO: [ view_parse ] --END-- [ RunTime:0.005498s ]
INFO: [ view_filter ] --START--
INFO: Run Behavior\WriteHtmlCacheBehavior [ RunTime:0.000111s ]
INFO: [ view_filter ] --END-- [ RunTime:0.000137s ]
INFO: [ app_end ] --START--
INFO: Run Behavior\ShowPageTraceBehavior [ RunTime:0.000382s ]
INFO: [ app_end ] --END-- [ RunTime:0.000421s ]

[ 2016-08-28T14:37:51+08:00 ] 117.173.170.145 /ihanc/eva/index.php/Home/Stock/stockDel
INFO: [ app_init ] --START--
INFO: Run Behavior\BuildLiteBehavior [ RunTime:0.000013s ]
INFO: [ app_init ] --END-- [ RunTime:0.000248s ]
INFO: [ app_begin ] --START--
INFO: Run Behavior\ReadHtmlCacheBehavior [ RunTime:0.000305s ]
INFO: [ app_begin ] --END-- [ RunTime:0.000359s ]
SQL: SHOW COLUMNS FROM `user` [ RunTime:0.0007s ]
SQL: SELECT * FROM `user` WHERE ( iduser='3' )  [ RunTime:0.0002s ]
SQL: SHOW COLUMNS FROM `ihanc_3`.`stock` [ RunTime:0.0005s ]
SQL: DELETE FROM ihanc_3.stock WHERE `idstock` = 4697 [ RunTime:0.0036s ]
SQL: SHOW COLUMNS FROM `ihanc_3`.`log` [ RunTime:0.0004s ]
SQL: INSERT INTO ihanc_3.log (`summary`,`user`) VALUES ('删除库存id4697','杨胖娃') [ RunTime:0.0031s ]
INFO: [ app_end ] --START--
INFO: Run Behavior\ShowPageTraceBehavior [ RunTime:0.000427s ]
INFO: [ app_end ] --END-- [ RunTime:0.000473s ]

[ 2016-08-28T14:37:57+08:00 ] 117.173.170.145 /ihanc/eva/index.php/Home/Stock/stockDel
INFO: [ app_init ] --START--
INFO: Run Behavior\BuildLiteBehavior [ RunTime:0.000013s ]
INFO: [ app_init ] --END-- [ RunTime:0.000301s ]
INFO: [ app_begin ] --START--
INFO: Run Behavior\ReadHtmlCacheBehavior [ RunTime:0.000349s ]
INFO: [ app_begin ] --END-- [ RunTime:0.000396s ]
SQL: SHOW COLUMNS FROM `user` [ RunTime:0.0009s ]
SQL: SELECT * FROM `user` WHERE ( iduser='3' )  [ RunTime:0.0002s ]
SQL: SHOW COLUMNS FROM `ihanc_3`.`stock` [ RunTime:0.0005s ]
SQL: DELETE FROM ihanc_3.stock WHERE `idstock` = 4577 [ RunTime:0.0052s ]
SQL: SHOW COLUMNS FROM `ihanc_3`.`log` [ RunTime:0.0010s ]
SQL: INSERT INTO ihanc_3.log (`summary`,`user`) VALUES ('删除库存id4577','杨胖娃') [ RunTime:0.0051s ]
INFO: [ app_end ] --START--
INFO: Run Behavior\ShowPageTraceBehavior [ RunTime:0.000924s ]
INFO: [ app_end ] --END-- [ RunTime:0.000988s ]

[ 2016-08-28T14:38:00+08:00 ] 117.173.170.145 /ihanc/eva/index.php/Home/Stock/stockDel
INFO: [ app_init ] --START--
INFO: Run Behavior\BuildLiteBehavior [ RunTime:0.000012s ]
INFO: [ app_init ] --END-- [ RunTime:0.000250s ]
INFO: [ app_begin ] --START--
INFO: Run Behavior\ReadHtmlCacheBehavior [ RunTime:0.000306s ]
INFO: [ app_begin ] --END-- [ RunTime:0.000351s ]
SQL: SHOW COLUMNS FROM `user` [ RunTime:0.0007s ]
SQL: SELECT * FROM `user` WHERE ( iduser='3' )  [ RunTime:0.0002s ]
SQL: SHOW COLUMNS FROM `ihanc_3`.`stock` [ RunTime:0.0004s ]
SQL: DELETE FROM ihanc_3.stock WHERE `idstock` = 4715 [ RunTime:0.0035s ]
SQL: SHOW COLUMNS FROM `ihanc_3`.`log` [ RunTime:0.0005s ]
SQL: INSERT INTO ihanc_3.log (`summary`,`user`) VALUES ('删除库存id4715','杨胖娃') [ RunTime:0.0028s ]
INFO: [ app_end ] --START--
INFO: Run Behavior\ShowPageTraceBehavior [ RunTime:0.000412s ]
INFO: [ app_end ] --END-- [ RunTime:0.000450s ]

[ 2016-08-28T14:38:01+08:00 ] 117.173.170.145 /ihanc/eva/index.php/Home/Stock/stockDel
INFO: [ app_init ] --START--
INFO: Run Behavior\BuildLiteBehavior [ RunTime:0.000018s ]
INFO: [ app_init ] --END-- [ RunTime:0.000381s ]
INFO: [ app_begin ] --START--
INFO: Run Behavior\ReadHtmlCacheBehavior [ RunTime:0.000501s ]
INFO: [ app_begin ] --END-- [ RunTime:0.000569s ]
SQL: SHOW COLUMNS FROM `user` [ RunTime:0.0009s ]
SQL: SELECT * FROM `user` WHERE ( iduser='3' )  [ RunTime:0.0003s ]
SQL: SHOW COLUMNS FROM `ihanc_3`.`stock` [ RunTime:0.0006s ]
SQL: DELETE FROM ihanc_3.stock WHERE `idstock` = 4733 [ RunTime:0.0040s ]
SQL: SHOW COLUMNS FROM `ihanc_3`.`log` [ RunTime:0.0007s ]
SQL: INSERT INTO ihanc_3.log (`summary`,`user`) VALUES ('删除库存id4733','杨胖娃') [ RunTime:0.0032s ]
INFO: [ app_end ] --START--
INFO: Run Behavior\ShowPageTraceBehavior [ RunTime:0.000658s ]
INFO: [ app_end ] --END-- [ RunTime:0.000714s ]

[ 2016-08-28T14:38:03+08:00 ] 117.173.170.145 /ihanc/eva/index.php/Home/Stock/stockDel
INFO: [ app_init ] --START--
INFO: Run Behavior\BuildLiteBehavior [ RunTime:0.000017s ]
INFO: [ app_init ] --END-- [ RunTime:0.000298s ]
INFO: [ app_begin ] --START--
INFO: Run Behavior\ReadHtmlCacheBehavior [ RunTime:0.000396s ]
INFO: [ app_begin ] --END-- [ RunTime:0.000454s ]
SQL: SHOW COLUMNS FROM `user` [ RunTime:0.0007s ]
SQL: SELECT * FROM `user` WHERE ( iduser='3' )  [ RunTime:0.0002s ]
SQL: SHOW COLUMNS FROM `ihanc_3`.`stock` [ RunTime:0.0004s ]
SQL: DELETE FROM ihanc_3.stock WHERE `idstock` = 4734 [ RunTime:0.0035s ]
SQL: SHOW COLUMNS FROM `ihanc_3`.`log` [ RunTime:0.0004s ]
SQL: INSERT INTO ihanc_3.log (`summary`,`user`) VALUES ('删除库存id4734','杨胖娃') [ RunTime:0.0041s ]
INFO: [ app_end ] --START--
INFO: Run Behavior\ShowPageTraceBehavior [ RunTime:0.000398s ]
INFO: [ app_end ] --END-- [ RunTime:0.000448s ]

[ 2016-08-28T14:38:04+08:00 ] 117.173.170.145 /ihanc/eva/index.php/Home/Stock/stockDel
INFO: [ app_init ] --START--
INFO: Run Behavior\BuildLiteBehavior [ RunTime:0.000014s ]
INFO: [ app_init ] --END-- [ RunTime:0.000332s ]
INFO: [ app_begin ] --START--
INFO: Run Behavior\ReadHtmlCacheBehavior [ RunTime:0.000340s ]
INFO: [ app_begin ] --END-- [ RunTime:0.000387s ]
SQL: SHOW COLUMNS FROM `user` [ RunTime:0.0007s ]
SQL: SELECT * FROM `user` WHERE ( iduser='3' )  [ RunTime:0.0002s ]
SQL: SHOW COLUMNS FROM `ihanc_3`.`stock` [ RunTime:0.0004s ]
SQL: DELETE FROM ihanc_3.stock WHERE `idstock` = 4736 [ RunTime:0.0038s ]
SQL: SHOW COLUMNS FROM `ihanc_3`.`log` [ RunTime:0.0005s ]
SQL: INSERT INTO ihanc_3.log (`summary`,`user`) VALUES ('删除库存id4736','杨胖娃') [ RunTime:0.0027s ]
INFO: [ app_end ] --START--
INFO: Run Behavior\ShowPageTraceBehavior [ RunTime:0.000381s ]
INFO: [ app_end ] --END-- [ RunTime:0.000432s ]

[ 2016-08-28T14:38:06+08:00 ] 117.173.170.145 /ihanc/eva/index.php/Home/Stock/stockDel
INFO: [ app_init ] --START--
INFO: Run Behavior\BuildLiteBehavior [ RunTime:0.000015s ]
INFO: [ app_init ] --END-- [ RunTime:0.000312s ]
INFO: [ app_begin ] --START--
INFO: Run Behavior\ReadHtmlCacheBehavior [ RunTime:0.000376s ]
INFO: [ app_begin ] --END-- [ RunTime:0.000421s ]
SQL: SHOW COLUMNS FROM `user` [ RunTime:0.0007s ]
SQL: SELECT * FROM `user` WHERE ( iduser='3' )  [ RunTime:0.0002s ]
SQL: SHOW COLUMNS FROM `ihanc_3`.`stock` [ RunTime:0.0004s ]
SQL: DELETE FROM ihanc_3.stock WHERE `idstock` = 4737 [ RunTime:0.0042s ]
SQL: SHOW COLUMNS FROM `ihanc_3`.`log` [ RunTime:0.0004s ]
SQL: INSERT INTO ihanc_3.log (`summary`,`user`) VALUES ('删除库存id4737','杨胖娃') [ RunTime:0.0030s ]
INFO: [ app_end ] --START--
INFO: Run Behavior\ShowPageTraceBehavior [ RunTime:0.000434s ]
INFO: [ app_end ] --END-- [ RunTime:0.000472s ]

[ 2016-08-28T14:38:07+08:00 ] 117.173.170.145 /ihanc/eva/index.php/Home/Stock/stockDel
INFO: [ app_init ] --START--
INFO: Run Behavior\BuildLiteBehavior [ RunTime:0.000021s ]
INFO: [ app_init ] --END-- [ RunTime:0.000264s ]
INFO: [ app_begin ] --START--
INFO: Run Behavior\ReadHtmlCacheBehavior [ RunTime:0.000319s ]
INFO: [ app_begin ] --END-- [ RunTime:0.000364s ]
SQL: SHOW COLUMNS FROM `user` [ RunTime:0.0007s ]
SQL: SELECT * FROM `user` WHERE ( iduser='3' )  [ RunTime:0.0002s ]
SQL: SHOW COLUMNS FROM `ihanc_3`.`stock` [ RunTime:0.0004s ]
SQL: DELETE FROM ihanc_3.stock WHERE `idstock` = 4738 [ RunTime:0.0040s ]
SQL: SHOW COLUMNS FROM `ihanc_3`.`log` [ RunTime:0.0005s ]
SQL: INSERT INTO ihanc_3.log (`summary`,`user`) VALUES ('删除库存id4738','杨胖娃') [ RunTime:0.0028s ]
INFO: [ app_end ] --START--
INFO: Run Behavior\ShowPageTraceBehavior [ RunTime:0.000417s ]
INFO: [ app_end ] --END-- [ RunTime:0.000454s ]

[ 2016-08-28T14:38:08+08:00 ] 117.173.170.145 /ihanc/eva/index.php/Home/Stock/stockDel
INFO: [ app_init ] --START--
INFO: Run Behavior\BuildLiteBehavior [ RunTime:0.000013s ]
INFO: [ app_init ] --END-- [ RunTime:0.000250s ]
INFO: [ app_begin ] --START--
INFO: Run Behavior\ReadHtmlCacheBehavior [ RunTime:0.000390s ]
INFO: [ app_begin ] --END-- [ RunTime:0.000436s ]
SQL: SHOW COLUMNS FROM `user` [ RunTime:0.0007s ]
SQL: SELECT * FROM `user` WHERE ( iduser='3' )  [ RunTime:0.0002s ]
SQL: SHOW COLUMNS FROM `ihanc_3`.`stock` [ RunTime:0.0005s ]
SQL: DELETE FROM ihanc_3.stock WHERE `idstock` = 4739 [ RunTime:0.0039s ]
SQL: SHOW COLUMNS FROM `ihanc_3`.`log` [ RunTime:0.0006s ]
SQL: INSERT INTO ihanc_3.log (`summary`,`user`) VALUES ('删除库存id4739','杨胖娃') [ RunTime:0.0032s ]
INFO: [ app_end ] --START--
INFO: Run Behavior\ShowPageTraceBehavior [ RunTime:0.000399s ]
INFO: [ app_end ] --END-- [ RunTime:0.000449s ]

[ 2016-08-28T14:38:09+08:00 ] 117.173.170.145 /ihanc/eva/index.php/Home/Stock/stockDel
INFO: [ app_init ] --START--
INFO: Run Behavior\BuildLiteBehavior [ RunTime:0.000012s ]
INFO: [ app_init ] --END-- [ RunTime:0.000260s ]
INFO: [ app_begin ] --START--
INFO: Run Behavior\ReadHtmlCacheBehavior [ RunTime:0.000378s ]
INFO: [ app_begin ] --END-- [ RunTime:0.000434s ]
SQL: SHOW COLUMNS FROM `user` [ RunTime:0.0007s ]
SQL: SELECT * FROM `user` WHERE ( iduser='3' )  [ RunTime:0.0002s ]
SQL: SHOW COLUMNS FROM `ihanc_3`.`stock` [ RunTime:0.0005s ]
SQL: DELETE FROM ihanc_3.stock WHERE `idstock` = 4740 [ RunTime:0.0046s ]
SQL: SHOW COLUMNS FROM `ihanc_3`.`log` [ RunTime:0.0005s ]
SQL: INSERT INTO ihanc_3.log (`summary`,`user`) VALUES ('删除库存id4740','杨胖娃') [ RunTime:0.0026s ]
INFO: [ app_end ] --START--
INFO: Run Behavior\ShowPageTraceBehavior [ RunTime:0.000389s ]
INFO: [ app_end ] --END-- [ RunTime:0.000427s ]

[ 2016-08-28T14:38:10+08:00 ] 117.173.170.145 /ihanc/eva/index.php/Home/Stock/stockDel
INFO: [ app_init ] --START--
INFO: Run Behavior\BuildLiteBehavior [ RunTime:0.000014s ]
INFO: [ app_init ] --END-- [ RunTime:0.000340s ]
INFO: [ app_begin ] --START--
INFO: Run Behavior\ReadHtmlCacheBehavior [ RunTime:0.000372s ]
INFO: [ app_begin ] --END-- [ RunTime:0.000426s ]
SQL: SHOW COLUMNS FROM `user` [ RunTime:0.0007s ]
SQL: SELECT * FROM `user` WHERE ( iduser='3' )  [ RunTime:0.0002s ]
SQL: SHOW COLUMNS FROM `ihanc_3`.`stock` [ RunTime:0.0004s ]
SQL: DELETE FROM ihanc_3.stock WHERE `idstock` = 4741 [ RunTime:0.0037s ]
SQL: SHOW COLUMNS FROM `ihanc_3`.`log` [ RunTime:0.0005s ]
SQL: INSERT INTO ihanc_3.log (`summary`,`user`) VALUES ('删除库存id4741','杨胖娃') [ RunTime:0.0028s ]
INFO: [ app_end ] --START--
INFO: Run Behavior\ShowPageTraceBehavior [ RunTime:0.000362s ]
INFO: [ app_end ] --END-- [ RunTime:0.000398s ]

[ 2016-08-28T14:38:13+08:00 ] 117.173.170.145 /ihanc/eva/index.php/Home/Stock/stockDel
INFO: [ app_init ] --START--
INFO: Run Behavior\BuildLiteBehavior [ RunTime:0.000012s ]
INFO: [ app_init ] --END-- [ RunTime:0.000251s ]
INFO: [ app_begin ] --START--
INFO: Run Behavior\ReadHtmlCacheBehavior [ RunTime:0.000308s ]
INFO: [ app_begin ] --END-- [ RunTime:0.000354s ]
SQL: SHOW COLUMNS FROM `user` [ RunTime:0.0007s ]
SQL: SELECT * FROM `user` WHERE ( iduser='3' )  [ RunTime:0.0002s ]
SQL: SHOW COLUMNS FROM `ihanc_3`.`stock` [ RunTime:0.0004s ]
SQL: DELETE FROM ihanc_3.stock WHERE `idstock` = 4742 [ RunTime:0.0035s ]
SQL: SHOW COLUMNS FROM `ihanc_3`.`log` [ RunTime:0.0004s ]
SQL: INSERT INTO ihanc_3.log (`summary`,`user`) VALUES ('删除库存id4742','杨胖娃') [ RunTime:0.0027s ]
INFO: [ app_end ] --START--
INFO: Run Behavior\ShowPageTraceBehavior [ RunTime:0.000419s ]
INFO: [ app_end ] --END-- [ RunTime:0.000457s ]

[ 2016-08-28T14:38:14+08:00 ] 117.173.170.145 /ihanc/eva/index.php/Home/Stock/stockDel
INFO: [ app_init ] --START--
INFO: Run Behavior\BuildLiteBehavior [ RunTime:0.000019s ]
INFO: [ app_init ] --END-- [ RunTime:0.000369s ]
INFO: [ app_begin ] --START--
INFO: Run Behavior\ReadHtmlCacheBehavior [ RunTime:0.000395s ]
INFO: [ app_begin ] --END-- [ RunTime:0.000464s ]
SQL: SHOW COLUMNS FROM `user` [ RunTime:0.0008s ]
SQL: SELECT * FROM `user` WHERE ( iduser='3' )  [ RunTime:0.0002s ]
SQL: SHOW COLUMNS FROM `ihanc_3`.`stock` [ RunTime:0.0005s ]
SQL: DELETE FROM ihanc_3.stock WHERE `idstock` = 4743 [ RunTime:0.0035s ]
SQL: SHOW COLUMNS FROM `ihanc_3`.`log` [ RunTime:0.0004s ]
SQL: INSERT INTO ihanc_3.log (`summary`,`user`) VALUES ('删除库存id4743','杨胖娃') [ RunTime:0.0030s ]
INFO: [ app_end ] --START--
INFO: Run Behavior\ShowPageTraceBehavior [ RunTime:0.000484s ]
INFO: [ app_end ] --END-- [ RunTime:0.000541s ]

[ 2016-08-28T14:38:16+08:00 ] 117.173.170.145 /ihanc/eva/index.php/Home/Stock/stockDel
INFO: [ app_init ] --START--
INFO: Run Behavior\BuildLiteBehavior [ RunTime:0.000012s ]
INFO: [ app_init ] --END-- [ RunTime:0.000250s ]
INFO: [ app_begin ] --START--
INFO: Run Behavior\ReadHtmlCacheBehavior [ RunTime:0.000327s ]
INFO: [ app_begin ] --END-- [ RunTime:0.000376s ]
SQL: SHOW COLUMNS FROM `user` [ RunTime:0.0007s ]
SQL: SELECT * FROM `user` WHERE ( iduser='3' )  [ RunTime:0.0002s ]
SQL: SHOW COLUMNS FROM `ihanc_3`.`stock` [ RunTime:0.0004s ]
SQL: DELETE FROM ihanc_3.stock WHERE `idstock` = 4745 [ RunTime:0.0035s ]
SQL: SHOW COLUMNS FROM `ihanc_3`.`log` [ RunTime:0.0004s ]
SQL: INSERT INTO ihanc_3.log (`summary`,`user`) VALUES ('删除库存id4745','杨胖娃') [ RunTime:0.0029s ]
INFO: [ app_end ] --START--
INFO: Run Behavior\ShowPageTraceBehavior [ RunTime:0.000422s ]
INFO: [ app_end ] --END-- [ RunTime:0.000458s ]

[ 2016-08-28T14:38:17+08:00 ] 117.173.170.145 /ihanc/eva/index.php/Home/Stock/stockDel
INFO: [ app_init ] --START--
INFO: Run Behavior\BuildLiteBehavior [ RunTime:0.000013s ]
INFO: [ app_init ] --END-- [ RunTime:0.000303s ]
INFO: [ app_begin ] --START--
INFO: Run Behavior\ReadHtmlCacheBehavior [ RunTime:0.000396s ]
INFO: [ app_begin ] --END-- [ RunTime:0.000449s ]
SQL: SHOW COLUMNS FROM `user` [ RunTime:0.0007s ]
SQL: SELECT * FROM `user` WHERE ( iduser='3' )  [ RunTime:0.0002s ]
SQL: SHOW COLUMNS FROM `ihanc_3`.`stock` [ RunTime:0.0005s ]
SQL: DELETE FROM ihanc_3.stock WHERE `idstock` = 4746 [ RunTime:0.0037s ]
SQL: SHOW COLUMNS FROM `ihanc_3`.`log` [ RunTime:0.0006s ]
SQL: INSERT INTO ihanc_3.log (`summary`,`user`) VALUES ('删除库存id4746','杨胖娃') [ RunTime:0.0037s ]
INFO: [ app_end ] --START--
INFO: Run Behavior\ShowPageTraceBehavior [ RunTime:0.000540s ]
INFO: [ app_end ] --END-- [ RunTime:0.000591s ]

[ 2016-08-28T14:38:20+08:00 ] 117.173.170.145 /ihanc/eva/index.php/Home/Stock/stockDel
INFO: [ app_init ] --START--
INFO: Run Behavior\BuildLiteBehavior [ RunTime:0.000012s ]
INFO: [ app_init ] --END-- [ RunTime:0.000304s ]
INFO: [ app_begin ] --START--
INFO: Run Behavior\ReadHtmlCacheBehavior [ RunTime:0.000332s ]
INFO: [ app_begin ] --END-- [ RunTime:0.000378s ]
SQL: SHOW COLUMNS FROM `user` [ RunTime:0.0006s ]
SQL: SELECT * FROM `user` WHERE ( iduser='3' )  [ RunTime:0.0003s ]
SQL: SHOW COLUMNS FROM `ihanc_3`.`stock` [ RunTime:0.0005s ]
SQL: DELETE FROM ihanc_3.stock WHERE `idstock` = 4747 [ RunTime:0.0091s ]
SQL: SHOW COLUMNS FROM `ihanc_3`.`log` [ RunTime:0.0006s ]
SQL: INSERT INTO ihanc_3.log (`summary`,`user`) VALUES ('删除库存id4747','杨胖娃') [ RunTime:0.0034s ]
INFO: [ app_end ] --START--
INFO: Run Behavior\ShowPageTraceBehavior [ RunTime:0.000469s ]
INFO: [ app_end ] --END-- [ RunTime:0.000516s ]

[ 2016-08-28T14:38:23+08:00 ] 117.173.170.145 /ihanc/eva/index.php/Home/Stock/stockDel
INFO: [ app_init ] --START--
INFO: Run Behavior\BuildLiteBehavior [ RunTime:0.000012s ]
INFO: [ app_init ] --END-- [ RunTime:0.000249s ]
INFO: [ app_begin ] --START--
INFO: Run Behavior\ReadHtmlCacheBehavior [ RunTime:0.000310s ]
INFO: [ app_begin ] --END-- [ RunTime:0.000356s ]
SQL: SHOW COLUMNS FROM `user` [ RunTime:0.0007s ]
SQL: SELECT * FROM `user` WHERE ( iduser='3' )  [ RunTime:0.0003s ]
SQL: SHOW COLUMNS FROM `ihanc_3`.`stock` [ RunTime:0.0004s ]
SQL: DELETE FROM ihanc_3.stock WHERE `idstock` = 4752 [ RunTime:0.0045s ]
SQL: SHOW COLUMNS FROM `ihanc_3`.`log` [ RunTime:0.0005s ]
SQL: INSERT INTO ihanc_3.log (`summary`,`user`) VALUES ('删除库存id4752','杨胖娃') [ RunTime:0.0029s ]
INFO: [ app_end ] --START--
INFO: Run Behavior\ShowPageTraceBehavior [ RunTime:0.000394s ]
INFO: [ app_end ] --END-- [ RunTime:0.000431s ]

[ 2016-08-28T14:38:26+08:00 ] 117.173.170.145 /ihanc/eva/index.php/Home/Stock/stockDel
INFO: [ app_init ] --START--
INFO: Run Behavior\BuildLiteBehavior [ RunTime:0.000012s ]
INFO: [ app_init ] --END-- [ RunTime:0.000330s ]
INFO: [ app_begin ] --START--
INFO: Run Behavior\ReadHtmlCacheBehavior [ RunTime:0.000305s ]
INFO: [ app_begin ] --END-- [ RunTime:0.000349s ]
SQL: SHOW COLUMNS FROM `user` [ RunTime:0.0006s ]
SQL: SELECT * FROM `user` WHERE ( iduser='3' )  [ RunTime:0.0002s ]
SQL: SHOW COLUMNS FROM `ihanc_3`.`stock` [ RunTime:0.0004s ]
SQL: DELETE FROM ihanc_3.stock WHERE `idstock` = 4753 [ RunTime:0.0038s ]
SQL: SHOW COLUMNS FROM `ihanc_3`.`log` [ RunTime:0.0004s ]
SQL: INSERT INTO ihanc_3.log (`summary`,`user`) VALUES ('删除库存id4753','杨胖娃') [ RunTime:0.0036s ]
INFO: [ app_end ] --START--
INFO: Run Behavior\ShowPageTraceBehavior [ RunTime:0.000572s ]
INFO: [ app_end ] --END-- [ RunTime:0.000628s ]

[ 2016-08-28T14:38:28+08:00 ] 117.173.170.145 /ihanc/eva/index.php/Home/Stock/stockDel
INFO: [ app_init ] --START--
INFO: Run Behavior\BuildLiteBehavior [ RunTime:0.000013s ]
INFO: [ app_init ] --END-- [ RunTime:0.000256s ]
INFO: [ app_begin ] --START--
INFO: Run Behavior\ReadHtmlCacheBehavior [ RunTime:0.000309s ]
INFO: [ app_begin ] --END-- [ RunTime:0.000362s ]
SQL: SHOW COLUMNS FROM `user` [ RunTime:0.0007s ]
SQL: SELECT * FROM `user` WHERE ( iduser='3' )  [ RunTime:0.0002s ]
SQL: SHOW COLUMNS FROM `ihanc_3`.`stock` [ RunTime:0.0004s ]
SQL: DELETE FROM ihanc_3.stock WHERE `idstock` = 4754 [ RunTime:0.0035s ]
SQL: SHOW COLUMNS FROM `ihanc_3`.`log` [ RunTime:0.0005s ]
SQL: INSERT INTO ihanc_3.log (`summary`,`user`) VALUES ('删除库存id4754','杨胖娃') [ RunTime:0.0031s ]
INFO: [ app_end ] --START--
INFO: Run Behavior\ShowPageTraceBehavior [ RunTime:0.000434s ]
INFO: [ app_end ] --END-- [ RunTime:0.000473s ]

[ 2016-08-28T14:38:30+08:00 ] 117.173.170.145 /ihanc/eva/index.php/Home/Stock/stockDel
INFO: [ app_init ] --START--
INFO: Run Behavior\BuildLiteBehavior [ RunTime:0.000018s ]
INFO: [ app_init ] --END-- [ RunTime:0.000383s ]
INFO: [ app_begin ] --START--
INFO: Run Behavior\ReadHtmlCacheBehavior [ RunTime:0.000335s ]
INFO: [ app_begin ] --END-- [ RunTime:0.000381s ]
SQL: SHOW COLUMNS FROM `user` [ RunTime:0.0006s ]
SQL: SELECT * FROM `user` WHERE ( iduser='3' )  [ RunTime:0.0002s ]
SQL: SHOW COLUMNS FROM `ihanc_3`.`stock` [ RunTime:0.0004s ]
SQL: DELETE FROM ihanc_3.stock WHERE `idstock` = 4756 [ RunTime:0.0035s ]
SQL: SHOW COLUMNS FROM `ihanc_3`.`log` [ RunTime:0.0005s ]
SQL: INSERT INTO ihanc_3.log (`summary`,`user`) VALUES ('删除库存id4756','杨胖娃') [ RunTime:0.0029s ]
INFO: [ app_end ] --START--
INFO: Run Behavior\ShowPageTraceBehavior [ RunTime:0.000476s ]
INFO: [ app_end ] --END-- [ RunTime:0.000517s ]

[ 2016-08-28T14:38:31+08:00 ] 117.173.170.145 /ihanc/eva/index.php/Home/Stock/stockDel
INFO: [ app_init ] --START--
INFO: Run Behavior\BuildLiteBehavior [ RunTime:0.000012s ]
INFO: [ app_init ] --END-- [ RunTime:0.000259s ]
INFO: [ app_begin ] --START--
INFO: Run Behavior\ReadHtmlCacheBehavior [ RunTime:0.000331s ]
INFO: [ app_begin ] --END-- [ RunTime:0.000379s ]
SQL: SHOW COLUMNS FROM `user` [ RunTime:0.0007s ]
SQL: SELECT * FROM `user` WHERE ( iduser='3' )  [ RunTime:0.0002s ]
SQL: SHOW COLUMNS FROM `ihanc_3`.`stock` [ RunTime:0.0005s ]
SQL: DELETE FROM ihanc_3.stock WHERE `idstock` = 4757 [ RunTime:0.0034s ]
SQL: SHOW COLUMNS FROM `ihanc_3`.`log` [ RunTime:0.0004s ]
SQL: INSERT INTO ihanc_3.log (`summary`,`user`) VALUES ('删除库存id4757','杨胖娃') [ RunTime:0.0028s ]
INFO: [ app_end ] --START--
INFO: Run Behavior\ShowPageTraceBehavior [ RunTime:0.000425s ]
INFO: [ app_end ] --END-- [ RunTime:0.000461s ]

[ 2016-08-28T14:38:33+08:00 ] 117.173.170.145 /ihanc/eva/index.php/Home/Stock/stockDel
INFO: [ app_init ] --START--
INFO: Run Behavior\BuildLiteBehavior [ RunTime:0.000017s ]
INFO: [ app_init ] --END-- [ RunTime:0.000363s ]
INFO: [ app_begin ] --START--
INFO: Run Behavior\ReadHtmlCacheBehavior [ RunTime:0.000475s ]
INFO: [ app_begin ] --END-- [ RunTime:0.000547s ]
SQL: SHOW COLUMNS FROM `user` [ RunTime:0.0008s ]
SQL: SELECT * FROM `user` WHERE ( iduser='3' )  [ RunTime:0.0002s ]
SQL: SHOW COLUMNS FROM `ihanc_3`.`stock` [ RunTime:0.0005s ]
SQL: DELETE FROM ihanc_3.stock WHERE `idstock` = 4758 [ RunTime:0.0048s ]
SQL: SHOW COLUMNS FROM `ihanc_3`.`log` [ RunTime:0.0005s ]
SQL: INSERT INTO ihanc_3.log (`summary`,`user`) VALUES ('删除库存id4758','杨胖娃') [ RunTime:0.0032s ]
INFO: [ app_end ] --START--
INFO: Run Behavior\ShowPageTraceBehavior [ RunTime:0.000480s ]
INFO: [ app_end ] --END-- [ RunTime:0.000518s ]

[ 2016-08-28T14:38:35+08:00 ] 117.173.170.145 /ihanc/eva/index.php/Home/Stock/stockDel
INFO: [ app_init ] --START--
INFO: Run Behavior\BuildLiteBehavior [ RunTime:0.000017s ]
INFO: [ app_init ] --END-- [ RunTime:0.000346s ]
INFO: [ app_begin ] --START--
INFO: Run Behavior\ReadHtmlCacheBehavior [ RunTime:0.000486s ]
INFO: [ app_begin ] --END-- [ RunTime:0.000551s ]
SQL: SHOW COLUMNS FROM `user` [ RunTime:0.0008s ]
SQL: SELECT * FROM `user` WHERE ( iduser='3' )  [ RunTime:0.0002s ]
SQL: SHOW COLUMNS FROM `ihanc_3`.`stock` [ RunTime:0.0005s ]
SQL: DELETE FROM ihanc_3.stock WHERE `idstock` = 4759 [ RunTime:0.0036s ]
SQL: SHOW COLUMNS FROM `ihanc_3`.`log` [ RunTime:0.0004s ]
SQL: INSERT INTO ihanc_3.log (`summary`,`user`) VALUES ('删除库存id4759','杨胖娃') [ RunTime:0.0030s ]
INFO: [ app_end ] --START--
INFO: Run Behavior\ShowPageTraceBehavior [ RunTime:0.000369s ]
INFO: [ app_end ] --END-- [ RunTime:0.000411s ]

[ 2016-08-28T14:38:38+08:00 ] 117.173.170.145 /ihanc/eva/index.php/Home/sale/sale.html
INFO: [ app_init ] --START--
INFO: Run Behavior\BuildLiteBehavior [ RunTime:0.000013s ]
INFO: [ app_init ] --END-- [ RunTime:0.000275s ]
INFO: [ app_begin ] --START--
INFO: Run Behavior\ReadHtmlCacheBehavior [ RunTime:0.000353s ]
INFO: [ app_begin ] --END-- [ RunTime:0.000402s ]
SQL: SHOW COLUMNS FROM `user` [ RunTime:0.0006s ]
SQL: SELECT * FROM `user` WHERE ( iduser='3' )  [ RunTime:0.0002s ]
SQL: SHOW COLUMNS FROM `ihanc_3`.`bank` [ RunTime:0.0004s ]
SQL: SELECT `idbank`,`bname` FROM ihanc_3.bank  [ RunTime:0.0002s ]
INFO: [ view_parse ] --START--
INFO: [ template_filter ] --START--
INFO: Run Behavior\ContentReplaceBehavior [ RunTime:0.000099s ]
INFO: [ template_filter ] --END-- [ RunTime:0.000136s ]
INFO: Run Behavior\ParseTemplateBehavior [ RunTime:0.006346s ]
INFO: [ view_parse ] --END-- [ RunTime:0.006400s ]
INFO: [ view_filter ] --START--
INFO: Run Behavior\WriteHtmlCacheBehavior [ RunTime:0.000107s ]
INFO: [ view_filter ] --END-- [ RunTime:0.000135s ]
INFO: [ app_end ] --START--
INFO: Run Behavior\ShowPageTraceBehavior [ RunTime:0.000359s ]
INFO: [ app_end ] --END-- [ RunTime:0.000395s ]

[ 2016-08-28T14:38:42+08:00 ] 117.173.170.145 /ihanc/eva/index.php/Home/Sale/searchMember
INFO: [ app_init ] --START--
INFO: Run Behavior\BuildLiteBehavior [ RunTime:0.000012s ]
INFO: [ app_init ] --END-- [ RunTime:0.000300s ]
INFO: [ app_begin ] --START--
INFO: Run Behavior\ReadHtmlCacheBehavior [ RunTime:0.000401s ]
INFO: [ app_begin ] --END-- [ RunTime:0.000447s ]
SQL: SHOW COLUMNS FROM `user` [ RunTime:0.0008s ]
SQL: SELECT * FROM `user` WHERE ( iduser='3' )  [ RunTime:0.0002s ]
SQL: SHOW COLUMNS FROM `ihanc_3`.`member` [ RunTime:0.0004s ]
SQL: SELECT `idmember`,`mname` FROM ihanc_3.member WHERE ( `mname` LIKE '%X%' OR `msn` LIKE '%X%' ) LIMIT 0,10   [ RunTime:0.0003s ]
INFO: [ app_end ] --START--
INFO: Run Behavior\ShowPageTraceBehavior [ RunTime:0.000466s ]
INFO: [ app_end ] --END-- [ RunTime:0.000518s ]

[ 2016-08-28T14:38:43+08:00 ] 117.173.170.145 /ihanc/eva/index.php/Home/Sale/searchMember
INFO: [ app_init ] --START--
INFO: Run Behavior\BuildLiteBehavior [ RunTime:0.000018s ]
INFO: [ app_init ] --END-- [ RunTime:0.000387s ]
INFO: [ app_begin ] --START--
INFO: Run Behavior\ReadHtmlCacheBehavior [ RunTime:0.000465s ]
INFO: [ app_begin ] --END-- [ RunTime:0.000513s ]
SQL: SHOW COLUMNS FROM `user` [ RunTime:0.0009s ]
SQL: SELECT * FROM `user` WHERE ( iduser='3' )  [ RunTime:0.0002s ]
SQL: SHOW COLUMNS FROM `ihanc_3`.`member` [ RunTime:0.0005s ]
SQL: SELECT `idmember`,`mname` FROM ihanc_3.member WHERE ( `mname` LIKE '%XZ%' OR `msn` LIKE '%XZ%' ) LIMIT 0,10   [ RunTime:0.0005s ]
INFO: [ app_end ] --START--
INFO: Run Behavior\ShowPageTraceBehavior [ RunTime:0.000465s ]
INFO: [ app_end ] --END-- [ RunTime:0.000523s ]

[ 2016-08-28T14:38:44+08:00 ] 117.173.170.145 /ihanc/eva/index.php/Home/Sale/getCredit?idmember=121
INFO: [ app_init ] --START--
INFO: Run Behavior\BuildLiteBehavior [ RunTime:0.000012s ]
INFO: [ app_init ] --END-- [ RunTime:0.000251s ]
INFO: [ app_begin ] --START--
INFO: Run Behavior\ReadHtmlCacheBehavior [ RunTime:0.000305s ]
INFO: [ app_begin ] --END-- [ RunTime:0.000348s ]
SQL: SHOW COLUMNS FROM `user` [ RunTime:0.0007s ]
SQL: SELECT * FROM `user` WHERE ( iduser='3' )  [ RunTime:0.0002s ]
SQL: SHOW COLUMNS FROM `ihanc_3`.`sale` [ RunTime:0.0005s ]
SQL: SELECT SUM(sum) AS tp_sum FROM ihanc_3.sale WHERE `idmember` = 121 LIMIT 1   [ RunTime:0.0007s ]
INFO: [ app_end ] --START--
INFO: Run Behavior\ShowPageTraceBehavior [ RunTime:0.000350s ]
INFO: [ app_end ] --END-- [ RunTime:0.000402s ]

[ 2016-08-28T14:38:46+08:00 ] 117.173.170.145 /ihanc/eva/index.php/Home/Sale/searchStockGoods
INFO: [ app_init ] --START--
INFO: Run Behavior\BuildLiteBehavior [ RunTime:0.000014s ]
INFO: [ app_init ] --END-- [ RunTime:0.000282s ]
INFO: [ app_begin ] --START--
INFO: Run Behavior\ReadHtmlCacheBehavior [ RunTime:0.000333s ]
INFO: [ app_begin ] --END-- [ RunTime:0.000393s ]
SQL: SHOW COLUMNS FROM `user` [ RunTime:0.0007s ]
SQL: SELECT * FROM `user` WHERE ( iduser='3' )  [ RunTime:0.0002s ]
SQL: SHOW COLUMNS FROM `ihanc_3`.`stock_goods_view` [ RunTime:0.0006s ]
SQL: SELECT `idgoods`,`inorder`,`stock`,`gname` FROM ihanc_3.stock_goods_view WHERE ( `gname` LIKE '%N%' OR `gsn` LIKE '%N%' )  [ RunTime:0.0004s ]
INFO: [ app_end ] --START--
INFO: Run Behavior\ShowPageTraceBehavior [ RunTime:0.000366s ]
INFO: [ app_end ] --END-- [ RunTime:0.000411s ]

[ 2016-08-28T14:38:47+08:00 ] 117.173.170.145 /ihanc/eva/index.php/Home/Sale/searchStockGoods
INFO: [ app_init ] --START--
INFO: Run Behavior\BuildLiteBehavior [ RunTime:0.000015s ]
INFO: [ app_init ] --END-- [ RunTime:0.000373s ]
INFO: [ app_begin ] --START--
INFO: Run Behavior\ReadHtmlCacheBehavior [ RunTime:0.000385s ]
INFO: [ app_begin ] --END-- [ RunTime:0.000444s ]
SQL: SHOW COLUMNS FROM `user` [ RunTime:0.0007s ]
SQL: SELECT * FROM `user` WHERE ( iduser='3' )  [ RunTime:0.0002s ]
SQL: SHOW COLUMNS FROM `ihanc_3`.`stock_goods_view` [ RunTime:0.0006s ]
SQL: SELECT `idgoods`,`inorder`,`stock`,`gname` FROM ihanc_3.stock_goods_view WHERE ( `gname` LIKE '%NZ%' OR `gsn` LIKE '%NZ%' )  [ RunTime:0.0003s ]
INFO: [ app_end ] --START--
INFO: Run Behavior\ShowPageTraceBehavior [ RunTime:0.000432s ]
INFO: [ app_end ] --END-- [ RunTime:0.000482s ]

[ 2016-08-28T14:38:54+08:00 ] 101.226.89.117 /ihanc/eva/index.php/Home/index/index.html
INFO: [ app_init ] --START--
INFO: Run Behavior\BuildLiteBehavior [ RunTime:0.000013s ]
INFO: [ app_init ] --END-- [ RunTime:0.000287s ]
INFO: [ app_begin ] --START--
INFO: Run Behavior\ReadHtmlCacheBehavior [ RunTime:0.000311s ]
INFO: [ app_begin ] --END-- [ RunTime:0.000357s ]

[ 2016-08-28T14:38:54+08:00 ] 101.226.89.117 /ihanc/eva/index.php/Home/login/index.html
INFO: [ app_init ] --START--
INFO: Run Behavior\BuildLiteBehavior [ RunTime:0.000018s ]
INFO: [ app_init ] --END-- [ RunTime:0.000400s ]
INFO: [ app_begin ] --START--
INFO: Run Behavior\ReadHtmlCacheBehavior [ RunTime:0.000562s ]
INFO: [ app_begin ] --END-- [ RunTime:0.000627s ]
INFO: [ view_parse ] --START--
INFO: [ template_filter ] --START--
INFO: Run Behavior\ContentReplaceBehavior [ RunTime:0.000089s ]
INFO: [ template_filter ] --END-- [ RunTime:0.000154s ]
NOTIC: [8] Undefined variable: info /opt/lampp/htdocs/ihanc/eva/Application/Runtime/Cache/Home/97269d504bf33cb4c14eb7be85b7c9ec.php 第 75 行.
INFO: Run Behavior\ParseTemplateBehavior [ RunTime:0.007038s ]
INFO: [ view_parse ] --END-- [ RunTime:0.007101s ]
INFO: [ view_filter ] --START--
INFO: Run Behavior\WriteHtmlCacheBehavior [ RunTime:0.000136s ]
INFO: [ view_filter ] --END-- [ RunTime:0.000178s ]
INFO: [ app_end ] --START--
INFO: Run Behavior\ShowPageTraceBehavior [ RunTime:0.000508s ]
INFO: [ app_end ] --END-- [ RunTime:0.000562s ]

[ 2016-08-28T14:39:12+08:00 ] 117.173.170.145 /ihanc/eva/index.php/Home/Sale/saleAdd
INFO: [ app_init ] --START--
INFO: Run Behavior\BuildLiteBehavior [ RunTime:0.000013s ]
INFO: [ app_init ] --END-- [ RunTime:0.000265s ]
INFO: [ app_begin ] --START--
INFO: Run Behavior\ReadHtmlCacheBehavior [ RunTime:0.000292s ]
INFO: [ app_begin ] --END-- [ RunTime:0.000332s ]
SQL: SHOW COLUMNS FROM `user` [ RunTime:0.0007s ]
SQL: SELECT * FROM `user` WHERE ( iduser='3' )  [ RunTime:0.0002s ]
SQL: SHOW COLUMNS FROM `ihanc_3`.`sale` [ RunTime:0.0005s ]
SQL: INSERT INTO ihanc_3.sale (`idmember`,`idgoods`,`inorder`,`number`,`price`,`sum`,`remark`,`time`,`user`) VALUES ('121','86','IN20160828-1','10','1.5','15','','2016-08-28 14:39:12','杨胖娃') [ RunTime:0.0039s ]
SQL: SHOW COLUMNS FROM `ihanc_3`.`bank` [ RunTime:0.0005s ]
SQL: SELECT `sum` FROM ihanc_3.bank WHERE `idbank` = 9 LIMIT 1   [ RunTime:0.0002s ]
SQL: SHOW COLUMNS FROM `ihanc_3`.`bank_detail` [ RunTime:0.0006s ]
SQL: INSERT INTO ihanc_3.bank_detail (`sum`,`time`,`idbank`,`user`,`summary`,`balance`) VALUES ('15','2016-08-28 14:39:12','9','杨胖娃','客户付款:小钟','21156') [ RunTime:0.0039s ]
SQL: INSERT INTO ihanc_3.sale (`idmember`,`sum`,`time`,`user`) VALUES ('121','-15','2016-08-28 14:39:12','杨胖娃') [ RunTime:0.0003s ]
SQL: SELECT SUM(sum) AS tp_sum FROM ihanc_3.sale WHERE `idmember` = 121 LIMIT 1   [ RunTime:0.0012s ]
SQL: DELETE FROM ihanc_3.sale WHERE `idmember` = 121 [ RunTime:0.0039s ]
SQL: SHOW COLUMNS FROM `ihanc_3`.`log` [ RunTime:0.0004s ]
SQL: INSERT INTO ihanc_3.log (`summary`,`user`) VALUES ('121小钟销售单保存成功,收款15','杨胖娃') [ RunTime:0.0028s ]
INFO: [ app_end ] --START--
INFO: Run Behavior\ShowPageTraceBehavior [ RunTime:0.000369s ]
INFO: [ app_end ] --END-- [ RunTime:0.000414s ]

[ 2016-08-28T14:39:13+08:00 ] 117.173.170.145 /ihanc/eva/index.php/Home/Sale/getCredit?idmember=121
INFO: [ app_init ] --START--
INFO: Run Behavior\BuildLiteBehavior [ RunTime:0.000014s ]
INFO: [ app_init ] --END-- [ RunTime:0.000253s ]
INFO: [ app_begin ] --START--
INFO: Run Behavior\ReadHtmlCacheBehavior [ RunTime:0.000371s ]
INFO: [ app_begin ] --END-- [ RunTime:0.000410s ]
SQL: SHOW COLUMNS FROM `user` [ RunTime:0.0007s ]
SQL: SELECT * FROM `user` WHERE ( iduser='3' )  [ RunTime:0.0002s ]
SQL: SHOW COLUMNS FROM `ihanc_3`.`sale` [ RunTime:0.0005s ]
SQL: SELECT SUM(sum) AS tp_sum FROM ihanc_3.sale WHERE `idmember` = 121 LIMIT 1   [ RunTime:0.0007s ]
INFO: [ app_end ] --START--
INFO: Run Behavior\ShowPageTraceBehavior [ RunTime:0.000364s ]
INFO: [ app_end ] --END-- [ RunTime:0.000407s ]

[ 2016-08-28T14:39:16+08:00 ] 117.173.170.145 /ihanc/eva/index.php/Home/Sale/searchMember
INFO: [ app_init ] --START--
INFO: Run Behavior\BuildLiteBehavior [ RunTime:0.000013s ]
INFO: [ app_init ] --END-- [ RunTime:0.000240s ]
INFO: [ app_begin ] --START--
INFO: Run Behavior\ReadHtmlCacheBehavior [ RunTime:0.000296s ]
INFO: [ app_begin ] --END-- [ RunTime:0.000333s ]
SQL: SHOW COLUMNS FROM `user` [ RunTime:0.0007s ]
SQL: SELECT * FROM `user` WHERE ( iduser='3' )  [ RunTime:0.0002s ]
SQL: SHOW COLUMNS FROM `ihanc_3`.`member` [ RunTime:0.0004s ]
SQL: SELECT `idmember`,`mname` FROM ihanc_3.member WHERE ( `mname` LIKE '%G%' OR `msn` LIKE '%G%' ) LIMIT 0,10   [ RunTime:0.0002s ]
INFO: [ app_end ] --START--
INFO: Run Behavior\ShowPageTraceBehavior [ RunTime:0.000368s ]
INFO: [ app_end ] --END-- [ RunTime:0.000407s ]

[ 2016-08-28T14:39:20+08:00 ] 117.173.170.145 /ihanc/eva/index.php/Home/Sale/searchMember
INFO: [ app_init ] --START--
INFO: Run Behavior\BuildLiteBehavior [ RunTime:0.000013s ]
INFO: [ app_init ] --END-- [ RunTime:0.000287s ]
INFO: [ app_begin ] --START--
INFO: Run Behavior\ReadHtmlCacheBehavior [ RunTime:0.000319s ]
INFO: [ app_begin ] --END-- [ RunTime:0.000359s ]
SQL: SHOW COLUMNS FROM `user` [ RunTime:0.0007s ]
SQL: SELECT * FROM `user` WHERE ( iduser='3' )  [ RunTime:0.0002s ]
SQL: SHOW COLUMNS FROM `ihanc_3`.`member` [ RunTime:0.0006s ]
SQL: SELECT `idmember`,`mname` FROM ihanc_3.member WHERE ( `mname` LIKE '%X%' OR `msn` LIKE '%X%' ) LIMIT 0,10   [ RunTime:0.0002s ]
INFO: [ app_end ] --START--
INFO: Run Behavior\ShowPageTraceBehavior [ RunTime:0.000376s ]
INFO: [ app_end ] --END-- [ RunTime:0.000433s ]

[ 2016-08-28T14:39:20+08:00 ] 117.173.170.145 /ihanc/eva/index.php/Home/Sale/searchMember
INFO: [ app_init ] --START--
INFO: Run Behavior\BuildLiteBehavior [ RunTime:0.000019s ]
INFO: [ app_init ] --END-- [ RunTime:0.000377s ]
INFO: [ app_begin ] --START--
INFO: Run Behavior\ReadHtmlCacheBehavior [ RunTime:0.000504s ]
INFO: [ app_begin ] --END-- [ RunTime:0.000557s ]
SQL: SHOW COLUMNS FROM `user` [ RunTime:0.0007s ]
SQL: SELECT * FROM `user` WHERE ( iduser='3' )  [ RunTime:0.0002s ]
SQL: SHOW COLUMNS FROM `ihanc_3`.`member` [ RunTime:0.0004s ]
SQL: SELECT `idmember`,`mname` FROM ihanc_3.member WHERE ( `mname` LIKE '%XW%' OR `msn` LIKE '%XW%' ) LIMIT 0,10   [ RunTime:0.0003s ]
INFO: [ app_end ] --START--
INFO: Run Behavior\ShowPageTraceBehavior [ RunTime:0.000373s ]
INFO: [ app_end ] --END-- [ RunTime:0.000410s ]

[ 2016-08-28T14:39:24+08:00 ] 117.173.170.145 /ihanc/eva/index.php/Home/Sale/searchMember
INFO: [ app_init ] --START--
INFO: Run Behavior\BuildLiteBehavior [ RunTime:0.000013s ]
INFO: [ app_init ] --END-- [ RunTime:0.000341s ]
INFO: [ app_begin ] --START--
INFO: Run Behavior\ReadHtmlCacheBehavior [ RunTime:0.000434s ]
INFO: [ app_begin ] --END-- [ RunTime:0.000484s ]
SQL: SHOW COLUMNS FROM `user` [ RunTime:0.0008s ]
SQL: SELECT * FROM `user` WHERE ( iduser='3' )  [ RunTime:0.0002s ]
SQL: SHOW COLUMNS FROM `ihanc_3`.`member` [ RunTime:0.0005s ]
SQL: SELECT `idmember`,`mname` FROM ihanc_3.member WHERE ( `mname` LIKE '%X%' OR `msn` LIKE '%X%' ) LIMIT 0,10   [ RunTime:0.0002s ]
INFO: [ app_end ] --START--
INFO: Run Behavior\ShowPageTraceBehavior [ RunTime:0.000390s ]
INFO: [ app_end ] --END-- [ RunTime:0.000432s ]

[ 2016-08-28T14:39:28+08:00 ] 117.173.170.145 /ihanc/eva/index.php/Home/Sale/getCredit?idmember=6
INFO: [ app_init ] --START--
INFO: Run Behavior\BuildLiteBehavior [ RunTime:0.000013s ]
INFO: [ app_init ] --END-- [ RunTime:0.000282s ]
INFO: [ app_begin ] --START--
INFO: Run Behavior\ReadHtmlCacheBehavior [ RunTime:0.000338s ]
INFO: [ app_begin ] --END-- [ RunTime:0.000375s ]
SQL: SHOW COLUMNS FROM `user` [ RunTime:0.0007s ]
SQL: SELECT * FROM `user` WHERE ( iduser='3' )  [ RunTime:0.0003s ]
SQL: SHOW COLUMNS FROM `ihanc_3`.`sale` [ RunTime:0.0005s ]
SQL: SELECT SUM(sum) AS tp_sum FROM ihanc_3.sale WHERE `idmember` = 6 LIMIT 1   [ RunTime:0.0007s ]
INFO: [ app_end ] --START--
INFO: Run Behavior\ShowPageTraceBehavior [ RunTime:0.000415s ]
INFO: [ app_end ] --END-- [ RunTime:0.000454s ]

[ 2016-08-28T14:39:35+08:00 ] 117.173.170.145 /ihanc/eva/index.php/Home/Sale/searchStockGoods
INFO: [ app_init ] --START--
INFO: Run Behavior\BuildLiteBehavior [ RunTime:0.000017s ]
INFO: [ app_init ] --END-- [ RunTime:0.000370s ]
INFO: [ app_begin ] --START--
INFO: Run Behavior\ReadHtmlCacheBehavior [ RunTime:0.000479s ]
INFO: [ app_begin ] --END-- [ RunTime:0.000536s ]
SQL: SHOW COLUMNS FROM `user` [ RunTime:0.0007s ]
SQL: SELECT * FROM `user` WHERE ( iduser='3' )  [ RunTime:0.0002s ]
SQL: SHOW COLUMNS FROM `ihanc_3`.`stock_goods_view` [ RunTime:0.0006s ]
SQL: SELECT `idgoods`,`inorder`,`stock`,`gname` FROM ihanc_3.stock_goods_view WHERE ( `gname` LIKE '%Q%' OR `gsn` LIKE '%Q%' )  [ RunTime:0.0003s ]
INFO: [ app_end ] --START--
INFO: Run Behavior\ShowPageTraceBehavior [ RunTime:0.000331s ]
INFO: [ app_end ] --END-- [ RunTime:0.000366s ]

[ 2016-08-28T14:39:42+08:00 ] 117.173.170.145 /ihanc/eva/index.php/Home/Sale/saleAdd
INFO: [ app_init ] --START--
INFO: Run Behavior\BuildLiteBehavior [ RunTime:0.000016s ]
INFO: [ app_init ] --END-- [ RunTime:0.000410s ]
INFO: [ app_begin ] --START--
INFO: Run Behavior\ReadHtmlCacheBehavior [ RunTime:0.000572s ]
INFO: [ app_begin ] --END-- [ RunTime:0.000635s ]
SQL: SHOW COLUMNS FROM `user` [ RunTime:0.0009s ]
SQL: SELECT * FROM `user` WHERE ( iduser='3' )  [ RunTime:0.0003s ]
SQL: SHOW COLUMNS FROM `ihanc_3`.`sale` [ RunTime:0.0006s ]
SQL: INSERT INTO ihanc_3.sale (`idmember`,`idgoods`,`inorder`,`number`,`price`,`sum`,`remark`,`time`,`user`) VALUES ('6','33','IN20160828-1','27','12.5','338','','2016-08-28 14:39:42','杨胖娃') [ RunTime:0.0049s ]
SQL: SHOW COLUMNS FROM `ihanc_3`.`log` [ RunTime:0.0004s ]
SQL: INSERT INTO ihanc_3.log (`summary`,`user`) VALUES ('6现金客户销售单保存成功','杨胖娃') [ RunTime:0.0030s ]
INFO: [ app_end ] --START--
INFO: Run Behavior\ShowPageTraceBehavior [ RunTime:0.000382s ]
INFO: [ app_end ] --END-- [ RunTime:0.000418s ]

[ 2016-08-28T14:39:42+08:00 ] 117.173.170.145 /ihanc/eva/index.php/Home/Sale/getCredit?idmember=6
INFO: [ app_init ] --START--
INFO: Run Behavior\BuildLiteBehavior [ RunTime:0.000012s ]
INFO: [ app_init ] --END-- [ RunTime:0.000278s ]
INFO: [ app_begin ] --START--
INFO: Run Behavior\ReadHtmlCacheBehavior [ RunTime:0.000332s ]
INFO: [ app_begin ] --END-- [ RunTime:0.000390s ]
SQL: SHOW COLUMNS FROM `user` [ RunTime:0.0007s ]
SQL: SELECT * FROM `user` WHERE ( iduser='3' )  [ RunTime:0.0002s ]
SQL: SHOW COLUMNS FROM `ihanc_3`.`sale` [ RunTime:0.0005s ]
SQL: SELECT SUM(sum) AS tp_sum FROM ihanc_3.sale WHERE `idmember` = 6 LIMIT 1   [ RunTime:0.0008s ]
INFO: [ app_end ] --START--
INFO: Run Behavior\ShowPageTraceBehavior [ RunTime:0.000367s ]
INFO: [ app_end ] --END-- [ RunTime:0.000406s ]

[ 2016-08-28T14:39:46+08:00 ] 117.173.170.145 /ihanc/eva/index.php/Home/Sale/searchStockGoods
INFO: [ app_init ] --START--
INFO: Run Behavior\BuildLiteBehavior [ RunTime:0.000012s ]
INFO: [ app_init ] --END-- [ RunTime:0.000274s ]
INFO: [ app_begin ] --START--
INFO: Run Behavior\ReadHtmlCacheBehavior [ RunTime:0.000304s ]
INFO: [ app_begin ] --END-- [ RunTime:0.000348s ]
SQL: SHOW COLUMNS FROM `user` [ RunTime:0.0006s ]
SQL: SELECT * FROM `user` WHERE ( iduser='3' )  [ RunTime:0.0002s ]
SQL: SHOW COLUMNS FROM `ihanc_3`.`stock_goods_view` [ RunTime:0.0005s ]
SQL: SELECT `idgoods`,`inorder`,`stock`,`gname` FROM ihanc_3.stock_goods_view WHERE ( `gname` LIKE '%N%' OR `gsn` LIKE '%N%' )  [ RunTime:0.0003s ]
INFO: [ app_end ] --START--
INFO: Run Behavior\ShowPageTraceBehavior [ RunTime:0.000358s ]
INFO: [ app_end ] --END-- [ RunTime:0.000396s ]

[ 2016-08-28T14:39:46+08:00 ] 117.173.170.145 /ihanc/eva/index.php/Home/Sale/searchStockGoods
INFO: [ app_init ] --START--
INFO: Run Behavior\BuildLiteBehavior [ RunTime:0.000017s ]
INFO: [ app_init ] --END-- [ RunTime:0.000365s ]
INFO: [ app_begin ] --START--
INFO: Run Behavior\ReadHtmlCacheBehavior [ RunTime:0.000479s ]
INFO: [ app_begin ] --END-- [ RunTime:0.000538s ]
SQL: SHOW COLUMNS FROM `user` [ RunTime:0.0008s ]
SQL: SELECT * FROM `user` WHERE ( iduser='3' )  [ RunTime:0.0002s ]
SQL: SHOW COLUMNS FROM `ihanc_3`.`stock_goods_view` [ RunTime:0.0007s ]
SQL: SELECT `idgoods`,`inorder`,`stock`,`gname` FROM ihanc_3.stock_goods_view WHERE ( `gname` LIKE '%NW%' OR `gsn` LIKE '%NW%' )  [ RunTime:0.0004s ]
INFO: [ app_end ] --START--
INFO: Run Behavior\ShowPageTraceBehavior [ RunTime:0.000514s ]
INFO: [ app_end ] --END-- [ RunTime:0.000575s ]

[ 2016-08-28T14:40:08+08:00 ] 117.173.170.145 /ihanc/eva/index.php/Home/Sale/saleAdd
INFO: [ app_init ] --START--
INFO: Run Behavior\BuildLiteBehavior [ RunTime:0.000019s ]
INFO: [ app_init ] --END-- [ RunTime:0.000290s ]
INFO: [ app_begin ] --START--
INFO: Run Behavior\ReadHtmlCacheBehavior [ RunTime:0.000317s ]
INFO: [ app_begin ] --END-- [ RunTime:0.000365s ]
SQL: SHOW COLUMNS FROM `user` [ RunTime:0.0007s ]
SQL: SELECT * FROM `user` WHERE ( iduser='3' )  [ RunTime:0.0002s ]
SQL: SHOW COLUMNS FROM `ihanc_3`.`sale` [ RunTime:0.0006s ]
SQL: INSERT INTO ihanc_3.sale (`idmember`,`idgoods`,`inorder`,`number`,`price`,`sum`,`remark`,`time`,`user`) VALUES ('6','48','IN20160828-1','4','8','32','','2016-08-28 14:40:08','杨胖娃') [ RunTime:0.0066s ]
SQL: SHOW COLUMNS FROM `ihanc_3`.`log` [ RunTime:0.0007s ]
SQL: INSERT INTO ihanc_3.log (`summary`,`user`) VALUES ('6现金客户销售单保存成功','杨胖娃') [ RunTime:0.0033s ]
INFO: [ app_end ] --START--
INFO: Run Behavior\ShowPageTraceBehavior [ RunTime:0.000717s ]
INFO: [ app_end ] --END-- [ RunTime:0.000771s ]

[ 2016-08-28T14:40:08+08:00 ] 117.173.170.145 /ihanc/eva/index.php/Home/Sale/getCredit?idmember=6
INFO: [ app_init ] --START--
INFO: Run Behavior\BuildLiteBehavior [ RunTime:0.000013s ]
INFO: [ app_init ] --END-- [ RunTime:0.000238s ]
INFO: [ app_begin ] --START--
INFO: Run Behavior\ReadHtmlCacheBehavior [ RunTime:0.000293s ]
INFO: [ app_begin ] --END-- [ RunTime:0.000331s ]
SQL: SHOW COLUMNS FROM `user` [ RunTime:0.0006s ]
SQL: SELECT * FROM `user` WHERE ( iduser='3' )  [ RunTime:0.0002s ]
SQL: SHOW COLUMNS FROM `ihanc_3`.`sale` [ RunTime:0.0004s ]
SQL: SELECT SUM(sum) AS tp_sum FROM ihanc_3.sale WHERE `idmember` = 6 LIMIT 1   [ RunTime:0.0007s ]
INFO: [ app_end ] --START--
INFO: Run Behavior\ShowPageTraceBehavior [ RunTime:0.000364s ]
INFO: [ app_end ] --END-- [ RunTime:0.000398s ]

[ 2016-08-28T14:40:10+08:00 ] 117.173.170.145 /ihanc/eva/index.php/Home/Sale/mcreditDetail?idmember=6
INFO: [ app_init ] --START--
INFO: Run Behavior\BuildLiteBehavior [ RunTime:0.000108s ]
INFO: [ app_init ] --END-- [ RunTime:0.000692s ]
INFO: [ app_begin ] --START--
INFO: Run Behavior\ReadHtmlCacheBehavior [ RunTime:0.000595s ]
INFO: [ app_begin ] --END-- [ RunTime:0.000782s ]
SQL: SHOW COLUMNS FROM `user` [ RunTime:0.0015s ]
SQL: SELECT * FROM `user` WHERE ( iduser='3' )  [ RunTime:0.0002s ]
SQL: SHOW COLUMNS FROM `ihanc_3`.`sale` [ RunTime:0.0008s ]
SQL: SELECT `idsale`,`idmember`,`inorder`,`idgoods`,`number`,`price`,`time`,`sum`,`cf`,`remark`,`idintime` FROM ihanc_3.sale WHERE `idmember` = 6 ORDER BY idsale  [ RunTime:0.0013s ]
NOTIC: [8] Undefined variable: sum /opt/lampp/htdocs/ihanc/eva/Application/Home/Controller/SaleController.class.php 第 238 行.
SQL: SHOW COLUMNS FROM `ihanc_3`.`bank` [ RunTime:0.0004s ]
SQL: SELECT `idbank`,`bname` FROM ihanc_3.bank  [ RunTime:0.0001s ]
INFO: [ view_parse ] --START--
INFO: [ template_filter ] --START--
INFO: Run Behavior\ContentReplaceBehavior [ RunTime:0.000096s ]
INFO: [ template_filter ] --END-- [ RunTime:0.000159s ]
INFO: Run Behavior\ParseTemplateBehavior [ RunTime:0.008559s ]
INFO: [ view_parse ] --END-- [ RunTime:0.008616s ]
INFO: [ view_filter ] --START--
INFO: Run Behavior\WriteHtmlCacheBehavior [ RunTime:0.000160s ]
INFO: [ view_filter ] --END-- [ RunTime:0.000203s ]
INFO: [ app_end ] --START--
INFO: Run Behavior\ShowPageTraceBehavior [ RunTime:0.000494s ]
INFO: [ app_end ] --END-- [ RunTime:0.000547s ]

[ 2016-08-28T14:40:13+08:00 ] 117.173.170.145 /ihanc/eva/index.php/Home/Sale/mcreditPayment
INFO: [ app_init ] --START--
INFO: Run Behavior\BuildLiteBehavior [ RunTime:0.000018s ]
INFO: [ app_init ] --END-- [ RunTime:0.000394s ]
INFO: [ app_begin ] --START--
INFO: Run Behavior\ReadHtmlCacheBehavior [ RunTime:0.000510s ]
INFO: [ app_begin ] --END-- [ RunTime:0.000563s ]
SQL: SHOW COLUMNS FROM `user` [ RunTime:0.0009s ]
SQL: SELECT * FROM `user` WHERE ( iduser='3' )  [ RunTime:0.0003s ]
SQL: SHOW COLUMNS FROM `ihanc_3`.`sale` [ RunTime:0.0007s ]
SQL: SHOW COLUMNS FROM `ihanc_3`.`bank_detail` [ RunTime:0.0006s ]
SQL: SELECT SUM(sum) AS tp_sum FROM ihanc_3.sale WHERE `idsale` IN ('19611','19612') AND `idmember` = 6 LIMIT 1   [ RunTime:0.0003s ]
SQL: INSERT INTO ihanc_3.sale (`user`,`time`,`sum`,`idmember`) VALUES ('杨胖娃','2016-08-28 14:40:13','-370','6') [ RunTime:0.0004s ]
SQL: SHOW COLUMNS FROM `ihanc_3`.`bank` [ RunTime:0.0005s ]
SQL: SELECT `sum` FROM ihanc_3.bank WHERE `idbank` = 9 LIMIT 1   [ RunTime:0.0002s ]
SQL: INSERT INTO ihanc_3.bank_detail (`user`,`time`,`sum`,`idbank`,`balance`,`summary`) VALUES ('杨胖娃','2016-08-28 14:40:13','370','9','21526','客户逐笔付款:现金客户') [ RunTime:0.0067s ]
SQL: DELETE FROM ihanc_3.sale WHERE ( idsale=19613 ) [ RunTime:0.0026s ]
SQL: DELETE FROM ihanc_3.sale WHERE `idsale` IN ('19611','19612') AND `idmember` = 6 [ RunTime:0.0029s ]
SQL: SHOW COLUMNS FROM `ihanc_3`.`log` [ RunTime:0.0007s ]
SQL: INSERT INTO ihanc_3.log (`summary`,`user`) VALUES ('客户逐笔付款现金客户,金额:￥370','杨胖娃') [ RunTime:0.0033s ]
INFO: [ app_end ] --START--
INFO: Run Behavior\ShowPageTraceBehavior [ RunTime:0.000579s ]
INFO: [ app_end ] --END-- [ RunTime:0.000636s ]

[ 2016-08-28T14:40:13+08:00 ] 117.173.170.145 /ihanc/eva/index.php/Home/Sale/getCredit?idmember=6
INFO: [ app_init ] --START--
INFO: Run Behavior\BuildLiteBehavior [ RunTime:0.000013s ]
INFO: [ app_init ] --END-- [ RunTime:0.000285s ]
INFO: [ app_begin ] --START--
INFO: Run Behavior\ReadHtmlCacheBehavior [ RunTime:0.000379s ]
INFO: [ app_begin ] --END-- [ RunTime:0.000425s ]
SQL: SHOW COLUMNS FROM `user` [ RunTime:0.0007s ]
SQL: SELECT * FROM `user` WHERE ( iduser='3' )  [ RunTime:0.0002s ]
SQL: SHOW COLUMNS FROM `ihanc_3`.`sale` [ RunTime:0.0005s ]
SQL: SELECT SUM(sum) AS tp_sum FROM ihanc_3.sale WHERE `idmember` = 6 LIMIT 1   [ RunTime:0.0008s ]
INFO: [ app_end ] --START--
INFO: Run Behavior\ShowPageTraceBehavior [ RunTime:0.000443s ]
INFO: [ app_end ] --END-- [ RunTime:0.000486s ]

[ 2016-08-28T14:40:20+08:00 ] 117.173.170.145 /ihanc/eva/index.php/Home/stock/index
INFO: [ app_init ] --START--
INFO: Run Behavior\BuildLiteBehavior [ RunTime:0.000014s ]
INFO: [ app_init ] --END-- [ RunTime:0.000258s ]
INFO: [ app_begin ] --START--
INFO: Run Behavior\ReadHtmlCacheBehavior [ RunTime:0.000311s ]
INFO: [ app_begin ] --END-- [ RunTime:0.000356s ]
SQL: SHOW COLUMNS FROM `user` [ RunTime:0.0007s ]
SQL: SELECT * FROM `user` WHERE ( iduser='3' )  [ RunTime:0.0002s ]
SQL: SHOW COLUMNS FROM `ihanc_3`.`stock` [ RunTime:0.0004s ]
SQL: SELECT * FROM ihanc_3.stock  [ RunTime:0.0002s ]
NOTIC: [8] Undefined index: number /opt/lampp/htdocs/ihanc/eva/Application/Home/Controller/StockController.class.php 第 23 行.
NOTIC: [8] Undefined index: number /opt/lampp/htdocs/ihanc/eva/Application/Home/Controller/StockController.class.php 第 23 行.
NOTIC: [8] Undefined index: number /opt/lampp/htdocs/ihanc/eva/Application/Home/Controller/StockController.class.php 第 23 行.
NOTIC: [8] Undefined index: number /opt/lampp/htdocs/ihanc/eva/Application/Home/Controller/StockController.class.php 第 23 行.
NOTIC: [8] Undefined index: number /opt/lampp/htdocs/ihanc/eva/Application/Home/Controller/StockController.class.php 第 23 行.
NOTIC: [8] Undefined index: number /opt/lampp/htdocs/ihanc/eva/Application/Home/Controller/StockController.class.php 第 23 行.
NOTIC: [8] Undefined index: number /opt/lampp/htdocs/ihanc/eva/Application/Home/Controller/StockController.class.php 第 23 行.
NOTIC: [8] Undefined index: number /opt/lampp/htdocs/ihanc/eva/Application/Home/Controller/StockController.class.php 第 23 行.
NOTIC: [8] Undefined index: number /opt/lampp/htdocs/ihanc/eva/Application/Home/Controller/StockController.class.php 第 23 行.
NOTIC: [8] Undefined index: number /opt/lampp/htdocs/ihanc/eva/Application/Home/Controller/StockController.class.php 第 23 行.
NOTIC: [8] Undefined index: number /opt/lampp/htdocs/ihanc/eva/Application/Home/Controller/StockController.class.php 第 23 行.
INFO: [ view_parse ] --START--
INFO: [ template_filter ] --START--
INFO: Run Behavior\ContentReplaceBehavior [ RunTime:0.000056s ]
INFO: [ template_filter ] --END-- [ RunTime:0.000095s ]
INFO: Run Behavior\ParseTemplateBehavior [ RunTime:0.005459s ]
INFO: [ view_parse ] --END-- [ RunTime:0.005502s ]
INFO: [ view_filter ] --START--
INFO: Run Behavior\WriteHtmlCacheBehavior [ RunTime:0.000109s ]
INFO: [ view_filter ] --END-- [ RunTime:0.000135s ]
INFO: [ app_end ] --START--
INFO: Run Behavior\ShowPageTraceBehavior [ RunTime:0.000325s ]
INFO: [ app_end ] --END-- [ RunTime:0.000361s ]

[ 2016-08-28T14:40:24+08:00 ] 117.173.170.145 /ihanc/eva/index.php/Home/Stock/stockDel
INFO: [ app_init ] --START--
INFO: Run Behavior\BuildLiteBehavior [ RunTime:0.000011s ]
INFO: [ app_init ] --END-- [ RunTime:0.000254s ]
INFO: [ app_begin ] --START--
INFO: Run Behavior\ReadHtmlCacheBehavior [ RunTime:0.000306s ]
INFO: [ app_begin ] --END-- [ RunTime:0.000352s ]
SQL: SHOW COLUMNS FROM `user` [ RunTime:0.0007s ]
SQL: SELECT * FROM `user` WHERE ( iduser='3' )  [ RunTime:0.0002s ]
SQL: SHOW COLUMNS FROM `ihanc_3`.`stock` [ RunTime:0.0004s ]
SQL: DELETE FROM ihanc_3.stock WHERE `idstock` = 4744 [ RunTime:0.0035s ]
SQL: SHOW COLUMNS FROM `ihanc_3`.`log` [ RunTime:0.0004s ]
SQL: INSERT INTO ihanc_3.log (`summary`,`user`) VALUES ('删除库存id4744','杨胖娃') [ RunTime:0.0028s ]
INFO: [ app_end ] --START--
INFO: Run Behavior\ShowPageTraceBehavior [ RunTime:0.000369s ]
INFO: [ app_end ] --END-- [ RunTime:0.000406s ]

[ 2016-08-28T14:40:25+08:00 ] 117.173.170.145 /ihanc/eva/index.php/Home/Stock/stockDel
INFO: [ app_init ] --START--
INFO: Run Behavior\BuildLiteBehavior [ RunTime:0.000011s ]
INFO: [ app_init ] --END-- [ RunTime:0.000261s ]
INFO: [ app_begin ] --START--
INFO: Run Behavior\ReadHtmlCacheBehavior [ RunTime:0.000334s ]
INFO: [ app_begin ] --END-- [ RunTime:0.000380s ]
SQL: SHOW COLUMNS FROM `user` [ RunTime:0.0006s ]
SQL: SELECT * FROM `user` WHERE ( iduser='3' )  [ RunTime:0.0002s ]
SQL: SHOW COLUMNS FROM `ihanc_3`.`stock` [ RunTime:0.0004s ]
SQL: DELETE FROM ihanc_3.stock WHERE `idstock` = 4744 [ RunTime:0.0001s ]

[ 2016-08-28T14:40:30+08:00 ] 117.173.170.145 /ihanc/eva/index.php/Home/Stock/stockDel
INFO: [ app_init ] --START--
INFO: Run Behavior\BuildLiteBehavior [ RunTime:0.000016s ]
INFO: [ app_init ] --END-- [ RunTime:0.000304s ]
INFO: [ app_begin ] --START--
INFO: Run Behavior\ReadHtmlCacheBehavior [ RunTime:0.000336s ]
INFO: [ app_begin ] --END-- [ RunTime:0.000386s ]
SQL: SHOW COLUMNS FROM `user` [ RunTime:0.0008s ]
SQL: SELECT * FROM `user` WHERE ( iduser='3' )  [ RunTime:0.0002s ]
SQL: SHOW COLUMNS FROM `ihanc_3`.`stock` [ RunTime:0.0005s ]
SQL: DELETE FROM ihanc_3.stock WHERE `idstock` = 4748 [ RunTime:0.0046s ]
SQL: SHOW COLUMNS FROM `ihanc_3`.`log` [ RunTime:0.0006s ]
SQL: INSERT INTO ihanc_3.log (`summary`,`user`) VALUES ('删除库存id4748','杨胖娃') [ RunTime:0.0041s ]
INFO: [ app_end ] --START--
INFO: Run Behavior\ShowPageTraceBehavior [ RunTime:0.000518s ]
INFO: [ app_end ] --END-- [ RunTime:0.000569s ]

[ 2016-08-28T14:40:32+08:00 ] 117.173.170.145 /ihanc/eva/index.php/Home/Stock/stockDel
INFO: [ app_init ] --START--
INFO: Run Behavior\BuildLiteBehavior [ RunTime:0.000016s ]
INFO: [ app_init ] --END-- [ RunTime:0.000304s ]
INFO: [ app_begin ] --START--
INFO: Run Behavior\ReadHtmlCacheBehavior [ RunTime:0.000344s ]
INFO: [ app_begin ] --END-- [ RunTime:0.000395s ]
SQL: SHOW COLUMNS FROM `user` [ RunTime:0.0007s ]
SQL: SELECT * FROM `user` WHERE ( iduser='3' )  [ RunTime:0.0002s ]
SQL: SHOW COLUMNS FROM `ihanc_3`.`stock` [ RunTime:0.0005s ]
SQL: DELETE FROM ihanc_3.stock WHERE `idstock` = 4749 [ RunTime:0.0034s ]
SQL: SHOW COLUMNS FROM `ihanc_3`.`log` [ RunTime:0.0005s ]
SQL: INSERT INTO ihanc_3.log (`summary`,`user`) VALUES ('删除库存id4749','杨胖娃') [ RunTime:0.0030s ]
INFO: [ app_end ] --START--
INFO: Run Behavior\ShowPageTraceBehavior [ RunTime:0.000404s ]
INFO: [ app_end ] --END-- [ RunTime:0.000449s ]

[ 2016-08-28T14:40:34+08:00 ] 117.173.170.145 /ihanc/eva/index.php/Home/Stock/stockDel
INFO: [ app_init ] --START--
INFO: Run Behavior\BuildLiteBehavior [ RunTime:0.000019s ]
INFO: [ app_init ] --END-- [ RunTime:0.000397s ]
INFO: [ app_begin ] --START--
INFO: Run Behavior\ReadHtmlCacheBehavior [ RunTime:0.000492s ]
INFO: [ app_begin ] --END-- [ RunTime:0.000559s ]
SQL: SHOW COLUMNS FROM `user` [ RunTime:0.0007s ]
SQL: SELECT * FROM `user` WHERE ( iduser='3' )  [ RunTime:0.0002s ]
SQL: SHOW COLUMNS FROM `ihanc_3`.`stock` [ RunTime:0.0005s ]
SQL: DELETE FROM ihanc_3.stock WHERE `idstock` = 4755 [ RunTime:0.0036s ]
SQL: SHOW COLUMNS FROM `ihanc_3`.`log` [ RunTime:0.0007s ]
SQL: INSERT INTO ihanc_3.log (`summary`,`user`) VALUES ('删除库存id4755','杨胖娃') [ RunTime:0.0031s ]
INFO: [ app_end ] --START--
INFO: Run Behavior\ShowPageTraceBehavior [ RunTime:0.000675s ]
INFO: [ app_end ] --END-- [ RunTime:0.000732s ]

