[ 2017-06-25T21:07:36+08:00 ] 117.173.161.40 /ihanc/eva/index.php/Home/Statistics/profitTable
INFO: [ app_init ] --START--
INFO: Run Behavior\BuildLiteBehavior [ RunTime:0.000012s ]
INFO: [ app_init ] --END-- [ RunTime:0.000255s ]
INFO: [ app_begin ] --START--
INFO: Run Behavior\ReadHtmlCacheBehavior [ RunTime:0.000417s ]
INFO: [ app_begin ] --END-- [ RunTime:0.000463s ]
SQL: SHOW COLUMNS FROM `user` [ RunTime:0.0006s ]
SQL: SELECT * FROM `user` WHERE ( iduser='10' )  [ RunTime:0.0002s ]
NOTIC: [8] Undefined index: p /opt/lampp/htdocs/ihanc/eva/Application/Home/Controller/StatisticsController.class.php 第 87 行.
SQL: SHOW COLUMNS FROM `ihanc_5`.`purchase_all` [ RunTime:0.0007s ]
SQL: SELECT count(distinct inorder) as count FROM ihanc_5.purchase_all WHERE `inorder` <> 'NULL' AND `time` BETWEEN '2017-06-25 00:00:00' AND '2017-06-25 23:59:59' LIMIT 1   [ RunTime:0.0052s ]
SQL: SELECT `inorder`,sum(number) as number,sum(sum) as sum FROM ihanc_5.purchase_all WHERE `inorder` <> 'NULL' AND `time` BETWEEN '2017-06-25 00:00:00' AND '2017-06-25 23:59:59' GROUP BY inorder ORDER BY inorder desc LIMIT 0,10   [ RunTime:0.0053s ]
SQL: SHOW COLUMNS FROM `ihanc_5`.`sale_all` [ RunTime:0.0007s ]
SQL: SHOW COLUMNS FROM `ihanc_5`.`freight` [ RunTime:0.0005s ]
SQL: SHOW COLUMNS FROM `ihanc_5`.`stock` [ RunTime:0.0004s ]
SQL: SELECT SUM(freight) AS tp_sum FROM ihanc_5.freight WHERE `inorder` = 'IN20170625-2' LIMIT 1   [ RunTime:0.0002s ]
SQL: SELECT SUM(number) AS tp_sum FROM ihanc_5.sale_all WHERE `inorder` = 'IN20170625-2' AND `idgoods` > 0 LIMIT 1   [ RunTime:0.0269s ]
SQL: SELECT SUM(sum) AS tp_sum FROM ihanc_5.sale_all WHERE `inorder` = 'IN20170625-2' AND `idgoods` > 0 LIMIT 1   [ RunTime:0.0295s ]
SQL: SELECT `idgoods`,`stock` FROM ihanc_5.stock WHERE `inorder` = 'IN20170625-2' AND `idgoods` > 0  [ RunTime:0.0004s ]
SQL: SELECT sum(number) as number,sum(sum) as sum FROM ihanc_5.purchase_all WHERE `inorder` = 'IN20170625-2' AND `idgoods` = 2 LIMIT 1   [ RunTime:0.0051s ]
SQL: SELECT SUM(freight) AS tp_sum FROM ihanc_5.freight WHERE `inorder` = 'IN20170625-1' LIMIT 1   [ RunTime:0.0002s ]
SQL: SELECT SUM(number) AS tp_sum FROM ihanc_5.sale_all WHERE `inorder` = 'IN20170625-1' AND `idgoods` > 0 LIMIT 1   [ RunTime:0.0332s ]
SQL: SELECT SUM(sum) AS tp_sum FROM ihanc_5.sale_all WHERE `inorder` = 'IN20170625-1' AND `idgoods` > 0 LIMIT 1   [ RunTime:0.0312s ]
SQL: SELECT `idgoods`,`stock` FROM ihanc_5.stock WHERE `inorder` = 'IN20170625-1' AND `idgoods` > 0  [ RunTime:0.0004s ]
SQL: SELECT sum(number) as number,sum(sum) as sum FROM ihanc_5.purchase_all WHERE `inorder` = 'IN20170625-1' AND `idgoods` = 1 LIMIT 1   [ RunTime:0.0050s ]
INFO: [ view_parse ] --START--
INFO: [ template_filter ] --START--
INFO: Run Behavior\ContentReplaceBehavior [ RunTime:0.000063s ]
INFO: [ template_filter ] --END-- [ RunTime:0.000106s ]
INFO: Run Behavior\ParseTemplateBehavior [ RunTime:0.006032s ]
INFO: [ view_parse ] --END-- [ RunTime:0.006072s ]
INFO: [ view_filter ] --START--
INFO: Run Behavior\WriteHtmlCacheBehavior [ RunTime:0.000119s ]
INFO: [ view_filter ] --END-- [ RunTime:0.000147s ]
INFO: [ app_end ] --START--
INFO: Run Behavior\ShowPageTraceBehavior [ RunTime:0.000351s ]
INFO: [ app_end ] --END-- [ RunTime:0.000389s ]

[ 2017-06-25T21:07:41+08:00 ] 117.173.161.40 /ihanc/eva/index.php/Home/Statistics/profitDetail
INFO: [ app_init ] --START--
INFO: Run Behavior\BuildLiteBehavior [ RunTime:0.000012s ]
INFO: [ app_init ] --END-- [ RunTime:0.000244s ]
INFO: [ app_begin ] --START--
INFO: Run Behavior\ReadHtmlCacheBehavior [ RunTime:0.000331s ]
INFO: [ app_begin ] --END-- [ RunTime:0.000373s ]
SQL: SHOW COLUMNS FROM `user` [ RunTime:0.0007s ]
SQL: SELECT * FROM `user` WHERE ( iduser='10' )  [ RunTime:0.0003s ]
SQL: SHOW COLUMNS FROM `ihanc_5`.`freight` [ RunTime:0.0005s ]
SQL: SELECT SUM(freight) AS tp_sum FROM ihanc_5.freight WHERE `inorder` = 'IN20170625-2' LIMIT 1   [ RunTime:0.0002s ]
SQL: SHOW COLUMNS FROM `ihanc_5`.`purchase_all` [ RunTime:0.0006s ]
SQL: SELECT SUM(number) AS tp_sum FROM ihanc_5.purchase_all WHERE `inorder` = 'IN20170625-2' LIMIT 1   [ RunTime:0.0051s ]
SQL: SELECT `idgoods`,sum(sum) as sum,sum(number) as number FROM ihanc_5.purchase_all WHERE `inorder` = 'IN20170625-2' GROUP BY idgoods  [ RunTime:0.0064s ]
SQL: SHOW COLUMNS FROM `ihanc_5`.`sale_all` [ RunTime:0.0008s ]
SQL: SHOW COLUMNS FROM `ihanc_5`.`stock` [ RunTime:0.0004s ]
SQL: SELECT SUM(sum) AS tp_sum FROM ihanc_5.sale_all WHERE `inorder` = 'IN20170625-2' AND `idgoods` = 2 LIMIT 1   [ RunTime:0.0291s ]
SQL: SELECT SUM(number) AS tp_sum FROM ihanc_5.sale_all WHERE `inorder` = 'IN20170625-2' AND `idgoods` = 2 LIMIT 1   [ RunTime:0.0307s ]
SQL: SELECT `stock` FROM ihanc_5.stock WHERE `inorder` = 'IN20170625-2' AND `idgoods` = 2 LIMIT 1   [ RunTime:0.0004s ]
INFO: [ app_end ] --START--
INFO: Run Behavior\ShowPageTraceBehavior [ RunTime:0.000623s ]
INFO: [ app_end ] --END-- [ RunTime:0.000667s ]

[ 2017-06-25T21:07:54+08:00 ] 117.173.161.40 /ihanc/eva/index.php/Home/statistics/asset
INFO: [ app_init ] --START--
INFO: Run Behavior\BuildLiteBehavior [ RunTime:0.000013s ]
INFO: [ app_init ] --END-- [ RunTime:0.000250s ]
INFO: [ app_begin ] --START--
INFO: Run Behavior\ReadHtmlCacheBehavior [ RunTime:0.000292s ]
INFO: [ app_begin ] --END-- [ RunTime:0.000340s ]
SQL: SHOW COLUMNS FROM `user` [ RunTime:0.0006s ]
SQL: SELECT * FROM `user` WHERE ( iduser='10' )  [ RunTime:0.0002s ]
SQL: SHOW COLUMNS FROM `ihanc_5`.`asset` [ RunTime:0.0003s ]
SQL: SHOW COLUMNS FROM `ihanc_5`.`stock_sum_view` [ RunTime:0.0006s ]
SQL: SELECT SUM(sum) AS tp_sum FROM ihanc_5.stock_sum_view LIMIT 1   [ RunTime:0.0051s ]
SQL: SHOW COLUMNS FROM `ihanc_5`.`bank` [ RunTime:0.0004s ]
SQL: SELECT SUM(sum) AS tp_sum FROM ihanc_5.bank LIMIT 1   [ RunTime:0.0002s ]
SQL: SHOW COLUMNS FROM `ihanc_5`.`sale` [ RunTime:0.0004s ]
SQL: SELECT SUM(sum) AS tp_sum FROM ihanc_5.sale LIMIT 1   [ RunTime:0.0004s ]
SQL: SHOW COLUMNS FROM `ihanc_5`.`purchase` [ RunTime:0.0004s ]
SQL: SELECT SUM(sum) AS tp_sum FROM ihanc_5.purchase LIMIT 1   [ RunTime:0.0001s ]
SQL: SHOW COLUMNS FROM `ihanc_5`.`freight` [ RunTime:0.0004s ]
SQL: SELECT SUM(freight) AS tp_sum FROM ihanc_5.freight WHERE ( status=0 ) LIMIT 1   [ RunTime:0.0002s ]
INFO: [ view_parse ] --START--
INFO: [ template_filter ] --START--
INFO: Run Behavior\ContentReplaceBehavior [ RunTime:0.000054s ]
INFO: [ template_filter ] --END-- [ RunTime:0.000088s ]
INFO: Run Behavior\ParseTemplateBehavior [ RunTime:0.004492s ]
INFO: [ view_parse ] --END-- [ RunTime:0.004525s ]
INFO: [ view_filter ] --START--
INFO: Run Behavior\WriteHtmlCacheBehavior [ RunTime:0.000107s ]
INFO: [ view_filter ] --END-- [ RunTime:0.000132s ]
INFO: [ app_end ] --START--
INFO: Run Behavior\ShowPageTraceBehavior [ RunTime:0.000366s ]
INFO: [ app_end ] --END-- [ RunTime:0.000403s ]

[ 2017-06-25T21:07:54+08:00 ] 117.173.161.40 /ihanc/eva/index.php/Home/Statistics/mytest
INFO: [ app_init ] --START--
INFO: Run Behavior\BuildLiteBehavior [ RunTime:0.000015s ]
INFO: [ app_init ] --END-- [ RunTime:0.000269s ]
INFO: [ app_begin ] --START--
INFO: Run Behavior\ReadHtmlCacheBehavior [ RunTime:0.000356s ]
INFO: [ app_begin ] --END-- [ RunTime:0.000394s ]
SQL: SHOW COLUMNS FROM `user` [ RunTime:0.0006s ]
SQL: SELECT * FROM `user` WHERE ( iduser='10' )  [ RunTime:0.0002s ]
SQL: SHOW COLUMNS FROM `ihanc_5`.`asset` [ RunTime:0.0004s ]
SQL: SELECT * FROM ihanc_5.asset ORDER BY idasset desc LIMIT 0,13   [ RunTime:0.0002s ]
INFO: [ app_end ] --START--
INFO: Run Behavior\ShowPageTraceBehavior [ RunTime:0.000378s ]
INFO: [ app_end ] --END-- [ RunTime:0.000416s ]

[ 2017-06-25T21:08:03+08:00 ] 117.173.161.40 /ihanc/eva/index.php/Home/finance/bank
INFO: [ app_init ] --START--
INFO: Run Behavior\BuildLiteBehavior [ RunTime:0.000011s ]
INFO: [ app_init ] --END-- [ RunTime:0.000278s ]
INFO: [ app_begin ] --START--
INFO: Run Behavior\ReadHtmlCacheBehavior [ RunTime:0.000319s ]
INFO: [ app_begin ] --END-- [ RunTime:0.000365s ]
SQL: SHOW COLUMNS FROM `user` [ RunTime:0.0006s ]
SQL: SELECT * FROM `user` WHERE ( iduser='10' )  [ RunTime:0.0002s ]
SQL: SHOW COLUMNS FROM `ihanc_5`.`bank` [ RunTime:0.0004s ]
SQL: SELECT * FROM ihanc_5.bank  [ RunTime:0.0002s ]
INFO: [ view_parse ] --START--
INFO: [ template_filter ] --START--
INFO: Run Behavior\ContentReplaceBehavior [ RunTime:0.000061s ]
INFO: [ template_filter ] --END-- [ RunTime:0.000106s ]
INFO: Run Behavior\ParseTemplateBehavior [ RunTime:0.005279s ]
INFO: [ view_parse ] --END-- [ RunTime:0.005317s ]
INFO: [ view_filter ] --START--
INFO: Run Behavior\WriteHtmlCacheBehavior [ RunTime:0.000105s ]
INFO: [ view_filter ] --END-- [ RunTime:0.000131s ]
INFO: [ app_end ] --START--
INFO: Run Behavior\ShowPageTraceBehavior [ RunTime:0.000357s ]
INFO: [ app_end ] --END-- [ RunTime:0.000393s ]

[ 2017-06-25T21:08:18+08:00 ] 117.173.161.40 /ihanc/eva/index.php/Home/purchase/index.html
INFO: [ app_init ] --START--
INFO: Run Behavior\BuildLiteBehavior [ RunTime:0.000014s ]
INFO: [ app_init ] --END-- [ RunTime:0.000287s ]
INFO: [ app_begin ] --START--
INFO: Run Behavior\ReadHtmlCacheBehavior [ RunTime:0.000309s ]
INFO: [ app_begin ] --END-- [ RunTime:0.000347s ]
SQL: SHOW COLUMNS FROM `user` [ RunTime:0.0006s ]
SQL: SELECT * FROM `user` WHERE ( iduser='10' )  [ RunTime:0.0002s ]
INFO: [ view_parse ] --START--
INFO: [ template_filter ] --START--
INFO: Run Behavior\ContentReplaceBehavior [ RunTime:0.000104s ]
INFO: [ template_filter ] --END-- [ RunTime:0.000170s ]
INFO: Run Behavior\ParseTemplateBehavior [ RunTime:0.006741s ]
INFO: [ view_parse ] --END-- [ RunTime:0.006799s ]
INFO: [ view_filter ] --START--
INFO: Run Behavior\WriteHtmlCacheBehavior [ RunTime:0.000156s ]
INFO: [ view_filter ] --END-- [ RunTime:0.000199s ]
INFO: [ app_end ] --START--
INFO: Run Behavior\ShowPageTraceBehavior [ RunTime:0.000530s ]
INFO: [ app_end ] --END-- [ RunTime:0.000591s ]

[ 2017-06-25T21:08:18+08:00 ] 117.173.161.40 /ihanc/eva/index.php/Home/Purchase/purchaseTable
INFO: [ app_init ] --START--
INFO: Run Behavior\BuildLiteBehavior [ RunTime:0.000015s ]
INFO: [ app_init ] --END-- [ RunTime:0.000295s ]
INFO: [ app_begin ] --START--
INFO: Run Behavior\ReadHtmlCacheBehavior [ RunTime:0.000355s ]
INFO: [ app_begin ] --END-- [ RunTime:0.000393s ]
SQL: SHOW COLUMNS FROM `user` [ RunTime:0.0008s ]
SQL: SELECT * FROM `user` WHERE ( iduser='10' )  [ RunTime:0.0002s ]
SQL: SHOW COLUMNS FROM `ihanc_5`.`purchase_all` [ RunTime:0.0006s ]
SQL: SELECT count(distinct inorder) as count FROM ihanc_5.purchase_all WHERE `idgoods` > 0 AND `time` LIKE '%2017-06-25%'  [ RunTime:0.0077s ]
NOTIC: [8] Undefined variable: params /opt/lampp/htdocs/ihanc/eva/Application/Home/Controller/PurchaseController.class.php 第 131 行.
NOTIC: [2] Invalid argument supplied for foreach() /opt/lampp/htdocs/ihanc/eva/Application/Home/Common/function.php 第 115 行.
NOTIC: [8] Undefined index: p /opt/lampp/htdocs/ihanc/eva/Application/Home/Controller/PurchaseController.class.php 第 133 行.
SQL: SELECT sum(number) as ttl_num,`inorder`,sum(sum) as ttl_sum FROM ihanc_5.purchase_all WHERE `idgoods` > 0 AND `time` LIKE '%2017-06-25%' GROUP BY inorder ORDER BY time desc LIMIT 0,10   [ RunTime:0.0053s ]
SQL: SHOW COLUMNS FROM `ihanc_5`.`freight` [ RunTime:0.0005s ]
SQL: SELECT SUM(freight) AS tp_sum FROM ihanc_5.freight WHERE `inorder` = 'IN20170625-2' LIMIT 1   [ RunTime:0.0002s ]
SQL: SELECT SUM(freight) AS tp_sum FROM ihanc_5.freight WHERE `inorder` = 'IN20170625-1' LIMIT 1   [ RunTime:0.0001s ]
INFO: [ view_parse ] --START--
INFO: [ template_filter ] --START--
INFO: Run Behavior\ContentReplaceBehavior [ RunTime:0.000049s ]
INFO: [ template_filter ] --END-- [ RunTime:0.000084s ]
INFO: Run Behavior\ParseTemplateBehavior [ RunTime:0.004849s ]
INFO: [ view_parse ] --END-- [ RunTime:0.004888s ]
INFO: [ view_filter ] --START--
INFO: Run Behavior\WriteHtmlCacheBehavior [ RunTime:0.000136s ]
INFO: [ view_filter ] --END-- [ RunTime:0.000167s ]
INFO: [ app_end ] --START--
INFO: Run Behavior\ShowPageTraceBehavior [ RunTime:0.000336s ]
INFO: [ app_end ] --END-- [ RunTime:0.000367s ]

[ 2017-06-25T21:08:23+08:00 ] 117.173.161.40 /ihanc/eva/index.php/Home/Purchase/purchaseTable
INFO: [ app_init ] --START--
INFO: Run Behavior\BuildLiteBehavior [ RunTime:0.000013s ]
INFO: [ app_init ] --END-- [ RunTime:0.000280s ]
INFO: [ app_begin ] --START--
INFO: Run Behavior\ReadHtmlCacheBehavior [ RunTime:0.000347s ]
INFO: [ app_begin ] --END-- [ RunTime:0.000395s ]
SQL: SHOW COLUMNS FROM `user` [ RunTime:0.0006s ]
SQL: SELECT * FROM `user` WHERE ( iduser='10' )  [ RunTime:0.0002s ]
SQL: SHOW COLUMNS FROM `ihanc_5`.`purchase_all` [ RunTime:0.0006s ]
SQL: SELECT count(distinct inorder) as count FROM ihanc_5.purchase_all WHERE `idgoods` > 0 AND `time` BETWEEN '2017-06-21 00:00:00' AND '2017-06-21 23:59:59'  [ RunTime:0.0052s ]
NOTIC: [8] Undefined index: p /opt/lampp/htdocs/ihanc/eva/Application/Home/Controller/PurchaseController.class.php 第 133 行.
SQL: SELECT sum(number) as ttl_num,`inorder`,sum(sum) as ttl_sum FROM ihanc_5.purchase_all WHERE `idgoods` > 0 AND `time` BETWEEN '2017-06-21 00:00:00' AND '2017-06-21 23:59:59' GROUP BY inorder ORDER BY time desc LIMIT 0,10   [ RunTime:0.0068s ]
SQL: SHOW COLUMNS FROM `ihanc_5`.`freight` [ RunTime:0.0008s ]
SQL: SELECT SUM(freight) AS tp_sum FROM ihanc_5.freight WHERE `inorder` = 'IN20170621-4' LIMIT 1   [ RunTime:0.0002s ]
SQL: SELECT SUM(freight) AS tp_sum FROM ihanc_5.freight WHERE `inorder` = 'IN20170621-3' LIMIT 1   [ RunTime:0.0002s ]
SQL: SELECT SUM(freight) AS tp_sum FROM ihanc_5.freight WHERE `inorder` = 'IN20170621-2' LIMIT 1   [ RunTime:0.0002s ]
SQL: SELECT SUM(freight) AS tp_sum FROM ihanc_5.freight WHERE `inorder` = 'IN20170621-1' LIMIT 1   [ RunTime:0.0001s ]
INFO: [ view_parse ] --START--
INFO: [ template_filter ] --START--
INFO: Run Behavior\ContentReplaceBehavior [ RunTime:0.000068s ]
INFO: [ template_filter ] --END-- [ RunTime:0.000116s ]
INFO: Run Behavior\ParseTemplateBehavior [ RunTime:0.005211s ]
INFO: [ view_parse ] --END-- [ RunTime:0.005249s ]
INFO: [ view_filter ] --START--
INFO: Run Behavior\WriteHtmlCacheBehavior [ RunTime:0.000115s ]
INFO: [ view_filter ] --END-- [ RunTime:0.000141s ]
INFO: [ app_end ] --START--
INFO: Run Behavior\ShowPageTraceBehavior [ RunTime:0.000359s ]
INFO: [ app_end ] --END-- [ RunTime:0.000395s ]

[ 2017-06-25T21:08:27+08:00 ] 101.226.66.191 /ihanc/eva/index.php/Home/index/index.html
INFO: [ app_init ] --START--
INFO: Run Behavior\BuildLiteBehavior [ RunTime:0.000012s ]
INFO: [ app_init ] --END-- [ RunTime:0.000261s ]
INFO: [ app_begin ] --START--
INFO: Run Behavior\ReadHtmlCacheBehavior [ RunTime:0.000316s ]
INFO: [ app_begin ] --END-- [ RunTime:0.000356s ]

[ 2017-06-25T21:08:27+08:00 ] 101.226.66.191 /ihanc/eva/index.php/Home/login/index.html
INFO: [ app_init ] --START--
INFO: Run Behavior\BuildLiteBehavior [ RunTime:0.000012s ]
INFO: [ app_init ] --END-- [ RunTime:0.000259s ]
INFO: [ app_begin ] --START--
INFO: Run Behavior\ReadHtmlCacheBehavior [ RunTime:0.000318s ]
INFO: [ app_begin ] --END-- [ RunTime:0.000358s ]
INFO: [ view_parse ] --START--
INFO: [ template_filter ] --START--
INFO: Run Behavior\ContentReplaceBehavior [ RunTime:0.000075s ]
INFO: [ template_filter ] --END-- [ RunTime:0.000132s ]
NOTIC: [8] Undefined variable: info /opt/lampp/htdocs/ihanc/eva/Application/Runtime/Cache/Home/97269d504bf33cb4c14eb7be85b7c9ec.php 第 75 行.
INFO: Run Behavior\ParseTemplateBehavior [ RunTime:0.004265s ]
INFO: [ view_parse ] --END-- [ RunTime:0.004298s ]
INFO: [ view_filter ] --START--
INFO: Run Behavior\WriteHtmlCacheBehavior [ RunTime:0.000102s ]
INFO: [ view_filter ] --END-- [ RunTime:0.000146s ]
INFO: [ app_end ] --START--
INFO: Run Behavior\ShowPageTraceBehavior [ RunTime:0.000305s ]
INFO: [ app_end ] --END-- [ RunTime:0.000337s ]

[ 2017-06-25T21:08:28+08:00 ] 117.173.161.40 /ihanc/eva/index.php/Home/Purchase/purchaseDetail?inorder=IN20170621-1
INFO: [ app_init ] --START--
INFO: Run Behavior\BuildLiteBehavior [ RunTime:0.000014s ]
INFO: [ app_init ] --END-- [ RunTime:0.000249s ]
INFO: [ app_begin ] --START--
INFO: Run Behavior\ReadHtmlCacheBehavior [ RunTime:0.000305s ]
INFO: [ app_begin ] --END-- [ RunTime:0.000350s ]
SQL: SHOW COLUMNS FROM `user` [ RunTime:0.0006s ]
SQL: SELECT * FROM `user` WHERE ( iduser='10' )  [ RunTime:0.0002s ]
SQL: SHOW COLUMNS FROM `ihanc_5`.`purchase_all` [ RunTime:0.0006s ]
SQL: SELECT `idsupply`,`idgoods`,`price`,`number`,`sum`,`idsupply`,`finish`,`idpurchase`,`inorder` FROM ihanc_5.purchase_all WHERE `inorder` LIKE 'IN20170621-1'  [ RunTime:0.0043s ]
SQL: SHOW COLUMNS FROM `ihanc_5`.`freight` [ RunTime:0.0005s ]
SQL: SELECT `idfreight`,`subject`,`freight`,`idstaff`,`status`,`remark`,`inorder` FROM ihanc_5.freight WHERE `inorder` LIKE 'IN20170621-1'  [ RunTime:0.0002s ]
SQL: SHOW COLUMNS FROM `ihanc_5`.`staff` [ RunTime:0.0003s ]
SQL: SELECT `idstaff`,`staff_name` FROM ihanc_5.staff  [ RunTime:0.0002s ]
INFO: [ view_parse ] --START--
INFO: [ template_filter ] --START--
INFO: Run Behavior\ContentReplaceBehavior [ RunTime:0.000091s ]
INFO: [ template_filter ] --END-- [ RunTime:0.000134s ]
INFO: Run Behavior\ParseTemplateBehavior [ RunTime:0.010247s ]
INFO: [ view_parse ] --END-- [ RunTime:0.010289s ]
INFO: [ view_filter ] --START--
INFO: Run Behavior\WriteHtmlCacheBehavior [ RunTime:0.000123s ]
INFO: [ view_filter ] --END-- [ RunTime:0.000151s ]
INFO: [ app_end ] --START--
INFO: Run Behavior\ShowPageTraceBehavior [ RunTime:0.000427s ]
INFO: [ app_end ] --END-- [ RunTime:0.000473s ]

[ 2017-06-25T21:10:39+08:00 ] 117.173.161.40 /ihanc/eva/index.php/Home/finance/bank
INFO: [ app_init ] --START--
INFO: Run Behavior\BuildLiteBehavior [ RunTime:0.000015s ]
INFO: [ app_init ] --END-- [ RunTime:0.000275s ]
INFO: [ app_begin ] --START--
INFO: Run Behavior\ReadHtmlCacheBehavior [ RunTime:0.000314s ]
INFO: [ app_begin ] --END-- [ RunTime:0.000353s ]
SQL: SHOW COLUMNS FROM `user` [ RunTime:0.0006s ]
SQL: SELECT * FROM `user` WHERE ( iduser='10' )  [ RunTime:0.0003s ]
SQL: SHOW COLUMNS FROM `ihanc_5`.`bank` [ RunTime:0.0005s ]
SQL: SELECT * FROM ihanc_5.bank  [ RunTime:0.0002s ]
INFO: [ view_parse ] --START--
INFO: [ template_filter ] --START--
INFO: Run Behavior\ContentReplaceBehavior [ RunTime:0.000066s ]
INFO: [ template_filter ] --END-- [ RunTime:0.000107s ]
INFO: Run Behavior\ParseTemplateBehavior [ RunTime:0.006074s ]
INFO: [ view_parse ] --END-- [ RunTime:0.006133s ]
INFO: [ view_filter ] --START--
INFO: Run Behavior\WriteHtmlCacheBehavior [ RunTime:0.000116s ]
INFO: [ view_filter ] --END-- [ RunTime:0.000146s ]
INFO: [ app_end ] --START--
INFO: Run Behavior\ShowPageTraceBehavior [ RunTime:0.000362s ]
INFO: [ app_end ] --END-- [ RunTime:0.000394s ]

[ 2017-06-25T21:10:49+08:00 ] 117.173.161.40 /ihanc/eva/index.php/Home/finance/fee
INFO: [ app_init ] --START--
INFO: Run Behavior\BuildLiteBehavior [ RunTime:0.000013s ]
INFO: [ app_init ] --END-- [ RunTime:0.000266s ]
INFO: [ app_begin ] --START--
INFO: Run Behavior\ReadHtmlCacheBehavior [ RunTime:0.000337s ]
INFO: [ app_begin ] --END-- [ RunTime:0.000379s ]
SQL: SHOW COLUMNS FROM `user` [ RunTime:0.0008s ]
SQL: SELECT * FROM `user` WHERE ( iduser='10' )  [ RunTime:0.0003s ]
SQL: SHOW COLUMNS FROM `ihanc_5`.`bank` [ RunTime:0.0003s ]
SQL: SHOW COLUMNS FROM `ihanc_5`.`subject` [ RunTime:0.0004s ]
SQL: SELECT * FROM ihanc_5.subject WHERE ( cat=1 )  [ RunTime:0.0002s ]
SQL: SELECT `idbank`,`bname` FROM ihanc_5.bank ORDER BY weight desc  [ RunTime:0.0001s ]
INFO: [ view_parse ] --START--
INFO: [ template_filter ] --START--
INFO: Run Behavior\ContentReplaceBehavior [ RunTime:0.000054s ]
INFO: [ template_filter ] --END-- [ RunTime:0.000090s ]
INFO: Run Behavior\ParseTemplateBehavior [ RunTime:0.004982s ]
INFO: [ view_parse ] --END-- [ RunTime:0.005018s ]
INFO: [ view_filter ] --START--
INFO: Run Behavior\WriteHtmlCacheBehavior [ RunTime:0.000108s ]
INFO: [ view_filter ] --END-- [ RunTime:0.000135s ]
INFO: [ app_end ] --START--
INFO: Run Behavior\ShowPageTraceBehavior [ RunTime:0.000346s ]
INFO: [ app_end ] --END-- [ RunTime:0.000378s ]

[ 2017-06-25T21:10:51+08:00 ] 117.173.161.40 /ihanc/eva/index.php/Home/finance/bank
INFO: [ app_init ] --START--
INFO: Run Behavior\BuildLiteBehavior [ RunTime:0.000015s ]
INFO: [ app_init ] --END-- [ RunTime:0.000287s ]
INFO: [ app_begin ] --START--
INFO: Run Behavior\ReadHtmlCacheBehavior [ RunTime:0.000355s ]
INFO: [ app_begin ] --END-- [ RunTime:0.000402s ]
SQL: SHOW COLUMNS FROM `user` [ RunTime:0.0006s ]
SQL: SELECT * FROM `user` WHERE ( iduser='10' )  [ RunTime:0.0002s ]
SQL: SHOW COLUMNS FROM `ihanc_5`.`bank` [ RunTime:0.0004s ]
SQL: SELECT * FROM ihanc_5.bank  [ RunTime:0.0001s ]
INFO: [ view_parse ] --START--
INFO: [ template_filter ] --START--
INFO: Run Behavior\ContentReplaceBehavior [ RunTime:0.000071s ]
INFO: [ template_filter ] --END-- [ RunTime:0.000108s ]
INFO: Run Behavior\ParseTemplateBehavior [ RunTime:0.005309s ]
INFO: [ view_parse ] --END-- [ RunTime:0.005348s ]
INFO: [ view_filter ] --START--
INFO: Run Behavior\WriteHtmlCacheBehavior [ RunTime:0.000130s ]
INFO: [ view_filter ] --END-- [ RunTime:0.000160s ]
INFO: [ app_end ] --START--
INFO: Run Behavior\ShowPageTraceBehavior [ RunTime:0.000364s ]
INFO: [ app_end ] --END-- [ RunTime:0.000405s ]

[ 2017-06-25T21:10:53+08:00 ] 117.173.161.40 /ihanc/eva/index.php/Home/finance/fee
INFO: [ app_init ] --START--
INFO: Run Behavior\BuildLiteBehavior [ RunTime:0.000013s ]
INFO: [ app_init ] --END-- [ RunTime:0.000281s ]
INFO: [ app_begin ] --START--
INFO: Run Behavior\ReadHtmlCacheBehavior [ RunTime:0.000308s ]
INFO: [ app_begin ] --END-- [ RunTime:0.000348s ]
SQL: SHOW COLUMNS FROM `user` [ RunTime:0.0005s ]
SQL: SELECT * FROM `user` WHERE ( iduser='10' )  [ RunTime:0.0003s ]
SQL: SHOW COLUMNS FROM `ihanc_5`.`bank` [ RunTime:0.0004s ]
SQL: SHOW COLUMNS FROM `ihanc_5`.`subject` [ RunTime:0.0004s ]
SQL: SELECT * FROM ihanc_5.subject WHERE ( cat=1 )  [ RunTime:0.0002s ]
SQL: SELECT `idbank`,`bname` FROM ihanc_5.bank ORDER BY weight desc  [ RunTime:0.0002s ]
INFO: [ view_parse ] --START--
INFO: [ template_filter ] --START--
INFO: Run Behavior\ContentReplaceBehavior [ RunTime:0.000055s ]
INFO: [ template_filter ] --END-- [ RunTime:0.000093s ]
INFO: Run Behavior\ParseTemplateBehavior [ RunTime:0.005368s ]
INFO: [ view_parse ] --END-- [ RunTime:0.005409s ]
INFO: [ view_filter ] --START--
INFO: Run Behavior\WriteHtmlCacheBehavior [ RunTime:0.000105s ]
INFO: [ view_filter ] --END-- [ RunTime:0.000130s ]
INFO: [ app_end ] --START--
INFO: Run Behavior\ShowPageTraceBehavior [ RunTime:0.000394s ]
INFO: [ app_end ] --END-- [ RunTime:0.000431s ]

[ 2017-06-25T21:11:02+08:00 ] 117.173.161.40 /ihanc/eva/index.php/Home/statistics/asset
INFO: [ app_init ] --START--
INFO: Run Behavior\BuildLiteBehavior [ RunTime:0.000014s ]
INFO: [ app_init ] --END-- [ RunTime:0.000250s ]
INFO: [ app_begin ] --START--
INFO: Run Behavior\ReadHtmlCacheBehavior [ RunTime:0.000299s ]
INFO: [ app_begin ] --END-- [ RunTime:0.000338s ]
SQL: SHOW COLUMNS FROM `user` [ RunTime:0.0006s ]
SQL: SELECT * FROM `user` WHERE ( iduser='10' )  [ RunTime:0.0002s ]
SQL: SHOW COLUMNS FROM `ihanc_5`.`asset` [ RunTime:0.0004s ]
SQL: SHOW COLUMNS FROM `ihanc_5`.`stock_sum_view` [ RunTime:0.0006s ]
SQL: SELECT SUM(sum) AS tp_sum FROM ihanc_5.stock_sum_view LIMIT 1   [ RunTime:0.0072s ]
SQL: SHOW COLUMNS FROM `ihanc_5`.`bank` [ RunTime:0.0005s ]
SQL: SELECT SUM(sum) AS tp_sum FROM ihanc_5.bank LIMIT 1   [ RunTime:0.0002s ]
SQL: SHOW COLUMNS FROM `ihanc_5`.`sale` [ RunTime:0.0004s ]
SQL: SELECT SUM(sum) AS tp_sum FROM ihanc_5.sale LIMIT 1   [ RunTime:0.0003s ]
SQL: SHOW COLUMNS FROM `ihanc_5`.`purchase` [ RunTime:0.0004s ]
SQL: SELECT SUM(sum) AS tp_sum FROM ihanc_5.purchase LIMIT 1   [ RunTime:0.0002s ]
SQL: SHOW COLUMNS FROM `ihanc_5`.`freight` [ RunTime:0.0003s ]
SQL: SELECT SUM(freight) AS tp_sum FROM ihanc_5.freight WHERE ( status=0 ) LIMIT 1   [ RunTime:0.0001s ]
INFO: [ view_parse ] --START--
INFO: [ template_filter ] --START--
INFO: Run Behavior\ContentReplaceBehavior [ RunTime:0.000048s ]
INFO: [ template_filter ] --END-- [ RunTime:0.000083s ]
INFO: Run Behavior\ParseTemplateBehavior [ RunTime:0.004451s ]
INFO: [ view_parse ] --END-- [ RunTime:0.004484s ]
INFO: [ view_filter ] --START--
INFO: Run Behavior\WriteHtmlCacheBehavior [ RunTime:0.000109s ]
INFO: [ view_filter ] --END-- [ RunTime:0.000134s ]
INFO: [ app_end ] --START--
INFO: Run Behavior\ShowPageTraceBehavior [ RunTime:0.000345s ]
INFO: [ app_end ] --END-- [ RunTime:0.000377s ]

[ 2017-06-25T21:11:02+08:00 ] 117.173.161.40 /ihanc/eva/index.php/Home/Statistics/mytest
INFO: [ app_init ] --START--
INFO: Run Behavior\BuildLiteBehavior [ RunTime:0.000019s ]
INFO: [ app_init ] --END-- [ RunTime:0.000344s ]
INFO: [ app_begin ] --START--
INFO: Run Behavior\ReadHtmlCacheBehavior [ RunTime:0.000324s ]
INFO: [ app_begin ] --END-- [ RunTime:0.000361s ]
SQL: SHOW COLUMNS FROM `user` [ RunTime:0.0007s ]
SQL: SELECT * FROM `user` WHERE ( iduser='10' )  [ RunTime:0.0002s ]
SQL: SHOW COLUMNS FROM `ihanc_5`.`asset` [ RunTime:0.0005s ]
SQL: SELECT * FROM ihanc_5.asset ORDER BY idasset desc LIMIT 0,13   [ RunTime:0.0002s ]
INFO: [ app_end ] --START--
INFO: Run Behavior\ShowPageTraceBehavior [ RunTime:0.000404s ]
INFO: [ app_end ] --END-- [ RunTime:0.000449s ]

[ 2017-06-25T21:11:07+08:00 ] 117.173.161.40 /ihanc/eva/index.php/Home/statistics/member
INFO: [ app_init ] --START--
INFO: Run Behavior\BuildLiteBehavior [ RunTime:0.000013s ]
INFO: [ app_init ] --END-- [ RunTime:0.000264s ]
INFO: [ app_begin ] --START--
INFO: Run Behavior\ReadHtmlCacheBehavior [ RunTime:0.000308s ]
INFO: [ app_begin ] --END-- [ RunTime:0.000345s ]
SQL: SHOW COLUMNS FROM `user` [ RunTime:0.0006s ]
SQL: SELECT * FROM `user` WHERE ( iduser='10' )  [ RunTime:0.0003s ]
SQL: SHOW COLUMNS FROM `ihanc_5`.`sale_all` [ RunTime:0.0006s ]
SQL: SELECT `idmember`,sum(number) as number,sum(sum) as sum FROM ihanc_5.sale_all WHERE `idgoods` > 0 AND `time` LIKE '2017-06%' GROUP BY idmember ORDER BY sum desc LIMIT 0,10   [ RunTime:0.0297s ]
INFO: [ view_parse ] --START--
INFO: [ template_filter ] --START--
INFO: Run Behavior\ContentReplaceBehavior [ RunTime:0.000066s ]
INFO: [ template_filter ] --END-- [ RunTime:0.000106s ]
INFO: Run Behavior\ParseTemplateBehavior [ RunTime:0.005122s ]
INFO: [ view_parse ] --END-- [ RunTime:0.005169s ]
INFO: [ view_filter ] --START--
INFO: Run Behavior\WriteHtmlCacheBehavior [ RunTime:0.000123s ]
INFO: [ view_filter ] --END-- [ RunTime:0.000160s ]
INFO: [ app_end ] --START--
INFO: Run Behavior\ShowPageTraceBehavior [ RunTime:0.000325s ]
INFO: [ app_end ] --END-- [ RunTime:0.000368s ]

[ 2017-06-25T21:11:14+08:00 ] 117.173.161.40 /ihanc/eva/index.php/home/sale/searchMember
INFO: [ app_init ] --START--
INFO: Run Behavior\BuildLiteBehavior [ RunTime:0.000021s ]
INFO: [ app_init ] --END-- [ RunTime:0.000401s ]
INFO: [ app_begin ] --START--
INFO: Run Behavior\ReadHtmlCacheBehavior [ RunTime:0.000511s ]
INFO: [ app_begin ] --END-- [ RunTime:0.000571s ]
SQL: SHOW COLUMNS FROM `user` [ RunTime:0.0006s ]
SQL: SELECT * FROM `user` WHERE ( iduser='10' )  [ RunTime:0.0002s ]
SQL: SHOW COLUMNS FROM `ihanc_5`.`member` [ RunTime:0.0003s ]
SQL: SELECT `idmember`,`mname` FROM ihanc_5.member WHERE ( `mname` LIKE '%h%' OR `msn` LIKE '%h%' ) LIMIT 0,10   [ RunTime:0.0002s ]
INFO: [ app_end ] --START--
INFO: Run Behavior\ShowPageTraceBehavior [ RunTime:0.000468s ]
INFO: [ app_end ] --END-- [ RunTime:0.000511s ]

[ 2017-06-25T21:11:14+08:00 ] 117.173.161.40 /ihanc/eva/index.php/home/sale/searchMember
INFO: [ app_init ] --START--
INFO: Run Behavior\BuildLiteBehavior [ RunTime:0.000020s ]
INFO: [ app_init ] --END-- [ RunTime:0.000379s ]
INFO: [ app_begin ] --START--
INFO: Run Behavior\ReadHtmlCacheBehavior [ RunTime:0.000416s ]
INFO: [ app_begin ] --END-- [ RunTime:0.000576s ]
SQL: SHOW COLUMNS FROM `user` [ RunTime:0.0005s ]
SQL: SELECT * FROM `user` WHERE ( iduser='10' )  [ RunTime:0.0002s ]
SQL: SHOW COLUMNS FROM `ihanc_5`.`member` [ RunTime:0.0003s ]
SQL: SELECT `idmember`,`mname` FROM ihanc_5.member WHERE ( `mname` LIKE '%hy%' OR `msn` LIKE '%hy%' ) LIMIT 0,10   [ RunTime:0.0004s ]
INFO: [ app_end ] --START--
INFO: Run Behavior\ShowPageTraceBehavior [ RunTime:0.000376s ]
INFO: [ app_end ] --END-- [ RunTime:0.000422s ]

[ 2017-06-25T21:11:20+08:00 ] 117.173.161.40 /ihanc/eva/index.php/Home/Statistics/saleAnalysis
INFO: [ app_init ] --START--
INFO: Run Behavior\BuildLiteBehavior [ RunTime:0.000016s ]
INFO: [ app_init ] --END-- [ RunTime:0.000374s ]
INFO: [ app_begin ] --START--
INFO: Run Behavior\ReadHtmlCacheBehavior [ RunTime:0.000480s ]
INFO: [ app_begin ] --END-- [ RunTime:0.000537s ]
SQL: SHOW COLUMNS FROM `user` [ RunTime:0.0007s ]
SQL: SELECT * FROM `user` WHERE ( iduser='10' )  [ RunTime:0.0003s ]
NOTIC: [8] Undefined index: sdata /opt/lampp/htdocs/ihanc/eva/Application/Home/Controller/StatisticsController.class.php 第 348 行.
SQL: SHOW COLUMNS FROM `ihanc_5`.`sale_all` [ RunTime:0.0009s ]
SQL: SELECT sum(number) as number,sum(sum) as sum,date_format(time,"%Y-%m") as mytime FROM ihanc_5.sale_all WHERE `idgoods` > 0 AND `idmember` = 97 GROUP BY mytime ORDER BY mytime desc LIMIT 0,13   [ RunTime:0.0366s ]
INFO: [ app_end ] --START--
INFO: Run Behavior\ShowPageTraceBehavior [ RunTime:0.000489s ]
INFO: [ app_end ] --END-- [ RunTime:0.000529s ]

[ 2017-06-25T21:11:52+08:00 ] 117.173.161.40 /ihanc/eva/index.php/Home/statistics/profit
INFO: [ app_init ] --START--
INFO: Run Behavior\BuildLiteBehavior [ RunTime:0.000042s ]
INFO: [ app_init ] --END-- [ RunTime:0.000423s ]
INFO: [ app_begin ] --START--
INFO: Run Behavior\ReadHtmlCacheBehavior [ RunTime:0.000477s ]
INFO: [ app_begin ] --END-- [ RunTime:0.000545s ]
SQL: SHOW COLUMNS FROM `user` [ RunTime:0.0008s ]
SQL: SELECT * FROM `user` WHERE ( iduser='10' )  [ RunTime:0.0003s ]
INFO: [ view_parse ] --START--
INFO: [ template_filter ] --START--
INFO: Run Behavior\ContentReplaceBehavior [ RunTime:0.000063s ]
INFO: [ template_filter ] --END-- [ RunTime:0.000101s ]
INFO: Run Behavior\ParseTemplateBehavior [ RunTime:0.004141s ]
INFO: [ view_parse ] --END-- [ RunTime:0.004178s ]
INFO: [ view_filter ] --START--
INFO: Run Behavior\WriteHtmlCacheBehavior [ RunTime:0.000121s ]
INFO: [ view_filter ] --END-- [ RunTime:0.000148s ]
INFO: [ app_end ] --START--
INFO: Run Behavior\ShowPageTraceBehavior [ RunTime:0.000352s ]
INFO: [ app_end ] --END-- [ RunTime:0.000389s ]

[ 2017-06-25T21:11:53+08:00 ] 117.173.161.40 /ihanc/eva/index.php/Home/Statistics/profitTable
INFO: [ app_init ] --START--
INFO: Run Behavior\BuildLiteBehavior [ RunTime:0.000014s ]
INFO: [ app_init ] --END-- [ RunTime:0.000253s ]
INFO: [ app_begin ] --START--
INFO: Run Behavior\ReadHtmlCacheBehavior [ RunTime:0.000317s ]
INFO: [ app_begin ] --END-- [ RunTime:0.000362s ]
SQL: SHOW COLUMNS FROM `user` [ RunTime:0.0006s ]
SQL: SELECT * FROM `user` WHERE ( iduser='10' )  [ RunTime:0.0003s ]
NOTIC: [8] Undefined index: p /opt/lampp/htdocs/ihanc/eva/Application/Home/Controller/StatisticsController.class.php 第 87 行.
NOTIC: [8] Undefined index: sdate /opt/lampp/htdocs/ihanc/eva/Application/Home/Controller/StatisticsController.class.php 第 89 行.
SQL: SHOW COLUMNS FROM `ihanc_5`.`purchase_all` [ RunTime:0.0007s ]
SQL: SELECT count(distinct inorder) as count FROM ihanc_5.purchase_all WHERE `inorder` <> 'NULL' AND `time` LIKE '2017-06%' LIMIT 1   [ RunTime:0.0046s ]
SQL: SELECT `inorder`,sum(number) as number,sum(sum) as sum FROM ihanc_5.purchase_all WHERE `inorder` <> 'NULL' AND `time` LIKE '2017-06%' GROUP BY inorder ORDER BY inorder desc LIMIT 0,10   [ RunTime:0.0069s ]
NOTIC: [8] Undefined variable: params /opt/lampp/htdocs/ihanc/eva/Application/Home/Controller/StatisticsController.class.php 第 102 行.
NOTIC: [2] Invalid argument supplied for foreach() /opt/lampp/htdocs/ihanc/eva/Application/Home/Common/function.php 第 115 行.
SQL: SHOW COLUMNS FROM `ihanc_5`.`sale_all` [ RunTime:0.0007s ]
SQL: SHOW COLUMNS FROM `ihanc_5`.`freight` [ RunTime:0.0004s ]
SQL: SHOW COLUMNS FROM `ihanc_5`.`stock` [ RunTime:0.0004s ]
SQL: SELECT SUM(freight) AS tp_sum FROM ihanc_5.freight WHERE `inorder` = 'IN20170625-2' LIMIT 1   [ RunTime:0.0002s ]
SQL: SELECT SUM(number) AS tp_sum FROM ihanc_5.sale_all WHERE `inorder` = 'IN20170625-2' AND `idgoods` > 0 LIMIT 1   [ RunTime:0.0299s ]
SQL: SELECT SUM(sum) AS tp_sum FROM ihanc_5.sale_all WHERE `inorder` = 'IN20170625-2' AND `idgoods` > 0 LIMIT 1   [ RunTime:0.0273s ]
SQL: SELECT `idgoods`,`stock` FROM ihanc_5.stock WHERE `inorder` = 'IN20170625-2' AND `idgoods` > 0  [ RunTime:0.0004s ]
SQL: SELECT sum(number) as number,sum(sum) as sum FROM ihanc_5.purchase_all WHERE `inorder` = 'IN20170625-2' AND `idgoods` = 2 LIMIT 1   [ RunTime:0.0051s ]
SQL: SELECT SUM(freight) AS tp_sum FROM ihanc_5.freight WHERE `inorder` = 'IN20170625-1' LIMIT 1   [ RunTime:0.0002s ]
SQL: SELECT SUM(number) AS tp_sum FROM ihanc_5.sale_all WHERE `inorder` = 'IN20170625-1' AND `idgoods` > 0 LIMIT 1   [ RunTime:0.0271s ]
SQL: SELECT SUM(sum) AS tp_sum FROM ihanc_5.sale_all WHERE `inorder` = 'IN20170625-1' AND `idgoods` > 0 LIMIT 1   [ RunTime:0.0286s ]
SQL: SELECT `idgoods`,`stock` FROM ihanc_5.stock WHERE `inorder` = 'IN20170625-1' AND `idgoods` > 0  [ RunTime:0.0005s ]
SQL: SELECT sum(number) as number,sum(sum) as sum FROM ihanc_5.purchase_all WHERE `inorder` = 'IN20170625-1' AND `idgoods` = 1 LIMIT 1   [ RunTime:0.0054s ]
SQL: SELECT SUM(freight) AS tp_sum FROM ihanc_5.freight WHERE `inorder` = 'IN20170624-1' LIMIT 1   [ RunTime:0.0002s ]
SQL: SELECT SUM(number) AS tp_sum FROM ihanc_5.sale_all WHERE `inorder` = 'IN20170624-1' AND `idgoods` > 0 LIMIT 1   [ RunTime:0.0313s ]
SQL: SELECT SUM(sum) AS tp_sum FROM ihanc_5.sale_all WHERE `inorder` = 'IN20170624-1' AND `idgoods` > 0 LIMIT 1   [ RunTime:0.0345s ]
SQL: SELECT `idgoods`,`stock` FROM ihanc_5.stock WHERE `inorder` = 'IN20170624-1' AND `idgoods` > 0  [ RunTime:0.0004s ]
SQL: SELECT SUM(freight) AS tp_sum FROM ihanc_5.freight WHERE `inorder` = 'IN20170623-1' LIMIT 1   [ RunTime:0.0002s ]
SQL: SELECT SUM(number) AS tp_sum FROM ihanc_5.sale_all WHERE `inorder` = 'IN20170623-1' AND `idgoods` > 0 LIMIT 1   [ RunTime:0.0286s ]
SQL: SELECT SUM(sum) AS tp_sum FROM ihanc_5.sale_all WHERE `inorder` = 'IN20170623-1' AND `idgoods` > 0 LIMIT 1   [ RunTime:0.0324s ]
SQL: SELECT `idgoods`,`stock` FROM ihanc_5.stock WHERE `inorder` = 'IN20170623-1' AND `idgoods` > 0  [ RunTime:0.0004s ]
SQL: SELECT SUM(freight) AS tp_sum FROM ihanc_5.freight WHERE `inorder` = 'IN20170622-1' LIMIT 1   [ RunTime:0.0001s ]
SQL: SELECT SUM(number) AS tp_sum FROM ihanc_5.sale_all WHERE `inorder` = 'IN20170622-1' AND `idgoods` > 0 LIMIT 1   [ RunTime:0.0268s ]
SQL: SELECT SUM(sum) AS tp_sum FROM ihanc_5.sale_all WHERE `inorder` = 'IN20170622-1' AND `idgoods` > 0 LIMIT 1   [ RunTime:0.0269s ]
SQL: SELECT `idgoods`,`stock` FROM ihanc_5.stock WHERE `inorder` = 'IN20170622-1' AND `idgoods` > 0  [ RunTime:0.0004s ]
SQL: SELECT SUM(freight) AS tp_sum FROM ihanc_5.freight WHERE `inorder` = 'IN20170621-4' LIMIT 1   [ RunTime:0.0002s ]
SQL: SELECT SUM(number) AS tp_sum FROM ihanc_5.sale_all WHERE `inorder` = 'IN20170621-4' AND `idgoods` > 0 LIMIT 1   [ RunTime:0.0267s ]
SQL: SELECT SUM(sum) AS tp_sum FROM ihanc_5.sale_all WHERE `inorder` = 'IN20170621-4' AND `idgoods` > 0 LIMIT 1   [ RunTime:0.0276s ]
SQL: SELECT `idgoods`,`stock` FROM ihanc_5.stock WHERE `inorder` = 'IN20170621-4' AND `idgoods` > 0  [ RunTime:0.0004s ]
SQL: SELECT SUM(freight) AS tp_sum FROM ihanc_5.freight WHERE `inorder` = 'IN20170621-3' LIMIT 1   [ RunTime:0.0002s ]
SQL: SELECT SUM(number) AS tp_sum FROM ihanc_5.sale_all WHERE `inorder` = 'IN20170621-3' AND `idgoods` > 0 LIMIT 1   [ RunTime:0.0273s ]
SQL: SELECT SUM(sum) AS tp_sum FROM ihanc_5.sale_all WHERE `inorder` = 'IN20170621-3' AND `idgoods` > 0 LIMIT 1   [ RunTime:0.0356s ]
SQL: SELECT `idgoods`,`stock` FROM ihanc_5.stock WHERE `inorder` = 'IN20170621-3' AND `idgoods` > 0  [ RunTime:0.0004s ]
SQL: SELECT SUM(freight) AS tp_sum FROM ihanc_5.freight WHERE `inorder` = 'IN20170621-2' LIMIT 1   [ RunTime:0.0002s ]
SQL: SELECT SUM(number) AS tp_sum FROM ihanc_5.sale_all WHERE `inorder` = 'IN20170621-2' AND `idgoods` > 0 LIMIT 1   [ RunTime:0.0375s ]
SQL: SELECT SUM(sum) AS tp_sum FROM ihanc_5.sale_all WHERE `inorder` = 'IN20170621-2' AND `idgoods` > 0 LIMIT 1   [ RunTime:0.0310s ]
SQL: SELECT `idgoods`,`stock` FROM ihanc_5.stock WHERE `inorder` = 'IN20170621-2' AND `idgoods` > 0  [ RunTime:0.0004s ]
SQL: SELECT SUM(freight) AS tp_sum FROM ihanc_5.freight WHERE `inorder` = 'IN20170621-1' LIMIT 1   [ RunTime:0.0002s ]
SQL: SELECT SUM(number) AS tp_sum FROM ihanc_5.sale_all WHERE `inorder` = 'IN20170621-1' AND `idgoods` > 0 LIMIT 1   [ RunTime:0.0270s ]
SQL: SELECT SUM(sum) AS tp_sum FROM ihanc_5.sale_all WHERE `inorder` = 'IN20170621-1' AND `idgoods` > 0 LIMIT 1   [ RunTime:0.0274s ]
SQL: SELECT `idgoods`,`stock` FROM ihanc_5.stock WHERE `inorder` = 'IN20170621-1' AND `idgoods` > 0  [ RunTime:0.0004s ]
SQL: SELECT SUM(freight) AS tp_sum FROM ihanc_5.freight WHERE `inorder` = 'IN20170620-3' LIMIT 1   [ RunTime:0.0002s ]
SQL: SELECT SUM(number) AS tp_sum FROM ihanc_5.sale_all WHERE `inorder` = 'IN20170620-3' AND `idgoods` > 0 LIMIT 1   [ RunTime:0.0272s ]
SQL: SELECT SUM(sum) AS tp_sum FROM ihanc_5.sale_all WHERE `inorder` = 'IN20170620-3' AND `idgoods` > 0 LIMIT 1   [ RunTime:0.0316s ]
SQL: SELECT `idgoods`,`stock` FROM ihanc_5.stock WHERE `inorder` = 'IN20170620-3' AND `idgoods` > 0  [ RunTime:0.0006s ]
INFO: [ view_parse ] --START--
INFO: [ template_filter ] --START--
INFO: Run Behavior\ContentReplaceBehavior [ RunTime:0.000056s ]
INFO: [ template_filter ] --END-- [ RunTime:0.000099s ]
INFO: Run Behavior\ParseTemplateBehavior [ RunTime:0.008113s ]
INFO: [ view_parse ] --END-- [ RunTime:0.008172s ]
INFO: [ view_filter ] --START--
INFO: Run Behavior\WriteHtmlCacheBehavior [ RunTime:0.000110s ]
INFO: [ view_filter ] --END-- [ RunTime:0.000137s ]
INFO: [ app_end ] --START--
INFO: Run Behavior\ShowPageTraceBehavior [ RunTime:0.000337s ]
INFO: [ app_end ] --END-- [ RunTime:0.000373s ]

[ 2017-06-25T21:11:54+08:00 ] 117.173.161.40 /ihanc/eva/index.php/Home/statistics/supply
INFO: [ app_init ] --START--
INFO: Run Behavior\BuildLiteBehavior [ RunTime:0.000014s ]
INFO: [ app_init ] --END-- [ RunTime:0.000271s ]
INFO: [ app_begin ] --START--
INFO: Run Behavior\ReadHtmlCacheBehavior [ RunTime:0.000388s ]
INFO: [ app_begin ] --END-- [ RunTime:0.000441s ]
SQL: SHOW COLUMNS FROM `user` [ RunTime:0.0008s ]
SQL: SELECT * FROM `user` WHERE ( iduser='10' )  [ RunTime:0.0003s ]
SQL: SHOW COLUMNS FROM `ihanc_5`.`purchase_all` [ RunTime:0.0008s ]
SQL: SELECT `idsupply`,sum(number) as number,sum(sum) as sum FROM ihanc_5.purchase_all WHERE `time` LIKE '2017-06%' AND `idgoods` > 0 GROUP BY idsupply ORDER BY sum desc LIMIT 0,10   [ RunTime:0.0067s ]
INFO: [ view_parse ] --START--
INFO: [ template_filter ] --START--
INFO: Run Behavior\ContentReplaceBehavior [ RunTime:0.000069s ]
INFO: [ template_filter ] --END-- [ RunTime:0.000124s ]
INFO: Run Behavior\ParseTemplateBehavior [ RunTime:0.004672s ]
INFO: [ view_parse ] --END-- [ RunTime:0.004711s ]
INFO: [ view_filter ] --START--
INFO: Run Behavior\WriteHtmlCacheBehavior [ RunTime:0.000108s ]
INFO: [ view_filter ] --END-- [ RunTime:0.000136s ]
INFO: [ app_end ] --START--
INFO: Run Behavior\ShowPageTraceBehavior [ RunTime:0.000344s ]
INFO: [ app_end ] --END-- [ RunTime:0.000380s ]

[ 2017-06-25T21:12:09+08:00 ] 117.173.161.40 /ihanc/eva/index.php/Home/index/logOut
INFO: [ app_init ] --START--
INFO: Run Behavior\BuildLiteBehavior [ RunTime:0.000013s ]
INFO: [ app_init ] --END-- [ RunTime:0.000283s ]
INFO: [ app_begin ] --START--
INFO: Run Behavior\ReadHtmlCacheBehavior [ RunTime:0.000336s ]
INFO: [ app_begin ] --END-- [ RunTime:0.000376s ]
SQL: SHOW COLUMNS FROM `user` [ RunTime:0.0007s ]
SQL: SELECT * FROM `user` WHERE ( iduser='10' )  [ RunTime:0.0003s ]
SQL: SHOW COLUMNS FROM `user_log` [ RunTime:0.0004s ]
SQL: UPDATE `user_log` SET `otime`='2017-06-25 21:12:09' WHERE `iduser_log` = 3440 [ RunTime:0.0038s ]

[ 2017-06-25T21:12:09+08:00 ] 117.173.161.40 /ihanc/eva/index.php/Home/login/index.html
INFO: [ app_init ] --START--
INFO: Run Behavior\BuildLiteBehavior [ RunTime:0.000012s ]
INFO: [ app_init ] --END-- [ RunTime:0.000287s ]
INFO: [ app_begin ] --START--
INFO: Run Behavior\ReadHtmlCacheBehavior [ RunTime:0.000331s ]
INFO: [ app_begin ] --END-- [ RunTime:0.000370s ]
INFO: [ view_parse ] --START--
INFO: [ template_filter ] --START--
INFO: Run Behavior\ContentReplaceBehavior [ RunTime:0.000057s ]
INFO: [ template_filter ] --END-- [ RunTime:0.000093s ]
NOTIC: [8] Undefined variable: info /opt/lampp/htdocs/ihanc/eva/Application/Runtime/Cache/Home/97269d504bf33cb4c14eb7be85b7c9ec.php 第 75 行.
INFO: Run Behavior\ParseTemplateBehavior [ RunTime:0.004283s ]
INFO: [ view_parse ] --END-- [ RunTime:0.004315s ]
INFO: [ view_filter ] --START--
INFO: Run Behavior\WriteHtmlCacheBehavior [ RunTime:0.000103s ]
INFO: [ view_filter ] --END-- [ RunTime:0.000130s ]
INFO: [ app_end ] --START--
INFO: Run Behavior\ShowPageTraceBehavior [ RunTime:0.000304s ]
INFO: [ app_end ] --END-- [ RunTime:0.000342s ]

[ 2017-06-25T21:12:11+08:00 ] 117.173.161.40 /ihanc/eva/index.php/Home/login/undefined/ajax-loader-trans.gif
INFO: [ app_init ] --START--
INFO: Run Behavior\BuildLiteBehavior [ RunTime:0.000012s ]
INFO: [ app_init ] --END-- [ RunTime:0.000249s ]

[ 2017-06-25T21:12:11+08:00 ] 117.173.161.40 /ihanc/eva/index.php/Home/login/undefinedundefined
INFO: [ app_init ] --START--
INFO: Run Behavior\BuildLiteBehavior [ RunTime:0.000011s ]
INFO: [ app_init ] --END-- [ RunTime:0.000288s ]
INFO: [ app_begin ] --START--
INFO: Run Behavior\ReadHtmlCacheBehavior [ RunTime:0.000295s ]
INFO: [ app_begin ] --END-- [ RunTime:0.000334s ]
ERR: 非法操作:undefinedundefined

[ 2017-06-25T21:12:19+08:00 ] 101.226.33.225 /ihanc/eva/index.php/Home/index/logOut
INFO: [ app_init ] --START--
INFO: Run Behavior\BuildLiteBehavior [ RunTime:0.000014s ]
INFO: [ app_init ] --END-- [ RunTime:0.000275s ]
INFO: [ app_begin ] --START--
INFO: Run Behavior\ReadHtmlCacheBehavior [ RunTime:0.000322s ]
INFO: [ app_begin ] --END-- [ RunTime:0.000363s ]

[ 2017-06-25T21:12:19+08:00 ] 101.226.33.225 /ihanc/eva/index.php/Home/login/index.html
INFO: [ app_init ] --START--
INFO: Run Behavior\BuildLiteBehavior [ RunTime:0.000015s ]
INFO: [ app_init ] --END-- [ RunTime:0.000296s ]
INFO: [ app_begin ] --START--
INFO: Run Behavior\ReadHtmlCacheBehavior [ RunTime:0.000346s ]
INFO: [ app_begin ] --END-- [ RunTime:0.000397s ]
INFO: [ view_parse ] --START--
INFO: [ template_filter ] --START--
INFO: Run Behavior\ContentReplaceBehavior [ RunTime:0.000074s ]
INFO: [ template_filter ] --END-- [ RunTime:0.000122s ]
NOTIC: [8] Undefined variable: info /opt/lampp/htdocs/ihanc/eva/Application/Runtime/Cache/Home/97269d504bf33cb4c14eb7be85b7c9ec.php 第 75 行.
INFO: Run Behavior\ParseTemplateBehavior [ RunTime:0.004631s ]
INFO: [ view_parse ] --END-- [ RunTime:0.004668s ]
INFO: [ view_filter ] --START--
INFO: Run Behavior\WriteHtmlCacheBehavior [ RunTime:0.000111s ]
INFO: [ view_filter ] --END-- [ RunTime:0.000138s ]
INFO: [ app_end ] --START--
INFO: Run Behavior\ShowPageTraceBehavior [ RunTime:0.000360s ]
INFO: [ app_end ] --END-- [ RunTime:0.000404s ]

[ 2017-06-25T22:29:12+08:00 ] 117.136.190.21 /ihanc/eva/index.php/Home/sale/index.html
INFO: [ app_init ] --START--
INFO: Run Behavior\BuildLiteBehavior [ RunTime:0.000013s ]
INFO: [ app_init ] --END-- [ RunTime:0.000252s ]
INFO: [ app_begin ] --START--
INFO: Run Behavior\ReadHtmlCacheBehavior [ RunTime:0.000321s ]
INFO: [ app_begin ] --END-- [ RunTime:0.000373s ]

[ 2017-06-25T22:29:12+08:00 ] 117.136.190.21 /ihanc/eva/index.php/Home/login/index.html
INFO: [ app_init ] --START--
INFO: Run Behavior\BuildLiteBehavior [ RunTime:0.000012s ]
INFO: [ app_init ] --END-- [ RunTime:0.000268s ]
INFO: [ app_begin ] --START--
INFO: Run Behavior\ReadHtmlCacheBehavior [ RunTime:0.000337s ]
INFO: [ app_begin ] --END-- [ RunTime:0.000384s ]
INFO: [ view_parse ] --START--
INFO: [ template_filter ] --START--
INFO: Run Behavior\ContentReplaceBehavior [ RunTime:0.000063s ]
INFO: [ template_filter ] --END-- [ RunTime:0.000105s ]
NOTIC: [8] Undefined variable: info /opt/lampp/htdocs/ihanc/eva/Application/Runtime/Cache/Home/97269d504bf33cb4c14eb7be85b7c9ec.php 第 75 行.
INFO: Run Behavior\ParseTemplateBehavior [ RunTime:0.004934s ]
INFO: [ view_parse ] --END-- [ RunTime:0.004967s ]
INFO: [ view_filter ] --START--
INFO: Run Behavior\WriteHtmlCacheBehavior [ RunTime:0.000125s ]
INFO: [ view_filter ] --END-- [ RunTime:0.000174s ]
INFO: [ app_end ] --START--
INFO: Run Behavior\ShowPageTraceBehavior [ RunTime:0.000420s ]
INFO: [ app_end ] --END-- [ RunTime:0.000455s ]

[ 2017-06-25T22:29:48+08:00 ] 117.136.190.3 /ihanc/eva/index.php/Home/Sale/saleAdd
INFO: [ app_init ] --START--
INFO: Run Behavior\BuildLiteBehavior [ RunTime:0.000014s ]
INFO: [ app_init ] --END-- [ RunTime:0.000257s ]
INFO: [ app_begin ] --START--
INFO: Run Behavior\ReadHtmlCacheBehavior [ RunTime:0.000303s ]
INFO: [ app_begin ] --END-- [ RunTime:0.000344s ]

[ 2017-06-25T22:29:48+08:00 ] 117.136.190.3 /ihanc/eva/index.php/Home/login/index.html
INFO: [ app_init ] --START--
INFO: Run Behavior\BuildLiteBehavior [ RunTime:0.000017s ]
INFO: [ app_init ] --END-- [ RunTime:0.000360s ]
INFO: [ app_begin ] --START--
INFO: Run Behavior\ReadHtmlCacheBehavior [ RunTime:0.000447s ]
INFO: [ app_begin ] --END-- [ RunTime:0.000502s ]
INFO: [ view_parse ] --START--
INFO: [ template_filter ] --START--
INFO: Run Behavior\ContentReplaceBehavior [ RunTime:0.000093s ]
INFO: [ template_filter ] --END-- [ RunTime:0.000188s ]
NOTIC: [8] Undefined variable: info /opt/lampp/htdocs/ihanc/eva/Application/Runtime/Cache/Home/97269d504bf33cb4c14eb7be85b7c9ec.php 第 75 行.
INFO: Run Behavior\ParseTemplateBehavior [ RunTime:0.006973s ]
INFO: [ view_parse ] --END-- [ RunTime:0.007025s ]
INFO: [ view_filter ] --START--
INFO: Run Behavior\WriteHtmlCacheBehavior [ RunTime:0.000151s ]
INFO: [ view_filter ] --END-- [ RunTime:0.000197s ]
INFO: [ app_end ] --START--
INFO: Run Behavior\ShowPageTraceBehavior [ RunTime:0.000526s ]
INFO: [ app_end ] --END-- [ RunTime:0.000592s ]

[ 2017-06-25T22:31:00+08:00 ] 117.136.190.19 /ihanc/eva/index.php/Home/Sale/saleTable
INFO: [ app_init ] --START--
INFO: Run Behavior\BuildLiteBehavior [ RunTime:0.000015s ]
INFO: [ app_init ] --END-- [ RunTime:0.000276s ]
INFO: [ app_begin ] --START--
INFO: Run Behavior\ReadHtmlCacheBehavior [ RunTime:0.000374s ]
INFO: [ app_begin ] --END-- [ RunTime:0.000433s ]

[ 2017-06-25T22:31:00+08:00 ] 117.136.190.19 /ihanc/eva/index.php/Home/login/index.html
INFO: [ app_init ] --START--
INFO: Run Behavior\BuildLiteBehavior [ RunTime:0.000023s ]
INFO: [ app_init ] --END-- [ RunTime:0.000428s ]
INFO: [ app_begin ] --START--
INFO: Run Behavior\ReadHtmlCacheBehavior [ RunTime:0.000696s ]
INFO: [ app_begin ] --END-- [ RunTime:0.000790s ]
INFO: [ view_parse ] --START--
INFO: [ template_filter ] --START--
INFO: Run Behavior\ContentReplaceBehavior [ RunTime:0.000074s ]
INFO: [ template_filter ] --END-- [ RunTime:0.000132s ]
NOTIC: [8] Undefined variable: info /opt/lampp/htdocs/ihanc/eva/Application/Runtime/Cache/Home/97269d504bf33cb4c14eb7be85b7c9ec.php 第 75 行.
INFO: Run Behavior\ParseTemplateBehavior [ RunTime:0.006053s ]
INFO: [ view_parse ] --END-- [ RunTime:0.006095s ]
INFO: [ view_filter ] --START--
INFO: Run Behavior\WriteHtmlCacheBehavior [ RunTime:0.000132s ]
INFO: [ view_filter ] --END-- [ RunTime:0.000160s ]
INFO: [ app_end ] --START--
INFO: Run Behavior\ShowPageTraceBehavior [ RunTime:0.000348s ]
INFO: [ app_end ] --END-- [ RunTime:0.000387s ]

