[ 2017-02-08T18:14:07+08:00 ] 117.173.171.22 /ihanc/eva/index.php/Home/Sale/itPrice?idgoods=215&idmember=116&inorder=IN20170206-6
INFO: [ app_init ] --START--
INFO: Run Behavior\BuildLiteBehavior [ RunTime:0.000012s ]
INFO: [ app_init ] --END-- [ RunTime:0.000240s ]
INFO: [ app_begin ] --START--
INFO: Run Behavior\ReadHtmlCacheBehavior [ RunTime:0.000298s ]
INFO: [ app_begin ] --END-- [ RunTime:0.000334s ]
SQL: SHOW COLUMNS FROM `user` [ RunTime:0.0007s ]
SQL: SELECT * FROM `user` WHERE ( iduser='3' )  [ RunTime:0.0002s ]
SQL: SHOW COLUMNS FROM `ihanc_3`.`stock` [ RunTime:0.0079s ]
SQL: SELECT MAX(price1) as price1,MAX(price2) as price2 FROM ihanc_3.stock WHERE `idgoods` = 215 AND `inorder` = 'IN20170206-6' LIMIT 1   [ RunTime:0.0002s ]
SQL: SHOW COLUMNS FROM `ihanc_3`.`sale_all` [ RunTime:0.0006s ]
SQL: SELECT price as price1 FROM ihanc_3.sale_all WHERE `idmember` = 116 AND `idgoods` = 215 ORDER BY idsale desc LIMIT 1   [ RunTime:0.4213s ]
INFO: [ app_end ] --START--
INFO: Run Behavior\ShowPageTraceBehavior [ RunTime:0.000492s ]
INFO: [ app_end ] --END-- [ RunTime:0.000531s ]

[ 2017-02-08T18:14:10+08:00 ] 117.173.171.22 /ihanc/eva/index.php/Home/Sale/saleAdd
INFO: [ app_init ] --START--
INFO: Run Behavior\BuildLiteBehavior [ RunTime:0.000011s ]
INFO: [ app_init ] --END-- [ RunTime:0.000240s ]
INFO: [ app_begin ] --START--
INFO: Run Behavior\ReadHtmlCacheBehavior [ RunTime:0.000293s ]
INFO: [ app_begin ] --END-- [ RunTime:0.000331s ]
SQL: SHOW COLUMNS FROM `user` [ RunTime:0.0006s ]
SQL: SELECT * FROM `user` WHERE ( iduser='3' )  [ RunTime:0.0002s ]
SQL: SHOW COLUMNS FROM `ihanc_3`.`sale` [ RunTime:0.0005s ]
SQL: INSERT INTO ihanc_3.sale (`idmember`,`idgoods`,`inorder`,`number`,`price`,`sum`,`remark`,`time`,`user`) VALUES ('116','215','IN20170206-6','170','8.5','1445','','2017-02-08 18:14:10','杨胖娃') [ RunTime:0.0059s ]
SQL: SHOW COLUMNS FROM `ihanc_3`.`log` [ RunTime:0.0004s ]
SQL: INSERT INTO ihanc_3.log (`summary`,`user`) VALUES ('116红星村销售单保存成功','杨胖娃') [ RunTime:0.0044s ]
INFO: [ app_end ] --START--
INFO: Run Behavior\ShowPageTraceBehavior [ RunTime:0.000441s ]
INFO: [ app_end ] --END-- [ RunTime:0.000479s ]

[ 2017-02-08T18:14:10+08:00 ] 117.173.171.22 /ihanc/eva/index.php/Home/Sale/getCredit?idmember=116
INFO: [ app_init ] --START--
INFO: Run Behavior\BuildLiteBehavior [ RunTime:0.000012s ]
INFO: [ app_init ] --END-- [ RunTime:0.000239s ]
INFO: [ app_begin ] --START--
INFO: Run Behavior\ReadHtmlCacheBehavior [ RunTime:0.000336s ]
INFO: [ app_begin ] --END-- [ RunTime:0.000373s ]
SQL: SHOW COLUMNS FROM `user` [ RunTime:0.0006s ]
SQL: SELECT * FROM `user` WHERE ( iduser='3' )  [ RunTime:0.0059s ]
SQL: SHOW COLUMNS FROM `ihanc_3`.`sale` [ RunTime:0.0005s ]
SQL: SELECT SUM(sum) AS tp_sum FROM ihanc_3.sale WHERE `idmember` = 116 LIMIT 1   [ RunTime:0.0006s ]
INFO: [ app_end ] --START--
INFO: Run Behavior\ShowPageTraceBehavior [ RunTime:0.000447s ]
INFO: [ app_end ] --END-- [ RunTime:0.000488s ]

[ 2017-02-08T18:14:32+08:00 ] 117.173.171.22 /ihanc/eva/index.php/Home/Sale/searchMember
INFO: [ app_init ] --START--
INFO: Run Behavior\BuildLiteBehavior [ RunTime:0.000012s ]
INFO: [ app_init ] --END-- [ RunTime:0.000266s ]
INFO: [ app_begin ] --START--
INFO: Run Behavior\ReadHtmlCacheBehavior [ RunTime:0.000317s ]
INFO: [ app_begin ] --END-- [ RunTime:0.000357s ]
SQL: SHOW COLUMNS FROM `user` [ RunTime:0.0006s ]
SQL: SELECT * FROM `user` WHERE ( iduser='3' )  [ RunTime:0.0002s ]
SQL: SHOW COLUMNS FROM `ihanc_3`.`member` [ RunTime:0.0004s ]
SQL: SELECT `idmember`,`mname` FROM ihanc_3.member WHERE ( `mname` LIKE '%G%' OR `msn` LIKE '%G%' ) LIMIT 0,10   [ RunTime:0.0002s ]
INFO: [ app_end ] --START--
INFO: Run Behavior\ShowPageTraceBehavior [ RunTime:0.000358s ]
INFO: [ app_end ] --END-- [ RunTime:0.000394s ]

[ 2017-02-08T18:14:32+08:00 ] 117.173.171.22 /ihanc/eva/index.php/Home/Sale/searchMember
INFO: [ app_init ] --START--
INFO: Run Behavior\BuildLiteBehavior [ RunTime:0.000012s ]
INFO: [ app_init ] --END-- [ RunTime:0.000235s ]
INFO: [ app_begin ] --START--
INFO: Run Behavior\ReadHtmlCacheBehavior [ RunTime:0.000296s ]
INFO: [ app_begin ] --END-- [ RunTime:0.000338s ]
SQL: SHOW COLUMNS FROM `user` [ RunTime:0.0006s ]
SQL: SELECT * FROM `user` WHERE ( iduser='3' )  [ RunTime:0.0039s ]
SQL: SHOW COLUMNS FROM `ihanc_3`.`member` [ RunTime:0.0004s ]
SQL: SELECT `idmember`,`mname` FROM ihanc_3.member WHERE ( `mname` LIKE '%GG%' OR `msn` LIKE '%GG%' ) LIMIT 0,10   [ RunTime:0.0003s ]
INFO: [ app_end ] --START--
INFO: Run Behavior\ShowPageTraceBehavior [ RunTime:0.000420s ]
INFO: [ app_end ] --END-- [ RunTime:0.000456s ]

[ 2017-02-08T18:14:32+08:00 ] 117.173.171.22 /ihanc/eva/index.php/Home/Sale/getCredit?idmember=50
INFO: [ app_init ] --START--
INFO: Run Behavior\BuildLiteBehavior [ RunTime:0.000021s ]
INFO: [ app_init ] --END-- [ RunTime:0.000326s ]
INFO: [ app_begin ] --START--
INFO: Run Behavior\ReadHtmlCacheBehavior [ RunTime:0.000465s ]
INFO: [ app_begin ] --END-- [ RunTime:0.000544s ]
SQL: SHOW COLUMNS FROM `user` [ RunTime:0.0007s ]
SQL: SELECT * FROM `user` WHERE ( iduser='3' )  [ RunTime:0.0002s ]
SQL: SHOW COLUMNS FROM `ihanc_3`.`sale` [ RunTime:0.0005s ]
SQL: SELECT SUM(sum) AS tp_sum FROM ihanc_3.sale WHERE `idmember` = 50 LIMIT 1   [ RunTime:0.0006s ]
INFO: [ app_end ] --START--
INFO: Run Behavior\ShowPageTraceBehavior [ RunTime:0.000391s ]
INFO: [ app_end ] --END-- [ RunTime:0.000426s ]

[ 2017-02-08T18:14:33+08:00 ] 117.173.171.22 /ihanc/eva/index.php/Home/Sale/mcreditDetail?idmember=50
INFO: [ app_init ] --START--
INFO: Run Behavior\BuildLiteBehavior [ RunTime:0.000012s ]
INFO: [ app_init ] --END-- [ RunTime:0.000248s ]
INFO: [ app_begin ] --START--
INFO: Run Behavior\ReadHtmlCacheBehavior [ RunTime:0.000296s ]
INFO: [ app_begin ] --END-- [ RunTime:0.000333s ]
SQL: SHOW COLUMNS FROM `user` [ RunTime:0.0009s ]
SQL: SELECT * FROM `user` WHERE ( iduser='3' )  [ RunTime:0.0037s ]
SQL: SHOW COLUMNS FROM `ihanc_3`.`sale` [ RunTime:0.0005s ]
SQL: SELECT `idsale`,`idmember`,`inorder`,`idgoods`,`number`,`price`,`time`,`sum`,`cf`,`remark`,`idintime` FROM ihanc_3.sale WHERE `idmember` = 50 ORDER BY idsale  [ RunTime:0.0015s ]
NOTIC: [8] Undefined variable: sum /opt/lampp/htdocs/ihanc/eva/Application/Home/Controller/SaleController.class.php 第 239 行.
SQL: SHOW COLUMNS FROM `ihanc_3`.`bank` [ RunTime:0.0005s ]
SQL: SELECT `idbank`,`bname` FROM ihanc_3.bank ORDER BY weight desc  [ RunTime:0.0002s ]
INFO: [ view_parse ] --START--
INFO: [ template_filter ] --START--
INFO: Run Behavior\ContentReplaceBehavior [ RunTime:0.000066s ]
INFO: [ template_filter ] --END-- [ RunTime:0.000102s ]
INFO: Run Behavior\ParseTemplateBehavior [ RunTime:0.014957s ]
INFO: [ view_parse ] --END-- [ RunTime:0.014993s ]
INFO: [ view_filter ] --START--
INFO: Run Behavior\WriteHtmlCacheBehavior [ RunTime:0.000125s ]
INFO: [ view_filter ] --END-- [ RunTime:0.000152s ]
INFO: [ app_end ] --START--
INFO: Run Behavior\ShowPageTraceBehavior [ RunTime:0.000314s ]
INFO: [ app_end ] --END-- [ RunTime:0.000348s ]

[ 2017-02-08T18:14:33+08:00 ] 117.173.171.22 /ihanc/eva/index.php/Home/Sale/mcreditDetail?idmember=50
INFO: [ app_init ] --START--
INFO: Run Behavior\BuildLiteBehavior [ RunTime:0.000013s ]
INFO: [ app_init ] --END-- [ RunTime:0.000246s ]
INFO: [ app_begin ] --START--
INFO: Run Behavior\ReadHtmlCacheBehavior [ RunTime:0.000322s ]
INFO: [ app_begin ] --END-- [ RunTime:0.000366s ]
SQL: SHOW COLUMNS FROM `user` [ RunTime:0.0006s ]
SQL: SELECT * FROM `user` WHERE ( iduser='3' )  [ RunTime:0.0002s ]
SQL: SHOW COLUMNS FROM `ihanc_3`.`sale` [ RunTime:0.0005s ]
SQL: SELECT `idsale`,`idmember`,`inorder`,`idgoods`,`number`,`price`,`time`,`sum`,`cf`,`remark`,`idintime` FROM ihanc_3.sale WHERE `idmember` = 50 ORDER BY idsale  [ RunTime:0.0008s ]
NOTIC: [8] Undefined variable: sum /opt/lampp/htdocs/ihanc/eva/Application/Home/Controller/SaleController.class.php 第 239 行.
SQL: SHOW COLUMNS FROM `ihanc_3`.`bank` [ RunTime:0.0004s ]
SQL: SELECT `idbank`,`bname` FROM ihanc_3.bank ORDER BY weight desc  [ RunTime:0.0002s ]
INFO: [ view_parse ] --START--
INFO: [ template_filter ] --START--
INFO: Run Behavior\ContentReplaceBehavior [ RunTime:0.000079s ]
INFO: [ template_filter ] --END-- [ RunTime:0.000113s ]
INFO: Run Behavior\ParseTemplateBehavior [ RunTime:0.012859s ]
INFO: [ view_parse ] --END-- [ RunTime:0.012895s ]
INFO: [ view_filter ] --START--
INFO: Run Behavior\WriteHtmlCacheBehavior [ RunTime:0.000100s ]
INFO: [ view_filter ] --END-- [ RunTime:0.000126s ]
INFO: [ app_end ] --START--
INFO: Run Behavior\ShowPageTraceBehavior [ RunTime:0.000306s ]
INFO: [ app_end ] --END-- [ RunTime:0.000345s ]

[ 2017-02-08T18:15:16+08:00 ] 117.173.171.22 /ihanc/eva/index.php/Home/Sale/searchMember
INFO: [ app_init ] --START--
INFO: Run Behavior\BuildLiteBehavior [ RunTime:0.000013s ]
INFO: [ app_init ] --END-- [ RunTime:0.000253s ]
INFO: [ app_begin ] --START--
INFO: Run Behavior\ReadHtmlCacheBehavior [ RunTime:0.000297s ]
INFO: [ app_begin ] --END-- [ RunTime:0.000337s ]
SQL: SHOW COLUMNS FROM `user` [ RunTime:0.0006s ]
SQL: SELECT * FROM `user` WHERE ( iduser='3' )  [ RunTime:0.0002s ]
SQL: SHOW COLUMNS FROM `ihanc_3`.`member` [ RunTime:0.0018s ]
SQL: SELECT `idmember`,`mname` FROM ihanc_3.member WHERE ( `mname` LIKE '%W%' OR `msn` LIKE '%W%' ) LIMIT 0,10   [ RunTime:0.0002s ]
INFO: [ app_end ] --START--
INFO: Run Behavior\ShowPageTraceBehavior [ RunTime:0.000374s ]
INFO: [ app_end ] --END-- [ RunTime:0.000412s ]

[ 2017-02-08T18:15:16+08:00 ] 117.173.171.22 /ihanc/eva/index.php/Home/Sale/searchMember
INFO: [ app_init ] --START--
INFO: Run Behavior\BuildLiteBehavior [ RunTime:0.000011s ]
INFO: [ app_init ] --END-- [ RunTime:0.000234s ]
INFO: [ app_begin ] --START--
INFO: Run Behavior\ReadHtmlCacheBehavior [ RunTime:0.000355s ]
INFO: [ app_begin ] --END-- [ RunTime:0.000411s ]
SQL: SHOW COLUMNS FROM `user` [ RunTime:0.0007s ]
SQL: SELECT * FROM `user` WHERE ( iduser='3' )  [ RunTime:0.0002s ]
SQL: SHOW COLUMNS FROM `ihanc_3`.`member` [ RunTime:0.0004s ]
SQL: SELECT `idmember`,`mname` FROM ihanc_3.member WHERE ( `mname` LIKE '%WE%' OR `msn` LIKE '%WE%' ) LIMIT 0,10   [ RunTime:0.0045s ]
INFO: [ app_end ] --START--
INFO: Run Behavior\ShowPageTraceBehavior [ RunTime:0.000374s ]
INFO: [ app_end ] --END-- [ RunTime:0.000418s ]

[ 2017-02-08T18:15:18+08:00 ] 117.173.171.22 /ihanc/eva/index.php/Home/Sale/getCredit?idmember=102
INFO: [ app_init ] --START--
INFO: Run Behavior\BuildLiteBehavior [ RunTime:0.000011s ]
INFO: [ app_init ] --END-- [ RunTime:0.000236s ]
INFO: [ app_begin ] --START--
INFO: Run Behavior\ReadHtmlCacheBehavior [ RunTime:0.000288s ]
INFO: [ app_begin ] --END-- [ RunTime:0.000324s ]
SQL: SHOW COLUMNS FROM `user` [ RunTime:0.0006s ]
SQL: SELECT * FROM `user` WHERE ( iduser='3' )  [ RunTime:0.0002s ]
SQL: SHOW COLUMNS FROM `ihanc_3`.`sale` [ RunTime:0.0062s ]
SQL: SELECT SUM(sum) AS tp_sum FROM ihanc_3.sale WHERE `idmember` = 102 LIMIT 1   [ RunTime:0.0006s ]
INFO: [ app_end ] --START--
INFO: Run Behavior\ShowPageTraceBehavior [ RunTime:0.000383s ]
INFO: [ app_end ] --END-- [ RunTime:0.000418s ]

[ 2017-02-08T18:15:19+08:00 ] 117.173.171.22 /ihanc/eva/index.php/Home/Sale/searchMember
INFO: [ app_init ] --START--
INFO: Run Behavior\BuildLiteBehavior [ RunTime:0.000017s ]
INFO: [ app_init ] --END-- [ RunTime:0.000281s ]
INFO: [ app_begin ] --START--
INFO: Run Behavior\ReadHtmlCacheBehavior [ RunTime:0.000318s ]
INFO: [ app_begin ] --END-- [ RunTime:0.000356s ]
SQL: SHOW COLUMNS FROM `user` [ RunTime:0.0006s ]
SQL: SELECT * FROM `user` WHERE ( iduser='3' )  [ RunTime:0.0002s ]
SQL: SHOW COLUMNS FROM `ihanc_3`.`member` [ RunTime:0.0063s ]
SQL: SELECT `idmember`,`mname` FROM ihanc_3.member WHERE ( `mname` LIKE '%G%' OR `msn` LIKE '%G%' ) LIMIT 0,10   [ RunTime:0.0003s ]
INFO: [ app_end ] --START--
INFO: Run Behavior\ShowPageTraceBehavior [ RunTime:0.000455s ]
INFO: [ app_end ] --END-- [ RunTime:0.000493s ]

[ 2017-02-08T18:15:20+08:00 ] 117.173.171.22 /ihanc/eva/index.php/Home/Sale/searchMember
INFO: [ app_init ] --START--
INFO: Run Behavior\BuildLiteBehavior [ RunTime:0.000012s ]
INFO: [ app_init ] --END-- [ RunTime:0.000239s ]
INFO: [ app_begin ] --START--
INFO: Run Behavior\ReadHtmlCacheBehavior [ RunTime:0.000287s ]
INFO: [ app_begin ] --END-- [ RunTime:0.000323s ]
SQL: SHOW COLUMNS FROM `user` [ RunTime:0.0006s ]
SQL: SELECT * FROM `user` WHERE ( iduser='3' )  [ RunTime:0.0002s ]
SQL: SHOW COLUMNS FROM `ihanc_3`.`member` [ RunTime:0.0004s ]
SQL: SELECT `idmember`,`mname` FROM ihanc_3.member WHERE ( `mname` LIKE '%GG%' OR `msn` LIKE '%GG%' ) LIMIT 0,10   [ RunTime:0.0003s ]
INFO: [ app_end ] --START--
INFO: Run Behavior\ShowPageTraceBehavior [ RunTime:0.000381s ]
INFO: [ app_end ] --END-- [ RunTime:0.000420s ]

[ 2017-02-08T18:15:20+08:00 ] 117.173.171.22 /ihanc/eva/index.php/Home/Sale/getCredit?idmember=50
INFO: [ app_init ] --START--
INFO: Run Behavior\BuildLiteBehavior [ RunTime:0.000012s ]
INFO: [ app_init ] --END-- [ RunTime:0.000272s ]
INFO: [ app_begin ] --START--
INFO: Run Behavior\ReadHtmlCacheBehavior [ RunTime:0.000322s ]
INFO: [ app_begin ] --END-- [ RunTime:0.000363s ]
SQL: SHOW COLUMNS FROM `user` [ RunTime:0.0007s ]
SQL: SELECT * FROM `user` WHERE ( iduser='3' )  [ RunTime:0.0002s ]
SQL: SHOW COLUMNS FROM `ihanc_3`.`sale` [ RunTime:0.0005s ]
SQL: SELECT SUM(sum) AS tp_sum FROM ihanc_3.sale WHERE `idmember` = 50 LIMIT 1   [ RunTime:0.0007s ]
INFO: [ app_end ] --START--
INFO: Run Behavior\ShowPageTraceBehavior [ RunTime:0.000356s ]
INFO: [ app_end ] --END-- [ RunTime:0.000393s ]

[ 2017-02-08T18:15:23+08:00 ] 117.173.171.22 /ihanc/eva/index.php/Home/Sale/mcreditDetail?idmember=50
INFO: [ app_init ] --START--
INFO: Run Behavior\BuildLiteBehavior [ RunTime:0.000018s ]
INFO: [ app_init ] --END-- [ RunTime:0.004306s ]
INFO: [ app_begin ] --START--
INFO: Run Behavior\ReadHtmlCacheBehavior [ RunTime:0.000338s ]
INFO: [ app_begin ] --END-- [ RunTime:0.000376s ]
SQL: SHOW COLUMNS FROM `user` [ RunTime:0.0007s ]
SQL: SELECT * FROM `user` WHERE ( iduser='3' )  [ RunTime:0.0002s ]
SQL: SHOW COLUMNS FROM `ihanc_3`.`sale` [ RunTime:0.0040s ]
SQL: SELECT `idsale`,`idmember`,`inorder`,`idgoods`,`number`,`price`,`time`,`sum`,`cf`,`remark`,`idintime` FROM ihanc_3.sale WHERE `idmember` = 50 ORDER BY idsale  [ RunTime:0.0007s ]
NOTIC: [8] Undefined variable: sum /opt/lampp/htdocs/ihanc/eva/Application/Home/Controller/SaleController.class.php 第 239 行.
SQL: SHOW COLUMNS FROM `ihanc_3`.`bank` [ RunTime:0.0005s ]
SQL: SELECT `idbank`,`bname` FROM ihanc_3.bank ORDER BY weight desc  [ RunTime:0.0002s ]
INFO: [ view_parse ] --START--
INFO: [ template_filter ] --START--
INFO: Run Behavior\ContentReplaceBehavior [ RunTime:0.000077s ]
INFO: [ template_filter ] --END-- [ RunTime:0.000147s ]
INFO: Run Behavior\ParseTemplateBehavior [ RunTime:0.023279s ]
INFO: [ view_parse ] --END-- [ RunTime:0.023343s ]
INFO: [ view_filter ] --START--
INFO: Run Behavior\WriteHtmlCacheBehavior [ RunTime:0.000142s ]
INFO: [ view_filter ] --END-- [ RunTime:0.000170s ]
INFO: [ app_end ] --START--
INFO: Run Behavior\ShowPageTraceBehavior [ RunTime:0.000368s ]
INFO: [ app_end ] --END-- [ RunTime:0.000404s ]

[ 2017-02-08T18:15:23+08:00 ] 117.173.171.22 /ihanc/eva/index.php/Home/Sale/mcreditDetail?idmember=50
INFO: [ app_init ] --START--
INFO: Run Behavior\BuildLiteBehavior [ RunTime:0.000016s ]
INFO: [ app_init ] --END-- [ RunTime:0.000333s ]
INFO: [ app_begin ] --START--
INFO: Run Behavior\ReadHtmlCacheBehavior [ RunTime:0.000351s ]
INFO: [ app_begin ] --END-- [ RunTime:0.000396s ]
SQL: SHOW COLUMNS FROM `user` [ RunTime:0.0007s ]
SQL: SELECT * FROM `user` WHERE ( iduser='3' )  [ RunTime:0.0002s ]
SQL: SHOW COLUMNS FROM `ihanc_3`.`sale` [ RunTime:0.0005s ]
SQL: SELECT `idsale`,`idmember`,`inorder`,`idgoods`,`number`,`price`,`time`,`sum`,`cf`,`remark`,`idintime` FROM ihanc_3.sale WHERE `idmember` = 50 ORDER BY idsale  [ RunTime:0.0007s ]
NOTIC: [8] Undefined variable: sum /opt/lampp/htdocs/ihanc/eva/Application/Home/Controller/SaleController.class.php 第 239 行.
SQL: SHOW COLUMNS FROM `ihanc_3`.`bank` [ RunTime:0.0005s ]
SQL: SELECT `idbank`,`bname` FROM ihanc_3.bank ORDER BY weight desc  [ RunTime:0.0002s ]
INFO: [ view_parse ] --START--
INFO: [ template_filter ] --START--
INFO: Run Behavior\ContentReplaceBehavior [ RunTime:0.000085s ]
INFO: [ template_filter ] --END-- [ RunTime:0.000145s ]
INFO: Run Behavior\ParseTemplateBehavior [ RunTime:0.022250s ]
INFO: [ view_parse ] --END-- [ RunTime:0.022305s ]
INFO: [ view_filter ] --START--
INFO: Run Behavior\WriteHtmlCacheBehavior [ RunTime:0.000133s ]
INFO: [ view_filter ] --END-- [ RunTime:0.000161s ]
INFO: [ app_end ] --START--
INFO: Run Behavior\ShowPageTraceBehavior [ RunTime:0.000365s ]
INFO: [ app_end ] --END-- [ RunTime:0.000402s ]

[ 2017-02-08T18:16:59+08:00 ] 117.173.171.22 /ihanc/eva/index.php/Home/Sale/mcreditPayment
INFO: [ app_init ] --START--
INFO: Run Behavior\BuildLiteBehavior [ RunTime:0.000012s ]
INFO: [ app_init ] --END-- [ RunTime:0.000244s ]
INFO: [ app_begin ] --START--
INFO: Run Behavior\ReadHtmlCacheBehavior [ RunTime:0.000293s ]
INFO: [ app_begin ] --END-- [ RunTime:0.000331s ]
SQL: SHOW COLUMNS FROM `user` [ RunTime:0.0007s ]
SQL: SELECT * FROM `user` WHERE ( iduser='3' )  [ RunTime:0.0002s ]
SQL: SHOW COLUMNS FROM `ihanc_3`.`sale` [ RunTime:0.0005s ]
SQL: SHOW COLUMNS FROM `ihanc_3`.`bank_detail` [ RunTime:0.0004s ]
SQL: SELECT SUM(sum) AS tp_sum FROM ihanc_3.sale WHERE `idsale` IN ('29274','29275','29276') AND `idmember` = 50 LIMIT 1   [ RunTime:0.0002s ]
SQL: INSERT INTO ihanc_3.sale (`user`,`time`,`sum`,`idmember`,`idgoods`) VALUES ('杨胖娃','2017-02-08 18:16:59','-2007','50','0') [ RunTime:0.0003s ]
SQL: SHOW COLUMNS FROM `ihanc_3`.`bank` [ RunTime:0.0004s ]
SQL: SELECT `sum` FROM ihanc_3.bank WHERE `idbank` = 9 LIMIT 1   [ RunTime:0.0002s ]
SQL: INSERT INTO ihanc_3.bank_detail (`user`,`time`,`sum`,`idbank`,`balance`,`summary`) VALUES ('杨胖娃','2017-02-08 18:16:59','2007','9','2007','客户逐笔付款:龚国华--焦滩') [ RunTime:0.0045s ]
SQL: DELETE FROM ihanc_3.sale WHERE ( idsale=30312 ) [ RunTime:0.0029s ]
SQL: DELETE FROM ihanc_3.sale WHERE `idsale` IN ('29274','29275','29276') AND `idmember` = 50 [ RunTime:0.0030s ]
SQL: SHOW COLUMNS FROM `ihanc_3`.`log` [ RunTime:0.0005s ]
SQL: INSERT INTO ihanc_3.log (`summary`,`user`) VALUES ('客户逐笔付款龚国华--焦滩,金额:￥2007','杨胖娃') [ RunTime:0.0035s ]
INFO: [ app_end ] --START--
INFO: Run Behavior\ShowPageTraceBehavior [ RunTime:0.000448s ]
INFO: [ app_end ] --END-- [ RunTime:0.000486s ]

[ 2017-02-08T18:16:59+08:00 ] 117.173.171.22 /ihanc/eva/index.php/Home/Sale/getCredit?idmember=50
INFO: [ app_init ] --START--
INFO: Run Behavior\BuildLiteBehavior [ RunTime:0.000014s ]
INFO: [ app_init ] --END-- [ RunTime:0.000252s ]
INFO: [ app_begin ] --START--
INFO: Run Behavior\ReadHtmlCacheBehavior [ RunTime:0.000299s ]
INFO: [ app_begin ] --END-- [ RunTime:0.000335s ]
SQL: SHOW COLUMNS FROM `user` [ RunTime:0.0007s ]
SQL: SELECT * FROM `user` WHERE ( iduser='3' )  [ RunTime:0.0002s ]
SQL: SHOW COLUMNS FROM `ihanc_3`.`sale` [ RunTime:0.0005s ]
SQL: SELECT SUM(sum) AS tp_sum FROM ihanc_3.sale WHERE `idmember` = 50 LIMIT 1   [ RunTime:0.0006s ]
INFO: [ app_end ] --START--
INFO: Run Behavior\ShowPageTraceBehavior [ RunTime:0.000480s ]
INFO: [ app_end ] --END-- [ RunTime:0.000520s ]

[ 2017-02-08T18:17:01+08:00 ] 117.173.171.22 /ihanc/eva/index.php/Home/Sale/mcreditDetail?idmember=50
INFO: [ app_init ] --START--
INFO: Run Behavior\BuildLiteBehavior [ RunTime:0.000011s ]
INFO: [ app_init ] --END-- [ RunTime:0.000234s ]
INFO: [ app_begin ] --START--
INFO: Run Behavior\ReadHtmlCacheBehavior [ RunTime:0.000300s ]
INFO: [ app_begin ] --END-- [ RunTime:0.000347s ]
SQL: SHOW COLUMNS FROM `user` [ RunTime:0.0007s ]
SQL: SELECT * FROM `user` WHERE ( iduser='3' )  [ RunTime:0.0002s ]
SQL: SHOW COLUMNS FROM `ihanc_3`.`sale` [ RunTime:0.0004s ]
SQL: SELECT `idsale`,`idmember`,`inorder`,`idgoods`,`number`,`price`,`time`,`sum`,`cf`,`remark`,`idintime` FROM ihanc_3.sale WHERE `idmember` = 50 ORDER BY idsale  [ RunTime:0.0007s ]
NOTIC: [8] Undefined variable: sum /opt/lampp/htdocs/ihanc/eva/Application/Home/Controller/SaleController.class.php 第 239 行.
SQL: SHOW COLUMNS FROM `ihanc_3`.`bank` [ RunTime:0.0056s ]
SQL: SELECT `idbank`,`bname` FROM ihanc_3.bank ORDER BY weight desc  [ RunTime:0.0002s ]
INFO: [ view_parse ] --START--
INFO: [ template_filter ] --START--
INFO: Run Behavior\ContentReplaceBehavior [ RunTime:0.000099s ]
INFO: [ template_filter ] --END-- [ RunTime:0.000160s ]
INFO: Run Behavior\ParseTemplateBehavior [ RunTime:0.013796s ]
INFO: [ view_parse ] --END-- [ RunTime:0.013849s ]
INFO: [ view_filter ] --START--
INFO: Run Behavior\WriteHtmlCacheBehavior [ RunTime:0.000164s ]
INFO: [ view_filter ] --END-- [ RunTime:0.000203s ]
INFO: [ app_end ] --START--
INFO: Run Behavior\ShowPageTraceBehavior [ RunTime:0.000449s ]
INFO: [ app_end ] --END-- [ RunTime:0.000510s ]

[ 2017-02-08T18:17:41+08:00 ] 117.173.171.22 /ihanc/eva/index.php/Home/Sale/mcreditPayment
INFO: [ app_init ] --START--
INFO: Run Behavior\BuildLiteBehavior [ RunTime:0.000014s ]
INFO: [ app_init ] --END-- [ RunTime:0.000247s ]
INFO: [ app_begin ] --START--
INFO: Run Behavior\ReadHtmlCacheBehavior [ RunTime:0.000298s ]
INFO: [ app_begin ] --END-- [ RunTime:0.000342s ]
SQL: SHOW COLUMNS FROM `user` [ RunTime:0.0007s ]
SQL: SELECT * FROM `user` WHERE ( iduser='3' )  [ RunTime:0.0002s ]
SQL: SHOW COLUMNS FROM `ihanc_3`.`sale` [ RunTime:0.0005s ]
SQL: SHOW COLUMNS FROM `ihanc_3`.`bank_detail` [ RunTime:0.0004s ]
SQL: SELECT SUM(sum) AS tp_sum FROM ihanc_3.sale WHERE `idsale` IN ('29490','29491') AND `idmember` = 50 LIMIT 1   [ RunTime:0.0002s ]
SQL: INSERT INTO ihanc_3.sale (`user`,`time`,`sum`,`idmember`,`idgoods`) VALUES ('杨胖娃','2017-02-08 18:17:41','-909','50','0') [ RunTime:0.0003s ]
SQL: SHOW COLUMNS FROM `ihanc_3`.`bank` [ RunTime:0.0004s ]
SQL: SELECT `sum` FROM ihanc_3.bank WHERE `idbank` = 9 LIMIT 1   [ RunTime:0.0002s ]
SQL: INSERT INTO ihanc_3.bank_detail (`user`,`time`,`sum`,`idbank`,`balance`,`summary`) VALUES ('杨胖娃','2017-02-08 18:17:41','909','9','2916','客户逐笔付款:龚国华--焦滩') [ RunTime:0.0044s ]
SQL: DELETE FROM ihanc_3.sale WHERE ( idsale=30313 ) [ RunTime:0.0028s ]
SQL: DELETE FROM ihanc_3.sale WHERE `idsale` IN ('29490','29491') AND `idmember` = 50 [ RunTime:0.0031s ]
SQL: SHOW COLUMNS FROM `ihanc_3`.`log` [ RunTime:0.0004s ]
SQL: INSERT INTO ihanc_3.log (`summary`,`user`) VALUES ('客户逐笔付款龚国华--焦滩,金额:￥909','杨胖娃') [ RunTime:0.0031s ]
INFO: [ app_end ] --START--
INFO: Run Behavior\ShowPageTraceBehavior [ RunTime:0.000430s ]
INFO: [ app_end ] --END-- [ RunTime:0.000468s ]

[ 2017-02-08T18:17:42+08:00 ] 117.173.171.22 /ihanc/eva/index.php/Home/Sale/getCredit?idmember=50
INFO: [ app_init ] --START--
INFO: Run Behavior\BuildLiteBehavior [ RunTime:0.000012s ]
INFO: [ app_init ] --END-- [ RunTime:0.000254s ]
INFO: [ app_begin ] --START--
INFO: Run Behavior\ReadHtmlCacheBehavior [ RunTime:0.000332s ]
INFO: [ app_begin ] --END-- [ RunTime:0.000376s ]
SQL: SHOW COLUMNS FROM `user` [ RunTime:0.0006s ]
SQL: SELECT * FROM `user` WHERE ( iduser='3' )  [ RunTime:0.0002s ]
SQL: SHOW COLUMNS FROM `ihanc_3`.`sale` [ RunTime:0.0005s ]
SQL: SELECT SUM(sum) AS tp_sum FROM ihanc_3.sale WHERE `idmember` = 50 LIMIT 1   [ RunTime:0.0045s ]
INFO: [ app_end ] --START--
INFO: Run Behavior\ShowPageTraceBehavior [ RunTime:0.000367s ]
INFO: [ app_end ] --END-- [ RunTime:0.000405s ]

[ 2017-02-08T18:17:43+08:00 ] 117.173.171.22 /ihanc/eva/index.php/Home/Sale/mcreditDetail?idmember=50
INFO: [ app_init ] --START--
INFO: Run Behavior\BuildLiteBehavior [ RunTime:0.000011s ]
INFO: [ app_init ] --END-- [ RunTime:0.000245s ]
INFO: [ app_begin ] --START--
INFO: Run Behavior\ReadHtmlCacheBehavior [ RunTime:0.000325s ]
INFO: [ app_begin ] --END-- [ RunTime:0.000370s ]
SQL: SHOW COLUMNS FROM `user` [ RunTime:0.0007s ]
SQL: SELECT * FROM `user` WHERE ( iduser='3' )  [ RunTime:0.0002s ]
SQL: SHOW COLUMNS FROM `ihanc_3`.`sale` [ RunTime:0.0005s ]
SQL: SELECT `idsale`,`idmember`,`inorder`,`idgoods`,`number`,`price`,`time`,`sum`,`cf`,`remark`,`idintime` FROM ihanc_3.sale WHERE `idmember` = 50 ORDER BY idsale  [ RunTime:0.0007s ]
NOTIC: [8] Undefined variable: sum /opt/lampp/htdocs/ihanc/eva/Application/Home/Controller/SaleController.class.php 第 239 行.
SQL: SHOW COLUMNS FROM `ihanc_3`.`bank` [ RunTime:0.0004s ]
SQL: SELECT `idbank`,`bname` FROM ihanc_3.bank ORDER BY weight desc  [ RunTime:0.0002s ]
INFO: [ view_parse ] --START--
INFO: [ template_filter ] --START--
INFO: Run Behavior\ContentReplaceBehavior [ RunTime:0.000067s ]
INFO: [ template_filter ] --END-- [ RunTime:0.000105s ]
INFO: Run Behavior\ParseTemplateBehavior [ RunTime:0.006921s ]
INFO: [ view_parse ] --END-- [ RunTime:0.006962s ]
INFO: [ view_filter ] --START--
INFO: Run Behavior\WriteHtmlCacheBehavior [ RunTime:0.000105s ]
INFO: [ view_filter ] --END-- [ RunTime:0.000131s ]
INFO: [ app_end ] --START--
INFO: Run Behavior\ShowPageTraceBehavior [ RunTime:0.000328s ]
INFO: [ app_end ] --END-- [ RunTime:0.000359s ]

[ 2017-02-08T18:17:43+08:00 ] 117.173.171.22 /ihanc/eva/index.php/Home/Sale/mcreditDetail?idmember=50
INFO: [ app_init ] --START--
INFO: Run Behavior\BuildLiteBehavior [ RunTime:0.000012s ]
INFO: [ app_init ] --END-- [ RunTime:0.000246s ]
INFO: [ app_begin ] --START--
INFO: Run Behavior\ReadHtmlCacheBehavior [ RunTime:0.000312s ]
INFO: [ app_begin ] --END-- [ RunTime:0.000350s ]
SQL: SHOW COLUMNS FROM `user` [ RunTime:0.0007s ]
SQL: SELECT * FROM `user` WHERE ( iduser='3' )  [ RunTime:0.0002s ]
SQL: SHOW COLUMNS FROM `ihanc_3`.`sale` [ RunTime:0.0005s ]
SQL: SELECT `idsale`,`idmember`,`inorder`,`idgoods`,`number`,`price`,`time`,`sum`,`cf`,`remark`,`idintime` FROM ihanc_3.sale WHERE `idmember` = 50 ORDER BY idsale  [ RunTime:0.0064s ]
NOTIC: [8] Undefined variable: sum /opt/lampp/htdocs/ihanc/eva/Application/Home/Controller/SaleController.class.php 第 239 行.
SQL: SHOW COLUMNS FROM `ihanc_3`.`bank` [ RunTime:0.0004s ]
SQL: SELECT `idbank`,`bname` FROM ihanc_3.bank ORDER BY weight desc  [ RunTime:0.0002s ]
INFO: [ view_parse ] --START--
INFO: [ template_filter ] --START--
INFO: Run Behavior\ContentReplaceBehavior [ RunTime:0.000070s ]
INFO: [ template_filter ] --END-- [ RunTime:0.000110s ]
INFO: Run Behavior\ParseTemplateBehavior [ RunTime:0.006925s ]
INFO: [ view_parse ] --END-- [ RunTime:0.006965s ]
INFO: [ view_filter ] --START--
INFO: Run Behavior\WriteHtmlCacheBehavior [ RunTime:0.000119s ]
INFO: [ view_filter ] --END-- [ RunTime:0.000147s ]
INFO: [ app_end ] --START--
INFO: Run Behavior\ShowPageTraceBehavior [ RunTime:0.000320s ]
INFO: [ app_end ] --END-- [ RunTime:0.000352s ]

[ 2017-02-08T18:18:02+08:00 ] 117.173.171.22 /ihanc/eva/index.php/Home/Sale/mcreditPayment
INFO: [ app_init ] --START--
INFO: Run Behavior\BuildLiteBehavior [ RunTime:0.000012s ]
INFO: [ app_init ] --END-- [ RunTime:0.000250s ]
INFO: [ app_begin ] --START--
INFO: Run Behavior\ReadHtmlCacheBehavior [ RunTime:0.000296s ]
INFO: [ app_begin ] --END-- [ RunTime:0.000336s ]
SQL: SHOW COLUMNS FROM `user` [ RunTime:0.0007s ]
SQL: SELECT * FROM `user` WHERE ( iduser='3' )  [ RunTime:0.0002s ]
SQL: SHOW COLUMNS FROM `ihanc_3`.`sale` [ RunTime:0.0005s ]
SQL: SHOW COLUMNS FROM `ihanc_3`.`bank_detail` [ RunTime:0.0004s ]
SQL: SELECT SUM(sum) AS tp_sum FROM ihanc_3.sale WHERE `idsale` IN ('29724','29726','29795') AND `idmember` = 50 LIMIT 1   [ RunTime:0.0002s ]
SQL: INSERT INTO ihanc_3.sale (`user`,`time`,`sum`,`idmember`,`idgoods`) VALUES ('杨胖娃','2017-02-08 18:18:02','-1513','50','0') [ RunTime:0.0003s ]
SQL: SHOW COLUMNS FROM `ihanc_3`.`bank` [ RunTime:0.0004s ]
SQL: SELECT `sum` FROM ihanc_3.bank WHERE `idbank` = 9 LIMIT 1   [ RunTime:0.0001s ]
SQL: INSERT INTO ihanc_3.bank_detail (`user`,`time`,`sum`,`idbank`,`balance`,`summary`) VALUES ('杨胖娃','2017-02-08 18:18:02','1513','9','4429','客户逐笔付款:龚国华--焦滩') [ RunTime:0.0044s ]
SQL: DELETE FROM ihanc_3.sale WHERE ( idsale=30314 ) [ RunTime:0.0034s ]
SQL: DELETE FROM ihanc_3.sale WHERE `idsale` IN ('29724','29726','29795') AND `idmember` = 50 [ RunTime:0.0031s ]
SQL: SHOW COLUMNS FROM `ihanc_3`.`log` [ RunTime:0.0005s ]
SQL: INSERT INTO ihanc_3.log (`summary`,`user`) VALUES ('客户逐笔付款龚国华--焦滩,金额:￥1513','杨胖娃') [ RunTime:0.0033s ]
INFO: [ app_end ] --START--
INFO: Run Behavior\ShowPageTraceBehavior [ RunTime:0.000432s ]
INFO: [ app_end ] --END-- [ RunTime:0.000470s ]

[ 2017-02-08T18:18:02+08:00 ] 117.173.171.22 /ihanc/eva/index.php/Home/Sale/getCredit?idmember=50
INFO: [ app_init ] --START--
INFO: Run Behavior\BuildLiteBehavior [ RunTime:0.000011s ]
INFO: [ app_init ] --END-- [ RunTime:0.000252s ]
INFO: [ app_begin ] --START--
INFO: Run Behavior\ReadHtmlCacheBehavior [ RunTime:0.006321s ]
INFO: [ app_begin ] --END-- [ RunTime:0.006360s ]
SQL: SHOW COLUMNS FROM `user` [ RunTime:0.0006s ]
SQL: SELECT * FROM `user` WHERE ( iduser='3' )  [ RunTime:0.0002s ]
SQL: SHOW COLUMNS FROM `ihanc_3`.`sale` [ RunTime:0.0005s ]
SQL: SELECT SUM(sum) AS tp_sum FROM ihanc_3.sale WHERE `idmember` = 50 LIMIT 1   [ RunTime:0.0006s ]
INFO: [ app_end ] --START--
INFO: Run Behavior\ShowPageTraceBehavior [ RunTime:0.000370s ]
INFO: [ app_end ] --END-- [ RunTime:0.000408s ]

[ 2017-02-08T18:18:04+08:00 ] 117.173.171.22 /ihanc/eva/index.php/Home/Sale/mcreditDetail?idmember=50
INFO: [ app_init ] --START--
INFO: Run Behavior\BuildLiteBehavior [ RunTime:0.000016s ]
INFO: [ app_init ] --END-- [ RunTime:0.000257s ]
INFO: [ app_begin ] --START--
INFO: Run Behavior\ReadHtmlCacheBehavior [ RunTime:0.000303s ]
INFO: [ app_begin ] --END-- [ RunTime:0.000341s ]
SQL: SHOW COLUMNS FROM `user` [ RunTime:0.0007s ]
SQL: SELECT * FROM `user` WHERE ( iduser='3' )  [ RunTime:0.0002s ]
SQL: SHOW COLUMNS FROM `ihanc_3`.`sale` [ RunTime:0.0005s ]
SQL: SELECT `idsale`,`idmember`,`inorder`,`idgoods`,`number`,`price`,`time`,`sum`,`cf`,`remark`,`idintime` FROM ihanc_3.sale WHERE `idmember` = 50 ORDER BY idsale  [ RunTime:0.0007s ]
NOTIC: [8] Undefined variable: sum /opt/lampp/htdocs/ihanc/eva/Application/Home/Controller/SaleController.class.php 第 239 行.
SQL: SHOW COLUMNS FROM `ihanc_3`.`bank` [ RunTime:0.0004s ]
SQL: SELECT `idbank`,`bname` FROM ihanc_3.bank ORDER BY weight desc  [ RunTime:0.0057s ]
INFO: [ view_parse ] --START--
INFO: [ template_filter ] --START--
INFO: Run Behavior\ContentReplaceBehavior [ RunTime:0.000072s ]
INFO: [ template_filter ] --END-- [ RunTime:0.000123s ]
INFO: Run Behavior\ParseTemplateBehavior [ RunTime:0.008158s ]
INFO: [ view_parse ] --END-- [ RunTime:0.008206s ]
INFO: [ view_filter ] --START--
INFO: Run Behavior\WriteHtmlCacheBehavior [ RunTime:0.000116s ]
INFO: [ view_filter ] --END-- [ RunTime:0.000143s ]
INFO: [ app_end ] --START--
INFO: Run Behavior\ShowPageTraceBehavior [ RunTime:0.000361s ]
INFO: [ app_end ] --END-- [ RunTime:0.000394s ]

[ 2017-02-08T18:18:04+08:00 ] 117.173.171.22 /ihanc/eva/index.php/Home/Sale/mcreditDetail?idmember=50
INFO: [ app_init ] --START--
INFO: Run Behavior\BuildLiteBehavior [ RunTime:0.000012s ]
INFO: [ app_init ] --END-- [ RunTime:0.000265s ]
INFO: [ app_begin ] --START--
INFO: Run Behavior\ReadHtmlCacheBehavior [ RunTime:0.000319s ]
INFO: [ app_begin ] --END-- [ RunTime:0.000355s ]
SQL: SHOW COLUMNS FROM `user` [ RunTime:0.0007s ]
SQL: SELECT * FROM `user` WHERE ( iduser='3' )  [ RunTime:0.0002s ]
SQL: SHOW COLUMNS FROM `ihanc_3`.`sale` [ RunTime:0.0062s ]
SQL: SELECT `idsale`,`idmember`,`inorder`,`idgoods`,`number`,`price`,`time`,`sum`,`cf`,`remark`,`idintime` FROM ihanc_3.sale WHERE `idmember` = 50 ORDER BY idsale  [ RunTime:0.0007s ]
NOTIC: [8] Undefined variable: sum /opt/lampp/htdocs/ihanc/eva/Application/Home/Controller/SaleController.class.php 第 239 行.
SQL: SHOW COLUMNS FROM `ihanc_3`.`bank` [ RunTime:0.0005s ]
SQL: SELECT `idbank`,`bname` FROM ihanc_3.bank ORDER BY weight desc  [ RunTime:0.0002s ]
INFO: [ view_parse ] --START--
INFO: [ template_filter ] --START--
INFO: Run Behavior\ContentReplaceBehavior [ RunTime:0.000079s ]
INFO: [ template_filter ] --END-- [ RunTime:0.000136s ]
INFO: Run Behavior\ParseTemplateBehavior [ RunTime:0.012665s ]
INFO: [ view_parse ] --END-- [ RunTime:0.012709s ]
INFO: [ view_filter ] --START--
INFO: Run Behavior\WriteHtmlCacheBehavior [ RunTime:0.000127s ]
INFO: [ view_filter ] --END-- [ RunTime:0.000154s ]
INFO: [ app_end ] --START--
INFO: Run Behavior\ShowPageTraceBehavior [ RunTime:0.000343s ]
INFO: [ app_end ] --END-- [ RunTime:0.000376s ]

[ 2017-02-08T18:18:48+08:00 ] 117.173.171.22 /ihanc/eva/index.php/Home/Sale/mcreditPayment
INFO: [ app_init ] --START--
INFO: Run Behavior\BuildLiteBehavior [ RunTime:0.000012s ]
INFO: [ app_init ] --END-- [ RunTime:0.000242s ]
INFO: [ app_begin ] --START--
INFO: Run Behavior\ReadHtmlCacheBehavior [ RunTime:0.000290s ]
INFO: [ app_begin ] --END-- [ RunTime:0.000329s ]
SQL: SHOW COLUMNS FROM `user` [ RunTime:0.0007s ]
SQL: SELECT * FROM `user` WHERE ( iduser='3' )  [ RunTime:0.0002s ]
SQL: SHOW COLUMNS FROM `ihanc_3`.`sale` [ RunTime:0.0005s ]
SQL: SHOW COLUMNS FROM `ihanc_3`.`bank_detail` [ RunTime:0.0004s ]
SQL: SELECT SUM(sum) AS tp_sum FROM ihanc_3.sale WHERE `idsale` IN ('29963') AND `idmember` = 50 LIMIT 1   [ RunTime:0.0002s ]
SQL: INSERT INTO ihanc_3.sale (`user`,`time`,`sum`,`idmember`,`idgoods`) VALUES ('杨胖娃','2017-02-08 18:18:48','-563','50','0') [ RunTime:0.0003s ]
SQL: SHOW COLUMNS FROM `ihanc_3`.`bank` [ RunTime:0.0004s ]
SQL: SELECT `sum` FROM ihanc_3.bank WHERE `idbank` = 9 LIMIT 1   [ RunTime:0.0002s ]
SQL: INSERT INTO ihanc_3.bank_detail (`user`,`time`,`sum`,`idbank`,`balance`,`summary`) VALUES ('杨胖娃','2017-02-08 18:18:48','563','9','4992','客户逐笔付款:龚国华--焦滩') [ RunTime:0.0043s ]
SQL: DELETE FROM ihanc_3.sale WHERE ( idsale=30315 ) [ RunTime:0.0028s ]
SQL: DELETE FROM ihanc_3.sale WHERE `idsale` IN ('29963') AND `idmember` = 50 [ RunTime:0.0032s ]
SQL: SHOW COLUMNS FROM `ihanc_3`.`log` [ RunTime:0.0005s ]
SQL: INSERT INTO ihanc_3.log (`summary`,`user`) VALUES ('客户逐笔付款龚国华--焦滩,金额:￥563','杨胖娃') [ RunTime:0.0031s ]
INFO: [ app_end ] --START--
INFO: Run Behavior\ShowPageTraceBehavior [ RunTime:0.000445s ]
INFO: [ app_end ] --END-- [ RunTime:0.000482s ]

[ 2017-02-08T18:18:48+08:00 ] 117.173.171.22 /ihanc/eva/index.php/Home/Sale/getCredit?idmember=50
INFO: [ app_init ] --START--
INFO: Run Behavior\BuildLiteBehavior [ RunTime:0.000015s ]
INFO: [ app_init ] --END-- [ RunTime:0.008341s ]
INFO: [ app_begin ] --START--
INFO: Run Behavior\ReadHtmlCacheBehavior [ RunTime:0.000341s ]
INFO: [ app_begin ] --END-- [ RunTime:0.000386s ]
SQL: SHOW COLUMNS FROM `user` [ RunTime:0.0006s ]
SQL: SELECT * FROM `user` WHERE ( iduser='3' )  [ RunTime:0.0002s ]
SQL: SHOW COLUMNS FROM `ihanc_3`.`sale` [ RunTime:0.0005s ]
SQL: SELECT SUM(sum) AS tp_sum FROM ihanc_3.sale WHERE `idmember` = 50 LIMIT 1   [ RunTime:0.0006s ]
INFO: [ app_end ] --START--
INFO: Run Behavior\ShowPageTraceBehavior [ RunTime:0.000374s ]
INFO: [ app_end ] --END-- [ RunTime:0.000412s ]

[ 2017-02-08T18:18:50+08:00 ] 117.173.171.22 /ihanc/eva/index.php/Home/Sale/mcreditDetail?idmember=50
INFO: [ app_init ] --START--
INFO: Run Behavior\BuildLiteBehavior [ RunTime:0.000012s ]
INFO: [ app_init ] --END-- [ RunTime:0.000252s ]
INFO: [ app_begin ] --START--
INFO: Run Behavior\ReadHtmlCacheBehavior [ RunTime:0.000387s ]
INFO: [ app_begin ] --END-- [ RunTime:0.000439s ]
SQL: SHOW COLUMNS FROM `user` [ RunTime:0.0008s ]
SQL: SELECT * FROM `user` WHERE ( iduser='3' )  [ RunTime:0.0002s ]
SQL: SHOW COLUMNS FROM `ihanc_3`.`sale` [ RunTime:0.0005s ]
SQL: SELECT `idsale`,`idmember`,`inorder`,`idgoods`,`number`,`price`,`time`,`sum`,`cf`,`remark`,`idintime` FROM ihanc_3.sale WHERE `idmember` = 50 ORDER BY idsale  [ RunTime:0.0007s ]
NOTIC: [8] Undefined variable: sum /opt/lampp/htdocs/ihanc/eva/Application/Home/Controller/SaleController.class.php 第 239 行.
SQL: SHOW COLUMNS FROM `ihanc_3`.`bank` [ RunTime:0.0004s ]
SQL: SELECT `idbank`,`bname` FROM ihanc_3.bank ORDER BY weight desc  [ RunTime:0.0002s ]
INFO: [ view_parse ] --START--
INFO: [ template_filter ] --START--
INFO: Run Behavior\ContentReplaceBehavior [ RunTime:0.000068s ]
INFO: [ template_filter ] --END-- [ RunTime:0.000102s ]
INFO: Run Behavior\ParseTemplateBehavior [ RunTime:0.011901s ]
INFO: [ view_parse ] --END-- [ RunTime:0.011941s ]
INFO: [ view_filter ] --START--
INFO: Run Behavior\WriteHtmlCacheBehavior [ RunTime:0.000102s ]
INFO: [ view_filter ] --END-- [ RunTime:0.000120s ]
INFO: [ app_end ] --START--
INFO: Run Behavior\ShowPageTraceBehavior [ RunTime:0.000361s ]
INFO: [ app_end ] --END-- [ RunTime:0.000400s ]

[ 2017-02-08T18:21:12+08:00 ] 117.173.171.22 /ihanc/eva/index.php/Home/Sale/searchMember
INFO: [ app_init ] --START--
INFO: Run Behavior\BuildLiteBehavior [ RunTime:0.000012s ]
INFO: [ app_init ] --END-- [ RunTime:0.000244s ]
INFO: [ app_begin ] --START--
INFO: Run Behavior\ReadHtmlCacheBehavior [ RunTime:0.000297s ]
INFO: [ app_begin ] --END-- [ RunTime:0.000335s ]
SQL: SHOW COLUMNS FROM `user` [ RunTime:0.0045s ]
SQL: SELECT * FROM `user` WHERE ( iduser='3' )  [ RunTime:0.0002s ]
SQL: SHOW COLUMNS FROM `ihanc_3`.`member` [ RunTime:0.0004s ]
SQL: SELECT `idmember`,`mname` FROM ihanc_3.member WHERE ( `mname` LIKE '%C%' OR `msn` LIKE '%C%' ) LIMIT 0,10   [ RunTime:0.0002s ]
INFO: [ app_end ] --START--
INFO: Run Behavior\ShowPageTraceBehavior [ RunTime:0.000390s ]
INFO: [ app_end ] --END-- [ RunTime:0.000431s ]

[ 2017-02-08T18:21:13+08:00 ] 117.173.171.22 /ihanc/eva/index.php/Home/Sale/searchMember
INFO: [ app_init ] --START--
INFO: Run Behavior\BuildLiteBehavior [ RunTime:0.000011s ]
INFO: [ app_init ] --END-- [ RunTime:0.000235s ]
INFO: [ app_begin ] --START--
INFO: Run Behavior\ReadHtmlCacheBehavior [ RunTime:0.000293s ]
INFO: [ app_begin ] --END-- [ RunTime:0.000332s ]
SQL: SHOW COLUMNS FROM `user` [ RunTime:0.0006s ]
SQL: SELECT * FROM `user` WHERE ( iduser='3' )  [ RunTime:0.0058s ]
SQL: SHOW COLUMNS FROM `ihanc_3`.`member` [ RunTime:0.0004s ]
SQL: SELECT `idmember`,`mname` FROM ihanc_3.member WHERE ( `mname` LIKE '%CH%' OR `msn` LIKE '%CH%' ) LIMIT 0,10   [ RunTime:0.0003s ]
INFO: [ app_end ] --START--
INFO: Run Behavior\ShowPageTraceBehavior [ RunTime:0.000378s ]
INFO: [ app_end ] --END-- [ RunTime:0.000418s ]

[ 2017-02-08T18:21:14+08:00 ] 117.173.171.22 /ihanc/eva/index.php/Home/Sale/getCredit?idmember=309
INFO: [ app_init ] --START--
INFO: Run Behavior\BuildLiteBehavior [ RunTime:0.000012s ]
INFO: [ app_init ] --END-- [ RunTime:0.000241s ]
INFO: [ app_begin ] --START--
INFO: Run Behavior\ReadHtmlCacheBehavior [ RunTime:0.000298s ]
INFO: [ app_begin ] --END-- [ RunTime:0.000334s ]
SQL: SHOW COLUMNS FROM `user` [ RunTime:0.0064s ]
SQL: SELECT * FROM `user` WHERE ( iduser='3' )  [ RunTime:0.0002s ]
SQL: SHOW COLUMNS FROM `ihanc_3`.`sale` [ RunTime:0.0005s ]
SQL: SELECT SUM(sum) AS tp_sum FROM ihanc_3.sale WHERE `idmember` = 309 LIMIT 1   [ RunTime:0.0006s ]
INFO: [ app_end ] --START--
INFO: Run Behavior\ShowPageTraceBehavior [ RunTime:0.000379s ]
INFO: [ app_end ] --END-- [ RunTime:0.000418s ]

[ 2017-02-08T18:21:15+08:00 ] 117.173.171.22 /ihanc/eva/index.php/Home/Sale/mcreditDetail?idmember=309
INFO: [ app_init ] --START--
INFO: Run Behavior\BuildLiteBehavior [ RunTime:0.000013s ]
INFO: [ app_init ] --END-- [ RunTime:0.000245s ]
INFO: [ app_begin ] --START--
INFO: Run Behavior\ReadHtmlCacheBehavior [ RunTime:0.000302s ]
INFO: [ app_begin ] --END-- [ RunTime:0.000340s ]
SQL: SHOW COLUMNS FROM `user` [ RunTime:0.0007s ]
SQL: SELECT * FROM `user` WHERE ( iduser='3' )  [ RunTime:0.0002s ]
SQL: SHOW COLUMNS FROM `ihanc_3`.`sale` [ RunTime:0.0060s ]
SQL: SELECT `idsale`,`idmember`,`inorder`,`idgoods`,`number`,`price`,`time`,`sum`,`cf`,`remark`,`idintime` FROM ihanc_3.sale WHERE `idmember` = 309 ORDER BY idsale  [ RunTime:0.0007s ]
NOTIC: [8] Undefined variable: sum /opt/lampp/htdocs/ihanc/eva/Application/Home/Controller/SaleController.class.php 第 239 行.
SQL: SHOW COLUMNS FROM `ihanc_3`.`bank` [ RunTime:0.0005s ]
SQL: SELECT `idbank`,`bname` FROM ihanc_3.bank ORDER BY weight desc  [ RunTime:0.0002s ]
INFO: [ view_parse ] --START--
INFO: [ template_filter ] --START--
INFO: Run Behavior\ContentReplaceBehavior [ RunTime:0.000077s ]
INFO: [ template_filter ] --END-- [ RunTime:0.000129s ]
INFO: Run Behavior\ParseTemplateBehavior [ RunTime:0.013079s ]
INFO: [ view_parse ] --END-- [ RunTime:0.013121s ]
INFO: [ view_filter ] --START--
INFO: Run Behavior\WriteHtmlCacheBehavior [ RunTime:0.000116s ]
INFO: [ view_filter ] --END-- [ RunTime:0.000142s ]
INFO: [ app_end ] --START--
INFO: Run Behavior\ShowPageTraceBehavior [ RunTime:0.000335s ]
INFO: [ app_end ] --END-- [ RunTime:0.000376s ]

[ 2017-02-08T18:22:56+08:00 ] 117.173.171.22 /ihanc/eva/index.php/Home/Sale/searchMember
INFO: [ app_init ] --START--
INFO: Run Behavior\BuildLiteBehavior [ RunTime:0.000012s ]
INFO: [ app_init ] --END-- [ RunTime:0.000305s ]
INFO: [ app_begin ] --START--
INFO: Run Behavior\ReadHtmlCacheBehavior [ RunTime:0.000288s ]
INFO: [ app_begin ] --END-- [ RunTime:0.000325s ]
SQL: SHOW COLUMNS FROM `user` [ RunTime:0.0007s ]
SQL: SELECT * FROM `user` WHERE ( iduser='3' )  [ RunTime:0.0003s ]
SQL: SHOW COLUMNS FROM `ihanc_3`.`member` [ RunTime:0.0005s ]
SQL: SELECT `idmember`,`mname` FROM ihanc_3.member WHERE ( `mname` LIKE '%B%' OR `msn` LIKE '%B%' ) LIMIT 0,10   [ RunTime:0.0002s ]
INFO: [ app_end ] --START--
INFO: Run Behavior\ShowPageTraceBehavior [ RunTime:0.000372s ]
INFO: [ app_end ] --END-- [ RunTime:0.000410s ]

[ 2017-02-08T18:22:57+08:00 ] 117.173.171.22 /ihanc/eva/index.php/Home/Sale/searchMember
INFO: [ app_init ] --START--
INFO: Run Behavior\BuildLiteBehavior [ RunTime:0.000013s ]
INFO: [ app_init ] --END-- [ RunTime:0.000260s ]
INFO: [ app_begin ] --START--
INFO: Run Behavior\ReadHtmlCacheBehavior [ RunTime:0.000328s ]
INFO: [ app_begin ] --END-- [ RunTime:0.000370s ]
SQL: SHOW COLUMNS FROM `user` [ RunTime:0.0006s ]
SQL: SELECT * FROM `user` WHERE ( iduser='3' )  [ RunTime:0.0002s ]
SQL: SHOW COLUMNS FROM `ihanc_3`.`member` [ RunTime:0.0004s ]
SQL: SELECT `idmember`,`mname` FROM ihanc_3.member WHERE ( `mname` LIKE '%BS%' OR `msn` LIKE '%BS%' ) LIMIT 0,10   [ RunTime:0.0003s ]
INFO: [ app_end ] --START--
INFO: Run Behavior\ShowPageTraceBehavior [ RunTime:0.000328s ]
INFO: [ app_end ] --END-- [ RunTime:0.000363s ]

[ 2017-02-08T18:22:58+08:00 ] 117.173.171.22 /ihanc/eva/index.php/Home/Sale/getCredit?idmember=35
INFO: [ app_init ] --START--
INFO: Run Behavior\BuildLiteBehavior [ RunTime:0.000012s ]
INFO: [ app_init ] --END-- [ RunTime:0.000243s ]
INFO: [ app_begin ] --START--
INFO: Run Behavior\ReadHtmlCacheBehavior [ RunTime:0.000300s ]
INFO: [ app_begin ] --END-- [ RunTime:0.000338s ]
SQL: SHOW COLUMNS FROM `user` [ RunTime:0.0006s ]
SQL: SELECT * FROM `user` WHERE ( iduser='3' )  [ RunTime:0.0057s ]
SQL: SHOW COLUMNS FROM `ihanc_3`.`sale` [ RunTime:0.0005s ]
SQL: SELECT SUM(sum) AS tp_sum FROM ihanc_3.sale WHERE `idmember` = 35 LIMIT 1   [ RunTime:0.0006s ]
INFO: [ app_end ] --START--
INFO: Run Behavior\ShowPageTraceBehavior [ RunTime:0.000364s ]
INFO: [ app_end ] --END-- [ RunTime:0.000400s ]

[ 2017-02-08T18:22:59+08:00 ] 117.173.171.22 /ihanc/eva/index.php/Home/Sale/mcreditDetail?idmember=35
INFO: [ app_init ] --START--
INFO: Run Behavior\BuildLiteBehavior [ RunTime:0.000011s ]
INFO: [ app_init ] --END-- [ RunTime:0.000235s ]
INFO: [ app_begin ] --START--
INFO: Run Behavior\ReadHtmlCacheBehavior [ RunTime:0.000296s ]
INFO: [ app_begin ] --END-- [ RunTime:0.000333s ]
SQL: SHOW COLUMNS FROM `user` [ RunTime:0.0006s ]
SQL: SELECT * FROM `user` WHERE ( iduser='3' )  [ RunTime:0.0002s ]
SQL: SHOW COLUMNS FROM `ihanc_3`.`sale` [ RunTime:0.0005s ]
SQL: SELECT `idsale`,`idmember`,`inorder`,`idgoods`,`number`,`price`,`time`,`sum`,`cf`,`remark`,`idintime` FROM ihanc_3.sale WHERE `idmember` = 35 ORDER BY idsale  [ RunTime:0.0007s ]
NOTIC: [8] Undefined variable: sum /opt/lampp/htdocs/ihanc/eva/Application/Home/Controller/SaleController.class.php 第 239 行.
SQL: SHOW COLUMNS FROM `ihanc_3`.`bank` [ RunTime:0.0004s ]
SQL: SELECT `idbank`,`bname` FROM ihanc_3.bank ORDER BY weight desc  [ RunTime:0.0002s ]
INFO: [ view_parse ] --START--
INFO: [ template_filter ] --START--
INFO: Run Behavior\ContentReplaceBehavior [ RunTime:0.000063s ]
INFO: [ template_filter ] --END-- [ RunTime:0.000097s ]
INFO: Run Behavior\ParseTemplateBehavior [ RunTime:0.012544s ]
INFO: [ view_parse ] --END-- [ RunTime:0.012581s ]
INFO: [ view_filter ] --START--
INFO: Run Behavior\WriteHtmlCacheBehavior [ RunTime:0.000104s ]
INFO: [ view_filter ] --END-- [ RunTime:0.000130s ]
INFO: [ app_end ] --START--
INFO: Run Behavior\ShowPageTraceBehavior [ RunTime:0.000350s ]
INFO: [ app_end ] --END-- [ RunTime:0.000387s ]

[ 2017-02-08T18:24:53+08:00 ] 117.173.171.22 /ihanc/eva/index.php/Home/finance/bank
INFO: [ app_init ] --START--
INFO: Run Behavior\BuildLiteBehavior [ RunTime:0.000011s ]
INFO: [ app_init ] --END-- [ RunTime:0.000237s ]
INFO: [ app_begin ] --START--
INFO: Run Behavior\ReadHtmlCacheBehavior [ RunTime:0.000293s ]
INFO: [ app_begin ] --END-- [ RunTime:0.000330s ]
SQL: SHOW COLUMNS FROM `user` [ RunTime:0.0006s ]
SQL: SELECT * FROM `user` WHERE ( iduser='3' )  [ RunTime:0.0060s ]
SQL: SHOW COLUMNS FROM `ihanc_3`.`bank` [ RunTime:0.0004s ]
SQL: SELECT * FROM ihanc_3.bank  [ RunTime:0.0002s ]
INFO: [ view_parse ] --START--
INFO: [ template_filter ] --START--
INFO: Run Behavior\ContentReplaceBehavior [ RunTime:0.000058s ]
INFO: [ template_filter ] --END-- [ RunTime:0.000093s ]
INFO: Run Behavior\ParseTemplateBehavior [ RunTime:0.004831s ]
INFO: [ view_parse ] --END-- [ RunTime:0.004866s ]
INFO: [ view_filter ] --START--
INFO: Run Behavior\WriteHtmlCacheBehavior [ RunTime:0.000106s ]
INFO: [ view_filter ] --END-- [ RunTime:0.000132s ]
INFO: [ app_end ] --START--
INFO: Run Behavior\ShowPageTraceBehavior [ RunTime:0.000316s ]
INFO: [ app_end ] --END-- [ RunTime:0.000347s ]

[ 2017-02-08T18:24:55+08:00 ] 117.173.171.22 /ihanc/eva/index.php/Home/finance/transfer
INFO: [ app_init ] --START--
INFO: Run Behavior\BuildLiteBehavior [ RunTime:0.000014s ]
INFO: [ app_init ] --END-- [ RunTime:0.000253s ]
INFO: [ app_begin ] --START--
INFO: Run Behavior\ReadHtmlCacheBehavior [ RunTime:0.000318s ]
INFO: [ app_begin ] --END-- [ RunTime:0.000356s ]
SQL: SHOW COLUMNS FROM `user` [ RunTime:0.0006s ]
SQL: SELECT * FROM `user` WHERE ( iduser='3' )  [ RunTime:0.0002s ]
SQL: SHOW COLUMNS FROM `ihanc_3`.`bank` [ RunTime:0.0004s ]
SQL: SELECT `idbank`,`bname`,`sum` FROM ihanc_3.bank  [ RunTime:0.0002s ]
INFO: [ view_parse ] --START--
INFO: [ template_filter ] --START--
INFO: Run Behavior\ContentReplaceBehavior [ RunTime:0.000051s ]
INFO: [ template_filter ] --END-- [ RunTime:0.000087s ]
INFO: Run Behavior\ParseTemplateBehavior [ RunTime:0.004920s ]
INFO: [ view_parse ] --END-- [ RunTime:0.004955s ]
INFO: [ view_filter ] --START--
INFO: Run Behavior\WriteHtmlCacheBehavior [ RunTime:0.000101s ]
INFO: [ view_filter ] --END-- [ RunTime:0.000132s ]
INFO: [ app_end ] --START--
INFO: Run Behavior\ShowPageTraceBehavior [ RunTime:0.000318s ]
INFO: [ app_end ] --END-- [ RunTime:0.000350s ]

[ 2017-02-08T18:25:00+08:00 ] 117.173.171.22 /ihanc/eva/index.php/Home/Finance/transfer
INFO: [ app_init ] --START--
INFO: Run Behavior\BuildLiteBehavior [ RunTime:0.000015s ]
INFO: [ app_init ] --END-- [ RunTime:0.008338s ]
INFO: [ app_begin ] --START--
INFO: Run Behavior\ReadHtmlCacheBehavior [ RunTime:0.000317s ]
INFO: [ app_begin ] --END-- [ RunTime:0.000356s ]
SQL: SHOW COLUMNS FROM `user` [ RunTime:0.0006s ]
SQL: SELECT * FROM `user` WHERE ( iduser='3' )  [ RunTime:0.0002s ]
SQL: SHOW COLUMNS FROM `ihanc_3`.`bank` [ RunTime:0.0005s ]
SQL: SELECT `idbank`,`bname`,`sum` FROM ihanc_3.bank  [ RunTime:0.0002s ]
SQL: SHOW COLUMNS FROM `ihanc_3`.`bank_detail` [ RunTime:0.0004s ]
SQL: INSERT INTO ihanc_3.bank_detail (`time`,`user`,`idbank`,`sum`,`balance`,`summary`) VALUES ('2017-02-08 18:25:00','杨胖娃','9','-4992','0','转到爸爸') [ RunTime:0.0068s ]
SQL: INSERT INTO ihanc_3.bank_detail (`time`,`user`,`idbank`,`sum`,`balance`,`summary`) VALUES ('2017-02-08 18:25:00','杨胖娃','22','4992','204992','从现金转入') [ RunTime:0.0038s ]
SQL: SHOW COLUMNS FROM `ihanc_3`.`log` [ RunTime:0.0005s ]
SQL: INSERT INTO ihanc_3.log (`summary`,`user`) VALUES ('从现金转入爸爸金额:4992','杨胖娃') [ RunTime:0.0045s ]
INFO: [ app_end ] --START--
INFO: Run Behavior\ShowPageTraceBehavior [ RunTime:0.000450s ]
INFO: [ app_end ] --END-- [ RunTime:0.000489s ]

[ 2017-02-08T18:25:01+08:00 ] 117.173.171.22 /ihanc/eva/index.php/Home/finance/bank
INFO: [ app_init ] --START--
INFO: Run Behavior\BuildLiteBehavior [ RunTime:0.000011s ]
INFO: [ app_init ] --END-- [ RunTime:0.000233s ]
INFO: [ app_begin ] --START--
INFO: Run Behavior\ReadHtmlCacheBehavior [ RunTime:0.000324s ]
INFO: [ app_begin ] --END-- [ RunTime:0.000377s ]
SQL: SHOW COLUMNS FROM `user` [ RunTime:0.0007s ]
SQL: SELECT * FROM `user` WHERE ( iduser='3' )  [ RunTime:0.0002s ]
SQL: SHOW COLUMNS FROM `ihanc_3`.`bank` [ RunTime:0.0042s ]
SQL: SELECT * FROM ihanc_3.bank  [ RunTime:0.0002s ]
INFO: [ view_parse ] --START--
INFO: [ template_filter ] --START--
INFO: Run Behavior\ContentReplaceBehavior [ RunTime:0.000090s ]
INFO: [ template_filter ] --END-- [ RunTime:0.000157s ]
INFO: Run Behavior\ParseTemplateBehavior [ RunTime:0.013253s ]
INFO: [ view_parse ] --END-- [ RunTime:0.013288s ]
INFO: [ view_filter ] --START--
INFO: Run Behavior\WriteHtmlCacheBehavior [ RunTime:0.000112s ]
INFO: [ view_filter ] --END-- [ RunTime:0.000138s ]
INFO: [ app_end ] --START--
INFO: Run Behavior\ShowPageTraceBehavior [ RunTime:0.000376s ]
INFO: [ app_end ] --END-- [ RunTime:0.000409s ]

[ 2017-02-08T18:27:09+08:00 ] 117.173.171.22 /ihanc/eva/index.php/Home/sale/sale.html
INFO: [ app_init ] --START--
INFO: Run Behavior\BuildLiteBehavior [ RunTime:0.000012s ]
INFO: [ app_init ] --END-- [ RunTime:0.000248s ]
INFO: [ app_begin ] --START--
INFO: Run Behavior\ReadHtmlCacheBehavior [ RunTime:0.000294s ]
INFO: [ app_begin ] --END-- [ RunTime:0.000332s ]
SQL: SHOW COLUMNS FROM `user` [ RunTime:0.0006s ]
SQL: SELECT * FROM `user` WHERE ( iduser='3' )  [ RunTime:0.0002s ]
SQL: SHOW COLUMNS FROM `ihanc_3`.`bank` [ RunTime:0.0005s ]
SQL: SELECT `idbank`,`bname` FROM ihanc_3.bank ORDER BY weight desc  [ RunTime:0.0002s ]
INFO: [ view_parse ] --START--
INFO: [ template_filter ] --START--
INFO: Run Behavior\ContentReplaceBehavior [ RunTime:0.000151s ]
INFO: [ template_filter ] --END-- [ RunTime:0.000196s ]
INFO: Run Behavior\ParseTemplateBehavior [ RunTime:0.010494s ]
INFO: [ view_parse ] --END-- [ RunTime:0.010540s ]
INFO: [ view_filter ] --START--
INFO: Run Behavior\WriteHtmlCacheBehavior [ RunTime:0.000111s ]
INFO: [ view_filter ] --END-- [ RunTime:0.000148s ]
INFO: [ app_end ] --START--
INFO: Run Behavior\ShowPageTraceBehavior [ RunTime:0.000347s ]
INFO: [ app_end ] --END-- [ RunTime:0.000383s ]

[ 2017-02-08T18:27:12+08:00 ] 117.173.171.22 /ihanc/eva/index.php/Home/Sale/searchMember
INFO: [ app_init ] --START--
INFO: Run Behavior\BuildLiteBehavior [ RunTime:0.000015s ]
INFO: [ app_init ] --END-- [ RunTime:0.000296s ]
INFO: [ app_begin ] --START--
INFO: Run Behavior\ReadHtmlCacheBehavior [ RunTime:0.000305s ]
INFO: [ app_begin ] --END-- [ RunTime:0.000343s ]
SQL: SHOW COLUMNS FROM `user` [ RunTime:0.0007s ]
SQL: SELECT * FROM `user` WHERE ( iduser='3' )  [ RunTime:0.0039s ]
SQL: SHOW COLUMNS FROM `ihanc_3`.`member` [ RunTime:0.0005s ]
SQL: SELECT `idmember`,`mname` FROM ihanc_3.member WHERE ( `mname` LIKE '%H%' OR `msn` LIKE '%H%' ) LIMIT 0,10   [ RunTime:0.0002s ]
INFO: [ app_end ] --START--
INFO: Run Behavior\ShowPageTraceBehavior [ RunTime:0.000447s ]
INFO: [ app_end ] --END-- [ RunTime:0.000493s ]

[ 2017-02-08T18:27:13+08:00 ] 117.173.171.22 /ihanc/eva/index.php/Home/Sale/searchMember
INFO: [ app_init ] --START--
INFO: Run Behavior\BuildLiteBehavior [ RunTime:0.000016s ]
INFO: [ app_init ] --END-- [ RunTime:0.000273s ]
INFO: [ app_begin ] --START--
INFO: Run Behavior\ReadHtmlCacheBehavior [ RunTime:0.000319s ]
INFO: [ app_begin ] --END-- [ RunTime:0.000358s ]
SQL: SHOW COLUMNS FROM `user` [ RunTime:0.0007s ]
SQL: SELECT * FROM `user` WHERE ( iduser='3' )  [ RunTime:0.0002s ]
SQL: SHOW COLUMNS FROM `ihanc_3`.`member` [ RunTime:0.0004s ]
SQL: SELECT `idmember`,`mname` FROM ihanc_3.member WHERE ( `mname` LIKE '%HK%' OR `msn` LIKE '%HK%' ) LIMIT 0,10   [ RunTime:0.0003s ]
INFO: [ app_end ] --START--
INFO: Run Behavior\ShowPageTraceBehavior [ RunTime:0.000468s ]
INFO: [ app_end ] --END-- [ RunTime:0.000511s ]

[ 2017-02-08T18:27:13+08:00 ] 117.173.171.22 /ihanc/eva/index.php/Home/Sale/searchMember
INFO: [ app_init ] --START--
INFO: Run Behavior\BuildLiteBehavior [ RunTime:0.000014s ]
INFO: [ app_init ] --END-- [ RunTime:0.000254s ]
INFO: [ app_begin ] --START--
INFO: Run Behavior\ReadHtmlCacheBehavior [ RunTime:0.000320s ]
INFO: [ app_begin ] --END-- [ RunTime:0.000358s ]
SQL: SHOW COLUMNS FROM `user` [ RunTime:0.0006s ]
SQL: SELECT * FROM `user` WHERE ( iduser='3' )  [ RunTime:0.0002s ]
SQL: SHOW COLUMNS FROM `ihanc_3`.`member` [ RunTime:0.0004s ]
SQL: SELECT `idmember`,`mname` FROM ihanc_3.member WHERE ( `mname` LIKE '%HKW%' OR `msn` LIKE '%HKW%' ) LIMIT 0,10   [ RunTime:0.0003s ]
INFO: [ app_end ] --START--
INFO: Run Behavior\ShowPageTraceBehavior [ RunTime:0.000436s ]
INFO: [ app_end ] --END-- [ RunTime:0.000476s ]

[ 2017-02-08T18:27:14+08:00 ] 117.173.171.22 /ihanc/eva/index.php/Home/Sale/getCredit?idmember=35
INFO: [ app_init ] --START--
INFO: Run Behavior\BuildLiteBehavior [ RunTime:0.000012s ]
INFO: [ app_init ] --END-- [ RunTime:0.000260s ]
INFO: [ app_begin ] --START--
INFO: Run Behavior\ReadHtmlCacheBehavior [ RunTime:0.000323s ]
INFO: [ app_begin ] --END-- [ RunTime:0.000359s ]
SQL: SHOW COLUMNS FROM `user` [ RunTime:0.0007s ]
SQL: SELECT * FROM `user` WHERE ( iduser='3' )  [ RunTime:0.0036s ]
SQL: SHOW COLUMNS FROM `ihanc_3`.`sale` [ RunTime:0.0046s ]
SQL: SELECT SUM(sum) AS tp_sum FROM ihanc_3.sale WHERE `idmember` = 35 LIMIT 1   [ RunTime:0.0006s ]
INFO: [ app_end ] --START--
INFO: Run Behavior\ShowPageTraceBehavior [ RunTime:0.000401s ]
INFO: [ app_end ] --END-- [ RunTime:0.000440s ]

[ 2017-02-08T18:27:15+08:00 ] 117.173.171.22 /ihanc/eva/index.php/Home/Sale/mcreditDetail?idmember=35
INFO: [ app_init ] --START--
INFO: Run Behavior\BuildLiteBehavior [ RunTime:0.000012s ]
INFO: [ app_init ] --END-- [ RunTime:0.000240s ]
INFO: [ app_begin ] --START--
INFO: Run Behavior\ReadHtmlCacheBehavior [ RunTime:0.000333s ]
INFO: [ app_begin ] --END-- [ RunTime:0.000370s ]
SQL: SHOW COLUMNS FROM `user` [ RunTime:0.0007s ]
SQL: SELECT * FROM `user` WHERE ( iduser='3' )  [ RunTime:0.0002s ]
SQL: SHOW COLUMNS FROM `ihanc_3`.`sale` [ RunTime:0.0005s ]
SQL: SELECT `idsale`,`idmember`,`inorder`,`idgoods`,`number`,`price`,`time`,`sum`,`cf`,`remark`,`idintime` FROM ihanc_3.sale WHERE `idmember` = 35 ORDER BY idsale  [ RunTime:0.0008s ]
NOTIC: [8] Undefined variable: sum /opt/lampp/htdocs/ihanc/eva/Application/Home/Controller/SaleController.class.php 第 239 行.
SQL: SHOW COLUMNS FROM `ihanc_3`.`bank` [ RunTime:0.0005s ]
SQL: SELECT `idbank`,`bname` FROM ihanc_3.bank ORDER BY weight desc  [ RunTime:0.0002s ]
INFO: [ view_parse ] --START--
INFO: [ template_filter ] --START--
INFO: Run Behavior\ContentReplaceBehavior [ RunTime:0.000069s ]
INFO: [ template_filter ] --END-- [ RunTime:0.000107s ]
INFO: Run Behavior\ParseTemplateBehavior [ RunTime:0.013134s ]
INFO: [ view_parse ] --END-- [ RunTime:0.013174s ]
INFO: [ view_filter ] --START--
INFO: Run Behavior\WriteHtmlCacheBehavior [ RunTime:0.000138s ]
INFO: [ view_filter ] --END-- [ RunTime:0.000183s ]
INFO: [ app_end ] --START--
INFO: Run Behavior\ShowPageTraceBehavior [ RunTime:0.000350s ]
INFO: [ app_end ] --END-- [ RunTime:0.000389s ]

