[ 2017-07-06T17:53:15+08:00 ] 118.125.35.209 /ihanc/eva/index.php/Home/Sale/searchMember
INFO: [ app_init ] --START--
INFO: Run Behavior\BuildLiteBehavior [ RunTime:0.000011s ]
INFO: [ app_init ] --END-- [ RunTime:0.000245s ]
INFO: [ app_begin ] --START--
INFO: Run Behavior\ReadHtmlCacheBehavior [ RunTime:0.000287s ]
INFO: [ app_begin ] --END-- [ RunTime:0.000323s ]
SQL: SHOW COLUMNS FROM `user` [ RunTime:0.0006s ]
SQL: SELECT * FROM `user` WHERE ( iduser='5' )  [ RunTime:0.0002s ]
SQL: SHOW COLUMNS FROM `ihanc_7`.`member` [ RunTime:0.0004s ]
SQL: SELECT `idmember`,`mname` FROM ihanc_7.member WHERE ( `mname` LIKE '%X%' OR `msn` LIKE '%X%' ) LIMIT 0,10   [ RunTime:0.0002s ]
INFO: [ app_end ] --START--
INFO: Run Behavior\ShowPageTraceBehavior [ RunTime:0.000340s ]
INFO: [ app_end ] --END-- [ RunTime:0.000373s ]

[ 2017-07-06T17:53:15+08:00 ] 118.125.35.209 /ihanc/eva/index.php/Home/Sale/searchMember
INFO: [ app_init ] --START--
INFO: Run Behavior\BuildLiteBehavior [ RunTime:0.000011s ]
INFO: [ app_init ] --END-- [ RunTime:0.000298s ]
INFO: [ app_begin ] --START--
INFO: Run Behavior\ReadHtmlCacheBehavior [ RunTime:0.000289s ]
INFO: [ app_begin ] --END-- [ RunTime:0.000330s ]
SQL: SHOW COLUMNS FROM `user` [ RunTime:0.0006s ]
SQL: SELECT * FROM `user` WHERE ( iduser='5' )  [ RunTime:0.0002s ]
SQL: SHOW COLUMNS FROM `ihanc_7`.`member` [ RunTime:0.0004s ]
SQL: SELECT `idmember`,`mname` FROM ihanc_7.member WHERE ( `mname` LIKE '%XJ%' OR `msn` LIKE '%XJ%' ) LIMIT 0,10   [ RunTime:0.0002s ]
INFO: [ app_end ] --START--
INFO: Run Behavior\ShowPageTraceBehavior [ RunTime:0.000344s ]
INFO: [ app_end ] --END-- [ RunTime:0.000378s ]

[ 2017-07-06T17:53:15+08:00 ] 118.125.35.209 /ihanc/eva/index.php/Home/Sale/getCredit?idmember=1
INFO: [ app_init ] --START--
INFO: Run Behavior\BuildLiteBehavior [ RunTime:0.000012s ]
INFO: [ app_init ] --END-- [ RunTime:0.000256s ]
INFO: [ app_begin ] --START--
INFO: Run Behavior\ReadHtmlCacheBehavior [ RunTime:0.000288s ]
INFO: [ app_begin ] --END-- [ RunTime:0.000326s ]
SQL: SHOW COLUMNS FROM `user` [ RunTime:0.0008s ]
SQL: SELECT * FROM `user` WHERE ( iduser='5' )  [ RunTime:0.0002s ]
SQL: SHOW COLUMNS FROM `ihanc_7`.`sale` [ RunTime:0.0005s ]
SQL: SELECT SUM(sum) AS tp_sum FROM ihanc_7.sale WHERE `idmember` = 1 LIMIT 1   [ RunTime:0.0003s ]
INFO: [ app_end ] --START--
INFO: Run Behavior\ShowPageTraceBehavior [ RunTime:0.000333s ]
INFO: [ app_end ] --END-- [ RunTime:0.000365s ]

[ 2017-07-06T17:53:20+08:00 ] 118.125.35.209 /ihanc/eva/index.php/Home/Sale/searchStockGoods
INFO: [ app_init ] --START--
INFO: Run Behavior\BuildLiteBehavior [ RunTime:0.000012s ]
INFO: [ app_init ] --END-- [ RunTime:0.000259s ]
INFO: [ app_begin ] --START--
INFO: Run Behavior\ReadHtmlCacheBehavior [ RunTime:0.000296s ]
INFO: [ app_begin ] --END-- [ RunTime:0.000333s ]
SQL: SHOW COLUMNS FROM `user` [ RunTime:0.0006s ]
SQL: SELECT * FROM `user` WHERE ( iduser='5' )  [ RunTime:0.0002s ]
SQL: SHOW COLUMNS FROM `ihanc_7`.`stock_goods_view` [ RunTime:0.0005s ]
SQL: SELECT `idgoods`,`inorder`,`stock`,`gname` FROM ihanc_7.stock_goods_view WHERE ( `gname` LIKE '%2%' OR `gsn` LIKE '%2%' )  [ RunTime:0.0003s ]
INFO: [ app_end ] --START--
INFO: Run Behavior\ShowPageTraceBehavior [ RunTime:0.000345s ]
INFO: [ app_end ] --END-- [ RunTime:0.000379s ]

[ 2017-07-06T17:53:21+08:00 ] 118.125.35.209 /ihanc/eva/index.php/Home/Sale/searchStockGoods
INFO: [ app_init ] --START--
INFO: Run Behavior\BuildLiteBehavior [ RunTime:0.000011s ]
INFO: [ app_init ] --END-- [ RunTime:0.000238s ]
INFO: [ app_begin ] --START--
INFO: Run Behavior\ReadHtmlCacheBehavior [ RunTime:0.000294s ]
INFO: [ app_begin ] --END-- [ RunTime:0.000334s ]
SQL: SHOW COLUMNS FROM `user` [ RunTime:0.0007s ]
SQL: SELECT * FROM `user` WHERE ( iduser='5' )  [ RunTime:0.0002s ]
SQL: SHOW COLUMNS FROM `ihanc_7`.`stock_goods_view` [ RunTime:0.0005s ]
SQL: SELECT `idgoods`,`inorder`,`stock`,`gname` FROM ihanc_7.stock_goods_view WHERE ( `gname` LIKE '%1%' OR `gsn` LIKE '%1%' )  [ RunTime:0.0003s ]
INFO: [ app_end ] --START--
INFO: Run Behavior\ShowPageTraceBehavior [ RunTime:0.000387s ]
INFO: [ app_end ] --END-- [ RunTime:0.000429s ]

[ 2017-07-06T17:53:21+08:00 ] 118.125.35.209 /ihanc/eva/index.php/Home/Sale/searchStockGoods
INFO: [ app_init ] --START--
INFO: Run Behavior\BuildLiteBehavior [ RunTime:0.000012s ]
INFO: [ app_init ] --END-- [ RunTime:0.000243s ]
INFO: [ app_begin ] --START--
INFO: Run Behavior\ReadHtmlCacheBehavior [ RunTime:0.000299s ]
INFO: [ app_begin ] --END-- [ RunTime:0.000336s ]
SQL: SHOW COLUMNS FROM `user` [ RunTime:0.0006s ]
SQL: SELECT * FROM `user` WHERE ( iduser='5' )  [ RunTime:0.0002s ]
SQL: SHOW COLUMNS FROM `ihanc_7`.`stock_goods_view` [ RunTime:0.0005s ]
SQL: SELECT `idgoods`,`inorder`,`stock`,`gname` FROM ihanc_7.stock_goods_view WHERE ( `gname` LIKE '%0%' OR `gsn` LIKE '%0%' )  [ RunTime:0.0003s ]
INFO: [ app_end ] --START--
INFO: Run Behavior\ShowPageTraceBehavior [ RunTime:0.000343s ]
INFO: [ app_end ] --END-- [ RunTime:0.000380s ]

[ 2017-07-06T17:53:23+08:00 ] 118.125.35.209 /ihanc/eva/index.php/Home/Sale/searchStockGoods
INFO: [ app_init ] --START--
INFO: Run Behavior\BuildLiteBehavior [ RunTime:0.000015s ]
INFO: [ app_init ] --END-- [ RunTime:0.000358s ]
INFO: [ app_begin ] --START--
INFO: Run Behavior\ReadHtmlCacheBehavior [ RunTime:0.000287s ]
INFO: [ app_begin ] --END-- [ RunTime:0.000325s ]
SQL: SHOW COLUMNS FROM `user` [ RunTime:0.0006s ]
SQL: SELECT * FROM `user` WHERE ( iduser='5' )  [ RunTime:0.0002s ]
SQL: SHOW COLUMNS FROM `ihanc_7`.`stock_goods_view` [ RunTime:0.0005s ]
SQL: SELECT `idgoods`,`inorder`,`stock`,`gname` FROM ihanc_7.stock_goods_view WHERE ( `gname` LIKE '%H%' OR `gsn` LIKE '%H%' )  [ RunTime:0.0003s ]
INFO: [ app_end ] --START--
INFO: Run Behavior\ShowPageTraceBehavior [ RunTime:0.000454s ]
INFO: [ app_end ] --END-- [ RunTime:0.000496s ]

[ 2017-07-06T17:53:23+08:00 ] 118.125.35.209 /ihanc/eva/index.php/Home/Sale/itPrice?idgoods=1&idmember=1&inorder=IN20170706-1
INFO: [ app_init ] --START--
INFO: Run Behavior\BuildLiteBehavior [ RunTime:0.000017s ]
INFO: [ app_init ] --END-- [ RunTime:0.000293s ]
INFO: [ app_begin ] --START--
INFO: Run Behavior\ReadHtmlCacheBehavior [ RunTime:0.000360s ]
INFO: [ app_begin ] --END-- [ RunTime:0.000396s ]
SQL: SHOW COLUMNS FROM `user` [ RunTime:0.0006s ]
SQL: SELECT * FROM `user` WHERE ( iduser='5' )  [ RunTime:0.0002s ]
SQL: SHOW COLUMNS FROM `ihanc_7`.`stock` [ RunTime:0.0004s ]
SQL: SELECT MAX(price1) as price1,MAX(price2) as price2 FROM ihanc_7.stock WHERE `idgoods` = 1 AND `inorder` = 'IN20170706-1' LIMIT 1   [ RunTime:0.0003s ]
SQL: SHOW COLUMNS FROM `ihanc_7`.`sale_all` [ RunTime:0.0006s ]
SQL: SELECT price as price1 FROM ihanc_7.sale_all WHERE `idmember` = 1 AND `idgoods` = 1 ORDER BY idsale desc LIMIT 1   [ RunTime:0.0155s ]
INFO: [ app_end ] --START--
INFO: Run Behavior\ShowPageTraceBehavior [ RunTime:0.000468s ]
INFO: [ app_end ] --END-- [ RunTime:0.000508s ]

[ 2017-07-06T17:53:38+08:00 ] 118.125.35.209 /ihanc/eva/index.php/Home/Sale/saleAdd
INFO: [ app_init ] --START--
INFO: Run Behavior\BuildLiteBehavior [ RunTime:0.000011s ]
INFO: [ app_init ] --END-- [ RunTime:0.000262s ]
INFO: [ app_begin ] --START--
INFO: Run Behavior\ReadHtmlCacheBehavior [ RunTime:0.000344s ]
INFO: [ app_begin ] --END-- [ RunTime:0.000388s ]
SQL: SHOW COLUMNS FROM `user` [ RunTime:0.0006s ]
SQL: SELECT * FROM `user` WHERE ( iduser='5' )  [ RunTime:0.0002s ]
SQL: SHOW COLUMNS FROM `ihanc_7`.`sale` [ RunTime:0.0005s ]
SQL: INSERT INTO ihanc_7.sale (`idmember`,`idgoods`,`inorder`,`number`,`price`,`sum`,`remark`,`time`,`user`) VALUES ('1','1','IN20170706-1','210','0.1','21','','2017-07-06 17:53:38','黄睿') [ RunTime:0.0041s ]
SQL: SHOW COLUMNS FROM `ihanc_7`.`bank` [ RunTime:0.0004s ]
SQL: SELECT `sum` FROM ihanc_7.bank WHERE `idbank` = 1 LIMIT 1   [ RunTime:0.0002s ]
SQL: SHOW COLUMNS FROM `ihanc_7`.`bank_detail` [ RunTime:0.0004s ]
SQL: INSERT INTO ihanc_7.bank_detail (`sum`,`time`,`idbank`,`user`,`summary`,`balance`) VALUES ('21','2017-07-06 17:53:38','1','黄睿','客户付款:现金客户','17540') [ RunTime:0.0037s ]
SQL: INSERT INTO ihanc_7.sale (`idmember`,`sum`,`time`,`user`,`idgoods`) VALUES ('1','-21','2017-07-06 17:53:38','黄睿','0') [ RunTime:0.0002s ]
SQL: SELECT SUM(sum) AS tp_sum FROM ihanc_7.sale WHERE `idmember` = 1 LIMIT 1   [ RunTime:0.0003s ]
SQL: DELETE FROM ihanc_7.sale WHERE `idmember` = 1 [ RunTime:0.0036s ]
SQL: SHOW COLUMNS FROM `ihanc_7`.`log` [ RunTime:0.0004s ]
SQL: INSERT INTO ihanc_7.log (`summary`,`user`) VALUES ('1现金客户销售单保存成功,收款21','黄睿') [ RunTime:0.0030s ]
INFO: [ app_end ] --START--
INFO: Run Behavior\ShowPageTraceBehavior [ RunTime:0.000453s ]
INFO: [ app_end ] --END-- [ RunTime:0.000516s ]

[ 2017-07-06T17:57:24+08:00 ] 118.125.35.209 /ihanc/eva/index.php/Home/sale/index.html
INFO: [ app_init ] --START--
INFO: Run Behavior\BuildLiteBehavior [ RunTime:0.000012s ]
INFO: [ app_init ] --END-- [ RunTime:0.000258s ]
INFO: [ app_begin ] --START--
INFO: Run Behavior\ReadHtmlCacheBehavior [ RunTime:0.000305s ]
INFO: [ app_begin ] --END-- [ RunTime:0.000344s ]
SQL: SHOW COLUMNS FROM `user` [ RunTime:0.0006s ]
SQL: SELECT * FROM `user` WHERE ( iduser='5' )  [ RunTime:0.0002s ]
INFO: [ view_parse ] --START--
INFO: [ template_filter ] --START--
INFO: Run Behavior\ContentReplaceBehavior [ RunTime:0.000047s ]
INFO: [ template_filter ] --END-- [ RunTime:0.000079s ]
INFO: Run Behavior\ParseTemplateBehavior [ RunTime:0.003809s ]
INFO: [ view_parse ] --END-- [ RunTime:0.003843s ]
INFO: [ view_filter ] --START--
INFO: Run Behavior\WriteHtmlCacheBehavior [ RunTime:0.000099s ]
INFO: [ view_filter ] --END-- [ RunTime:0.000122s ]
INFO: [ app_end ] --START--
INFO: Run Behavior\ShowPageTraceBehavior [ RunTime:0.000329s ]
INFO: [ app_end ] --END-- [ RunTime:0.000358s ]

[ 2017-07-06T17:57:24+08:00 ] 118.125.35.209 /ihanc/eva/index.php/Home/Sale/saleTable
INFO: [ app_init ] --START--
INFO: Run Behavior\BuildLiteBehavior [ RunTime:0.000011s ]
INFO: [ app_init ] --END-- [ RunTime:0.000255s ]
INFO: [ app_begin ] --START--
INFO: Run Behavior\ReadHtmlCacheBehavior [ RunTime:0.000316s ]
INFO: [ app_begin ] --END-- [ RunTime:0.000353s ]
SQL: SHOW COLUMNS FROM `user` [ RunTime:0.0007s ]
SQL: SELECT * FROM `user` WHERE ( iduser='5' )  [ RunTime:0.0002s ]
NOTIC: [8] Undefined index: p /opt/lampp/htdocs/ihanc/eva/Application/Home/Controller/SaleController.class.php 第 453 行.
NOTIC: [8] Undefined index: sdate /opt/lampp/htdocs/ihanc/eva/Application/Home/Controller/SaleController.class.php 第 454 行.
NOTIC: [8] Undefined index: idmember /opt/lampp/htdocs/ihanc/eva/Application/Home/Controller/SaleController.class.php 第 463 行.
NOTIC: [8] Undefined index: inorder /opt/lampp/htdocs/ihanc/eva/Application/Home/Controller/SaleController.class.php 第 467 行.
SQL: SHOW COLUMNS FROM `ihanc_7`.`sale_all` [ RunTime:0.0006s ]
NOTIC: [8] Undefined index: idgoods /opt/lampp/htdocs/ihanc/eva/Application/Home/Controller/SaleController.class.php 第 474 行.
SQL: SELECT COUNT(*) AS tp_count FROM ihanc_7.sale_all RIGHT JOIN ihanc_7.member ON sale_all.idmember= member.idmember  WHERE `time` LIKE '%2017-07-06%' AND `idgoods` > 0 LIMIT 1   [ RunTime:0.0117s ]
SQL: SELECT sale_all.time,sale_all.idgoods,sale_all.idmember,sale_all.number,sale_all.price,sale_all.sum,member.mname,`finish`,sale_all.idsale,sale_all.idintime FROM ihanc_7.sale_all RIGHT JOIN ihanc_7.member ON sale_all.idmember= member.idmember  WHERE `time` LIKE '%2017-07-06%' AND `idgoods` > 0 ORDER BY idsale desc LIMIT 0,10   [ RunTime:0.0119s ]
NOTIC: [8] Undefined variable: params /opt/lampp/htdocs/ihanc/eva/Application/Home/Controller/SaleController.class.php 第 489 行.
NOTIC: [2] Invalid argument supplied for foreach() /opt/lampp/htdocs/ihanc/eva/Application/Home/Common/function.php 第 115 行.
INFO: [ view_parse ] --START--
INFO: [ template_filter ] --START--
INFO: Run Behavior\ContentReplaceBehavior [ RunTime:0.000082s ]
INFO: [ template_filter ] --END-- [ RunTime:0.000132s ]
INFO: Run Behavior\ParseTemplateBehavior [ RunTime:0.007544s ]
INFO: [ view_parse ] --END-- [ RunTime:0.007580s ]
INFO: [ view_filter ] --START--
INFO: Run Behavior\WriteHtmlCacheBehavior [ RunTime:0.000101s ]
INFO: [ view_filter ] --END-- [ RunTime:0.000125s ]
INFO: [ app_end ] --START--
INFO: Run Behavior\ShowPageTraceBehavior [ RunTime:0.000336s ]
INFO: [ app_end ] --END-- [ RunTime:0.000370s ]

[ 2017-07-06T17:57:44+08:00 ] 118.125.35.209 /ihanc/eva/index.php/Home/sale/sale.html
INFO: [ app_init ] --START--
INFO: Run Behavior\BuildLiteBehavior [ RunTime:0.000015s ]
INFO: [ app_init ] --END-- [ RunTime:0.000255s ]
INFO: [ app_begin ] --START--
INFO: Run Behavior\ReadHtmlCacheBehavior [ RunTime:0.000322s ]
INFO: [ app_begin ] --END-- [ RunTime:0.000359s ]
SQL: SHOW COLUMNS FROM `user` [ RunTime:0.0006s ]
SQL: SELECT * FROM `user` WHERE ( iduser='5' )  [ RunTime:0.0002s ]
SQL: SHOW COLUMNS FROM `ihanc_7`.`bank` [ RunTime:0.0004s ]
SQL: SELECT `idbank`,`bname` FROM ihanc_7.bank ORDER BY weight desc  [ RunTime:0.0003s ]
INFO: [ view_parse ] --START--
INFO: [ template_filter ] --START--
INFO: Run Behavior\ContentReplaceBehavior [ RunTime:0.000107s ]
INFO: [ template_filter ] --END-- [ RunTime:0.000141s ]
INFO: Run Behavior\ParseTemplateBehavior [ RunTime:0.006049s ]
INFO: [ view_parse ] --END-- [ RunTime:0.006106s ]
INFO: [ view_filter ] --START--
INFO: Run Behavior\WriteHtmlCacheBehavior [ RunTime:0.000103s ]
INFO: [ view_filter ] --END-- [ RunTime:0.000130s ]
INFO: [ app_end ] --START--
INFO: Run Behavior\ShowPageTraceBehavior [ RunTime:0.000334s ]
INFO: [ app_end ] --END-- [ RunTime:0.000370s ]

[ 2017-07-06T17:57:46+08:00 ] 118.125.35.209 /ihanc/eva/index.php/Home/Sale/saleReport
INFO: [ app_init ] --START--
INFO: Run Behavior\BuildLiteBehavior [ RunTime:0.000012s ]
INFO: [ app_init ] --END-- [ RunTime:0.000228s ]
INFO: [ app_begin ] --START--
INFO: Run Behavior\ReadHtmlCacheBehavior [ RunTime:0.000297s ]
INFO: [ app_begin ] --END-- [ RunTime:0.000332s ]
SQL: SHOW COLUMNS FROM `user` [ RunTime:0.0007s ]
SQL: SELECT * FROM `user` WHERE ( iduser='5' )  [ RunTime:0.0002s ]
SQL: SHOW COLUMNS FROM `ihanc_7`.`sale_all` [ RunTime:0.0007s ]
SQL: SELECT `idgoods`,sum(sum) as sum,sum(number) as number,`finish` FROM ihanc_7.sale_all WHERE `time` LIKE '%2017-07-06%' AND `idgoods` > 0 GROUP BY idgoods,finish  [ RunTime:0.0101s ]
NOTIC: [8] Undefined variable: ttl_sum /opt/lampp/htdocs/ihanc/eva/Application/Home/Controller/SaleController.class.php 第 597 行.
NOTIC: [8] Undefined variable: ttl_num /opt/lampp/htdocs/ihanc/eva/Application/Home/Controller/SaleController.class.php 第 598 行.
SQL: SELECT sum(sum) as sum FROM ihanc_7.sale_all WHERE `time` LIKE '%2017-07-06%' AND idgoods=0 LIMIT 1  [ RunTime:0.0096s ]
INFO: [ view_parse ] --START--
INFO: [ template_filter ] --START--
INFO: Run Behavior\ContentReplaceBehavior [ RunTime:0.000049s ]
INFO: [ template_filter ] --END-- [ RunTime:0.000081s ]
NOTIC: [8] Undefined variable: paid /opt/lampp/htdocs/ihanc/eva/Application/Runtime/Cache/Home/8262b5c76a87fa19c3fca93638768455.php 第 42 行.
INFO: Run Behavior\ParseTemplateBehavior [ RunTime:0.005172s ]
INFO: [ view_parse ] --END-- [ RunTime:0.005201s ]
INFO: [ view_filter ] --START--
INFO: Run Behavior\WriteHtmlCacheBehavior [ RunTime:0.000112s ]
INFO: [ view_filter ] --END-- [ RunTime:0.000143s ]
INFO: [ app_end ] --START--
INFO: Run Behavior\ShowPageTraceBehavior [ RunTime:0.000377s ]
INFO: [ app_end ] --END-- [ RunTime:0.000417s ]

[ 2017-07-06T17:58:25+08:00 ] 118.125.35.209 /ihanc/eva/index.php/Home/stock/index
INFO: [ app_init ] --START--
INFO: Run Behavior\BuildLiteBehavior [ RunTime:0.000019s ]
INFO: [ app_init ] --END-- [ RunTime:0.000280s ]
INFO: [ app_begin ] --START--
INFO: Run Behavior\ReadHtmlCacheBehavior [ RunTime:0.000285s ]
INFO: [ app_begin ] --END-- [ RunTime:0.000322s ]
SQL: SHOW COLUMNS FROM `user` [ RunTime:0.0006s ]
SQL: SELECT * FROM `user` WHERE ( iduser='5' )  [ RunTime:0.0002s ]
SQL: SHOW COLUMNS FROM `ihanc_7`.`stock` [ RunTime:0.0004s ]
SQL: SELECT * FROM ihanc_7.stock  [ RunTime:0.0002s ]
INFO: [ view_parse ] --START--
INFO: [ template_filter ] --START--
INFO: Run Behavior\ContentReplaceBehavior [ RunTime:0.000056s ]
INFO: [ template_filter ] --END-- [ RunTime:0.000095s ]
INFO: Run Behavior\ParseTemplateBehavior [ RunTime:0.004943s ]
INFO: [ view_parse ] --END-- [ RunTime:0.004986s ]
INFO: [ view_filter ] --START--
INFO: Run Behavior\WriteHtmlCacheBehavior [ RunTime:0.000104s ]
INFO: [ view_filter ] --END-- [ RunTime:0.000132s ]
INFO: [ app_end ] --START--
INFO: Run Behavior\ShowPageTraceBehavior [ RunTime:0.000322s ]
INFO: [ app_end ] --END-- [ RunTime:0.000355s ]

[ 2017-07-06T17:58:30+08:00 ] 118.125.35.209 /ihanc/eva/index.php/Home/Stock/stockDel
INFO: [ app_init ] --START--
INFO: Run Behavior\BuildLiteBehavior [ RunTime:0.000011s ]
INFO: [ app_init ] --END-- [ RunTime:0.000246s ]
INFO: [ app_begin ] --START--
INFO: Run Behavior\ReadHtmlCacheBehavior [ RunTime:0.000294s ]
INFO: [ app_begin ] --END-- [ RunTime:0.000339s ]
SQL: SHOW COLUMNS FROM `user` [ RunTime:0.0006s ]
SQL: SELECT * FROM `user` WHERE ( iduser='5' )  [ RunTime:0.0002s ]
SQL: SHOW COLUMNS FROM `ihanc_7`.`stock` [ RunTime:0.0004s ]
SQL: DELETE FROM ihanc_7.stock WHERE `idstock` = 33 [ RunTime:0.0038s ]
SQL: SHOW COLUMNS FROM `ihanc_7`.`log` [ RunTime:0.0005s ]
SQL: INSERT INTO ihanc_7.log (`summary`,`user`) VALUES ('删除库存id33','黄睿') [ RunTime:0.0030s ]
INFO: [ app_end ] --START--
INFO: Run Behavior\ShowPageTraceBehavior [ RunTime:0.000354s ]
INFO: [ app_end ] --END-- [ RunTime:0.000389s ]

[ 2017-07-06T17:58:33+08:00 ] 118.125.35.209 /ihanc/eva/index.php/Home/Stock/stockDel
INFO: [ app_init ] --START--
INFO: Run Behavior\BuildLiteBehavior [ RunTime:0.000011s ]
INFO: [ app_init ] --END-- [ RunTime:0.000270s ]
INFO: [ app_begin ] --START--
INFO: Run Behavior\ReadHtmlCacheBehavior [ RunTime:0.000336s ]
INFO: [ app_begin ] --END-- [ RunTime:0.000374s ]
SQL: SHOW COLUMNS FROM `user` [ RunTime:0.0007s ]
SQL: SELECT * FROM `user` WHERE ( iduser='5' )  [ RunTime:0.0002s ]
SQL: SHOW COLUMNS FROM `ihanc_7`.`stock` [ RunTime:0.0004s ]
SQL: DELETE FROM ihanc_7.stock WHERE `idstock` = 33 [ RunTime:0.0001s ]

[ 2017-07-06T17:58:39+08:00 ] 118.125.35.209 /ihanc/eva/index.php/Home/Stock/stockDel
INFO: [ app_init ] --START--
INFO: Run Behavior\BuildLiteBehavior [ RunTime:0.000016s ]
INFO: [ app_init ] --END-- [ RunTime:0.000348s ]
INFO: [ app_begin ] --START--
INFO: Run Behavior\ReadHtmlCacheBehavior [ RunTime:0.000307s ]
INFO: [ app_begin ] --END-- [ RunTime:0.000345s ]
SQL: SHOW COLUMNS FROM `user` [ RunTime:0.0006s ]
SQL: SELECT * FROM `user` WHERE ( iduser='5' )  [ RunTime:0.0002s ]
SQL: SHOW COLUMNS FROM `ihanc_7`.`stock` [ RunTime:0.0004s ]
SQL: DELETE FROM ihanc_7.stock WHERE `idstock` = 29 [ RunTime:0.0037s ]
SQL: SHOW COLUMNS FROM `ihanc_7`.`log` [ RunTime:0.0004s ]
SQL: INSERT INTO ihanc_7.log (`summary`,`user`) VALUES ('删除库存id29','黄睿') [ RunTime:0.0042s ]
INFO: [ app_end ] --START--
INFO: Run Behavior\ShowPageTraceBehavior [ RunTime:0.000404s ]
INFO: [ app_end ] --END-- [ RunTime:0.000440s ]

[ 2017-07-06T17:58:45+08:00 ] 118.125.35.209 /ihanc/eva/index.php/Home/Stock/stockDel
INFO: [ app_init ] --START--
INFO: Run Behavior\BuildLiteBehavior [ RunTime:0.000017s ]
INFO: [ app_init ] --END-- [ RunTime:0.000361s ]
INFO: [ app_begin ] --START--
INFO: Run Behavior\ReadHtmlCacheBehavior [ RunTime:0.000463s ]
INFO: [ app_begin ] --END-- [ RunTime:0.000518s ]
SQL: SHOW COLUMNS FROM `user` [ RunTime:0.0008s ]
SQL: SELECT * FROM `user` WHERE ( iduser='5' )  [ RunTime:0.0002s ]
SQL: SHOW COLUMNS FROM `ihanc_7`.`stock` [ RunTime:0.0004s ]
SQL: DELETE FROM ihanc_7.stock WHERE `idstock` = 35 [ RunTime:0.0039s ]
SQL: SHOW COLUMNS FROM `ihanc_7`.`log` [ RunTime:0.0004s ]
SQL: INSERT INTO ihanc_7.log (`summary`,`user`) VALUES ('删除库存id35','黄睿') [ RunTime:0.0046s ]
INFO: [ app_end ] --START--
INFO: Run Behavior\ShowPageTraceBehavior [ RunTime:0.000417s ]
INFO: [ app_end ] --END-- [ RunTime:0.000455s ]

[ 2017-07-06T17:58:59+08:00 ] 118.125.35.209 /ihanc/eva/index.php/home/sale/saleTable?idgoods=3&inorder=IN20170706-1
INFO: [ app_init ] --START--
INFO: Run Behavior\BuildLiteBehavior [ RunTime:0.000012s ]
INFO: [ app_init ] --END-- [ RunTime:0.000250s ]
INFO: [ app_begin ] --START--
INFO: Run Behavior\ReadHtmlCacheBehavior [ RunTime:0.000310s ]
INFO: [ app_begin ] --END-- [ RunTime:0.000346s ]
SQL: SHOW COLUMNS FROM `user` [ RunTime:0.0006s ]
SQL: SELECT * FROM `user` WHERE ( iduser='5' )  [ RunTime:0.0002s ]
NOTIC: [8] Undefined index: p /opt/lampp/htdocs/ihanc/eva/Application/Home/Controller/SaleController.class.php 第 453 行.
NOTIC: [8] Undefined index: sdate /opt/lampp/htdocs/ihanc/eva/Application/Home/Controller/SaleController.class.php 第 454 行.
NOTIC: [8] Undefined index: idmember /opt/lampp/htdocs/ihanc/eva/Application/Home/Controller/SaleController.class.php 第 463 行.
SQL: SHOW COLUMNS FROM `ihanc_7`.`sale_all` [ RunTime:0.0006s ]
SQL: SELECT COUNT(*) AS tp_count FROM ihanc_7.sale_all RIGHT JOIN ihanc_7.member ON sale_all.idmember= member.idmember  WHERE `inorder` = 'IN20170706-1' AND `idgoods` = '3' LIMIT 1   [ RunTime:0.0097s ]
SQL: SELECT sale_all.time,sale_all.idgoods,sale_all.idmember,sale_all.number,sale_all.price,sale_all.sum,member.mname,`finish`,sale_all.idsale,sale_all.idintime FROM ihanc_7.sale_all RIGHT JOIN ihanc_7.member ON sale_all.idmember= member.idmember  WHERE `inorder` = 'IN20170706-1' AND `idgoods` = '3' ORDER BY idsale desc LIMIT 0,10   [ RunTime:0.0089s ]
INFO: [ view_parse ] --START--
INFO: [ template_filter ] --START--
INFO: Run Behavior\ContentReplaceBehavior [ RunTime:0.000074s ]
INFO: [ template_filter ] --END-- [ RunTime:0.000117s ]
INFO: Run Behavior\ParseTemplateBehavior [ RunTime:0.005548s ]
INFO: [ view_parse ] --END-- [ RunTime:0.005588s ]
INFO: [ view_filter ] --START--
INFO: Run Behavior\WriteHtmlCacheBehavior [ RunTime:0.000109s ]
INFO: [ view_filter ] --END-- [ RunTime:0.000134s ]
INFO: [ app_end ] --START--
INFO: Run Behavior\ShowPageTraceBehavior [ RunTime:0.000318s ]
INFO: [ app_end ] --END-- [ RunTime:0.000356s ]

[ 2017-07-06T17:59:02+08:00 ] 118.125.35.209 /ihanc/eva/index.php/Home/Sale/saleTable/idgoods/3/inorder/IN20170706-1/p/2.html
INFO: [ app_init ] --START--
INFO: Run Behavior\BuildLiteBehavior [ RunTime:0.000011s ]
INFO: [ app_init ] --END-- [ RunTime:0.000256s ]
INFO: [ app_begin ] --START--
INFO: Run Behavior\ReadHtmlCacheBehavior [ RunTime:0.000281s ]
INFO: [ app_begin ] --END-- [ RunTime:0.000324s ]
SQL: SHOW COLUMNS FROM `user` [ RunTime:0.0006s ]
SQL: SELECT * FROM `user` WHERE ( iduser='5' )  [ RunTime:0.0002s ]
NOTIC: [8] Undefined index: sdate /opt/lampp/htdocs/ihanc/eva/Application/Home/Controller/SaleController.class.php 第 454 行.
NOTIC: [8] Undefined index: idmember /opt/lampp/htdocs/ihanc/eva/Application/Home/Controller/SaleController.class.php 第 463 行.
SQL: SHOW COLUMNS FROM `ihanc_7`.`sale_all` [ RunTime:0.0006s ]
SQL: SELECT COUNT(*) AS tp_count FROM ihanc_7.sale_all RIGHT JOIN ihanc_7.member ON sale_all.idmember= member.idmember  WHERE `inorder` = 'IN20170706-1' AND `idgoods` = '3' LIMIT 1   [ RunTime:0.0098s ]
SQL: SELECT sale_all.time,sale_all.idgoods,sale_all.idmember,sale_all.number,sale_all.price,sale_all.sum,member.mname,`finish`,sale_all.idsale,sale_all.idintime FROM ihanc_7.sale_all RIGHT JOIN ihanc_7.member ON sale_all.idmember= member.idmember  WHERE `inorder` = 'IN20170706-1' AND `idgoods` = '3' ORDER BY idsale desc LIMIT 10,10   [ RunTime:0.0093s ]
INFO: [ view_parse ] --START--
INFO: [ template_filter ] --START--
INFO: Run Behavior\ContentReplaceBehavior [ RunTime:0.000057s ]
INFO: [ template_filter ] --END-- [ RunTime:0.000105s ]
INFO: Run Behavior\ParseTemplateBehavior [ RunTime:0.005470s ]
INFO: [ view_parse ] --END-- [ RunTime:0.005506s ]
INFO: [ view_filter ] --START--
INFO: Run Behavior\WriteHtmlCacheBehavior [ RunTime:0.000099s ]
INFO: [ view_filter ] --END-- [ RunTime:0.000124s ]
INFO: [ app_end ] --START--
INFO: Run Behavior\ShowPageTraceBehavior [ RunTime:0.000331s ]
INFO: [ app_end ] --END-- [ RunTime:0.000367s ]

[ 2017-07-06T17:59:03+08:00 ] 118.125.35.209 /ihanc/eva/index.php/Home/Sale/saleTable/idgoods/3/inorder/IN20170706-1/p/7.html
INFO: [ app_init ] --START--
INFO: Run Behavior\BuildLiteBehavior [ RunTime:0.000017s ]
INFO: [ app_init ] --END-- [ RunTime:0.000337s ]
INFO: [ app_begin ] --START--
INFO: Run Behavior\ReadHtmlCacheBehavior [ RunTime:0.000439s ]
INFO: [ app_begin ] --END-- [ RunTime:0.000486s ]
SQL: SHOW COLUMNS FROM `user` [ RunTime:0.0006s ]
SQL: SELECT * FROM `user` WHERE ( iduser='5' )  [ RunTime:0.0002s ]
NOTIC: [8] Undefined index: sdate /opt/lampp/htdocs/ihanc/eva/Application/Home/Controller/SaleController.class.php 第 454 行.
NOTIC: [8] Undefined index: idmember /opt/lampp/htdocs/ihanc/eva/Application/Home/Controller/SaleController.class.php 第 463 行.
SQL: SHOW COLUMNS FROM `ihanc_7`.`sale_all` [ RunTime:0.0007s ]
SQL: SELECT COUNT(*) AS tp_count FROM ihanc_7.sale_all RIGHT JOIN ihanc_7.member ON sale_all.idmember= member.idmember  WHERE `inorder` = 'IN20170706-1' AND `idgoods` = '3' LIMIT 1   [ RunTime:0.0137s ]
SQL: SELECT sale_all.time,sale_all.idgoods,sale_all.idmember,sale_all.number,sale_all.price,sale_all.sum,member.mname,`finish`,sale_all.idsale,sale_all.idintime FROM ihanc_7.sale_all RIGHT JOIN ihanc_7.member ON sale_all.idmember= member.idmember  WHERE `inorder` = 'IN20170706-1' AND `idgoods` = '3' ORDER BY idsale desc LIMIT 60,10   [ RunTime:0.0085s ]
INFO: [ view_parse ] --START--
INFO: [ template_filter ] --START--
INFO: Run Behavior\ContentReplaceBehavior [ RunTime:0.000055s ]
INFO: [ template_filter ] --END-- [ RunTime:0.000086s ]
INFO: Run Behavior\ParseTemplateBehavior [ RunTime:0.005366s ]
INFO: [ view_parse ] --END-- [ RunTime:0.005400s ]
INFO: [ view_filter ] --START--
INFO: Run Behavior\WriteHtmlCacheBehavior [ RunTime:0.000110s ]
INFO: [ view_filter ] --END-- [ RunTime:0.000135s ]
INFO: [ app_end ] --START--
INFO: Run Behavior\ShowPageTraceBehavior [ RunTime:0.000334s ]
INFO: [ app_end ] --END-- [ RunTime:0.000365s ]

[ 2017-07-06T17:59:05+08:00 ] 118.125.35.209 /ihanc/eva/index.php/Home/Sale/saleTable/idgoods/3/inorder/IN20170706-1/p/6.html
INFO: [ app_init ] --START--
INFO: Run Behavior\BuildLiteBehavior [ RunTime:0.000025s ]
INFO: [ app_init ] --END-- [ RunTime:0.000247s ]
INFO: [ app_begin ] --START--
INFO: Run Behavior\ReadHtmlCacheBehavior [ RunTime:0.000473s ]
INFO: [ app_begin ] --END-- [ RunTime:0.000522s ]
SQL: SHOW COLUMNS FROM `user` [ RunTime:0.0006s ]
SQL: SELECT * FROM `user` WHERE ( iduser='5' )  [ RunTime:0.0002s ]
NOTIC: [8] Undefined index: sdate /opt/lampp/htdocs/ihanc/eva/Application/Home/Controller/SaleController.class.php 第 454 行.
NOTIC: [8] Undefined index: idmember /opt/lampp/htdocs/ihanc/eva/Application/Home/Controller/SaleController.class.php 第 463 行.
SQL: SHOW COLUMNS FROM `ihanc_7`.`sale_all` [ RunTime:0.0006s ]
SQL: SELECT COUNT(*) AS tp_count FROM ihanc_7.sale_all RIGHT JOIN ihanc_7.member ON sale_all.idmember= member.idmember  WHERE `inorder` = 'IN20170706-1' AND `idgoods` = '3' LIMIT 1   [ RunTime:0.0106s ]
SQL: SELECT sale_all.time,sale_all.idgoods,sale_all.idmember,sale_all.number,sale_all.price,sale_all.sum,member.mname,`finish`,sale_all.idsale,sale_all.idintime FROM ihanc_7.sale_all RIGHT JOIN ihanc_7.member ON sale_all.idmember= member.idmember  WHERE `inorder` = 'IN20170706-1' AND `idgoods` = '3' ORDER BY idsale desc LIMIT 50,10   [ RunTime:0.0089s ]
INFO: [ view_parse ] --START--
INFO: [ template_filter ] --START--
INFO: Run Behavior\ContentReplaceBehavior [ RunTime:0.000053s ]
INFO: [ template_filter ] --END-- [ RunTime:0.000085s ]
INFO: Run Behavior\ParseTemplateBehavior [ RunTime:0.005597s ]
INFO: [ view_parse ] --END-- [ RunTime:0.005639s ]
INFO: [ view_filter ] --START--
INFO: Run Behavior\WriteHtmlCacheBehavior [ RunTime:0.000109s ]
INFO: [ view_filter ] --END-- [ RunTime:0.000140s ]
INFO: [ app_end ] --START--
INFO: Run Behavior\ShowPageTraceBehavior [ RunTime:0.000336s ]
INFO: [ app_end ] --END-- [ RunTime:0.000372s ]

[ 2017-07-06T17:59:16+08:00 ] 118.125.35.209 /ihanc/eva/index.php/Home/purchase/index.html
INFO: [ app_init ] --START--
INFO: Run Behavior\BuildLiteBehavior [ RunTime:0.000011s ]
INFO: [ app_init ] --END-- [ RunTime:0.000234s ]
INFO: [ app_begin ] --START--
INFO: Run Behavior\ReadHtmlCacheBehavior [ RunTime:0.000303s ]
INFO: [ app_begin ] --END-- [ RunTime:0.000342s ]
SQL: SHOW COLUMNS FROM `user` [ RunTime:0.0006s ]
SQL: SELECT * FROM `user` WHERE ( iduser='5' )  [ RunTime:0.0002s ]
INFO: [ view_parse ] --START--
INFO: [ template_filter ] --START--
INFO: Run Behavior\ContentReplaceBehavior [ RunTime:0.000046s ]
INFO: [ template_filter ] --END-- [ RunTime:0.000079s ]
INFO: Run Behavior\ParseTemplateBehavior [ RunTime:0.003818s ]
INFO: [ view_parse ] --END-- [ RunTime:0.003851s ]
INFO: [ view_filter ] --START--
INFO: Run Behavior\WriteHtmlCacheBehavior [ RunTime:0.000115s ]
INFO: [ view_filter ] --END-- [ RunTime:0.000141s ]
INFO: [ app_end ] --START--
INFO: Run Behavior\ShowPageTraceBehavior [ RunTime:0.000381s ]
INFO: [ app_end ] --END-- [ RunTime:0.000420s ]

[ 2017-07-06T17:59:17+08:00 ] 118.125.35.209 /ihanc/eva/index.php/Home/Purchase/purchaseTable
INFO: [ app_init ] --START--
INFO: Run Behavior\BuildLiteBehavior [ RunTime:0.000017s ]
INFO: [ app_init ] --END-- [ RunTime:0.000358s ]
INFO: [ app_begin ] --START--
INFO: Run Behavior\ReadHtmlCacheBehavior [ RunTime:0.000454s ]
INFO: [ app_begin ] --END-- [ RunTime:0.000507s ]
SQL: SHOW COLUMNS FROM `user` [ RunTime:0.0006s ]
SQL: SELECT * FROM `user` WHERE ( iduser='5' )  [ RunTime:0.0002s ]
SQL: SHOW COLUMNS FROM `ihanc_7`.`purchase_all` [ RunTime:0.0006s ]
SQL: SELECT count(distinct inorder) as count FROM ihanc_7.purchase_all WHERE `idgoods` > 0 AND `time` LIKE '%2017-07-06%'  [ RunTime:0.0009s ]
NOTIC: [8] Undefined variable: params /opt/lampp/htdocs/ihanc/eva/Application/Home/Controller/PurchaseController.class.php 第 131 行.
NOTIC: [2] Invalid argument supplied for foreach() /opt/lampp/htdocs/ihanc/eva/Application/Home/Common/function.php 第 115 行.
NOTIC: [8] Undefined index: p /opt/lampp/htdocs/ihanc/eva/Application/Home/Controller/PurchaseController.class.php 第 133 行.
SQL: SELECT sum(number) as ttl_num,`inorder`,sum(sum) as ttl_sum FROM ihanc_7.purchase_all WHERE `idgoods` > 0 AND `time` LIKE '%2017-07-06%' GROUP BY inorder ORDER BY time desc LIMIT 0,10   [ RunTime:0.0009s ]
SQL: SHOW COLUMNS FROM `ihanc_7`.`freight` [ RunTime:0.0006s ]
SQL: SELECT SUM(freight) AS tp_sum FROM ihanc_7.freight WHERE `inorder` = 'IN20170706-1' LIMIT 1   [ RunTime:0.0002s ]
INFO: [ view_parse ] --START--
INFO: [ template_filter ] --START--
INFO: Run Behavior\ContentReplaceBehavior [ RunTime:0.000047s ]
INFO: [ template_filter ] --END-- [ RunTime:0.000079s ]
INFO: Run Behavior\ParseTemplateBehavior [ RunTime:0.004353s ]
INFO: [ view_parse ] --END-- [ RunTime:0.004385s ]
INFO: [ view_filter ] --START--
INFO: Run Behavior\WriteHtmlCacheBehavior [ RunTime:0.000098s ]
INFO: [ view_filter ] --END-- [ RunTime:0.000123s ]
INFO: [ app_end ] --START--
INFO: Run Behavior\ShowPageTraceBehavior [ RunTime:0.000311s ]
INFO: [ app_end ] --END-- [ RunTime:0.000341s ]

[ 2017-07-06T17:59:36+08:00 ] 118.125.35.209 /ihanc/eva/index.php/Home/sale/sale.html
INFO: [ app_init ] --START--
INFO: Run Behavior\BuildLiteBehavior [ RunTime:0.000013s ]
INFO: [ app_init ] --END-- [ RunTime:0.000234s ]
INFO: [ app_begin ] --START--
INFO: Run Behavior\ReadHtmlCacheBehavior [ RunTime:0.000286s ]
INFO: [ app_begin ] --END-- [ RunTime:0.000323s ]
SQL: SHOW COLUMNS FROM `user` [ RunTime:0.0007s ]
SQL: SELECT * FROM `user` WHERE ( iduser='5' )  [ RunTime:0.0002s ]
SQL: SHOW COLUMNS FROM `ihanc_7`.`bank` [ RunTime:0.0004s ]
SQL: SELECT `idbank`,`bname` FROM ihanc_7.bank ORDER BY weight desc  [ RunTime:0.0002s ]
INFO: [ view_parse ] --START--
INFO: [ template_filter ] --START--
INFO: Run Behavior\ContentReplaceBehavior [ RunTime:0.000126s ]
INFO: [ template_filter ] --END-- [ RunTime:0.000177s ]
INFO: Run Behavior\ParseTemplateBehavior [ RunTime:0.006446s ]
INFO: [ view_parse ] --END-- [ RunTime:0.006488s ]
INFO: [ view_filter ] --START--
INFO: Run Behavior\WriteHtmlCacheBehavior [ RunTime:0.000120s ]
INFO: [ view_filter ] --END-- [ RunTime:0.000149s ]
INFO: [ app_end ] --START--
INFO: Run Behavior\ShowPageTraceBehavior [ RunTime:0.000311s ]
INFO: [ app_end ] --END-- [ RunTime:0.000346s ]

[ 2017-07-06T17:59:38+08:00 ] 118.125.35.209 /ihanc/eva/index.php/Home/Sale/saleReport
INFO: [ app_init ] --START--
INFO: Run Behavior\BuildLiteBehavior [ RunTime:0.000011s ]
INFO: [ app_init ] --END-- [ RunTime:0.000234s ]
INFO: [ app_begin ] --START--
INFO: Run Behavior\ReadHtmlCacheBehavior [ RunTime:0.000286s ]
INFO: [ app_begin ] --END-- [ RunTime:0.000321s ]
SQL: SHOW COLUMNS FROM `user` [ RunTime:0.0006s ]
SQL: SELECT * FROM `user` WHERE ( iduser='5' )  [ RunTime:0.0002s ]
SQL: SHOW COLUMNS FROM `ihanc_7`.`sale_all` [ RunTime:0.0006s ]
SQL: SELECT `idgoods`,sum(sum) as sum,sum(number) as number,`finish` FROM ihanc_7.sale_all WHERE `time` LIKE '%2017-07-06%' AND `idgoods` > 0 GROUP BY idgoods,finish  [ RunTime:0.0099s ]
NOTIC: [8] Undefined variable: ttl_sum /opt/lampp/htdocs/ihanc/eva/Application/Home/Controller/SaleController.class.php 第 597 行.
NOTIC: [8] Undefined variable: ttl_num /opt/lampp/htdocs/ihanc/eva/Application/Home/Controller/SaleController.class.php 第 598 行.
SQL: SELECT sum(sum) as sum FROM ihanc_7.sale_all WHERE `time` LIKE '%2017-07-06%' AND idgoods=0 LIMIT 1  [ RunTime:0.0098s ]
INFO: [ view_parse ] --START--
INFO: [ template_filter ] --START--
INFO: Run Behavior\ContentReplaceBehavior [ RunTime:0.000050s ]
INFO: [ template_filter ] --END-- [ RunTime:0.000089s ]
NOTIC: [8] Undefined variable: paid /opt/lampp/htdocs/ihanc/eva/Application/Runtime/Cache/Home/8262b5c76a87fa19c3fca93638768455.php 第 42 行.
INFO: Run Behavior\ParseTemplateBehavior [ RunTime:0.004931s ]
INFO: [ view_parse ] --END-- [ RunTime:0.004960s ]
INFO: [ view_filter ] --START--
INFO: Run Behavior\WriteHtmlCacheBehavior [ RunTime:0.000100s ]
INFO: [ view_filter ] --END-- [ RunTime:0.000125s ]
INFO: [ app_end ] --START--
INFO: Run Behavior\ShowPageTraceBehavior [ RunTime:0.000325s ]
INFO: [ app_end ] --END-- [ RunTime:0.000355s ]

[ 2017-07-06T18:00:56+08:00 ] 118.125.35.209 /ihanc/eva/index.php/Home/Sale/searchMember
INFO: [ app_init ] --START--
INFO: Run Behavior\BuildLiteBehavior [ RunTime:0.000012s ]
INFO: [ app_init ] --END-- [ RunTime:0.000235s ]
INFO: [ app_begin ] --START--
INFO: Run Behavior\ReadHtmlCacheBehavior [ RunTime:0.000285s ]
INFO: [ app_begin ] --END-- [ RunTime:0.000324s ]
SQL: SHOW COLUMNS FROM `user` [ RunTime:0.0007s ]
SQL: SELECT * FROM `user` WHERE ( iduser='5' )  [ RunTime:0.0002s ]
SQL: SHOW COLUMNS FROM `ihanc_7`.`member` [ RunTime:0.0005s ]
SQL: SELECT `idmember`,`mname` FROM ihanc_7.member WHERE ( `mname` LIKE '%W%' OR `msn` LIKE '%W%' ) LIMIT 0,10   [ RunTime:0.0003s ]
INFO: [ app_end ] --START--
INFO: Run Behavior\ShowPageTraceBehavior [ RunTime:0.000371s ]
INFO: [ app_end ] --END-- [ RunTime:0.000421s ]

[ 2017-07-06T18:00:57+08:00 ] 118.125.35.209 /ihanc/eva/index.php/Home/Sale/searchMember
INFO: [ app_init ] --START--
INFO: Run Behavior\BuildLiteBehavior [ RunTime:0.000017s ]
INFO: [ app_init ] --END-- [ RunTime:0.000279s ]
INFO: [ app_begin ] --START--
INFO: Run Behavior\ReadHtmlCacheBehavior [ RunTime:0.000322s ]
INFO: [ app_begin ] --END-- [ RunTime:0.000361s ]
SQL: SHOW COLUMNS FROM `user` [ RunTime:0.0006s ]
SQL: SELECT * FROM `user` WHERE ( iduser='5' )  [ RunTime:0.0002s ]
SQL: SHOW COLUMNS FROM `ihanc_7`.`member` [ RunTime:0.0004s ]
SQL: SELECT `idmember`,`mname` FROM ihanc_7.member WHERE ( `mname` LIKE '%WS%' OR `msn` LIKE '%WS%' ) LIMIT 0,10   [ RunTime:0.0002s ]
INFO: [ app_end ] --START--
INFO: Run Behavior\ShowPageTraceBehavior [ RunTime:0.000419s ]
INFO: [ app_end ] --END-- [ RunTime:0.000460s ]

[ 2017-07-06T18:00:58+08:00 ] 118.125.35.209 /ihanc/eva/index.php/Home/Sale/getCredit?idmember=28
INFO: [ app_init ] --START--
INFO: Run Behavior\BuildLiteBehavior [ RunTime:0.000015s ]
INFO: [ app_init ] --END-- [ RunTime:0.000250s ]
INFO: [ app_begin ] --START--
INFO: Run Behavior\ReadHtmlCacheBehavior [ RunTime:0.000287s ]
INFO: [ app_begin ] --END-- [ RunTime:0.000330s ]
SQL: SHOW COLUMNS FROM `user` [ RunTime:0.0006s ]
SQL: SELECT * FROM `user` WHERE ( iduser='5' )  [ RunTime:0.0003s ]
SQL: SHOW COLUMNS FROM `ihanc_7`.`sale` [ RunTime:0.0004s ]
SQL: SELECT SUM(sum) AS tp_sum FROM ihanc_7.sale WHERE `idmember` = 28 LIMIT 1   [ RunTime:0.0003s ]
INFO: [ app_end ] --START--
INFO: Run Behavior\ShowPageTraceBehavior [ RunTime:0.000440s ]
INFO: [ app_end ] --END-- [ RunTime:0.000484s ]

[ 2017-07-06T18:00:58+08:00 ] 118.125.35.209 /ihanc/eva/index.php/Home/Sale/mcreditDetail?idmember=28
INFO: [ app_init ] --START--
INFO: Run Behavior\BuildLiteBehavior [ RunTime:0.000019s ]
INFO: [ app_init ] --END-- [ RunTime:0.000356s ]
INFO: [ app_begin ] --START--
INFO: Run Behavior\ReadHtmlCacheBehavior [ RunTime:0.000328s ]
INFO: [ app_begin ] --END-- [ RunTime:0.000364s ]
SQL: SHOW COLUMNS FROM `user` [ RunTime:0.0006s ]
SQL: SELECT * FROM `user` WHERE ( iduser='5' )  [ RunTime:0.0002s ]
SQL: SHOW COLUMNS FROM `ihanc_7`.`sale` [ RunTime:0.0005s ]
SQL: SELECT `idsale`,`idmember`,`inorder`,`idgoods`,`number`,`price`,`time`,`sum`,`cf`,`remark`,`idintime` FROM ihanc_7.sale WHERE `idmember` = 28 ORDER BY idsale  [ RunTime:0.0003s ]
NOTIC: [8] Undefined index:  /opt/lampp/htdocs/ihanc/eva/Application/Home/Controller/SaleController.class.php 第 238 行.
NOTIC: [8] Undefined variable: sum /opt/lampp/htdocs/ihanc/eva/Application/Home/Controller/SaleController.class.php 第 239 行.
NOTIC: [8] Undefined offset: 0 /opt/lampp/htdocs/ihanc/eva/Application/Home/Controller/SaleController.class.php 第 238 行.
NOTIC: [8] Undefined offset: 0 /opt/lampp/htdocs/ihanc/eva/Application/Home/Controller/SaleController.class.php 第 238 行.
SQL: SHOW COLUMNS FROM `ihanc_7`.`bank` [ RunTime:0.0004s ]
SQL: SELECT `idbank`,`bname` FROM ihanc_7.bank ORDER BY weight desc  [ RunTime:0.0002s ]
INFO: [ view_parse ] --START--
INFO: [ template_filter ] --START--
INFO: Run Behavior\ContentReplaceBehavior [ RunTime:0.000060s ]
INFO: [ template_filter ] --END-- [ RunTime:0.000092s ]
INFO: Run Behavior\ParseTemplateBehavior [ RunTime:0.006711s ]
INFO: [ view_parse ] --END-- [ RunTime:0.006758s ]
INFO: [ view_filter ] --START--
INFO: Run Behavior\WriteHtmlCacheBehavior [ RunTime:0.000102s ]
INFO: [ view_filter ] --END-- [ RunTime:0.000128s ]
INFO: [ app_end ] --START--
INFO: Run Behavior\ShowPageTraceBehavior [ RunTime:0.000322s ]
INFO: [ app_end ] --END-- [ RunTime:0.000356s ]

[ 2017-07-06T18:03:52+08:00 ] 101.226.33.237 /ihanc/eva/index.php/Home/index/index.html
INFO: [ app_init ] --START--
INFO: Run Behavior\BuildLiteBehavior [ RunTime:0.000012s ]
INFO: [ app_init ] --END-- [ RunTime:0.000237s ]
INFO: [ app_begin ] --START--
INFO: Run Behavior\ReadHtmlCacheBehavior [ RunTime:0.000292s ]
INFO: [ app_begin ] --END-- [ RunTime:0.000331s ]

[ 2017-07-06T18:03:57+08:00 ] 101.226.33.237 /ihanc/eva/index.php/Home/login/index.html
INFO: [ app_init ] --START--
INFO: Run Behavior\BuildLiteBehavior [ RunTime:0.000012s ]
INFO: [ app_init ] --END-- [ RunTime:0.000259s ]
INFO: [ app_begin ] --START--
INFO: Run Behavior\ReadHtmlCacheBehavior [ RunTime:0.000300s ]
INFO: [ app_begin ] --END-- [ RunTime:0.000342s ]
INFO: [ view_parse ] --START--
INFO: [ template_filter ] --START--
INFO: Run Behavior\ContentReplaceBehavior [ RunTime:0.000055s ]
INFO: [ template_filter ] --END-- [ RunTime:0.000092s ]
NOTIC: [8] Undefined variable: info /opt/lampp/htdocs/ihanc/eva/Application/Runtime/Cache/Home/97269d504bf33cb4c14eb7be85b7c9ec.php 第 75 行.
INFO: Run Behavior\ParseTemplateBehavior [ RunTime:0.004271s ]
INFO: [ view_parse ] --END-- [ RunTime:0.004302s ]
INFO: [ view_filter ] --START--
INFO: Run Behavior\WriteHtmlCacheBehavior [ RunTime:0.000126s ]
INFO: [ view_filter ] --END-- [ RunTime:0.000159s ]
INFO: [ app_end ] --START--
INFO: Run Behavior\ShowPageTraceBehavior [ RunTime:0.000319s ]
INFO: [ app_end ] --END-- [ RunTime:0.000352s ]

[ 2017-07-06T18:04:04+08:00 ] 118.125.35.209 /ihanc/eva/index.php/Home/statistics/profit
INFO: [ app_init ] --START--
INFO: Run Behavior\BuildLiteBehavior [ RunTime:0.000011s ]
INFO: [ app_init ] --END-- [ RunTime:0.000253s ]
INFO: [ app_begin ] --START--
INFO: Run Behavior\ReadHtmlCacheBehavior [ RunTime:0.000315s ]
INFO: [ app_begin ] --END-- [ RunTime:0.000353s ]
SQL: SHOW COLUMNS FROM `user` [ RunTime:0.0006s ]
SQL: SELECT * FROM `user` WHERE ( iduser='5' )  [ RunTime:0.0002s ]
INFO: [ view_parse ] --START--
INFO: [ template_filter ] --START--
INFO: Run Behavior\ContentReplaceBehavior [ RunTime:0.000065s ]
INFO: [ template_filter ] --END-- [ RunTime:0.000100s ]
INFO: Run Behavior\ParseTemplateBehavior [ RunTime:0.003805s ]
INFO: [ view_parse ] --END-- [ RunTime:0.003840s ]
INFO: [ view_filter ] --START--
INFO: Run Behavior\WriteHtmlCacheBehavior [ RunTime:0.000100s ]
INFO: [ view_filter ] --END-- [ RunTime:0.000126s ]
INFO: [ app_end ] --START--
INFO: Run Behavior\ShowPageTraceBehavior [ RunTime:0.000295s ]
INFO: [ app_end ] --END-- [ RunTime:0.000326s ]

[ 2017-07-06T18:04:04+08:00 ] 118.125.35.209 /ihanc/eva/index.php/Home/Statistics/profitTable
INFO: [ app_init ] --START--
INFO: Run Behavior\BuildLiteBehavior [ RunTime:0.000011s ]
INFO: [ app_init ] --END-- [ RunTime:0.000266s ]
INFO: [ app_begin ] --START--
INFO: Run Behavior\ReadHtmlCacheBehavior [ RunTime:0.000325s ]
INFO: [ app_begin ] --END-- [ RunTime:0.000362s ]
SQL: SHOW COLUMNS FROM `user` [ RunTime:0.0007s ]
SQL: SELECT * FROM `user` WHERE ( iduser='5' )  [ RunTime:0.0002s ]
NOTIC: [8] Undefined index: p /opt/lampp/htdocs/ihanc/eva/Application/Home/Controller/StatisticsController.class.php 第 87 行.
NOTIC: [8] Undefined index: sdate /opt/lampp/htdocs/ihanc/eva/Application/Home/Controller/StatisticsController.class.php 第 89 行.
SQL: SHOW COLUMNS FROM `ihanc_7`.`purchase_all` [ RunTime:0.0007s ]
SQL: SELECT count(distinct inorder) as count FROM ihanc_7.purchase_all WHERE `inorder` <> 'NULL' AND `time` LIKE '2017-07%' LIMIT 1   [ RunTime:0.0008s ]
SQL: SELECT `inorder`,sum(number) as number,sum(sum) as sum FROM ihanc_7.purchase_all WHERE `inorder` <> 'NULL' AND `time` LIKE '2017-07%' GROUP BY inorder ORDER BY inorder desc LIMIT 0,10   [ RunTime:0.0006s ]
NOTIC: [8] Undefined variable: params /opt/lampp/htdocs/ihanc/eva/Application/Home/Controller/StatisticsController.class.php 第 102 行.
NOTIC: [2] Invalid argument supplied for foreach() /opt/lampp/htdocs/ihanc/eva/Application/Home/Common/function.php 第 115 行.
SQL: SHOW COLUMNS FROM `ihanc_7`.`sale_all` [ RunTime:0.0007s ]
SQL: SHOW COLUMNS FROM `ihanc_7`.`freight` [ RunTime:0.0005s ]
SQL: SHOW COLUMNS FROM `ihanc_7`.`stock` [ RunTime:0.0004s ]
SQL: SELECT SUM(freight) AS tp_sum FROM ihanc_7.freight WHERE `inorder` = 'IN20170706-1' LIMIT 1   [ RunTime:0.0002s ]
SQL: SELECT SUM(number) AS tp_sum FROM ihanc_7.sale_all WHERE `inorder` = 'IN20170706-1' AND `idgoods` > 0 LIMIT 1   [ RunTime:0.0110s ]
SQL: SELECT SUM(sum) AS tp_sum FROM ihanc_7.sale_all WHERE `inorder` = 'IN20170706-1' AND `idgoods` > 0 LIMIT 1   [ RunTime:0.0106s ]
SQL: SELECT `idgoods`,`stock` FROM ihanc_7.stock WHERE `inorder` = 'IN20170706-1' AND `idgoods` > 0  [ RunTime:0.0004s ]
SQL: SELECT sum(number) as number,sum(sum) as sum FROM ihanc_7.purchase_all WHERE `inorder` = 'IN20170706-1' AND `idgoods` = 3 LIMIT 1   [ RunTime:0.0007s ]
INFO: [ view_parse ] --START--
INFO: [ template_filter ] --START--
INFO: Run Behavior\ContentReplaceBehavior [ RunTime:0.000052s ]
INFO: [ template_filter ] --END-- [ RunTime:0.000085s ]
INFO: Run Behavior\ParseTemplateBehavior [ RunTime:0.006046s ]
INFO: [ view_parse ] --END-- [ RunTime:0.006084s ]
INFO: [ view_filter ] --START--
INFO: Run Behavior\WriteHtmlCacheBehavior [ RunTime:0.000102s ]
INFO: [ view_filter ] --END-- [ RunTime:0.000127s ]
INFO: [ app_end ] --START--
INFO: Run Behavior\ShowPageTraceBehavior [ RunTime:0.000315s ]
INFO: [ app_end ] --END-- [ RunTime:0.000350s ]

[ 2017-07-06T18:04:13+08:00 ] 118.125.35.209 /ihanc/eva/index.php/Home/Statistics/profitDetail
INFO: [ app_init ] --START--
INFO: Run Behavior\BuildLiteBehavior [ RunTime:0.000011s ]
INFO: [ app_init ] --END-- [ RunTime:0.000234s ]
INFO: [ app_begin ] --START--
INFO: Run Behavior\ReadHtmlCacheBehavior [ RunTime:0.000289s ]
INFO: [ app_begin ] --END-- [ RunTime:0.000335s ]
SQL: SHOW COLUMNS FROM `user` [ RunTime:0.0006s ]
SQL: SELECT * FROM `user` WHERE ( iduser='5' )  [ RunTime:0.0002s ]
SQL: SHOW COLUMNS FROM `ihanc_7`.`freight` [ RunTime:0.0004s ]
SQL: SELECT SUM(freight) AS tp_sum FROM ihanc_7.freight WHERE `inorder` = 'IN20170706-1' LIMIT 1   [ RunTime:0.0002s ]
SQL: SHOW COLUMNS FROM `ihanc_7`.`purchase_all` [ RunTime:0.0006s ]
SQL: SELECT SUM(number) AS tp_sum FROM ihanc_7.purchase_all WHERE `inorder` = 'IN20170706-1' LIMIT 1   [ RunTime:0.0006s ]
SQL: SELECT `idgoods`,sum(sum) as sum,sum(number) as number FROM ihanc_7.purchase_all WHERE `inorder` = 'IN20170706-1' GROUP BY idgoods  [ RunTime:0.0006s ]
SQL: SHOW COLUMNS FROM `ihanc_7`.`sale_all` [ RunTime:0.0005s ]
SQL: SHOW COLUMNS FROM `ihanc_7`.`stock` [ RunTime:0.0004s ]
SQL: SELECT SUM(sum) AS tp_sum FROM ihanc_7.sale_all WHERE `inorder` = 'IN20170706-1' AND `idgoods` = 1 LIMIT 1   [ RunTime:0.0097s ]
SQL: SELECT SUM(number) AS tp_sum FROM ihanc_7.sale_all WHERE `inorder` = 'IN20170706-1' AND `idgoods` = 1 LIMIT 1   [ RunTime:0.0099s ]
SQL: SELECT `stock` FROM ihanc_7.stock WHERE `inorder` = 'IN20170706-1' AND `idgoods` = 1 LIMIT 1   [ RunTime:0.0002s ]
SQL: SELECT SUM(sum) AS tp_sum FROM ihanc_7.sale_all WHERE `inorder` = 'IN20170706-1' AND `idgoods` = 3 LIMIT 1   [ RunTime:0.0098s ]
SQL: SELECT SUM(number) AS tp_sum FROM ihanc_7.sale_all WHERE `inorder` = 'IN20170706-1' AND `idgoods` = 3 LIMIT 1   [ RunTime:0.0105s ]
SQL: SELECT `stock` FROM ihanc_7.stock WHERE `inorder` = 'IN20170706-1' AND `idgoods` = 3 LIMIT 1   [ RunTime:0.0003s ]
SQL: SELECT SUM(sum) AS tp_sum FROM ihanc_7.sale_all WHERE `inorder` = 'IN20170706-1' AND `idgoods` = 4 LIMIT 1   [ RunTime:0.0100s ]
SQL: SELECT SUM(number) AS tp_sum FROM ihanc_7.sale_all WHERE `inorder` = 'IN20170706-1' AND `idgoods` = 4 LIMIT 1   [ RunTime:0.0101s ]
SQL: SELECT `stock` FROM ihanc_7.stock WHERE `inorder` = 'IN20170706-1' AND `idgoods` = 4 LIMIT 1   [ RunTime:0.0002s ]
INFO: [ app_end ] --START--
INFO: Run Behavior\ShowPageTraceBehavior [ RunTime:0.000476s ]
INFO: [ app_end ] --END-- [ RunTime:0.000515s ]

[ 2017-07-06T18:05:17+08:00 ] 118.125.35.209 /ihanc/eva/index.php/Home/index/dashboard
INFO: [ app_init ] --START--
INFO: Run Behavior\BuildLiteBehavior [ RunTime:0.000012s ]
INFO: [ app_init ] --END-- [ RunTime:0.000254s ]
INFO: [ app_begin ] --START--
INFO: Run Behavior\ReadHtmlCacheBehavior [ RunTime:0.000300s ]
INFO: [ app_begin ] --END-- [ RunTime:0.000337s ]
SQL: SHOW COLUMNS FROM `user` [ RunTime:0.0006s ]
SQL: SELECT * FROM `user` WHERE ( iduser='5' )  [ RunTime:0.0002s ]
SQL: SHOW COLUMNS FROM `ihanc_7`.`sale` [ RunTime:0.0004s ]
SQL: SELECT `time`,`idmember`,sum(sum) as sum FROM ihanc_7.sale GROUP BY idmember ORDER BY time LIMIT 0,10   [ RunTime:0.0013s ]
SQL: SELECT `time`,`idmember`,sum(sum) as sum FROM ihanc_7.sale GROUP BY idmember ORDER BY sum desc LIMIT 0,10   [ RunTime:0.0011s ]
SQL: SELECT `etime` FROM `user` WHERE `db` = '7' LIMIT 1   [ RunTime:0.0002s ]
INFO: [ view_parse ] --START--
INFO: [ template_filter ] --START--
INFO: Run Behavior\ContentReplaceBehavior [ RunTime:0.000049s ]
INFO: [ template_filter ] --END-- [ RunTime:0.000080s ]
INFO: Run Behavior\ParseTemplateBehavior [ RunTime:0.005738s ]
INFO: [ view_parse ] --END-- [ RunTime:0.005776s ]
INFO: [ view_filter ] --START--
INFO: Run Behavior\WriteHtmlCacheBehavior [ RunTime:0.000098s ]
INFO: [ view_filter ] --END-- [ RunTime:0.000122s ]
INFO: [ app_end ] --START--
INFO: Run Behavior\ShowPageTraceBehavior [ RunTime:0.000307s ]
INFO: [ app_end ] --END-- [ RunTime:0.000341s ]

[ 2017-07-06T18:05:20+08:00 ] 118.125.35.209 /ihanc/eva/index.php/Home/stock/index
INFO: [ app_init ] --START--
INFO: Run Behavior\BuildLiteBehavior [ RunTime:0.000012s ]
INFO: [ app_init ] --END-- [ RunTime:0.000240s ]
INFO: [ app_begin ] --START--
INFO: Run Behavior\ReadHtmlCacheBehavior [ RunTime:0.000293s ]
INFO: [ app_begin ] --END-- [ RunTime:0.000330s ]
SQL: SHOW COLUMNS FROM `user` [ RunTime:0.0006s ]
SQL: SELECT * FROM `user` WHERE ( iduser='5' )  [ RunTime:0.0029s ]
SQL: SHOW COLUMNS FROM `ihanc_7`.`stock` [ RunTime:0.0004s ]
SQL: SELECT * FROM ihanc_7.stock  [ RunTime:0.0001s ]
INFO: [ view_parse ] --START--
INFO: [ template_filter ] --START--
INFO: Run Behavior\ContentReplaceBehavior [ RunTime:0.000052s ]
INFO: [ template_filter ] --END-- [ RunTime:0.000085s ]
INFO: Run Behavior\ParseTemplateBehavior [ RunTime:0.005097s ]
INFO: [ view_parse ] --END-- [ RunTime:0.005139s ]
INFO: [ view_filter ] --START--
INFO: Run Behavior\WriteHtmlCacheBehavior [ RunTime:0.000100s ]
INFO: [ view_filter ] --END-- [ RunTime:0.000126s ]
INFO: [ app_end ] --START--
INFO: Run Behavior\ShowPageTraceBehavior [ RunTime:0.000363s ]
INFO: [ app_end ] --END-- [ RunTime:0.000395s ]

[ 2017-07-06T18:08:57+08:00 ] 118.125.35.209 /ihanc/eva/index.php/Home/sale/sale.html
INFO: [ app_init ] --START--
INFO: Run Behavior\BuildLiteBehavior [ RunTime:0.000014s ]
INFO: [ app_init ] --END-- [ RunTime:0.000347s ]
INFO: [ app_begin ] --START--
INFO: Run Behavior\ReadHtmlCacheBehavior [ RunTime:0.000289s ]
INFO: [ app_begin ] --END-- [ RunTime:0.000327s ]
SQL: SHOW COLUMNS FROM `user` [ RunTime:0.0007s ]
SQL: SELECT * FROM `user` WHERE ( iduser='5' )  [ RunTime:0.0002s ]
SQL: SHOW COLUMNS FROM `ihanc_7`.`bank` [ RunTime:0.0004s ]
SQL: SELECT `idbank`,`bname` FROM ihanc_7.bank ORDER BY weight desc  [ RunTime:0.0002s ]
INFO: [ view_parse ] --START--
INFO: [ template_filter ] --START--
INFO: Run Behavior\ContentReplaceBehavior [ RunTime:0.000119s ]
INFO: [ template_filter ] --END-- [ RunTime:0.000155s ]
INFO: Run Behavior\ParseTemplateBehavior [ RunTime:0.005867s ]
INFO: [ view_parse ] --END-- [ RunTime:0.005900s ]
INFO: [ view_filter ] --START--
INFO: Run Behavior\WriteHtmlCacheBehavior [ RunTime:0.000120s ]
INFO: [ view_filter ] --END-- [ RunTime:0.000146s ]
INFO: [ app_end ] --START--
INFO: Run Behavior\ShowPageTraceBehavior [ RunTime:0.000324s ]
INFO: [ app_end ] --END-- [ RunTime:0.000358s ]

[ 2017-07-06T18:09:05+08:00 ] 118.125.35.209 /ihanc/eva/index.php/Home/Sale/saleReport
INFO: [ app_init ] --START--
INFO: Run Behavior\BuildLiteBehavior [ RunTime:0.000011s ]
INFO: [ app_init ] --END-- [ RunTime:0.000233s ]
INFO: [ app_begin ] --START--
INFO: Run Behavior\ReadHtmlCacheBehavior [ RunTime:0.000304s ]
INFO: [ app_begin ] --END-- [ RunTime:0.000339s ]
SQL: SHOW COLUMNS FROM `user` [ RunTime:0.0006s ]
SQL: SELECT * FROM `user` WHERE ( iduser='5' )  [ RunTime:0.0002s ]
SQL: SHOW COLUMNS FROM `ihanc_7`.`sale_all` [ RunTime:0.0006s ]
SQL: SELECT `idgoods`,sum(sum) as sum,sum(number) as number,`finish` FROM ihanc_7.sale_all WHERE `time` LIKE '%2017-07-06%' AND `idgoods` > 0 GROUP BY idgoods,finish  [ RunTime:0.0115s ]
NOTIC: [8] Undefined variable: ttl_sum /opt/lampp/htdocs/ihanc/eva/Application/Home/Controller/SaleController.class.php 第 597 行.
NOTIC: [8] Undefined variable: ttl_num /opt/lampp/htdocs/ihanc/eva/Application/Home/Controller/SaleController.class.php 第 598 行.
SQL: SELECT sum(sum) as sum FROM ihanc_7.sale_all WHERE `time` LIKE '%2017-07-06%' AND idgoods=0 LIMIT 1  [ RunTime:0.0126s ]
INFO: [ view_parse ] --START--
INFO: [ template_filter ] --START--
INFO: Run Behavior\ContentReplaceBehavior [ RunTime:0.000048s ]
INFO: [ template_filter ] --END-- [ RunTime:0.000080s ]
NOTIC: [8] Undefined variable: paid /opt/lampp/htdocs/ihanc/eva/Application/Runtime/Cache/Home/8262b5c76a87fa19c3fca93638768455.php 第 42 行.
INFO: Run Behavior\ParseTemplateBehavior [ RunTime:0.004984s ]
INFO: [ view_parse ] --END-- [ RunTime:0.005013s ]
INFO: [ view_filter ] --START--
INFO: Run Behavior\WriteHtmlCacheBehavior [ RunTime:0.000105s ]
INFO: [ view_filter ] --END-- [ RunTime:0.000129s ]
INFO: [ app_end ] --START--
INFO: Run Behavior\ShowPageTraceBehavior [ RunTime:0.000313s ]
INFO: [ app_end ] --END-- [ RunTime:0.000343s ]

