[ 2017-01-14T18:03:30+08:00 ] 117.173.170.169 /ihanc/eva/index.php/Home/Sale/getCredit?idmember=120
INFO: [ app_init ] --START--
INFO: Run Behavior\BuildLiteBehavior [ RunTime:0.000018s ]
INFO: [ app_init ] --END-- [ RunTime:0.000330s ]
INFO: [ app_begin ] --START--
INFO: Run Behavior\ReadHtmlCacheBehavior [ RunTime:0.000369s ]
INFO: [ app_begin ] --END-- [ RunTime:0.000407s ]
SQL: SHOW COLUMNS FROM `user` [ RunTime:0.0007s ]
SQL: SELECT * FROM `user` WHERE ( iduser='3' )  [ RunTime:0.0003s ]
SQL: SHOW COLUMNS FROM `ihanc_3`.`sale` [ RunTime:0.0005s ]
SQL: SELECT SUM(sum) AS tp_sum FROM ihanc_3.sale WHERE `idmember` = 120 LIMIT 1   [ RunTime:0.0004s ]
INFO: [ app_end ] --START--
INFO: Run Behavior\ShowPageTraceBehavior [ RunTime:0.000334s ]
INFO: [ app_end ] --END-- [ RunTime:0.000367s ]

[ 2017-01-14T18:03:32+08:00 ] 117.173.170.169 /ihanc/eva/index.php/Home/Sale/searchStockGoods
INFO: [ app_init ] --START--
INFO: Run Behavior\BuildLiteBehavior [ RunTime:0.000012s ]
INFO: [ app_init ] --END-- [ RunTime:0.000251s ]
INFO: [ app_begin ] --START--
INFO: Run Behavior\ReadHtmlCacheBehavior [ RunTime:0.000342s ]
INFO: [ app_begin ] --END-- [ RunTime:0.000386s ]
SQL: SHOW COLUMNS FROM `user` [ RunTime:0.0007s ]
SQL: SELECT * FROM `user` WHERE ( iduser='3' )  [ RunTime:0.0002s ]
SQL: SHOW COLUMNS FROM `ihanc_3`.`stock_goods_view` [ RunTime:0.0005s ]
SQL: SELECT `idgoods`,`inorder`,`stock`,`gname` FROM ihanc_3.stock_goods_view WHERE ( `gname` LIKE '%b%' OR `gsn` LIKE '%b%' )  [ RunTime:0.0003s ]
INFO: [ app_end ] --START--
INFO: Run Behavior\ShowPageTraceBehavior [ RunTime:0.000332s ]
INFO: [ app_end ] --END-- [ RunTime:0.000377s ]

[ 2017-01-14T18:03:32+08:00 ] 117.173.170.169 /ihanc/eva/index.php/Home/Sale/searchStockGoods
INFO: [ app_init ] --START--
INFO: Run Behavior\BuildLiteBehavior [ RunTime:0.000012s ]
INFO: [ app_init ] --END-- [ RunTime:0.000249s ]
INFO: [ app_begin ] --START--
INFO: Run Behavior\ReadHtmlCacheBehavior [ RunTime:0.000291s ]
INFO: [ app_begin ] --END-- [ RunTime:0.000329s ]
SQL: SHOW COLUMNS FROM `user` [ RunTime:0.0006s ]
SQL: SELECT * FROM `user` WHERE ( iduser='3' )  [ RunTime:0.0002s ]
SQL: SHOW COLUMNS FROM `ihanc_3`.`stock_goods_view` [ RunTime:0.0005s ]
SQL: SELECT `idgoods`,`inorder`,`stock`,`gname` FROM ihanc_3.stock_goods_view WHERE ( `gname` LIKE '%bt%' OR `gsn` LIKE '%bt%' )  [ RunTime:0.0003s ]
INFO: [ app_end ] --START--
INFO: Run Behavior\ShowPageTraceBehavior [ RunTime:0.000349s ]
INFO: [ app_end ] --END-- [ RunTime:0.000383s ]

[ 2017-01-14T18:03:33+08:00 ] 117.173.170.169 /ihanc/eva/index.php/Home/Sale/searchStockGoods
INFO: [ app_init ] --START--
INFO: Run Behavior\BuildLiteBehavior [ RunTime:0.000013s ]
INFO: [ app_init ] --END-- [ RunTime:0.000249s ]
INFO: [ app_begin ] --START--
INFO: Run Behavior\ReadHtmlCacheBehavior [ RunTime:0.000302s ]
INFO: [ app_begin ] --END-- [ RunTime:0.000340s ]
SQL: SHOW COLUMNS FROM `user` [ RunTime:0.0006s ]
SQL: SELECT * FROM `user` WHERE ( iduser='3' )  [ RunTime:0.0002s ]
SQL: SHOW COLUMNS FROM `ihanc_3`.`stock_goods_view` [ RunTime:0.0006s ]
SQL: SELECT `idgoods`,`inorder`,`stock`,`gname` FROM ihanc_3.stock_goods_view WHERE ( `gname` LIKE '%b%' OR `gsn` LIKE '%b%' )  [ RunTime:0.0003s ]
INFO: [ app_end ] --START--
INFO: Run Behavior\ShowPageTraceBehavior [ RunTime:0.000343s ]
INFO: [ app_end ] --END-- [ RunTime:0.000389s ]

[ 2017-01-14T18:03:33+08:00 ] 117.173.170.169 /ihanc/eva/index.php/Home/Sale/searchStockGoods
INFO: [ app_init ] --START--
INFO: Run Behavior\BuildLiteBehavior [ RunTime:0.000013s ]
INFO: [ app_init ] --END-- [ RunTime:0.000249s ]
INFO: [ app_begin ] --START--
INFO: Run Behavior\ReadHtmlCacheBehavior [ RunTime:0.000302s ]
INFO: [ app_begin ] --END-- [ RunTime:0.000341s ]
SQL: SHOW COLUMNS FROM `user` [ RunTime:0.0006s ]
SQL: SELECT * FROM `user` WHERE ( iduser='3' )  [ RunTime:0.0002s ]
SQL: SHOW COLUMNS FROM `ihanc_3`.`stock_goods_view` [ RunTime:0.0005s ]
SQL: SELECT `idgoods`,`inorder`,`stock`,`gname` FROM ihanc_3.stock_goods_view WHERE ( `gname` LIKE '%by%' OR `gsn` LIKE '%by%' )  [ RunTime:0.0003s ]
INFO: [ app_end ] --START--
INFO: Run Behavior\ShowPageTraceBehavior [ RunTime:0.000348s ]
INFO: [ app_end ] --END-- [ RunTime:0.000384s ]

[ 2017-01-14T18:03:36+08:00 ] 117.173.170.169 /ihanc/eva/index.php/Home/Sale/searchStockGoods
INFO: [ app_init ] --START--
INFO: Run Behavior\BuildLiteBehavior [ RunTime:0.000012s ]
INFO: [ app_init ] --END-- [ RunTime:0.000240s ]
INFO: [ app_begin ] --START--
INFO: Run Behavior\ReadHtmlCacheBehavior [ RunTime:0.000305s ]
INFO: [ app_begin ] --END-- [ RunTime:0.000362s ]
SQL: SHOW COLUMNS FROM `user` [ RunTime:0.0006s ]
SQL: SELECT * FROM `user` WHERE ( iduser='3' )  [ RunTime:0.0002s ]
SQL: SHOW COLUMNS FROM `ihanc_3`.`stock_goods_view` [ RunTime:0.0006s ]
SQL: SELECT `idgoods`,`inorder`,`stock`,`gname` FROM ihanc_3.stock_goods_view WHERE ( `gname` LIKE '%b%' OR `gsn` LIKE '%b%' )  [ RunTime:0.0003s ]
INFO: [ app_end ] --START--
INFO: Run Behavior\ShowPageTraceBehavior [ RunTime:0.000377s ]
INFO: [ app_end ] --END-- [ RunTime:0.000415s ]

[ 2017-01-14T18:03:36+08:00 ] 117.173.170.169 /ihanc/eva/index.php/Home/Sale/searchStockGoods
INFO: [ app_init ] --START--
INFO: Run Behavior\BuildLiteBehavior [ RunTime:0.000012s ]
INFO: [ app_init ] --END-- [ RunTime:0.000241s ]
INFO: [ app_begin ] --START--
INFO: Run Behavior\ReadHtmlCacheBehavior [ RunTime:0.000310s ]
INFO: [ app_begin ] --END-- [ RunTime:0.000348s ]
SQL: SHOW COLUMNS FROM `user` [ RunTime:0.0006s ]
SQL: SELECT * FROM `user` WHERE ( iduser='3' )  [ RunTime:0.0002s ]
SQL: SHOW COLUMNS FROM `ihanc_3`.`stock_goods_view` [ RunTime:0.0006s ]
SQL: SELECT `idgoods`,`inorder`,`stock`,`gname` FROM ihanc_3.stock_goods_view WHERE ( `gname` LIKE '%by%' OR `gsn` LIKE '%by%' )  [ RunTime:0.0003s ]
INFO: [ app_end ] --START--
INFO: Run Behavior\ShowPageTraceBehavior [ RunTime:0.000332s ]
INFO: [ app_end ] --END-- [ RunTime:0.000383s ]

[ 2017-01-14T18:03:43+08:00 ] 117.173.170.169 /ihanc/eva/index.php/Home/Sale/saleAdd
INFO: [ app_init ] --START--
INFO: Run Behavior\BuildLiteBehavior [ RunTime:0.000016s ]
INFO: [ app_init ] --END-- [ RunTime:0.000276s ]
INFO: [ app_begin ] --START--
INFO: Run Behavior\ReadHtmlCacheBehavior [ RunTime:0.000306s ]
INFO: [ app_begin ] --END-- [ RunTime:0.000355s ]
SQL: SHOW COLUMNS FROM `user` [ RunTime:0.0007s ]
SQL: SELECT * FROM `user` WHERE ( iduser='3' )  [ RunTime:0.0002s ]
SQL: SHOW COLUMNS FROM `ihanc_3`.`sale` [ RunTime:0.0005s ]
SQL: INSERT INTO ihanc_3.sale (`idmember`,`idgoods`,`inorder`,`number`,`price`,`sum`,`remark`,`time`,`user`) VALUES ('120','46','IN20170114-5','29.5','8.5','251','','2017-01-14 18:03:43','杨胖娃') [ RunTime:0.0043s ]
SQL: SHOW COLUMNS FROM `ihanc_3`.`log` [ RunTime:0.0005s ]
SQL: INSERT INTO ihanc_3.log (`summary`,`user`) VALUES ('120毛云井销售单保存成功','杨胖娃') [ RunTime:0.0034s ]
INFO: [ app_end ] --START--
INFO: Run Behavior\ShowPageTraceBehavior [ RunTime:0.000361s ]
INFO: [ app_end ] --END-- [ RunTime:0.000410s ]

[ 2017-01-14T18:03:43+08:00 ] 117.173.170.169 /ihanc/eva/index.php/Home/Sale/getCredit?idmember=120
INFO: [ app_init ] --START--
INFO: Run Behavior\BuildLiteBehavior [ RunTime:0.000012s ]
INFO: [ app_init ] --END-- [ RunTime:0.000250s ]
INFO: [ app_begin ] --START--
INFO: Run Behavior\ReadHtmlCacheBehavior [ RunTime:0.000306s ]
INFO: [ app_begin ] --END-- [ RunTime:0.000342s ]
SQL: SHOW COLUMNS FROM `user` [ RunTime:0.0007s ]
SQL: SELECT * FROM `user` WHERE ( iduser='3' )  [ RunTime:0.0002s ]
SQL: SHOW COLUMNS FROM `ihanc_3`.`sale` [ RunTime:0.0005s ]
SQL: SELECT SUM(sum) AS tp_sum FROM ihanc_3.sale WHERE `idmember` = 120 LIMIT 1   [ RunTime:0.0005s ]
INFO: [ app_end ] --START--
INFO: Run Behavior\ShowPageTraceBehavior [ RunTime:0.000372s ]
INFO: [ app_end ] --END-- [ RunTime:0.000417s ]

[ 2017-01-14T18:03:45+08:00 ] 117.173.170.169 /ihanc/eva/index.php/Home/Sale/mcreditDetail?idmember=120
INFO: [ app_init ] --START--
INFO: Run Behavior\BuildLiteBehavior [ RunTime:0.000013s ]
INFO: [ app_init ] --END-- [ RunTime:0.000258s ]
INFO: [ app_begin ] --START--
INFO: Run Behavior\ReadHtmlCacheBehavior [ RunTime:0.000306s ]
INFO: [ app_begin ] --END-- [ RunTime:0.000342s ]
SQL: SHOW COLUMNS FROM `user` [ RunTime:0.0007s ]
SQL: SELECT * FROM `user` WHERE ( iduser='3' )  [ RunTime:0.0002s ]
SQL: SHOW COLUMNS FROM `ihanc_3`.`sale` [ RunTime:0.0005s ]
SQL: SELECT `idsale`,`idmember`,`inorder`,`idgoods`,`number`,`price`,`time`,`sum`,`cf`,`remark`,`idintime` FROM ihanc_3.sale WHERE `idmember` = 120 ORDER BY idsale  [ RunTime:0.0006s ]
NOTIC: [8] Undefined variable: sum /opt/lampp/htdocs/ihanc/eva/Application/Home/Controller/SaleController.class.php 第 239 行.
SQL: SHOW COLUMNS FROM `ihanc_3`.`bank` [ RunTime:0.0004s ]
SQL: SELECT `idbank`,`bname` FROM ihanc_3.bank  [ RunTime:0.0001s ]
INFO: [ view_parse ] --START--
INFO: [ template_filter ] --START--
INFO: Run Behavior\ContentReplaceBehavior [ RunTime:0.000089s ]
INFO: [ template_filter ] --END-- [ RunTime:0.000138s ]
INFO: Run Behavior\ParseTemplateBehavior [ RunTime:0.007322s ]
INFO: [ view_parse ] --END-- [ RunTime:0.007368s ]
INFO: [ view_filter ] --START--
INFO: Run Behavior\WriteHtmlCacheBehavior [ RunTime:0.000107s ]
INFO: [ view_filter ] --END-- [ RunTime:0.000135s ]
INFO: [ app_end ] --START--
INFO: Run Behavior\ShowPageTraceBehavior [ RunTime:0.000323s ]
INFO: [ app_end ] --END-- [ RunTime:0.000357s ]

[ 2017-01-14T18:03:48+08:00 ] 117.173.170.169 /ihanc/eva/index.php/Home/Sale/saleprint?idsale%5B%5D=26934&idsale%5B%5D=27455&idsale%5B%5D=27697&idsale%5B%5D=27724&idsale%5B%5D=27725&idsale%5B%5D=27932&idsale%5B%5D=28032&idmember=120
INFO: [ app_init ] --START--
INFO: Run Behavior\BuildLiteBehavior [ RunTime:0.000012s ]
INFO: [ app_init ] --END-- [ RunTime:0.000242s ]
INFO: [ app_begin ] --START--
INFO: Run Behavior\ReadHtmlCacheBehavior [ RunTime:0.000299s ]
INFO: [ app_begin ] --END-- [ RunTime:0.000337s ]
SQL: SHOW COLUMNS FROM `user` [ RunTime:0.0008s ]
SQL: SELECT * FROM `user` WHERE ( iduser='3' )  [ RunTime:0.0002s ]
SQL: SHOW COLUMNS FROM `ihanc_3`.`info` [ RunTime:0.0004s ]
SQL: SELECT * FROM ihanc_3.info WHERE `idinfo` = 1 LIMIT 1   [ RunTime:0.0003s ]
SQL: SHOW COLUMNS FROM `ihanc_3`.`sale` [ RunTime:0.0005s ]
SQL: SELECT `price`,`number`,`sum`,`idgoods`,`time`,`cf` FROM ihanc_3.sale WHERE `idsale` IN ('26934','27455','27697','27724','27725','27932','28032') ORDER BY idsale  [ RunTime:0.0003s ]
SQL: SHOW COLUMNS FROM `ihanc_3`.`member` [ RunTime:0.0004s ]
SQL: SELECT `mname` FROM ihanc_3.member WHERE `idmember` = 120 LIMIT 1   [ RunTime:0.0001s ]
SQL: SELECT SUM(sum) AS tp_sum FROM ihanc_3.sale WHERE `idmember` = 120 LIMIT 1   [ RunTime:0.0004s ]
INFO: [ view_parse ] --START--
INFO: [ template_filter ] --START--
INFO: Run Behavior\ContentReplaceBehavior [ RunTime:0.000086s ]
INFO: [ template_filter ] --END-- [ RunTime:0.000142s ]
NOTIC: [8] Undefined index: mname /opt/lampp/htdocs/ihanc/eva/Application/Runtime/Cache/Home/19394307bbec93e777241c9dbb339379.php 第 86 行.
NOTIC: [8] Undefined index: finish /opt/lampp/htdocs/ihanc/eva/Application/Runtime/Cache/Home/19394307bbec93e777241c9dbb339379.php 第 108 行.
NOTIC: [8] Undefined index: finish /opt/lampp/htdocs/ihanc/eva/Application/Runtime/Cache/Home/19394307bbec93e777241c9dbb339379.php 第 108 行.
NOTIC: [8] Undefined index: finish /opt/lampp/htdocs/ihanc/eva/Application/Runtime/Cache/Home/19394307bbec93e777241c9dbb339379.php 第 108 行.
NOTIC: [8] Undefined index: finish /opt/lampp/htdocs/ihanc/eva/Application/Runtime/Cache/Home/19394307bbec93e777241c9dbb339379.php 第 108 行.
NOTIC: [8] Undefined index: finish /opt/lampp/htdocs/ihanc/eva/Application/Runtime/Cache/Home/19394307bbec93e777241c9dbb339379.php 第 108 行.
NOTIC: [8] Undefined index: finish /opt/lampp/htdocs/ihanc/eva/Application/Runtime/Cache/Home/19394307bbec93e777241c9dbb339379.php 第 108 行.
NOTIC: [8] Undefined index: finish /opt/lampp/htdocs/ihanc/eva/Application/Runtime/Cache/Home/19394307bbec93e777241c9dbb339379.php 第 108 行.
INFO: Run Behavior\ParseTemplateBehavior [ RunTime:0.006578s ]
INFO: [ view_parse ] --END-- [ RunTime:0.006609s ]
INFO: [ view_filter ] --START--
INFO: Run Behavior\WriteHtmlCacheBehavior [ RunTime:0.000114s ]
INFO: [ view_filter ] --END-- [ RunTime:0.000148s ]
INFO: [ app_end ] --START--
INFO: Run Behavior\ShowPageTraceBehavior [ RunTime:0.000439s ]
INFO: [ app_end ] --END-- [ RunTime:0.000482s ]

[ 2017-01-14T18:04:54+08:00 ] 117.173.170.169 /ihanc/eva/index.php/Home/Sale/mcreditDetail?idmember=120
INFO: [ app_init ] --START--
INFO: Run Behavior\BuildLiteBehavior [ RunTime:0.000013s ]
INFO: [ app_init ] --END-- [ RunTime:0.000255s ]
INFO: [ app_begin ] --START--
INFO: Run Behavior\ReadHtmlCacheBehavior [ RunTime:0.000317s ]
INFO: [ app_begin ] --END-- [ RunTime:0.000364s ]
SQL: SHOW COLUMNS FROM `user` [ RunTime:0.0007s ]
SQL: SELECT * FROM `user` WHERE ( iduser='3' )  [ RunTime:0.0003s ]
SQL: SHOW COLUMNS FROM `ihanc_3`.`sale` [ RunTime:0.0005s ]
SQL: SELECT `idsale`,`idmember`,`inorder`,`idgoods`,`number`,`price`,`time`,`sum`,`cf`,`remark`,`idintime` FROM ihanc_3.sale WHERE `idmember` = 120 ORDER BY idsale  [ RunTime:0.0005s ]
NOTIC: [8] Undefined variable: sum /opt/lampp/htdocs/ihanc/eva/Application/Home/Controller/SaleController.class.php 第 239 行.
SQL: SHOW COLUMNS FROM `ihanc_3`.`bank` [ RunTime:0.0004s ]
SQL: SELECT `idbank`,`bname` FROM ihanc_3.bank  [ RunTime:0.0001s ]
INFO: [ view_parse ] --START--
INFO: [ template_filter ] --START--
INFO: Run Behavior\ContentReplaceBehavior [ RunTime:0.000062s ]
INFO: [ template_filter ] --END-- [ RunTime:0.000095s ]
INFO: Run Behavior\ParseTemplateBehavior [ RunTime:0.006831s ]
INFO: [ view_parse ] --END-- [ RunTime:0.006867s ]
INFO: [ view_filter ] --START--
INFO: Run Behavior\WriteHtmlCacheBehavior [ RunTime:0.000102s ]
INFO: [ view_filter ] --END-- [ RunTime:0.000129s ]
INFO: [ app_end ] --START--
INFO: Run Behavior\ShowPageTraceBehavior [ RunTime:0.000341s ]
INFO: [ app_end ] --END-- [ RunTime:0.000380s ]

[ 2017-01-14T18:04:56+08:00 ] 117.173.170.169 /ihanc/eva/index.php/Home/Sale/saleprint/idmember/120
INFO: [ app_init ] --START--
INFO: Run Behavior\BuildLiteBehavior [ RunTime:0.000012s ]
INFO: [ app_init ] --END-- [ RunTime:0.000258s ]
INFO: [ app_begin ] --START--
INFO: Run Behavior\ReadHtmlCacheBehavior [ RunTime:0.000330s ]
INFO: [ app_begin ] --END-- [ RunTime:0.000378s ]
SQL: SHOW COLUMNS FROM `user` [ RunTime:0.0007s ]
SQL: SELECT * FROM `user` WHERE ( iduser='3' )  [ RunTime:0.0002s ]
SQL: SHOW COLUMNS FROM `ihanc_3`.`info` [ RunTime:0.0004s ]
SQL: SELECT * FROM ihanc_3.info WHERE `idinfo` = 1 LIMIT 1   [ RunTime:0.0002s ]
NOTIC: [8] Undefined index: idsale /opt/lampp/htdocs/ihanc/eva/Application/Home/Controller/SaleController.class.php 第 377 行.
SQL: SHOW COLUMNS FROM `ihanc_3`.`member` [ RunTime:0.0004s ]
SQL: SELECT `mname` FROM ihanc_3.member WHERE `idmember` = 120 LIMIT 1   [ RunTime:0.0002s ]
SQL: SHOW COLUMNS FROM `ihanc_3`.`sale` [ RunTime:0.0004s ]
SQL: SELECT `price`,`number`,`sum`,`idgoods`,`time`,`cf` FROM ihanc_3.sale WHERE `idmember` = 120 ORDER BY idsale  [ RunTime:0.0005s ]
INFO: [ view_parse ] --START--
INFO: [ template_filter ] --START--
INFO: Run Behavior\ContentReplaceBehavior [ RunTime:0.000077s ]
INFO: [ template_filter ] --END-- [ RunTime:0.000124s ]
NOTIC: [8] Undefined index: mname /opt/lampp/htdocs/ihanc/eva/Application/Runtime/Cache/Home/19394307bbec93e777241c9dbb339379.php 第 86 行.
NOTIC: [8] Undefined index: finish /opt/lampp/htdocs/ihanc/eva/Application/Runtime/Cache/Home/19394307bbec93e777241c9dbb339379.php 第 108 行.
NOTIC: [8] Undefined index: finish /opt/lampp/htdocs/ihanc/eva/Application/Runtime/Cache/Home/19394307bbec93e777241c9dbb339379.php 第 108 行.
NOTIC: [8] Undefined index: finish /opt/lampp/htdocs/ihanc/eva/Application/Runtime/Cache/Home/19394307bbec93e777241c9dbb339379.php 第 108 行.
NOTIC: [8] Undefined index: finish /opt/lampp/htdocs/ihanc/eva/Application/Runtime/Cache/Home/19394307bbec93e777241c9dbb339379.php 第 108 行.
NOTIC: [8] Undefined index: finish /opt/lampp/htdocs/ihanc/eva/Application/Runtime/Cache/Home/19394307bbec93e777241c9dbb339379.php 第 108 行.
NOTIC: [8] Undefined index: finish /opt/lampp/htdocs/ihanc/eva/Application/Runtime/Cache/Home/19394307bbec93e777241c9dbb339379.php 第 108 行.
NOTIC: [8] Undefined index: finish /opt/lampp/htdocs/ihanc/eva/Application/Runtime/Cache/Home/19394307bbec93e777241c9dbb339379.php 第 108 行.
NOTIC: [8] Undefined variable: credit /opt/lampp/htdocs/ihanc/eva/Application/Runtime/Cache/Home/19394307bbec93e777241c9dbb339379.php 第 117 行.
INFO: Run Behavior\ParseTemplateBehavior [ RunTime:0.006303s ]
INFO: [ view_parse ] --END-- [ RunTime:0.006332s ]
INFO: [ view_filter ] --START--
INFO: Run Behavior\WriteHtmlCacheBehavior [ RunTime:0.000103s ]
INFO: [ view_filter ] --END-- [ RunTime:0.000131s ]
INFO: [ app_end ] --START--
INFO: Run Behavior\ShowPageTraceBehavior [ RunTime:0.000339s ]
INFO: [ app_end ] --END-- [ RunTime:0.000369s ]

[ 2017-01-14T18:05:06+08:00 ] 140.207.185.112 /ihanc/eva/index.php/Home/Sale/saleprint/idmember/120
INFO: [ app_init ] --START--
INFO: Run Behavior\BuildLiteBehavior [ RunTime:0.000016s ]
INFO: [ app_init ] --END-- [ RunTime:0.000320s ]
INFO: [ app_begin ] --START--
INFO: Run Behavior\ReadHtmlCacheBehavior [ RunTime:0.000377s ]
INFO: [ app_begin ] --END-- [ RunTime:0.000417s ]

[ 2017-01-14T18:05:06+08:00 ] 140.207.185.112 /ihanc/eva/index.php/Home/login/index.html
INFO: [ app_init ] --START--
INFO: Run Behavior\BuildLiteBehavior [ RunTime:0.000017s ]
INFO: [ app_init ] --END-- [ RunTime:0.000342s ]
INFO: [ app_begin ] --START--
INFO: Run Behavior\ReadHtmlCacheBehavior [ RunTime:0.000376s ]
INFO: [ app_begin ] --END-- [ RunTime:0.000416s ]
INFO: [ view_parse ] --START--
INFO: [ template_filter ] --START--
INFO: Run Behavior\ContentReplaceBehavior [ RunTime:0.000073s ]
INFO: [ template_filter ] --END-- [ RunTime:0.000119s ]
NOTIC: [8] Undefined variable: info /opt/lampp/htdocs/ihanc/eva/Application/Runtime/Cache/Home/97269d504bf33cb4c14eb7be85b7c9ec.php 第 75 行.
INFO: Run Behavior\ParseTemplateBehavior [ RunTime:0.004736s ]
INFO: [ view_parse ] --END-- [ RunTime:0.004770s ]
INFO: [ view_filter ] --START--
INFO: Run Behavior\WriteHtmlCacheBehavior [ RunTime:0.000102s ]
INFO: [ view_filter ] --END-- [ RunTime:0.000129s ]
INFO: [ app_end ] --START--
INFO: Run Behavior\ShowPageTraceBehavior [ RunTime:0.000351s ]
INFO: [ app_end ] --END-- [ RunTime:0.000383s ]

[ 2017-01-14T18:05:16+08:00 ] 117.173.170.169 /ihanc/eva/index.php/Home/Sale/mcreditDetail?idmember=120
INFO: [ app_init ] --START--
INFO: Run Behavior\BuildLiteBehavior [ RunTime:0.000012s ]
INFO: [ app_init ] --END-- [ RunTime:0.000248s ]
INFO: [ app_begin ] --START--
INFO: Run Behavior\ReadHtmlCacheBehavior [ RunTime:0.000323s ]
INFO: [ app_begin ] --END-- [ RunTime:0.000361s ]
SQL: SHOW COLUMNS FROM `user` [ RunTime:0.0006s ]
SQL: SELECT * FROM `user` WHERE ( iduser='3' )  [ RunTime:0.0002s ]
SQL: SHOW COLUMNS FROM `ihanc_3`.`sale` [ RunTime:0.0005s ]
SQL: SELECT `idsale`,`idmember`,`inorder`,`idgoods`,`number`,`price`,`time`,`sum`,`cf`,`remark`,`idintime` FROM ihanc_3.sale WHERE `idmember` = 120 ORDER BY idsale  [ RunTime:0.0005s ]
NOTIC: [8] Undefined variable: sum /opt/lampp/htdocs/ihanc/eva/Application/Home/Controller/SaleController.class.php 第 239 行.
SQL: SHOW COLUMNS FROM `ihanc_3`.`bank` [ RunTime:0.0004s ]
SQL: SELECT `idbank`,`bname` FROM ihanc_3.bank  [ RunTime:0.0001s ]
INFO: [ view_parse ] --START--
INFO: [ template_filter ] --START--
INFO: Run Behavior\ContentReplaceBehavior [ RunTime:0.000062s ]
INFO: [ template_filter ] --END-- [ RunTime:0.000096s ]
INFO: Run Behavior\ParseTemplateBehavior [ RunTime:0.006934s ]
INFO: [ view_parse ] --END-- [ RunTime:0.006971s ]
INFO: [ view_filter ] --START--
INFO: Run Behavior\WriteHtmlCacheBehavior [ RunTime:0.000103s ]
INFO: [ view_filter ] --END-- [ RunTime:0.000128s ]
INFO: [ app_end ] --START--
INFO: Run Behavior\ShowPageTraceBehavior [ RunTime:0.000332s ]
INFO: [ app_end ] --END-- [ RunTime:0.000365s ]

[ 2017-01-14T18:05:17+08:00 ] 117.173.170.169 /ihanc/eva/index.php/Home/Sale/saleprint/idmember/120
INFO: [ app_init ] --START--
INFO: Run Behavior\BuildLiteBehavior [ RunTime:0.000012s ]
INFO: [ app_init ] --END-- [ RunTime:0.000242s ]
INFO: [ app_begin ] --START--
INFO: Run Behavior\ReadHtmlCacheBehavior [ RunTime:0.000301s ]
INFO: [ app_begin ] --END-- [ RunTime:0.000341s ]
SQL: SHOW COLUMNS FROM `user` [ RunTime:0.0006s ]
SQL: SELECT * FROM `user` WHERE ( iduser='3' )  [ RunTime:0.0002s ]
SQL: SHOW COLUMNS FROM `ihanc_3`.`info` [ RunTime:0.0004s ]
SQL: SELECT * FROM ihanc_3.info WHERE `idinfo` = 1 LIMIT 1   [ RunTime:0.0001s ]
NOTIC: [8] Undefined index: idsale /opt/lampp/htdocs/ihanc/eva/Application/Home/Controller/SaleController.class.php 第 377 行.
SQL: SHOW COLUMNS FROM `ihanc_3`.`member` [ RunTime:0.0004s ]
SQL: SELECT `mname` FROM ihanc_3.member WHERE `idmember` = 120 LIMIT 1   [ RunTime:0.0001s ]
SQL: SHOW COLUMNS FROM `ihanc_3`.`sale` [ RunTime:0.0005s ]
SQL: SELECT `price`,`number`,`sum`,`idgoods`,`time`,`cf` FROM ihanc_3.sale WHERE `idmember` = 120 ORDER BY idsale  [ RunTime:0.0005s ]
INFO: [ view_parse ] --START--
INFO: [ template_filter ] --START--
INFO: Run Behavior\ContentReplaceBehavior [ RunTime:0.000056s ]
INFO: [ template_filter ] --END-- [ RunTime:0.000095s ]
NOTIC: [8] Undefined index: mname /opt/lampp/htdocs/ihanc/eva/Application/Runtime/Cache/Home/19394307bbec93e777241c9dbb339379.php 第 86 行.
NOTIC: [8] Undefined index: finish /opt/lampp/htdocs/ihanc/eva/Application/Runtime/Cache/Home/19394307bbec93e777241c9dbb339379.php 第 108 行.
NOTIC: [8] Undefined index: finish /opt/lampp/htdocs/ihanc/eva/Application/Runtime/Cache/Home/19394307bbec93e777241c9dbb339379.php 第 108 行.
NOTIC: [8] Undefined index: finish /opt/lampp/htdocs/ihanc/eva/Application/Runtime/Cache/Home/19394307bbec93e777241c9dbb339379.php 第 108 行.
NOTIC: [8] Undefined index: finish /opt/lampp/htdocs/ihanc/eva/Application/Runtime/Cache/Home/19394307bbec93e777241c9dbb339379.php 第 108 行.
NOTIC: [8] Undefined index: finish /opt/lampp/htdocs/ihanc/eva/Application/Runtime/Cache/Home/19394307bbec93e777241c9dbb339379.php 第 108 行.
NOTIC: [8] Undefined index: finish /opt/lampp/htdocs/ihanc/eva/Application/Runtime/Cache/Home/19394307bbec93e777241c9dbb339379.php 第 108 行.
NOTIC: [8] Undefined index: finish /opt/lampp/htdocs/ihanc/eva/Application/Runtime/Cache/Home/19394307bbec93e777241c9dbb339379.php 第 108 行.
NOTIC: [8] Undefined variable: credit /opt/lampp/htdocs/ihanc/eva/Application/Runtime/Cache/Home/19394307bbec93e777241c9dbb339379.php 第 117 行.
INFO: Run Behavior\ParseTemplateBehavior [ RunTime:0.006157s ]
INFO: [ view_parse ] --END-- [ RunTime:0.006197s ]
INFO: [ view_filter ] --START--
INFO: Run Behavior\WriteHtmlCacheBehavior [ RunTime:0.000116s ]
INFO: [ view_filter ] --END-- [ RunTime:0.000149s ]
INFO: [ app_end ] --START--
INFO: Run Behavior\ShowPageTraceBehavior [ RunTime:0.000364s ]
INFO: [ app_end ] --END-- [ RunTime:0.000395s ]

[ 2017-01-14T18:09:00+08:00 ] 117.173.170.169 /ihanc/eva/index.php/Home/stock/index
INFO: [ app_init ] --START--
INFO: Run Behavior\BuildLiteBehavior [ RunTime:0.000014s ]
INFO: [ app_init ] --END-- [ RunTime:0.000253s ]
INFO: [ app_begin ] --START--
INFO: Run Behavior\ReadHtmlCacheBehavior [ RunTime:0.000345s ]
INFO: [ app_begin ] --END-- [ RunTime:0.000385s ]
SQL: SHOW COLUMNS FROM `user` [ RunTime:0.0007s ]
SQL: SELECT * FROM `user` WHERE ( iduser='3' )  [ RunTime:0.0002s ]
SQL: SHOW COLUMNS FROM `ihanc_3`.`stock` [ RunTime:0.0004s ]
SQL: SELECT * FROM ihanc_3.stock  [ RunTime:0.0002s ]
NOTIC: [8] Undefined index: number /opt/lampp/htdocs/ihanc/eva/Application/Home/Controller/StockController.class.php 第 23 行.
NOTIC: [8] Undefined index: number /opt/lampp/htdocs/ihanc/eva/Application/Home/Controller/StockController.class.php 第 23 行.
NOTIC: [8] Undefined index: number /opt/lampp/htdocs/ihanc/eva/Application/Home/Controller/StockController.class.php 第 23 行.
NOTIC: [8] Undefined index: number /opt/lampp/htdocs/ihanc/eva/Application/Home/Controller/StockController.class.php 第 23 行.
NOTIC: [8] Undefined index: number /opt/lampp/htdocs/ihanc/eva/Application/Home/Controller/StockController.class.php 第 23 行.
NOTIC: [8] Undefined index: number /opt/lampp/htdocs/ihanc/eva/Application/Home/Controller/StockController.class.php 第 23 行.
NOTIC: [8] Undefined index: number /opt/lampp/htdocs/ihanc/eva/Application/Home/Controller/StockController.class.php 第 23 行.
NOTIC: [8] Undefined index: number /opt/lampp/htdocs/ihanc/eva/Application/Home/Controller/StockController.class.php 第 23 行.
NOTIC: [8] Undefined index: number /opt/lampp/htdocs/ihanc/eva/Application/Home/Controller/StockController.class.php 第 23 行.
NOTIC: [8] Undefined index: number /opt/lampp/htdocs/ihanc/eva/Application/Home/Controller/StockController.class.php 第 23 行.
NOTIC: [8] Undefined index: number /opt/lampp/htdocs/ihanc/eva/Application/Home/Controller/StockController.class.php 第 23 行.
NOTIC: [8] Undefined index: number /opt/lampp/htdocs/ihanc/eva/Application/Home/Controller/StockController.class.php 第 23 行.
NOTIC: [8] Undefined index: number /opt/lampp/htdocs/ihanc/eva/Application/Home/Controller/StockController.class.php 第 23 行.
NOTIC: [8] Undefined index: number /opt/lampp/htdocs/ihanc/eva/Application/Home/Controller/StockController.class.php 第 23 行.
NOTIC: [8] Undefined index: number /opt/lampp/htdocs/ihanc/eva/Application/Home/Controller/StockController.class.php 第 23 行.
NOTIC: [8] Undefined index: number /opt/lampp/htdocs/ihanc/eva/Application/Home/Controller/StockController.class.php 第 23 行.
NOTIC: [8] Undefined index: number /opt/lampp/htdocs/ihanc/eva/Application/Home/Controller/StockController.class.php 第 23 行.
NOTIC: [8] Undefined index: number /opt/lampp/htdocs/ihanc/eva/Application/Home/Controller/StockController.class.php 第 23 行.
NOTIC: [8] Undefined index: number /opt/lampp/htdocs/ihanc/eva/Application/Home/Controller/StockController.class.php 第 23 行.
NOTIC: [8] Undefined index: number /opt/lampp/htdocs/ihanc/eva/Application/Home/Controller/StockController.class.php 第 23 行.
NOTIC: [8] Undefined index: number /opt/lampp/htdocs/ihanc/eva/Application/Home/Controller/StockController.class.php 第 23 行.
NOTIC: [8] Undefined index: number /opt/lampp/htdocs/ihanc/eva/Application/Home/Controller/StockController.class.php 第 23 行.
NOTIC: [8] Undefined index: number /opt/lampp/htdocs/ihanc/eva/Application/Home/Controller/StockController.class.php 第 23 行.
NOTIC: [8] Undefined index: number /opt/lampp/htdocs/ihanc/eva/Application/Home/Controller/StockController.class.php 第 23 行.
NOTIC: [8] Undefined index: number /opt/lampp/htdocs/ihanc/eva/Application/Home/Controller/StockController.class.php 第 23 行.
NOTIC: [8] Undefined index: number /opt/lampp/htdocs/ihanc/eva/Application/Home/Controller/StockController.class.php 第 23 行.
NOTIC: [8] Undefined index: number /opt/lampp/htdocs/ihanc/eva/Application/Home/Controller/StockController.class.php 第 23 行.
NOTIC: [8] Undefined index: number /opt/lampp/htdocs/ihanc/eva/Application/Home/Controller/StockController.class.php 第 23 行.
NOTIC: [8] Undefined index: number /opt/lampp/htdocs/ihanc/eva/Application/Home/Controller/StockController.class.php 第 23 行.
INFO: [ view_parse ] --START--
INFO: [ template_filter ] --START--
INFO: Run Behavior\ContentReplaceBehavior [ RunTime:0.000059s ]
INFO: [ template_filter ] --END-- [ RunTime:0.000101s ]
INFO: Run Behavior\ParseTemplateBehavior [ RunTime:0.005144s ]
INFO: [ view_parse ] --END-- [ RunTime:0.005178s ]
INFO: [ view_filter ] --START--
INFO: Run Behavior\WriteHtmlCacheBehavior [ RunTime:0.000123s ]
INFO: [ view_filter ] --END-- [ RunTime:0.000150s ]
INFO: [ app_end ] --START--
INFO: Run Behavior\ShowPageTraceBehavior [ RunTime:0.000399s ]
INFO: [ app_end ] --END-- [ RunTime:0.000434s ]

[ 2017-01-14T18:09:04+08:00 ] 117.173.170.169 /ihanc/eva/index.php/Home/Stock/stockDel
INFO: [ app_init ] --START--
INFO: Run Behavior\BuildLiteBehavior [ RunTime:0.000011s ]
INFO: [ app_init ] --END-- [ RunTime:0.000248s ]
INFO: [ app_begin ] --START--
INFO: Run Behavior\ReadHtmlCacheBehavior [ RunTime:0.000299s ]
INFO: [ app_begin ] --END-- [ RunTime:0.000336s ]
SQL: SHOW COLUMNS FROM `user` [ RunTime:0.0006s ]
SQL: SELECT * FROM `user` WHERE ( iduser='3' )  [ RunTime:0.0002s ]
SQL: SHOW COLUMNS FROM `ihanc_3`.`stock` [ RunTime:0.0004s ]
SQL: DELETE FROM ihanc_3.stock WHERE `idstock` = 7214 [ RunTime:0.0037s ]
SQL: SHOW COLUMNS FROM `ihanc_3`.`log` [ RunTime:0.0004s ]
SQL: INSERT INTO ihanc_3.log (`summary`,`user`) VALUES ('删除库存id7214','杨胖娃') [ RunTime:0.0033s ]
INFO: [ app_end ] --START--
INFO: Run Behavior\ShowPageTraceBehavior [ RunTime:0.000364s ]
INFO: [ app_end ] --END-- [ RunTime:0.000400s ]

[ 2017-01-14T18:09:06+08:00 ] 117.173.170.169 /ihanc/eva/index.php/Home/Stock/stockDel
INFO: [ app_init ] --START--
INFO: Run Behavior\BuildLiteBehavior [ RunTime:0.000012s ]
INFO: [ app_init ] --END-- [ RunTime:0.000262s ]
INFO: [ app_begin ] --START--
INFO: Run Behavior\ReadHtmlCacheBehavior [ RunTime:0.000309s ]
INFO: [ app_begin ] --END-- [ RunTime:0.000347s ]
SQL: SHOW COLUMNS FROM `user` [ RunTime:0.0007s ]
SQL: SELECT * FROM `user` WHERE ( iduser='3' )  [ RunTime:0.0002s ]
SQL: SHOW COLUMNS FROM `ihanc_3`.`stock` [ RunTime:0.0004s ]
SQL: DELETE FROM ihanc_3.stock WHERE `idstock` = 7213 [ RunTime:0.0036s ]
SQL: SHOW COLUMNS FROM `ihanc_3`.`log` [ RunTime:0.0004s ]
SQL: INSERT INTO ihanc_3.log (`summary`,`user`) VALUES ('删除库存id7213','杨胖娃') [ RunTime:0.0030s ]
INFO: [ app_end ] --START--
INFO: Run Behavior\ShowPageTraceBehavior [ RunTime:0.000349s ]
INFO: [ app_end ] --END-- [ RunTime:0.000386s ]

[ 2017-01-14T18:09:07+08:00 ] 117.173.170.169 /ihanc/eva/index.php/Home/Stock/stockDel
INFO: [ app_init ] --START--
INFO: Run Behavior\BuildLiteBehavior [ RunTime:0.000019s ]
INFO: [ app_init ] --END-- [ RunTime:0.000377s ]
INFO: [ app_begin ] --START--
INFO: Run Behavior\ReadHtmlCacheBehavior [ RunTime:0.000294s ]
INFO: [ app_begin ] --END-- [ RunTime:0.000334s ]
SQL: SHOW COLUMNS FROM `user` [ RunTime:0.0008s ]
SQL: SELECT * FROM `user` WHERE ( iduser='3' )  [ RunTime:0.0003s ]
SQL: SHOW COLUMNS FROM `ihanc_3`.`stock` [ RunTime:0.0006s ]
SQL: DELETE FROM ihanc_3.stock WHERE `idstock` = 7212 [ RunTime:0.0042s ]
SQL: SHOW COLUMNS FROM `ihanc_3`.`log` [ RunTime:0.0006s ]
SQL: INSERT INTO ihanc_3.log (`summary`,`user`) VALUES ('删除库存id7212','杨胖娃') [ RunTime:0.0036s ]
INFO: [ app_end ] --START--
INFO: Run Behavior\ShowPageTraceBehavior [ RunTime:0.000378s ]
INFO: [ app_end ] --END-- [ RunTime:0.000415s ]

[ 2017-01-14T18:09:30+08:00 ] 117.173.170.169 /ihanc/eva/index.php/Home/Stock/stockDel
INFO: [ app_init ] --START--
INFO: Run Behavior\BuildLiteBehavior [ RunTime:0.000011s ]
INFO: [ app_init ] --END-- [ RunTime:0.000267s ]
INFO: [ app_begin ] --START--
INFO: Run Behavior\ReadHtmlCacheBehavior [ RunTime:0.000322s ]
INFO: [ app_begin ] --END-- [ RunTime:0.000362s ]
SQL: SHOW COLUMNS FROM `user` [ RunTime:0.0006s ]
SQL: SELECT * FROM `user` WHERE ( iduser='3' )  [ RunTime:0.0002s ]
SQL: SHOW COLUMNS FROM `ihanc_3`.`stock` [ RunTime:0.0005s ]
SQL: DELETE FROM ihanc_3.stock WHERE `idstock` = 7209 [ RunTime:0.0041s ]
SQL: SHOW COLUMNS FROM `ihanc_3`.`log` [ RunTime:0.0005s ]
SQL: INSERT INTO ihanc_3.log (`summary`,`user`) VALUES ('删除库存id7209','杨胖娃') [ RunTime:0.0050s ]
INFO: [ app_end ] --START--
INFO: Run Behavior\ShowPageTraceBehavior [ RunTime:0.000413s ]
INFO: [ app_end ] --END-- [ RunTime:0.000450s ]

[ 2017-01-14T18:09:31+08:00 ] 117.173.170.169 /ihanc/eva/index.php/Home/Stock/stockDel
INFO: [ app_init ] --START--
INFO: Run Behavior\BuildLiteBehavior [ RunTime:0.000012s ]
INFO: [ app_init ] --END-- [ RunTime:0.000247s ]
INFO: [ app_begin ] --START--
INFO: Run Behavior\ReadHtmlCacheBehavior [ RunTime:0.000319s ]
INFO: [ app_begin ] --END-- [ RunTime:0.000359s ]
SQL: SHOW COLUMNS FROM `user` [ RunTime:0.0006s ]
SQL: SELECT * FROM `user` WHERE ( iduser='3' )  [ RunTime:0.0002s ]
SQL: SHOW COLUMNS FROM `ihanc_3`.`stock` [ RunTime:0.0005s ]
SQL: DELETE FROM ihanc_3.stock WHERE `idstock` = 7208 [ RunTime:0.0038s ]
SQL: SHOW COLUMNS FROM `ihanc_3`.`log` [ RunTime:0.0004s ]
SQL: INSERT INTO ihanc_3.log (`summary`,`user`) VALUES ('删除库存id7208','杨胖娃') [ RunTime:0.0030s ]
INFO: [ app_end ] --START--
INFO: Run Behavior\ShowPageTraceBehavior [ RunTime:0.000391s ]
INFO: [ app_end ] --END-- [ RunTime:0.000429s ]

[ 2017-01-14T18:09:32+08:00 ] 117.173.170.169 /ihanc/eva/index.php/Home/Stock/stockDel
INFO: [ app_init ] --START--
INFO: Run Behavior\BuildLiteBehavior [ RunTime:0.000012s ]
INFO: [ app_init ] --END-- [ RunTime:0.000300s ]
INFO: [ app_begin ] --START--
INFO: Run Behavior\ReadHtmlCacheBehavior [ RunTime:0.000324s ]
INFO: [ app_begin ] --END-- [ RunTime:0.000365s ]
SQL: SHOW COLUMNS FROM `user` [ RunTime:0.0007s ]
SQL: SELECT * FROM `user` WHERE ( iduser='3' )  [ RunTime:0.0002s ]
SQL: SHOW COLUMNS FROM `ihanc_3`.`stock` [ RunTime:0.0004s ]
SQL: DELETE FROM ihanc_3.stock WHERE `idstock` = 7207 [ RunTime:0.0036s ]
SQL: SHOW COLUMNS FROM `ihanc_3`.`log` [ RunTime:0.0004s ]
SQL: INSERT INTO ihanc_3.log (`summary`,`user`) VALUES ('删除库存id7207','杨胖娃') [ RunTime:0.0034s ]
INFO: [ app_end ] --START--
INFO: Run Behavior\ShowPageTraceBehavior [ RunTime:0.000369s ]
INFO: [ app_end ] --END-- [ RunTime:0.000406s ]

[ 2017-01-14T18:09:32+08:00 ] 117.173.170.169 /ihanc/eva/index.php/Home/Stock/stockDel
INFO: [ app_init ] --START--
INFO: Run Behavior\BuildLiteBehavior [ RunTime:0.000017s ]
INFO: [ app_init ] --END-- [ RunTime:0.000289s ]
INFO: [ app_begin ] --START--
INFO: Run Behavior\ReadHtmlCacheBehavior [ RunTime:0.000367s ]
INFO: [ app_begin ] --END-- [ RunTime:0.000408s ]
SQL: SHOW COLUMNS FROM `user` [ RunTime:0.0006s ]
SQL: SELECT * FROM `user` WHERE ( iduser='3' )  [ RunTime:0.0002s ]
SQL: SHOW COLUMNS FROM `ihanc_3`.`stock` [ RunTime:0.0004s ]
SQL: DELETE FROM ihanc_3.stock WHERE `idstock` = 7206 [ RunTime:0.0039s ]
SQL: SHOW COLUMNS FROM `ihanc_3`.`log` [ RunTime:0.0005s ]
SQL: INSERT INTO ihanc_3.log (`summary`,`user`) VALUES ('删除库存id7206','杨胖娃') [ RunTime:0.0032s ]
INFO: [ app_end ] --START--
INFO: Run Behavior\ShowPageTraceBehavior [ RunTime:0.000445s ]
INFO: [ app_end ] --END-- [ RunTime:0.000482s ]

[ 2017-01-14T18:09:34+08:00 ] 117.173.170.169 /ihanc/eva/index.php/Home/Stock/stockDel
INFO: [ app_init ] --START--
INFO: Run Behavior\BuildLiteBehavior [ RunTime:0.000012s ]
INFO: [ app_init ] --END-- [ RunTime:0.000255s ]
INFO: [ app_begin ] --START--
INFO: Run Behavior\ReadHtmlCacheBehavior [ RunTime:0.000301s ]
INFO: [ app_begin ] --END-- [ RunTime:0.000342s ]
SQL: SHOW COLUMNS FROM `user` [ RunTime:0.0007s ]
SQL: SELECT * FROM `user` WHERE ( iduser='3' )  [ RunTime:0.0002s ]
SQL: SHOW COLUMNS FROM `ihanc_3`.`stock` [ RunTime:0.0005s ]
SQL: DELETE FROM ihanc_3.stock WHERE `idstock` = 7205 [ RunTime:0.0048s ]
SQL: SHOW COLUMNS FROM `ihanc_3`.`log` [ RunTime:0.0005s ]
SQL: INSERT INTO ihanc_3.log (`summary`,`user`) VALUES ('删除库存id7205','杨胖娃') [ RunTime:0.0033s ]
INFO: [ app_end ] --START--
INFO: Run Behavior\ShowPageTraceBehavior [ RunTime:0.000483s ]
INFO: [ app_end ] --END-- [ RunTime:0.000524s ]

[ 2017-01-14T18:09:34+08:00 ] 117.173.170.169 /ihanc/eva/index.php/Home/Stock/stockDel
INFO: [ app_init ] --START--
INFO: Run Behavior\BuildLiteBehavior [ RunTime:0.000013s ]
INFO: [ app_init ] --END-- [ RunTime:0.000305s ]
INFO: [ app_begin ] --START--
INFO: Run Behavior\ReadHtmlCacheBehavior [ RunTime:0.000334s ]
INFO: [ app_begin ] --END-- [ RunTime:0.000374s ]
SQL: SHOW COLUMNS FROM `user` [ RunTime:0.0007s ]
SQL: SELECT * FROM `user` WHERE ( iduser='3' )  [ RunTime:0.0002s ]
SQL: SHOW COLUMNS FROM `ihanc_3`.`stock` [ RunTime:0.0004s ]
SQL: DELETE FROM ihanc_3.stock WHERE `idstock` = 7204 [ RunTime:0.0037s ]
SQL: SHOW COLUMNS FROM `ihanc_3`.`log` [ RunTime:0.0005s ]
SQL: INSERT INTO ihanc_3.log (`summary`,`user`) VALUES ('删除库存id7204','杨胖娃') [ RunTime:0.0032s ]
INFO: [ app_end ] --START--
INFO: Run Behavior\ShowPageTraceBehavior [ RunTime:0.000394s ]
INFO: [ app_end ] --END-- [ RunTime:0.000431s ]

[ 2017-01-14T18:09:36+08:00 ] 117.173.170.169 /ihanc/eva/index.php/Home/Stock/stockDel
INFO: [ app_init ] --START--
INFO: Run Behavior\BuildLiteBehavior [ RunTime:0.000012s ]
INFO: [ app_init ] --END-- [ RunTime:0.000239s ]
INFO: [ app_begin ] --START--
INFO: Run Behavior\ReadHtmlCacheBehavior [ RunTime:0.000291s ]
INFO: [ app_begin ] --END-- [ RunTime:0.000329s ]
SQL: SHOW COLUMNS FROM `user` [ RunTime:0.0006s ]
SQL: SELECT * FROM `user` WHERE ( iduser='3' )  [ RunTime:0.0002s ]
SQL: SHOW COLUMNS FROM `ihanc_3`.`stock` [ RunTime:0.0004s ]
SQL: DELETE FROM ihanc_3.stock WHERE `idstock` = 7203 [ RunTime:0.0037s ]
SQL: SHOW COLUMNS FROM `ihanc_3`.`log` [ RunTime:0.0004s ]
SQL: INSERT INTO ihanc_3.log (`summary`,`user`) VALUES ('删除库存id7203','杨胖娃') [ RunTime:0.0031s ]
INFO: [ app_end ] --START--
INFO: Run Behavior\ShowPageTraceBehavior [ RunTime:0.000372s ]
INFO: [ app_end ] --END-- [ RunTime:0.000408s ]

[ 2017-01-14T18:09:37+08:00 ] 117.173.170.169 /ihanc/eva/index.php/home/sale/saleTable?idgoods=81&inorder=IN20170114-2
INFO: [ app_init ] --START--
INFO: Run Behavior\BuildLiteBehavior [ RunTime:0.000026s ]
INFO: [ app_init ] --END-- [ RunTime:0.000251s ]
INFO: [ app_begin ] --START--
INFO: Run Behavior\ReadHtmlCacheBehavior [ RunTime:0.000308s ]
INFO: [ app_begin ] --END-- [ RunTime:0.000345s ]
SQL: SHOW COLUMNS FROM `user` [ RunTime:0.0007s ]
SQL: SELECT * FROM `user` WHERE ( iduser='3' )  [ RunTime:0.0002s ]
NOTIC: [8] Undefined index: p /opt/lampp/htdocs/ihanc/eva/Application/Home/Controller/SaleController.class.php 第 453 行.
NOTIC: [8] Undefined index: sdate /opt/lampp/htdocs/ihanc/eva/Application/Home/Controller/SaleController.class.php 第 454 行.
NOTIC: [8] Undefined index: idmember /opt/lampp/htdocs/ihanc/eva/Application/Home/Controller/SaleController.class.php 第 463 行.
SQL: SHOW COLUMNS FROM `ihanc_3`.`sale_all` [ RunTime:0.0007s ]
SQL: SELECT COUNT(*) AS tp_count FROM ihanc_3.sale_all RIGHT JOIN ihanc_3.member ON sale_all.idmember= member.idmember  WHERE `inorder` = 'IN20170114-2' AND `idgoods` = '81' LIMIT 1   [ RunTime:0.1863s ]
SQL: SELECT sale_all.time,sale_all.idgoods,sale_all.idmember,sale_all.number,sale_all.price,sale_all.sum,member.mname,`finish`,sale_all.idsale,sale_all.idintime FROM ihanc_3.sale_all RIGHT JOIN ihanc_3.member ON sale_all.idmember= member.idmember  WHERE `inorder` = 'IN20170114-2' AND `idgoods` = '81' ORDER BY idsale desc LIMIT 0,10   [ RunTime:0.1850s ]
INFO: [ view_parse ] --START--
INFO: [ template_filter ] --START--
INFO: Run Behavior\ContentReplaceBehavior [ RunTime:0.000055s ]
INFO: [ template_filter ] --END-- [ RunTime:0.000090s ]
INFO: Run Behavior\ParseTemplateBehavior [ RunTime:0.005635s ]
INFO: [ view_parse ] --END-- [ RunTime:0.005680s ]
INFO: [ view_filter ] --START--
INFO: Run Behavior\WriteHtmlCacheBehavior [ RunTime:0.000121s ]
INFO: [ view_filter ] --END-- [ RunTime:0.000153s ]
INFO: [ app_end ] --START--
INFO: Run Behavior\ShowPageTraceBehavior [ RunTime:0.000319s ]
INFO: [ app_end ] --END-- [ RunTime:0.000351s ]

[ 2017-01-14T18:09:37+08:00 ] 117.173.170.169 /ihanc/eva/index.php/Home/Stock/stockDel
INFO: [ app_init ] --START--
INFO: Run Behavior\BuildLiteBehavior [ RunTime:0.000011s ]
INFO: [ app_init ] --END-- [ RunTime:0.000252s ]
INFO: [ app_begin ] --START--
INFO: Run Behavior\ReadHtmlCacheBehavior [ RunTime:0.000301s ]
INFO: [ app_begin ] --END-- [ RunTime:0.000340s ]
SQL: SHOW COLUMNS FROM `user` [ RunTime:0.0006s ]
SQL: SELECT * FROM `user` WHERE ( iduser='3' )  [ RunTime:0.0002s ]
SQL: SHOW COLUMNS FROM `ihanc_3`.`stock` [ RunTime:0.0005s ]
SQL: DELETE FROM ihanc_3.stock WHERE `idstock` = 7202 [ RunTime:0.0037s ]
SQL: SHOW COLUMNS FROM `ihanc_3`.`log` [ RunTime:0.0004s ]
SQL: INSERT INTO ihanc_3.log (`summary`,`user`) VALUES ('删除库存id7202','杨胖娃') [ RunTime:0.0040s ]
INFO: [ app_end ] --START--
INFO: Run Behavior\ShowPageTraceBehavior [ RunTime:0.000408s ]
INFO: [ app_end ] --END-- [ RunTime:0.000447s ]

[ 2017-01-14T18:09:40+08:00 ] 117.173.170.169 /ihanc/eva/index.php/Home/Stock/stockDel
INFO: [ app_init ] --START--
INFO: Run Behavior\BuildLiteBehavior [ RunTime:0.000013s ]
INFO: [ app_init ] --END-- [ RunTime:0.000275s ]
INFO: [ app_begin ] --START--
INFO: Run Behavior\ReadHtmlCacheBehavior [ RunTime:0.000308s ]
INFO: [ app_begin ] --END-- [ RunTime:0.000346s ]
SQL: SHOW COLUMNS FROM `user` [ RunTime:0.0006s ]
SQL: SELECT * FROM `user` WHERE ( iduser='3' )  [ RunTime:0.0003s ]
SQL: SHOW COLUMNS FROM `ihanc_3`.`stock` [ RunTime:0.0004s ]
SQL: DELETE FROM ihanc_3.stock WHERE `idstock` = 7201 [ RunTime:0.0039s ]
SQL: SHOW COLUMNS FROM `ihanc_3`.`log` [ RunTime:0.0005s ]
SQL: INSERT INTO ihanc_3.log (`summary`,`user`) VALUES ('删除库存id7201','杨胖娃') [ RunTime:0.0036s ]
INFO: [ app_end ] --START--
INFO: Run Behavior\ShowPageTraceBehavior [ RunTime:0.000392s ]
INFO: [ app_end ] --END-- [ RunTime:0.000429s ]

[ 2017-01-14T18:09:42+08:00 ] 117.173.170.169 /ihanc/eva/index.php/Home/Stock/stockDel
INFO: [ app_init ] --START--
INFO: Run Behavior\BuildLiteBehavior [ RunTime:0.000015s ]
INFO: [ app_init ] --END-- [ RunTime:0.000372s ]
INFO: [ app_begin ] --START--
INFO: Run Behavior\ReadHtmlCacheBehavior [ RunTime:0.000346s ]
INFO: [ app_begin ] --END-- [ RunTime:0.000395s ]
SQL: SHOW COLUMNS FROM `user` [ RunTime:0.0007s ]
SQL: SELECT * FROM `user` WHERE ( iduser='3' )  [ RunTime:0.0002s ]
SQL: SHOW COLUMNS FROM `ihanc_3`.`stock` [ RunTime:0.0005s ]
SQL: DELETE FROM ihanc_3.stock WHERE `idstock` = 7200 [ RunTime:0.0040s ]
SQL: SHOW COLUMNS FROM `ihanc_3`.`log` [ RunTime:0.0006s ]
SQL: INSERT INTO ihanc_3.log (`summary`,`user`) VALUES ('删除库存id7200','杨胖娃') [ RunTime:0.0031s ]
INFO: [ app_end ] --START--
INFO: Run Behavior\ShowPageTraceBehavior [ RunTime:0.000465s ]
INFO: [ app_end ] --END-- [ RunTime:0.000505s ]

[ 2017-01-14T18:09:43+08:00 ] 117.173.170.169 /ihanc/eva/index.php/Home/Stock/stockDel
INFO: [ app_init ] --START--
INFO: Run Behavior\BuildLiteBehavior [ RunTime:0.000011s ]
INFO: [ app_init ] --END-- [ RunTime:0.000245s ]
INFO: [ app_begin ] --START--
INFO: Run Behavior\ReadHtmlCacheBehavior [ RunTime:0.000298s ]
INFO: [ app_begin ] --END-- [ RunTime:0.000337s ]
SQL: SHOW COLUMNS FROM `user` [ RunTime:0.0008s ]
SQL: SELECT * FROM `user` WHERE ( iduser='3' )  [ RunTime:0.0002s ]
SQL: SHOW COLUMNS FROM `ihanc_3`.`stock` [ RunTime:0.0004s ]
SQL: DELETE FROM ihanc_3.stock WHERE `idstock` = 7199 [ RunTime:0.0036s ]
SQL: SHOW COLUMNS FROM `ihanc_3`.`log` [ RunTime:0.0004s ]
SQL: INSERT INTO ihanc_3.log (`summary`,`user`) VALUES ('删除库存id7199','杨胖娃') [ RunTime:0.0030s ]
INFO: [ app_end ] --START--
INFO: Run Behavior\ShowPageTraceBehavior [ RunTime:0.000365s ]
INFO: [ app_end ] --END-- [ RunTime:0.000403s ]

[ 2017-01-14T18:09:44+08:00 ] 117.173.170.169 /ihanc/eva/index.php/Home/Stock/stockDel
INFO: [ app_init ] --START--
INFO: Run Behavior\BuildLiteBehavior [ RunTime:0.000012s ]
INFO: [ app_init ] --END-- [ RunTime:0.000262s ]
INFO: [ app_begin ] --START--
INFO: Run Behavior\ReadHtmlCacheBehavior [ RunTime:0.000374s ]
INFO: [ app_begin ] --END-- [ RunTime:0.000423s ]
SQL: SHOW COLUMNS FROM `user` [ RunTime:0.0007s ]
SQL: SELECT * FROM `user` WHERE ( iduser='3' )  [ RunTime:0.0002s ]
SQL: SHOW COLUMNS FROM `ihanc_3`.`stock` [ RunTime:0.0004s ]
SQL: DELETE FROM ihanc_3.stock WHERE `idstock` = 7198 [ RunTime:0.0038s ]
SQL: SHOW COLUMNS FROM `ihanc_3`.`log` [ RunTime:0.0004s ]
SQL: INSERT INTO ihanc_3.log (`summary`,`user`) VALUES ('删除库存id7198','杨胖娃') [ RunTime:0.0029s ]
INFO: [ app_end ] --START--
INFO: Run Behavior\ShowPageTraceBehavior [ RunTime:0.000341s ]
INFO: [ app_end ] --END-- [ RunTime:0.000391s ]

[ 2017-01-14T18:09:50+08:00 ] 117.173.170.169 /ihanc/eva/index.php/Home/Stock/stockDel
INFO: [ app_init ] --START--
INFO: Run Behavior\BuildLiteBehavior [ RunTime:0.000013s ]
INFO: [ app_init ] --END-- [ RunTime:0.000276s ]
INFO: [ app_begin ] --START--
INFO: Run Behavior\ReadHtmlCacheBehavior [ RunTime:0.000311s ]
INFO: [ app_begin ] --END-- [ RunTime:0.000350s ]
SQL: SHOW COLUMNS FROM `user` [ RunTime:0.0007s ]
SQL: SELECT * FROM `user` WHERE ( iduser='3' )  [ RunTime:0.0002s ]
SQL: SHOW COLUMNS FROM `ihanc_3`.`stock` [ RunTime:0.0004s ]
SQL: DELETE FROM ihanc_3.stock WHERE `idstock` = 7210 [ RunTime:0.0043s ]
SQL: SHOW COLUMNS FROM `ihanc_3`.`log` [ RunTime:0.0006s ]
SQL: INSERT INTO ihanc_3.log (`summary`,`user`) VALUES ('删除库存id7210','杨胖娃') [ RunTime:0.0031s ]
INFO: [ app_end ] --START--
INFO: Run Behavior\ShowPageTraceBehavior [ RunTime:0.000440s ]
INFO: [ app_end ] --END-- [ RunTime:0.000480s ]

[ 2017-01-14T18:09:58+08:00 ] 117.173.170.169 /ihanc/eva/index.php/Home/Stock/stockDel
INFO: [ app_init ] --START--
INFO: Run Behavior\BuildLiteBehavior [ RunTime:0.000013s ]
INFO: [ app_init ] --END-- [ RunTime:0.000281s ]
INFO: [ app_begin ] --START--
INFO: Run Behavior\ReadHtmlCacheBehavior [ RunTime:0.000314s ]
INFO: [ app_begin ] --END-- [ RunTime:0.000356s ]
SQL: SHOW COLUMNS FROM `user` [ RunTime:0.0007s ]
SQL: SELECT * FROM `user` WHERE ( iduser='3' )  [ RunTime:0.0002s ]
SQL: SHOW COLUMNS FROM `ihanc_3`.`stock` [ RunTime:0.0004s ]
SQL: DELETE FROM ihanc_3.stock WHERE `idstock` = 6990 [ RunTime:0.0044s ]
SQL: SHOW COLUMNS FROM `ihanc_3`.`log` [ RunTime:0.0005s ]
SQL: INSERT INTO ihanc_3.log (`summary`,`user`) VALUES ('删除库存id6990','杨胖娃') [ RunTime:0.0053s ]
INFO: [ app_end ] --START--
INFO: Run Behavior\ShowPageTraceBehavior [ RunTime:0.000458s ]
INFO: [ app_end ] --END-- [ RunTime:0.000498s ]

[ 2017-01-14T18:10:01+08:00 ] 117.173.170.169 /ihanc/eva/index.php/Home/sale/sale.html
INFO: [ app_init ] --START--
INFO: Run Behavior\BuildLiteBehavior [ RunTime:0.000012s ]
INFO: [ app_init ] --END-- [ RunTime:0.000308s ]
INFO: [ app_begin ] --START--
INFO: Run Behavior\ReadHtmlCacheBehavior [ RunTime:0.000469s ]
INFO: [ app_begin ] --END-- [ RunTime:0.000510s ]
SQL: SHOW COLUMNS FROM `user` [ RunTime:0.0006s ]
SQL: SELECT * FROM `user` WHERE ( iduser='3' )  [ RunTime:0.0002s ]
SQL: SHOW COLUMNS FROM `ihanc_3`.`bank` [ RunTime:0.0004s ]
SQL: SELECT `idbank`,`bname` FROM ihanc_3.bank  [ RunTime:0.0003s ]
INFO: [ view_parse ] --START--
INFO: [ template_filter ] --START--
INFO: Run Behavior\ContentReplaceBehavior [ RunTime:0.000164s ]
INFO: [ template_filter ] --END-- [ RunTime:0.000217s ]
INFO: Run Behavior\ParseTemplateBehavior [ RunTime:0.006585s ]
INFO: [ view_parse ] --END-- [ RunTime:0.006623s ]
INFO: [ view_filter ] --START--
INFO: Run Behavior\WriteHtmlCacheBehavior [ RunTime:0.000134s ]
INFO: [ view_filter ] --END-- [ RunTime:0.000167s ]
INFO: [ app_end ] --START--
INFO: Run Behavior\ShowPageTraceBehavior [ RunTime:0.000351s ]
INFO: [ app_end ] --END-- [ RunTime:0.000397s ]

[ 2017-01-14T18:10:04+08:00 ] 117.173.170.169 /ihanc/eva/index.php/Home/Sale/searchMember
INFO: [ app_init ] --START--
INFO: Run Behavior\BuildLiteBehavior [ RunTime:0.000013s ]
INFO: [ app_init ] --END-- [ RunTime:0.000272s ]
INFO: [ app_begin ] --START--
INFO: Run Behavior\ReadHtmlCacheBehavior [ RunTime:0.000341s ]
INFO: [ app_begin ] --END-- [ RunTime:0.000385s ]
SQL: SHOW COLUMNS FROM `user` [ RunTime:0.0007s ]
SQL: SELECT * FROM `user` WHERE ( iduser='3' )  [ RunTime:0.0002s ]
SQL: SHOW COLUMNS FROM `ihanc_3`.`member` [ RunTime:0.0005s ]
SQL: SELECT `idmember`,`mname` FROM ihanc_3.member WHERE ( `mname` LIKE '%x%' OR `msn` LIKE '%x%' ) LIMIT 0,10   [ RunTime:0.0003s ]
INFO: [ app_end ] --START--
INFO: Run Behavior\ShowPageTraceBehavior [ RunTime:0.000329s ]
INFO: [ app_end ] --END-- [ RunTime:0.000365s ]

[ 2017-01-14T18:10:05+08:00 ] 117.173.170.169 /ihanc/eva/index.php/Home/Sale/searchMember
INFO: [ app_init ] --START--
INFO: Run Behavior\BuildLiteBehavior [ RunTime:0.000013s ]
INFO: [ app_init ] --END-- [ RunTime:0.000258s ]
INFO: [ app_begin ] --START--
INFO: Run Behavior\ReadHtmlCacheBehavior [ RunTime:0.000303s ]
INFO: [ app_begin ] --END-- [ RunTime:0.000341s ]
SQL: SHOW COLUMNS FROM `user` [ RunTime:0.0007s ]
SQL: SELECT * FROM `user` WHERE ( iduser='3' )  [ RunTime:0.0002s ]
SQL: SHOW COLUMNS FROM `ihanc_3`.`member` [ RunTime:0.0004s ]
SQL: SELECT `idmember`,`mname` FROM ihanc_3.member WHERE ( `mname` LIKE '%xj%' OR `msn` LIKE '%xj%' ) LIMIT 0,10   [ RunTime:0.0004s ]
INFO: [ app_end ] --START--
INFO: Run Behavior\ShowPageTraceBehavior [ RunTime:0.000363s ]
INFO: [ app_end ] --END-- [ RunTime:0.000401s ]

[ 2017-01-14T18:10:05+08:00 ] 117.173.170.169 /ihanc/eva/index.php/Home/Sale/getCredit?idmember=6
INFO: [ app_init ] --START--
INFO: Run Behavior\BuildLiteBehavior [ RunTime:0.000013s ]
INFO: [ app_init ] --END-- [ RunTime:0.000291s ]
INFO: [ app_begin ] --START--
INFO: Run Behavior\ReadHtmlCacheBehavior [ RunTime:0.000320s ]
INFO: [ app_begin ] --END-- [ RunTime:0.000368s ]
SQL: SHOW COLUMNS FROM `user` [ RunTime:0.0007s ]
SQL: SELECT * FROM `user` WHERE ( iduser='3' )  [ RunTime:0.0002s ]
SQL: SHOW COLUMNS FROM `ihanc_3`.`sale` [ RunTime:0.0005s ]
SQL: SELECT SUM(sum) AS tp_sum FROM ihanc_3.sale WHERE `idmember` = 6 LIMIT 1   [ RunTime:0.0004s ]
INFO: [ app_end ] --START--
INFO: Run Behavior\ShowPageTraceBehavior [ RunTime:0.000359s ]
INFO: [ app_end ] --END-- [ RunTime:0.000395s ]

[ 2017-01-14T18:10:06+08:00 ] 117.173.170.169 /ihanc/eva/index.php/Home/Sale/searchStockGoods
INFO: [ app_init ] --START--
INFO: Run Behavior\BuildLiteBehavior [ RunTime:0.000012s ]
INFO: [ app_init ] --END-- [ RunTime:0.000303s ]
INFO: [ app_begin ] --START--
INFO: Run Behavior\ReadHtmlCacheBehavior [ RunTime:0.000395s ]
INFO: [ app_begin ] --END-- [ RunTime:0.000433s ]
SQL: SHOW COLUMNS FROM `user` [ RunTime:0.0007s ]
SQL: SELECT * FROM `user` WHERE ( iduser='3' )  [ RunTime:0.0002s ]
SQL: SHOW COLUMNS FROM `ihanc_3`.`stock_goods_view` [ RunTime:0.0006s ]
SQL: SELECT `idgoods`,`inorder`,`stock`,`gname` FROM ihanc_3.stock_goods_view WHERE ( `gname` LIKE '%n%' OR `gsn` LIKE '%n%' )  [ RunTime:0.0005s ]
INFO: [ app_end ] --START--
INFO: Run Behavior\ShowPageTraceBehavior [ RunTime:0.000367s ]
INFO: [ app_end ] --END-- [ RunTime:0.000416s ]

[ 2017-01-14T18:10:07+08:00 ] 117.173.170.169 /ihanc/eva/index.php/Home/Sale/searchStockGoods
INFO: [ app_init ] --START--
INFO: Run Behavior\BuildLiteBehavior [ RunTime:0.000012s ]
INFO: [ app_init ] --END-- [ RunTime:0.000280s ]
INFO: [ app_begin ] --START--
INFO: Run Behavior\ReadHtmlCacheBehavior [ RunTime:0.000287s ]
INFO: [ app_begin ] --END-- [ RunTime:0.000326s ]
SQL: SHOW COLUMNS FROM `user` [ RunTime:0.0007s ]
SQL: SELECT * FROM `user` WHERE ( iduser='3' )  [ RunTime:0.0002s ]
SQL: SHOW COLUMNS FROM `ihanc_3`.`stock_goods_view` [ RunTime:0.0007s ]
SQL: SELECT `idgoods`,`inorder`,`stock`,`gname` FROM ihanc_3.stock_goods_view WHERE ( `gname` LIKE '%nw%' OR `gsn` LIKE '%nw%' )  [ RunTime:0.0004s ]
INFO: [ app_end ] --START--
INFO: Run Behavior\ShowPageTraceBehavior [ RunTime:0.000521s ]
INFO: [ app_end ] --END-- [ RunTime:0.000573s ]

[ 2017-01-14T18:10:13+08:00 ] 117.173.170.169 /ihanc/eva/index.php/Home/Sale/saleAdd
INFO: [ app_init ] --START--
INFO: Run Behavior\BuildLiteBehavior [ RunTime:0.000012s ]
INFO: [ app_init ] --END-- [ RunTime:0.000239s ]
INFO: [ app_begin ] --START--
INFO: Run Behavior\ReadHtmlCacheBehavior [ RunTime:0.000368s ]
INFO: [ app_begin ] --END-- [ RunTime:0.000409s ]
SQL: SHOW COLUMNS FROM `user` [ RunTime:0.0007s ]
SQL: SELECT * FROM `user` WHERE ( iduser='3' )  [ RunTime:0.0002s ]
SQL: SHOW COLUMNS FROM `ihanc_3`.`sale` [ RunTime:0.0005s ]
SQL: INSERT INTO ihanc_3.sale (`idmember`,`idgoods`,`inorder`,`number`,`price`,`sum`,`remark`,`time`,`user`) VALUES ('6','48','IN20170114-4','30','5.5','165','','2017-01-14 18:10:13','杨胖娃') [ RunTime:0.0047s ]
SQL: SHOW COLUMNS FROM `ihanc_3`.`log` [ RunTime:0.0005s ]
SQL: INSERT INTO ihanc_3.log (`summary`,`user`) VALUES ('6现金客户销售单保存成功','杨胖娃') [ RunTime:0.0038s ]
INFO: [ app_end ] --START--
INFO: Run Behavior\ShowPageTraceBehavior [ RunTime:0.000455s ]
INFO: [ app_end ] --END-- [ RunTime:0.000502s ]

[ 2017-01-14T18:10:13+08:00 ] 117.173.170.169 /ihanc/eva/index.php/Home/Sale/getCredit?idmember=6
INFO: [ app_init ] --START--
INFO: Run Behavior\BuildLiteBehavior [ RunTime:0.000013s ]
INFO: [ app_init ] --END-- [ RunTime:0.000267s ]
INFO: [ app_begin ] --START--
INFO: Run Behavior\ReadHtmlCacheBehavior [ RunTime:0.000329s ]
INFO: [ app_begin ] --END-- [ RunTime:0.000366s ]
SQL: SHOW COLUMNS FROM `user` [ RunTime:0.0007s ]
SQL: SELECT * FROM `user` WHERE ( iduser='3' )  [ RunTime:0.0002s ]
SQL: SHOW COLUMNS FROM `ihanc_3`.`sale` [ RunTime:0.0005s ]
SQL: SELECT SUM(sum) AS tp_sum FROM ihanc_3.sale WHERE `idmember` = 6 LIMIT 1   [ RunTime:0.0005s ]
INFO: [ app_end ] --START--
INFO: Run Behavior\ShowPageTraceBehavior [ RunTime:0.000354s ]
INFO: [ app_end ] --END-- [ RunTime:0.000389s ]

[ 2017-01-14T18:10:14+08:00 ] 117.173.170.169 /ihanc/eva/index.php/Home/Sale/mcreditDetail?idmember=6
INFO: [ app_init ] --START--
INFO: Run Behavior\BuildLiteBehavior [ RunTime:0.000013s ]
INFO: [ app_init ] --END-- [ RunTime:0.000290s ]
INFO: [ app_begin ] --START--
INFO: Run Behavior\ReadHtmlCacheBehavior [ RunTime:0.000327s ]
INFO: [ app_begin ] --END-- [ RunTime:0.000371s ]
SQL: SHOW COLUMNS FROM `user` [ RunTime:0.0006s ]
SQL: SELECT * FROM `user` WHERE ( iduser='3' )  [ RunTime:0.0002s ]
SQL: SHOW COLUMNS FROM `ihanc_3`.`sale` [ RunTime:0.0005s ]
SQL: SELECT `idsale`,`idmember`,`inorder`,`idgoods`,`number`,`price`,`time`,`sum`,`cf`,`remark`,`idintime` FROM ihanc_3.sale WHERE `idmember` = 6 ORDER BY idsale  [ RunTime:0.0006s ]
NOTIC: [8] Undefined variable: sum /opt/lampp/htdocs/ihanc/eva/Application/Home/Controller/SaleController.class.php 第 239 行.
SQL: SHOW COLUMNS FROM `ihanc_3`.`bank` [ RunTime:0.0004s ]
SQL: SELECT `idbank`,`bname` FROM ihanc_3.bank  [ RunTime:0.0002s ]
INFO: [ view_parse ] --START--
INFO: [ template_filter ] --START--
INFO: Run Behavior\ContentReplaceBehavior [ RunTime:0.000062s ]
INFO: [ template_filter ] --END-- [ RunTime:0.000095s ]
INFO: Run Behavior\ParseTemplateBehavior [ RunTime:0.006480s ]
INFO: [ view_parse ] --END-- [ RunTime:0.006516s ]
INFO: [ view_filter ] --START--
INFO: Run Behavior\WriteHtmlCacheBehavior [ RunTime:0.000102s ]
INFO: [ view_filter ] --END-- [ RunTime:0.000128s ]
INFO: [ app_end ] --START--
INFO: Run Behavior\ShowPageTraceBehavior [ RunTime:0.000325s ]
INFO: [ app_end ] --END-- [ RunTime:0.000360s ]

[ 2017-01-14T18:10:17+08:00 ] 117.173.170.169 /ihanc/eva/index.php/Home/Sale/mcreditPayment
INFO: [ app_init ] --START--
INFO: Run Behavior\BuildLiteBehavior [ RunTime:0.000017s ]
INFO: [ app_init ] --END-- [ RunTime:0.000308s ]
INFO: [ app_begin ] --START--
INFO: Run Behavior\ReadHtmlCacheBehavior [ RunTime:0.000365s ]
INFO: [ app_begin ] --END-- [ RunTime:0.000405s ]
SQL: SHOW COLUMNS FROM `user` [ RunTime:0.0007s ]
SQL: SELECT * FROM `user` WHERE ( iduser='3' )  [ RunTime:0.0002s ]
SQL: SHOW COLUMNS FROM `ihanc_3`.`sale` [ RunTime:0.0005s ]
SQL: SHOW COLUMNS FROM `ihanc_3`.`bank_detail` [ RunTime:0.0005s ]
SQL: SELECT SUM(sum) AS tp_sum FROM ihanc_3.sale WHERE `idsale` IN ('28004','28005','28006','28007','28009','28010','28018','28023','28024','28025','28026','28027','28033') AND `idmember` = 6 LIMIT 1   [ RunTime:0.0003s ]
SQL: INSERT INTO ihanc_3.sale (`user`,`time`,`sum`,`idmember`,`idgoods`) VALUES ('杨胖娃','2017-01-14 18:10:16','-2127','6','0') [ RunTime:0.0003s ]
SQL: SHOW COLUMNS FROM `ihanc_3`.`bank` [ RunTime:0.0004s ]
SQL: SELECT `sum` FROM ihanc_3.bank WHERE `idbank` = 9 LIMIT 1   [ RunTime:0.0002s ]
SQL: INSERT INTO ihanc_3.bank_detail (`user`,`time`,`sum`,`idbank`,`balance`,`summary`) VALUES ('杨胖娃','2017-01-14 18:10:16','2127','9','3819','客户逐笔付款:现金客户') [ RunTime:0.0046s ]
SQL: DELETE FROM ihanc_3.sale WHERE ( idsale=28034 ) [ RunTime:0.0028s ]
SQL: DELETE FROM ihanc_3.sale WHERE `idsale` IN ('28004','28005','28006','28007','28009','28010','28018','28023','28024','28025','28026','28027','28033') AND `idmember` = 6 [ RunTime:0.0033s ]
SQL: SHOW COLUMNS FROM `ihanc_3`.`log` [ RunTime:0.0006s ]
SQL: INSERT INTO ihanc_3.log (`summary`,`user`) VALUES ('客户逐笔付款现金客户,金额:￥2127','杨胖娃') [ RunTime:0.0031s ]
INFO: [ app_end ] --START--
INFO: Run Behavior\ShowPageTraceBehavior [ RunTime:0.000447s ]
INFO: [ app_end ] --END-- [ RunTime:0.000487s ]

[ 2017-01-14T18:10:17+08:00 ] 117.173.170.169 /ihanc/eva/index.php/Home/Sale/getCredit?idmember=6
INFO: [ app_init ] --START--
INFO: Run Behavior\BuildLiteBehavior [ RunTime:0.000015s ]
INFO: [ app_init ] --END-- [ RunTime:0.000257s ]
INFO: [ app_begin ] --START--
INFO: Run Behavior\ReadHtmlCacheBehavior [ RunTime:0.000324s ]
INFO: [ app_begin ] --END-- [ RunTime:0.000363s ]
SQL: SHOW COLUMNS FROM `user` [ RunTime:0.0007s ]
SQL: SELECT * FROM `user` WHERE ( iduser='3' )  [ RunTime:0.0002s ]
SQL: SHOW COLUMNS FROM `ihanc_3`.`sale` [ RunTime:0.0005s ]
SQL: SELECT SUM(sum) AS tp_sum FROM ihanc_3.sale WHERE `idmember` = 6 LIMIT 1   [ RunTime:0.0005s ]
INFO: [ app_end ] --START--
INFO: Run Behavior\ShowPageTraceBehavior [ RunTime:0.000369s ]
INFO: [ app_end ] --END-- [ RunTime:0.000405s ]

[ 2017-01-14T18:10:20+08:00 ] 117.173.170.169 /ihanc/eva/index.php/Home/stock/index
INFO: [ app_init ] --START--
INFO: Run Behavior\BuildLiteBehavior [ RunTime:0.000014s ]
INFO: [ app_init ] --END-- [ RunTime:0.000282s ]
INFO: [ app_begin ] --START--
INFO: Run Behavior\ReadHtmlCacheBehavior [ RunTime:0.000343s ]
INFO: [ app_begin ] --END-- [ RunTime:0.000383s ]
SQL: SHOW COLUMNS FROM `user` [ RunTime:0.0007s ]
SQL: SELECT * FROM `user` WHERE ( iduser='3' )  [ RunTime:0.0002s ]
SQL: SHOW COLUMNS FROM `ihanc_3`.`stock` [ RunTime:0.0004s ]
SQL: SELECT * FROM ihanc_3.stock  [ RunTime:0.0002s ]
NOTIC: [8] Undefined index: number /opt/lampp/htdocs/ihanc/eva/Application/Home/Controller/StockController.class.php 第 23 行.
NOTIC: [8] Undefined index: number /opt/lampp/htdocs/ihanc/eva/Application/Home/Controller/StockController.class.php 第 23 行.
NOTIC: [8] Undefined index: number /opt/lampp/htdocs/ihanc/eva/Application/Home/Controller/StockController.class.php 第 23 行.
NOTIC: [8] Undefined index: number /opt/lampp/htdocs/ihanc/eva/Application/Home/Controller/StockController.class.php 第 23 行.
NOTIC: [8] Undefined index: number /opt/lampp/htdocs/ihanc/eva/Application/Home/Controller/StockController.class.php 第 23 行.
NOTIC: [8] Undefined index: number /opt/lampp/htdocs/ihanc/eva/Application/Home/Controller/StockController.class.php 第 23 行.
NOTIC: [8] Undefined index: number /opt/lampp/htdocs/ihanc/eva/Application/Home/Controller/StockController.class.php 第 23 行.
NOTIC: [8] Undefined index: number /opt/lampp/htdocs/ihanc/eva/Application/Home/Controller/StockController.class.php 第 23 行.
NOTIC: [8] Undefined index: number /opt/lampp/htdocs/ihanc/eva/Application/Home/Controller/StockController.class.php 第 23 行.
NOTIC: [8] Undefined index: number /opt/lampp/htdocs/ihanc/eva/Application/Home/Controller/StockController.class.php 第 23 行.
NOTIC: [8] Undefined index: number /opt/lampp/htdocs/ihanc/eva/Application/Home/Controller/StockController.class.php 第 23 行.
NOTIC: [8] Undefined index: number /opt/lampp/htdocs/ihanc/eva/Application/Home/Controller/StockController.class.php 第 23 行.
INFO: [ view_parse ] --START--
INFO: [ template_filter ] --START--
INFO: Run Behavior\ContentReplaceBehavior [ RunTime:0.000070s ]
INFO: [ template_filter ] --END-- [ RunTime:0.000111s ]
INFO: Run Behavior\ParseTemplateBehavior [ RunTime:0.005282s ]
INFO: [ view_parse ] --END-- [ RunTime:0.005317s ]
INFO: [ view_filter ] --START--
INFO: Run Behavior\WriteHtmlCacheBehavior [ RunTime:0.000103s ]
INFO: [ view_filter ] --END-- [ RunTime:0.000130s ]
INFO: [ app_end ] --START--
INFO: Run Behavior\ShowPageTraceBehavior [ RunTime:0.000342s ]
INFO: [ app_end ] --END-- [ RunTime:0.000391s ]

[ 2017-01-14T18:10:23+08:00 ] 117.173.170.169 /ihanc/eva/index.php/Home/Stock/stockDel
INFO: [ app_init ] --START--
INFO: Run Behavior\BuildLiteBehavior [ RunTime:0.000012s ]
INFO: [ app_init ] --END-- [ RunTime:0.000252s ]
INFO: [ app_begin ] --START--
INFO: Run Behavior\ReadHtmlCacheBehavior [ RunTime:0.000315s ]
INFO: [ app_begin ] --END-- [ RunTime:0.000364s ]
SQL: SHOW COLUMNS FROM `user` [ RunTime:0.0006s ]
SQL: SELECT * FROM `user` WHERE ( iduser='3' )  [ RunTime:0.0002s ]
SQL: SHOW COLUMNS FROM `ihanc_3`.`stock` [ RunTime:0.0005s ]
SQL: DELETE FROM ihanc_3.stock WHERE `idstock` = 7211 [ RunTime:0.0044s ]
SQL: SHOW COLUMNS FROM `ihanc_3`.`log` [ RunTime:0.0005s ]
SQL: INSERT INTO ihanc_3.log (`summary`,`user`) VALUES ('删除库存id7211','杨胖娃') [ RunTime:0.0033s ]
INFO: [ app_end ] --START--
INFO: Run Behavior\ShowPageTraceBehavior [ RunTime:0.000335s ]
INFO: [ app_end ] --END-- [ RunTime:0.000372s ]

[ 2017-01-14T18:10:25+08:00 ] 117.173.170.169 /ihanc/eva/index.php/Home/Stock/stockDel
INFO: [ app_init ] --START--
INFO: Run Behavior\BuildLiteBehavior [ RunTime:0.000013s ]
INFO: [ app_init ] --END-- [ RunTime:0.000238s ]
INFO: [ app_begin ] --START--
INFO: Run Behavior\ReadHtmlCacheBehavior [ RunTime:0.000348s ]
INFO: [ app_begin ] --END-- [ RunTime:0.000413s ]
SQL: SHOW COLUMNS FROM `user` [ RunTime:0.0007s ]
SQL: SELECT * FROM `user` WHERE ( iduser='3' )  [ RunTime:0.0002s ]
SQL: SHOW COLUMNS FROM `ihanc_3`.`stock` [ RunTime:0.0004s ]
SQL: DELETE FROM ihanc_3.stock WHERE `idstock` = 7211 [ RunTime:0.0001s ]

[ 2017-01-14T18:10:28+08:00 ] 117.173.170.169 /ihanc/eva/index.php/Home/finance/bank
INFO: [ app_init ] --START--
INFO: Run Behavior\BuildLiteBehavior [ RunTime:0.000014s ]
INFO: [ app_init ] --END-- [ RunTime:0.000284s ]
INFO: [ app_begin ] --START--
INFO: Run Behavior\ReadHtmlCacheBehavior [ RunTime:0.000459s ]
INFO: [ app_begin ] --END-- [ RunTime:0.000514s ]
SQL: SHOW COLUMNS FROM `user` [ RunTime:0.0007s ]
SQL: SELECT * FROM `user` WHERE ( iduser='3' )  [ RunTime:0.0002s ]
SQL: SHOW COLUMNS FROM `ihanc_3`.`bank` [ RunTime:0.0008s ]
SQL: SELECT * FROM ihanc_3.bank  [ RunTime:0.0002s ]
INFO: [ view_parse ] --START--
INFO: [ template_filter ] --START--
INFO: Run Behavior\ContentReplaceBehavior [ RunTime:0.000056s ]
INFO: [ template_filter ] --END-- [ RunTime:0.000090s ]
INFO: Run Behavior\ParseTemplateBehavior [ RunTime:0.004282s ]
INFO: [ view_parse ] --END-- [ RunTime:0.004316s ]
INFO: [ view_filter ] --START--
INFO: Run Behavior\WriteHtmlCacheBehavior [ RunTime:0.000110s ]
INFO: [ view_filter ] --END-- [ RunTime:0.000137s ]
INFO: [ app_end ] --START--
INFO: Run Behavior\ShowPageTraceBehavior [ RunTime:0.000312s ]
INFO: [ app_end ] --END-- [ RunTime:0.000343s ]

[ 2017-01-14T18:11:47+08:00 ] 119.147.146.60 /ihanc/eva/index.php/Home/Sale/saleprint/idmember/120
INFO: [ app_init ] --START--
INFO: Run Behavior\BuildLiteBehavior [ RunTime:0.000015s ]
INFO: [ app_init ] --END-- [ RunTime:0.000258s ]
INFO: [ app_begin ] --START--
INFO: Run Behavior\ReadHtmlCacheBehavior [ RunTime:0.000303s ]
INFO: [ app_begin ] --END-- [ RunTime:0.000342s ]

[ 2017-01-14T18:11:47+08:00 ] 119.147.146.60 /ihanc/eva/index.php/Home/login/index.html
INFO: [ app_init ] --START--
INFO: Run Behavior\BuildLiteBehavior [ RunTime:0.000014s ]
INFO: [ app_init ] --END-- [ RunTime:0.000261s ]
INFO: [ app_begin ] --START--
INFO: Run Behavior\ReadHtmlCacheBehavior [ RunTime:0.000322s ]
INFO: [ app_begin ] --END-- [ RunTime:0.000367s ]
INFO: [ view_parse ] --START--
INFO: [ template_filter ] --START--
INFO: Run Behavior\ContentReplaceBehavior [ RunTime:0.000079s ]
INFO: [ template_filter ] --END-- [ RunTime:0.000137s ]
NOTIC: [8] Undefined variable: info /opt/lampp/htdocs/ihanc/eva/Application/Runtime/Cache/Home/97269d504bf33cb4c14eb7be85b7c9ec.php 第 75 行.
INFO: Run Behavior\ParseTemplateBehavior [ RunTime:0.004684s ]
INFO: [ view_parse ] --END-- [ RunTime:0.004752s ]
INFO: [ view_filter ] --START--
INFO: Run Behavior\WriteHtmlCacheBehavior [ RunTime:0.000107s ]
INFO: [ view_filter ] --END-- [ RunTime:0.000134s ]
INFO: [ app_end ] --START--
INFO: Run Behavior\ShowPageTraceBehavior [ RunTime:0.000335s ]
INFO: [ app_end ] --END-- [ RunTime:0.000368s ]

[ 2017-01-14T18:11:47+08:00 ] 119.147.146.60 /ihanc/eva/index.php/Home/login/index.html
INFO: [ app_init ] --START--
INFO: Run Behavior\BuildLiteBehavior [ RunTime:0.000012s ]
INFO: [ app_init ] --END-- [ RunTime:0.000240s ]
INFO: [ app_begin ] --START--
INFO: Run Behavior\ReadHtmlCacheBehavior [ RunTime:0.000294s ]
INFO: [ app_begin ] --END-- [ RunTime:0.000332s ]
INFO: [ view_parse ] --START--
INFO: [ template_filter ] --START--
INFO: Run Behavior\ContentReplaceBehavior [ RunTime:0.000069s ]
INFO: [ template_filter ] --END-- [ RunTime:0.000115s ]
NOTIC: [8] Undefined variable: info /opt/lampp/htdocs/ihanc/eva/Application/Runtime/Cache/Home/97269d504bf33cb4c14eb7be85b7c9ec.php 第 75 行.
INFO: Run Behavior\ParseTemplateBehavior [ RunTime:0.004322s ]
INFO: [ view_parse ] --END-- [ RunTime:0.004353s ]
INFO: [ view_filter ] --START--
INFO: Run Behavior\WriteHtmlCacheBehavior [ RunTime:0.000098s ]
INFO: [ view_filter ] --END-- [ RunTime:0.000126s ]
INFO: [ app_end ] --START--
INFO: Run Behavior\ShowPageTraceBehavior [ RunTime:0.000326s ]
INFO: [ app_end ] --END-- [ RunTime:0.000359s ]

[ 2017-01-14T18:13:15+08:00 ] 117.173.170.169 /ihanc/eva/index.php/Home/sale/sale.html
INFO: [ app_init ] --START--
INFO: Run Behavior\BuildLiteBehavior [ RunTime:0.000017s ]
INFO: [ app_init ] --END-- [ RunTime:0.000318s ]
INFO: [ app_begin ] --START--
INFO: Run Behavior\ReadHtmlCacheBehavior [ RunTime:0.000363s ]
INFO: [ app_begin ] --END-- [ RunTime:0.000408s ]
SQL: SHOW COLUMNS FROM `user` [ RunTime:0.0007s ]
SQL: SELECT * FROM `user` WHERE ( iduser='3' )  [ RunTime:0.0002s ]
SQL: SHOW COLUMNS FROM `ihanc_3`.`bank` [ RunTime:0.0004s ]
SQL: SELECT `idbank`,`bname` FROM ihanc_3.bank  [ RunTime:0.0002s ]
INFO: [ view_parse ] --START--
INFO: [ template_filter ] --START--
INFO: Run Behavior\ContentReplaceBehavior [ RunTime:0.000191s ]
INFO: [ template_filter ] --END-- [ RunTime:0.000273s ]
INFO: Run Behavior\ParseTemplateBehavior [ RunTime:0.008098s ]
INFO: [ view_parse ] --END-- [ RunTime:0.008151s ]
INFO: [ view_filter ] --START--
INFO: Run Behavior\WriteHtmlCacheBehavior [ RunTime:0.000193s ]
INFO: [ view_filter ] --END-- [ RunTime:0.000239s ]
INFO: [ app_end ] --START--
INFO: Run Behavior\ShowPageTraceBehavior [ RunTime:0.000515s ]
INFO: [ app_end ] --END-- [ RunTime:0.000571s ]

[ 2017-01-14T18:13:18+08:00 ] 117.173.170.169 /ihanc/eva/index.php/Home/Sale/searchMember
INFO: [ app_init ] --START--
INFO: Run Behavior\BuildLiteBehavior [ RunTime:0.000013s ]
INFO: [ app_init ] --END-- [ RunTime:0.000253s ]
INFO: [ app_begin ] --START--
INFO: Run Behavior\ReadHtmlCacheBehavior [ RunTime:0.000318s ]
INFO: [ app_begin ] --END-- [ RunTime:0.000363s ]
SQL: SHOW COLUMNS FROM `user` [ RunTime:0.0006s ]
SQL: SELECT * FROM `user` WHERE ( iduser='3' )  [ RunTime:0.0002s ]
SQL: SHOW COLUMNS FROM `ihanc_3`.`member` [ RunTime:0.0005s ]
SQL: SELECT `idmember`,`mname` FROM ihanc_3.member WHERE ( `mname` LIKE '%t%' OR `msn` LIKE '%t%' ) LIMIT 0,10   [ RunTime:0.0003s ]
INFO: [ app_end ] --START--
INFO: Run Behavior\ShowPageTraceBehavior [ RunTime:0.000350s ]
INFO: [ app_end ] --END-- [ RunTime:0.000391s ]

[ 2017-01-14T18:13:19+08:00 ] 117.173.170.169 /ihanc/eva/index.php/Home/Sale/searchMember
INFO: [ app_init ] --START--
INFO: Run Behavior\BuildLiteBehavior [ RunTime:0.000018s ]
INFO: [ app_init ] --END-- [ RunTime:0.000369s ]
INFO: [ app_begin ] --START--
INFO: Run Behavior\ReadHtmlCacheBehavior [ RunTime:0.000308s ]
INFO: [ app_begin ] --END-- [ RunTime:0.000350s ]
SQL: SHOW COLUMNS FROM `user` [ RunTime:0.0007s ]
SQL: SELECT * FROM `user` WHERE ( iduser='3' )  [ RunTime:0.0002s ]
SQL: SHOW COLUMNS FROM `ihanc_3`.`member` [ RunTime:0.0004s ]
SQL: SELECT `idmember`,`mname` FROM ihanc_3.member WHERE ( `mname` LIKE '%ts%' OR `msn` LIKE '%ts%' ) LIMIT 0,10   [ RunTime:0.0004s ]
INFO: [ app_end ] --START--
INFO: Run Behavior\ShowPageTraceBehavior [ RunTime:0.000382s ]
INFO: [ app_end ] --END-- [ RunTime:0.000424s ]

[ 2017-01-14T18:13:20+08:00 ] 117.173.170.169 /ihanc/eva/index.php/Home/Sale/getCredit?idmember=51
INFO: [ app_init ] --START--
INFO: Run Behavior\BuildLiteBehavior [ RunTime:0.000014s ]
INFO: [ app_init ] --END-- [ RunTime:0.000254s ]
INFO: [ app_begin ] --START--
INFO: Run Behavior\ReadHtmlCacheBehavior [ RunTime:0.000316s ]
INFO: [ app_begin ] --END-- [ RunTime:0.000361s ]
SQL: SHOW COLUMNS FROM `user` [ RunTime:0.0006s ]
SQL: SELECT * FROM `user` WHERE ( iduser='3' )  [ RunTime:0.0003s ]
SQL: SHOW COLUMNS FROM `ihanc_3`.`sale` [ RunTime:0.0005s ]
SQL: SELECT SUM(sum) AS tp_sum FROM ihanc_3.sale WHERE `idmember` = 51 LIMIT 1   [ RunTime:0.0004s ]
INFO: [ app_end ] --START--
INFO: Run Behavior\ShowPageTraceBehavior [ RunTime:0.000380s ]
INFO: [ app_end ] --END-- [ RunTime:0.000418s ]

[ 2017-01-14T18:13:20+08:00 ] 117.173.170.169 /ihanc/eva/index.php/Home/Sale/mcreditDetail?idmember=51
INFO: [ app_init ] --START--
INFO: Run Behavior\BuildLiteBehavior [ RunTime:0.000013s ]
INFO: [ app_init ] --END-- [ RunTime:0.000261s ]
INFO: [ app_begin ] --START--
INFO: Run Behavior\ReadHtmlCacheBehavior [ RunTime:0.000294s ]
INFO: [ app_begin ] --END-- [ RunTime:0.000330s ]
SQL: SHOW COLUMNS FROM `user` [ RunTime:0.0007s ]
SQL: SELECT * FROM `user` WHERE ( iduser='3' )  [ RunTime:0.0002s ]
SQL: SHOW COLUMNS FROM `ihanc_3`.`sale` [ RunTime:0.0005s ]
SQL: SELECT `idsale`,`idmember`,`inorder`,`idgoods`,`number`,`price`,`time`,`sum`,`cf`,`remark`,`idintime` FROM ihanc_3.sale WHERE `idmember` = 51 ORDER BY idsale  [ RunTime:0.0005s ]
NOTIC: [8] Undefined variable: sum /opt/lampp/htdocs/ihanc/eva/Application/Home/Controller/SaleController.class.php 第 239 行.
SQL: SHOW COLUMNS FROM `ihanc_3`.`bank` [ RunTime:0.0004s ]
SQL: SELECT `idbank`,`bname` FROM ihanc_3.bank  [ RunTime:0.0001s ]
INFO: [ view_parse ] --START--
INFO: [ template_filter ] --START--
INFO: Run Behavior\ContentReplaceBehavior [ RunTime:0.000067s ]
INFO: [ template_filter ] --END-- [ RunTime:0.000106s ]
INFO: Run Behavior\ParseTemplateBehavior [ RunTime:0.007206s ]
INFO: [ view_parse ] --END-- [ RunTime:0.007245s ]
INFO: [ view_filter ] --START--
INFO: Run Behavior\WriteHtmlCacheBehavior [ RunTime:0.000109s ]
INFO: [ view_filter ] --END-- [ RunTime:0.000148s ]
INFO: [ app_end ] --START--
INFO: Run Behavior\ShowPageTraceBehavior [ RunTime:0.000328s ]
INFO: [ app_end ] --END-- [ RunTime:0.000360s ]

[ 2017-01-14T18:13:22+08:00 ] 117.173.170.169 /ihanc/eva/index.php/Home/Sale/mcreditPayment
INFO: [ app_init ] --START--
INFO: Run Behavior\BuildLiteBehavior [ RunTime:0.000012s ]
INFO: [ app_init ] --END-- [ RunTime:0.000239s ]
INFO: [ app_begin ] --START--
INFO: Run Behavior\ReadHtmlCacheBehavior [ RunTime:0.000288s ]
INFO: [ app_begin ] --END-- [ RunTime:0.000325s ]
SQL: SHOW COLUMNS FROM `user` [ RunTime:0.0007s ]
SQL: SELECT * FROM `user` WHERE ( iduser='3' )  [ RunTime:0.0002s ]
SQL: SHOW COLUMNS FROM `ihanc_3`.`sale` [ RunTime:0.0005s ]
SQL: SHOW COLUMNS FROM `ihanc_3`.`bank_detail` [ RunTime:0.0004s ]
SQL: SELECT SUM(sum) AS tp_sum FROM ihanc_3.sale WHERE `idsale` IN ('27810') AND `idmember` = 51 LIMIT 1   [ RunTime:0.0002s ]
SQL: INSERT INTO ihanc_3.sale (`user`,`time`,`sum`,`idmember`,`idgoods`) VALUES ('杨胖娃','2017-01-14 18:13:22','-251','51','0') [ RunTime:0.0003s ]
SQL: SHOW COLUMNS FROM `ihanc_3`.`bank` [ RunTime:0.0004s ]
SQL: SELECT `sum` FROM ihanc_3.bank WHERE `idbank` = 9 LIMIT 1   [ RunTime:0.0002s ]
SQL: INSERT INTO ihanc_3.bank_detail (`user`,`time`,`sum`,`idbank`,`balance`,`summary`) VALUES ('杨胖娃','2017-01-14 18:13:22','251','9','4070','客户逐笔付款:唐四--王氏') [ RunTime:0.0051s ]
SQL: DELETE FROM ihanc_3.sale WHERE ( idsale=28035 ) [ RunTime:0.0038s ]
SQL: DELETE FROM ihanc_3.sale WHERE `idsale` IN ('27810') AND `idmember` = 51 [ RunTime:0.0029s ]
SQL: SHOW COLUMNS FROM `ihanc_3`.`log` [ RunTime:0.0005s ]
SQL: INSERT INTO ihanc_3.log (`summary`,`user`) VALUES ('客户逐笔付款唐四--王氏,金额:￥251','杨胖娃') [ RunTime:0.0035s ]
INFO: [ app_end ] --START--
INFO: Run Behavior\ShowPageTraceBehavior [ RunTime:0.000455s ]
INFO: [ app_end ] --END-- [ RunTime:0.000501s ]

[ 2017-01-14T18:13:22+08:00 ] 117.173.170.169 /ihanc/eva/index.php/Home/Sale/getCredit?idmember=51
INFO: [ app_init ] --START--
INFO: Run Behavior\BuildLiteBehavior [ RunTime:0.000011s ]
INFO: [ app_init ] --END-- [ RunTime:0.000259s ]
INFO: [ app_begin ] --START--
INFO: Run Behavior\ReadHtmlCacheBehavior [ RunTime:0.000311s ]
INFO: [ app_begin ] --END-- [ RunTime:0.000349s ]
SQL: SHOW COLUMNS FROM `user` [ RunTime:0.0006s ]
SQL: SELECT * FROM `user` WHERE ( iduser='3' )  [ RunTime:0.0002s ]
SQL: SHOW COLUMNS FROM `ihanc_3`.`sale` [ RunTime:0.0005s ]
SQL: SELECT SUM(sum) AS tp_sum FROM ihanc_3.sale WHERE `idmember` = 51 LIMIT 1   [ RunTime:0.0004s ]
INFO: [ app_end ] --START--
INFO: Run Behavior\ShowPageTraceBehavior [ RunTime:0.000358s ]
INFO: [ app_end ] --END-- [ RunTime:0.000395s ]

[ 2017-01-14T18:13:32+08:00 ] 117.173.170.169 /ihanc/eva/index.php/Home/finance/bank
INFO: [ app_init ] --START--
INFO: Run Behavior\BuildLiteBehavior [ RunTime:0.000012s ]
INFO: [ app_init ] --END-- [ RunTime:0.000239s ]
INFO: [ app_begin ] --START--
INFO: Run Behavior\ReadHtmlCacheBehavior [ RunTime:0.000307s ]
INFO: [ app_begin ] --END-- [ RunTime:0.000347s ]
SQL: SHOW COLUMNS FROM `user` [ RunTime:0.0007s ]
SQL: SELECT * FROM `user` WHERE ( iduser='3' )  [ RunTime:0.0002s ]
SQL: SHOW COLUMNS FROM `ihanc_3`.`bank` [ RunTime:0.0004s ]
SQL: SELECT * FROM ihanc_3.bank  [ RunTime:0.0001s ]
INFO: [ view_parse ] --START--
INFO: [ template_filter ] --START--
INFO: Run Behavior\ContentReplaceBehavior [ RunTime:0.000070s ]
INFO: [ template_filter ] --END-- [ RunTime:0.000109s ]
INFO: Run Behavior\ParseTemplateBehavior [ RunTime:0.004566s ]
INFO: [ view_parse ] --END-- [ RunTime:0.004604s ]
INFO: [ view_filter ] --START--
INFO: Run Behavior\WriteHtmlCacheBehavior [ RunTime:0.000104s ]
INFO: [ view_filter ] --END-- [ RunTime:0.000130s ]
INFO: [ app_end ] --START--
INFO: Run Behavior\ShowPageTraceBehavior [ RunTime:0.000354s ]
INFO: [ app_end ] --END-- [ RunTime:0.000389s ]

[ 2017-01-14T18:13:34+08:00 ] 117.173.170.169 /ihanc/eva/index.php/Home/finance/transfer
INFO: [ app_init ] --START--
INFO: Run Behavior\BuildLiteBehavior [ RunTime:0.000013s ]
INFO: [ app_init ] --END-- [ RunTime:0.000319s ]
INFO: [ app_begin ] --START--
INFO: Run Behavior\ReadHtmlCacheBehavior [ RunTime:0.000323s ]
INFO: [ app_begin ] --END-- [ RunTime:0.000365s ]
SQL: SHOW COLUMNS FROM `user` [ RunTime:0.0007s ]
SQL: SELECT * FROM `user` WHERE ( iduser='3' )  [ RunTime:0.0002s ]
SQL: SHOW COLUMNS FROM `ihanc_3`.`bank` [ RunTime:0.0004s ]
SQL: SELECT `idbank`,`bname`,`sum` FROM ihanc_3.bank  [ RunTime:0.0001s ]
INFO: [ view_parse ] --START--
INFO: [ template_filter ] --START--
INFO: Run Behavior\ContentReplaceBehavior [ RunTime:0.000048s ]
INFO: [ template_filter ] --END-- [ RunTime:0.000086s ]
INFO: Run Behavior\ParseTemplateBehavior [ RunTime:0.005141s ]
INFO: [ view_parse ] --END-- [ RunTime:0.005187s ]
INFO: [ view_filter ] --START--
INFO: Run Behavior\WriteHtmlCacheBehavior [ RunTime:0.000103s ]
INFO: [ view_filter ] --END-- [ RunTime:0.000135s ]
INFO: [ app_end ] --START--
INFO: Run Behavior\ShowPageTraceBehavior [ RunTime:0.000342s ]
INFO: [ app_end ] --END-- [ RunTime:0.000379s ]

[ 2017-01-14T18:13:35+08:00 ] 117.173.170.169 /ihanc/eva/index.php/Home/finance/fee
INFO: [ app_init ] --START--
INFO: Run Behavior\BuildLiteBehavior [ RunTime:0.000013s ]
INFO: [ app_init ] --END-- [ RunTime:0.000287s ]
INFO: [ app_begin ] --START--
INFO: Run Behavior\ReadHtmlCacheBehavior [ RunTime:0.000354s ]
INFO: [ app_begin ] --END-- [ RunTime:0.000399s ]
SQL: SHOW COLUMNS FROM `user` [ RunTime:0.0007s ]
SQL: SELECT * FROM `user` WHERE ( iduser='3' )  [ RunTime:0.0002s ]
SQL: SHOW COLUMNS FROM `ihanc_3`.`bank` [ RunTime:0.0007s ]
SQL: SHOW COLUMNS FROM `ihanc_3`.`subject` [ RunTime:0.0005s ]
SQL: SELECT * FROM ihanc_3.subject WHERE ( cat=1 )  [ RunTime:0.0003s ]
SQL: SELECT `idbank`,`bname` FROM ihanc_3.bank  [ RunTime:0.0001s ]
INFO: [ view_parse ] --START--
INFO: [ template_filter ] --START--
INFO: Run Behavior\ContentReplaceBehavior [ RunTime:0.000060s ]
INFO: [ template_filter ] --END-- [ RunTime:0.000101s ]
INFO: Run Behavior\ParseTemplateBehavior [ RunTime:0.005806s ]
INFO: [ view_parse ] --END-- [ RunTime:0.005860s ]
INFO: [ view_filter ] --START--
INFO: Run Behavior\WriteHtmlCacheBehavior [ RunTime:0.000102s ]
INFO: [ view_filter ] --END-- [ RunTime:0.000128s ]
INFO: [ app_end ] --START--
INFO: Run Behavior\ShowPageTraceBehavior [ RunTime:0.000373s ]
INFO: [ app_end ] --END-- [ RunTime:0.000423s ]

[ 2017-01-14T18:14:15+08:00 ] 117.173.170.169 /ihanc/eva/index.php/Home/Finance/feeAdd
INFO: [ app_init ] --START--
INFO: Run Behavior\BuildLiteBehavior [ RunTime:0.000013s ]
INFO: [ app_init ] --END-- [ RunTime:0.000280s ]
INFO: [ app_begin ] --START--
INFO: Run Behavior\ReadHtmlCacheBehavior [ RunTime:0.000346s ]
INFO: [ app_begin ] --END-- [ RunTime:0.000401s ]
SQL: SHOW COLUMNS FROM `user` [ RunTime:0.0007s ]
SQL: SELECT * FROM `user` WHERE ( iduser='3' )  [ RunTime:0.0002s ]
SQL: SHOW COLUMNS FROM `ihanc_3`.`bank` [ RunTime:0.0004s ]
SQL: SELECT `sum` FROM ihanc_3.bank WHERE `idbank` = 9 LIMIT 1   [ RunTime:0.0002s ]
SQL: SHOW COLUMNS FROM `ihanc_3`.`subject` [ RunTime:0.0004s ]
SQL: SELECT `subject` FROM ihanc_3.subject WHERE `idsubject` = 7 LIMIT 1   [ RunTime:0.0002s ]
SQL: SHOW COLUMNS FROM `ihanc_3`.`bank_detail` [ RunTime:0.0004s ]
SQL: INSERT INTO ihanc_3.bank_detail (`idsubject`,`sum`,`idbank`,`summary`,`balance`,`user`,`time`) VALUES ('7','-100','9','费用:销售费用 50加油 香皂25 菜25','3970','杨胖娃','2017-01-14 18:14:14') [ RunTime:0.0048s ]
SQL: SHOW COLUMNS FROM `ihanc_3`.`log` [ RunTime:0.0005s ]
SQL: INSERT INTO ihanc_3.log (`summary`,`user`) VALUES ('费用:销售费用 50加油 香皂25 菜25','杨胖娃') [ RunTime:0.0035s ]
INFO: [ app_end ] --START--
INFO: Run Behavior\ShowPageTraceBehavior [ RunTime:0.000479s ]
INFO: [ app_end ] --END-- [ RunTime:0.000520s ]

[ 2017-01-14T18:14:17+08:00 ] 117.173.170.169 /ihanc/eva/index.php/Home/finance/transfer
INFO: [ app_init ] --START--
INFO: Run Behavior\BuildLiteBehavior [ RunTime:0.000011s ]
INFO: [ app_init ] --END-- [ RunTime:0.000257s ]
INFO: [ app_begin ] --START--
INFO: Run Behavior\ReadHtmlCacheBehavior [ RunTime:0.000308s ]
INFO: [ app_begin ] --END-- [ RunTime:0.000348s ]
SQL: SHOW COLUMNS FROM `user` [ RunTime:0.0007s ]
SQL: SELECT * FROM `user` WHERE ( iduser='3' )  [ RunTime:0.0002s ]
SQL: SHOW COLUMNS FROM `ihanc_3`.`bank` [ RunTime:0.0004s ]
SQL: SELECT `idbank`,`bname`,`sum` FROM ihanc_3.bank  [ RunTime:0.0002s ]
INFO: [ view_parse ] --START--
INFO: [ template_filter ] --START--
INFO: Run Behavior\ContentReplaceBehavior [ RunTime:0.000047s ]
INFO: [ template_filter ] --END-- [ RunTime:0.000083s ]
INFO: Run Behavior\ParseTemplateBehavior [ RunTime:0.005187s ]
INFO: [ view_parse ] --END-- [ RunTime:0.005223s ]
INFO: [ view_filter ] --START--
INFO: Run Behavior\WriteHtmlCacheBehavior [ RunTime:0.000121s ]
INFO: [ view_filter ] --END-- [ RunTime:0.000149s ]
INFO: [ app_end ] --START--
INFO: Run Behavior\ShowPageTraceBehavior [ RunTime:0.000305s ]
INFO: [ app_end ] --END-- [ RunTime:0.000335s ]

[ 2017-01-14T18:14:22+08:00 ] 117.173.170.169 /ihanc/eva/index.php/Home/Finance/transfer
INFO: [ app_init ] --START--
INFO: Run Behavior\BuildLiteBehavior [ RunTime:0.000012s ]
INFO: [ app_init ] --END-- [ RunTime:0.000239s ]
INFO: [ app_begin ] --START--
INFO: Run Behavior\ReadHtmlCacheBehavior [ RunTime:0.000333s ]
INFO: [ app_begin ] --END-- [ RunTime:0.000372s ]
SQL: SHOW COLUMNS FROM `user` [ RunTime:0.0006s ]
SQL: SELECT * FROM `user` WHERE ( iduser='3' )  [ RunTime:0.0002s ]
SQL: SHOW COLUMNS FROM `ihanc_3`.`bank` [ RunTime:0.0004s ]
SQL: SELECT `idbank`,`bname`,`sum` FROM ihanc_3.bank  [ RunTime:0.0001s ]
SQL: SHOW COLUMNS FROM `ihanc_3`.`bank_detail` [ RunTime:0.0004s ]
SQL: INSERT INTO ihanc_3.bank_detail (`time`,`user`,`idbank`,`sum`,`balance`,`summary`) VALUES ('2017-01-14 18:14:22','杨胖娃','9','-200','3770','转到保险柜') [ RunTime:0.0041s ]
SQL: INSERT INTO ihanc_3.bank_detail (`time`,`user`,`idbank`,`sum`,`balance`,`summary`) VALUES ('2017-01-14 18:14:22','杨胖娃','10','200','7040','从现金转入') [ RunTime:0.0028s ]
SQL: SHOW COLUMNS FROM `ihanc_3`.`log` [ RunTime:0.0004s ]
SQL: INSERT INTO ihanc_3.log (`summary`,`user`) VALUES ('从现金转入保险柜金额:200','杨胖娃') [ RunTime:0.0028s ]
INFO: [ app_end ] --START--
INFO: Run Behavior\ShowPageTraceBehavior [ RunTime:0.000367s ]
INFO: [ app_end ] --END-- [ RunTime:0.000413s ]

[ 2017-01-14T18:14:24+08:00 ] 117.173.170.169 /ihanc/eva/index.php/Home/finance/bank
INFO: [ app_init ] --START--
INFO: Run Behavior\BuildLiteBehavior [ RunTime:0.000012s ]
INFO: [ app_init ] --END-- [ RunTime:0.000244s ]
INFO: [ app_begin ] --START--
INFO: Run Behavior\ReadHtmlCacheBehavior [ RunTime:0.000302s ]
INFO: [ app_begin ] --END-- [ RunTime:0.000341s ]
SQL: SHOW COLUMNS FROM `user` [ RunTime:0.0007s ]
SQL: SELECT * FROM `user` WHERE ( iduser='3' )  [ RunTime:0.0002s ]
SQL: SHOW COLUMNS FROM `ihanc_3`.`bank` [ RunTime:0.0004s ]
SQL: SELECT * FROM ihanc_3.bank  [ RunTime:0.0001s ]
INFO: [ view_parse ] --START--
INFO: [ template_filter ] --START--
INFO: Run Behavior\ContentReplaceBehavior [ RunTime:0.000063s ]
INFO: [ template_filter ] --END-- [ RunTime:0.000099s ]
INFO: Run Behavior\ParseTemplateBehavior [ RunTime:0.004540s ]
INFO: [ view_parse ] --END-- [ RunTime:0.004578s ]
INFO: [ view_filter ] --START--
INFO: Run Behavior\WriteHtmlCacheBehavior [ RunTime:0.000101s ]
INFO: [ view_filter ] --END-- [ RunTime:0.000128s ]
INFO: [ app_end ] --START--
INFO: Run Behavior\ShowPageTraceBehavior [ RunTime:0.000319s ]
INFO: [ app_end ] --END-- [ RunTime:0.000350s ]

[ 2017-01-14T18:14:27+08:00 ] 117.173.170.169 /ihanc/eva/index.php/Home/Finance/bankDetail?idbank=10
INFO: [ app_init ] --START--
INFO: Run Behavior\BuildLiteBehavior [ RunTime:0.000012s ]
INFO: [ app_init ] --END-- [ RunTime:0.000239s ]
INFO: [ app_begin ] --START--
INFO: Run Behavior\ReadHtmlCacheBehavior [ RunTime:0.000300s ]
INFO: [ app_begin ] --END-- [ RunTime:0.000338s ]
SQL: SHOW COLUMNS FROM `user` [ RunTime:0.0006s ]
SQL: SELECT * FROM `user` WHERE ( iduser='3' )  [ RunTime:0.0002s ]
SQL: SHOW COLUMNS FROM `ihanc_3`.`bank_detail` [ RunTime:0.0005s ]
NOTIC: [8] Undefined index: p /opt/lampp/htdocs/ihanc/eva/Application/Home/Controller/FinanceController.class.php 第 49 行.
NOTIC: [8] Undefined index: sdate /opt/lampp/htdocs/ihanc/eva/Application/Home/Controller/FinanceController.class.php 第 54 行.
NOTIC: [8] Undefined index: edate /opt/lampp/htdocs/ihanc/eva/Application/Home/Controller/FinanceController.class.php 第 55 行.
NOTIC: [8] Undefined index: summary /opt/lampp/htdocs/ihanc/eva/Application/Home/Controller/FinanceController.class.php 第 56 行.
SQL: SELECT COUNT(*) AS tp_count FROM ihanc_3.bank_detail WHERE `idbank` = 10 LIMIT 1   [ RunTime:0.0003s ]
SQL: SELECT * FROM ihanc_3.bank_detail WHERE `idbank` = 10 ORDER BY time desc LIMIT 0,10   [ RunTime:0.0035s ]
INFO: [ view_parse ] --START--
INFO: [ template_filter ] --START--
INFO: Run Behavior\ContentReplaceBehavior [ RunTime:0.000049s ]
INFO: [ template_filter ] --END-- [ RunTime:0.000083s ]
INFO: Run Behavior\ParseTemplateBehavior [ RunTime:0.004953s ]
INFO: [ view_parse ] --END-- [ RunTime:0.004988s ]
INFO: [ view_filter ] --START--
INFO: Run Behavior\WriteHtmlCacheBehavior [ RunTime:0.000116s ]
INFO: [ view_filter ] --END-- [ RunTime:0.000143s ]
INFO: [ app_end ] --START--
INFO: Run Behavior\ShowPageTraceBehavior [ RunTime:0.000332s ]
INFO: [ app_end ] --END-- [ RunTime:0.000363s ]

[ 2017-01-14T18:14:29+08:00 ] 117.173.170.169 /ihanc/eva/index.php/Home/finance/transfer
INFO: [ app_init ] --START--
INFO: Run Behavior\BuildLiteBehavior [ RunTime:0.000018s ]
INFO: [ app_init ] --END-- [ RunTime:0.000389s ]
INFO: [ app_begin ] --START--
INFO: Run Behavior\ReadHtmlCacheBehavior [ RunTime:0.000375s ]
INFO: [ app_begin ] --END-- [ RunTime:0.000435s ]
SQL: SHOW COLUMNS FROM `user` [ RunTime:0.0007s ]
SQL: SELECT * FROM `user` WHERE ( iduser='3' )  [ RunTime:0.0003s ]
SQL: SHOW COLUMNS FROM `ihanc_3`.`bank` [ RunTime:0.0004s ]
SQL: SELECT `idbank`,`bname`,`sum` FROM ihanc_3.bank  [ RunTime:0.0002s ]
INFO: [ view_parse ] --START--
INFO: [ template_filter ] --START--
INFO: Run Behavior\ContentReplaceBehavior [ RunTime:0.000075s ]
INFO: [ template_filter ] --END-- [ RunTime:0.000141s ]
INFO: Run Behavior\ParseTemplateBehavior [ RunTime:0.006202s ]
INFO: [ view_parse ] --END-- [ RunTime:0.006249s ]
INFO: [ view_filter ] --START--
INFO: Run Behavior\WriteHtmlCacheBehavior [ RunTime:0.000153s ]
INFO: [ view_filter ] --END-- [ RunTime:0.000200s ]
INFO: [ app_end ] --START--
INFO: Run Behavior\ShowPageTraceBehavior [ RunTime:0.000510s ]
INFO: [ app_end ] --END-- [ RunTime:0.000564s ]

[ 2017-01-14T18:14:36+08:00 ] 117.173.170.169 /ihanc/eva/index.php/Home/Finance/transfer
INFO: [ app_init ] --START--
INFO: Run Behavior\BuildLiteBehavior [ RunTime:0.000013s ]
INFO: [ app_init ] --END-- [ RunTime:0.000251s ]
INFO: [ app_begin ] --START--
INFO: Run Behavior\ReadHtmlCacheBehavior [ RunTime:0.000379s ]
INFO: [ app_begin ] --END-- [ RunTime:0.000436s ]
SQL: SHOW COLUMNS FROM `user` [ RunTime:0.0007s ]
SQL: SELECT * FROM `user` WHERE ( iduser='3' )  [ RunTime:0.0002s ]
SQL: SHOW COLUMNS FROM `ihanc_3`.`bank` [ RunTime:0.0004s ]
SQL: SELECT `idbank`,`bname`,`sum` FROM ihanc_3.bank  [ RunTime:0.0002s ]
SQL: SHOW COLUMNS FROM `ihanc_3`.`bank_detail` [ RunTime:0.0005s ]
SQL: INSERT INTO ihanc_3.bank_detail (`time`,`user`,`idbank`,`sum`,`balance`,`summary`) VALUES ('2017-01-14 18:14:36','杨胖娃','9','-1800','1970','转到保险柜') [ RunTime:0.0045s ]
SQL: INSERT INTO ihanc_3.bank_detail (`time`,`user`,`idbank`,`sum`,`balance`,`summary`) VALUES ('2017-01-14 18:14:36','杨胖娃','10','1800','8840','从现金转入') [ RunTime:0.0029s ]
SQL: SHOW COLUMNS FROM `ihanc_3`.`log` [ RunTime:0.0007s ]
SQL: INSERT INTO ihanc_3.log (`summary`,`user`) VALUES ('从现金转入保险柜金额:1800','杨胖娃') [ RunTime:0.0030s ]
INFO: [ app_end ] --START--
INFO: Run Behavior\ShowPageTraceBehavior [ RunTime:0.000471s ]
INFO: [ app_end ] --END-- [ RunTime:0.000521s ]

[ 2017-01-14T18:14:38+08:00 ] 117.173.170.169 /ihanc/eva/index.php/Home/finance/bank
INFO: [ app_init ] --START--
INFO: Run Behavior\BuildLiteBehavior [ RunTime:0.000012s ]
INFO: [ app_init ] --END-- [ RunTime:0.000290s ]
INFO: [ app_begin ] --START--
INFO: Run Behavior\ReadHtmlCacheBehavior [ RunTime:0.000287s ]
INFO: [ app_begin ] --END-- [ RunTime:0.000324s ]
SQL: SHOW COLUMNS FROM `user` [ RunTime:0.0006s ]
SQL: SELECT * FROM `user` WHERE ( iduser='3' )  [ RunTime:0.0002s ]
SQL: SHOW COLUMNS FROM `ihanc_3`.`bank` [ RunTime:0.0004s ]
SQL: SELECT * FROM ihanc_3.bank  [ RunTime:0.0002s ]
INFO: [ view_parse ] --START--
INFO: [ template_filter ] --START--
INFO: Run Behavior\ContentReplaceBehavior [ RunTime:0.000050s ]
INFO: [ template_filter ] --END-- [ RunTime:0.000081s ]
INFO: Run Behavior\ParseTemplateBehavior [ RunTime:0.004307s ]
INFO: [ view_parse ] --END-- [ RunTime:0.004340s ]
INFO: [ view_filter ] --START--
INFO: Run Behavior\WriteHtmlCacheBehavior [ RunTime:0.000100s ]
INFO: [ view_filter ] --END-- [ RunTime:0.000126s ]
INFO: [ app_end ] --START--
INFO: Run Behavior\ShowPageTraceBehavior [ RunTime:0.000315s ]
INFO: [ app_end ] --END-- [ RunTime:0.000345s ]

[ 2017-01-14T18:14:39+08:00 ] 117.173.170.169 /ihanc/eva/index.php/Home/Finance/bankDetail?idbank=10
INFO: [ app_init ] --START--
INFO: Run Behavior\BuildLiteBehavior [ RunTime:0.000013s ]
INFO: [ app_init ] --END-- [ RunTime:0.000279s ]
INFO: [ app_begin ] --START--
INFO: Run Behavior\ReadHtmlCacheBehavior [ RunTime:0.000293s ]
INFO: [ app_begin ] --END-- [ RunTime:0.000328s ]
SQL: SHOW COLUMNS FROM `user` [ RunTime:0.0006s ]
SQL: SELECT * FROM `user` WHERE ( iduser='3' )  [ RunTime:0.0003s ]
SQL: SHOW COLUMNS FROM `ihanc_3`.`bank_detail` [ RunTime:0.0006s ]
NOTIC: [8] Undefined index: p /opt/lampp/htdocs/ihanc/eva/Application/Home/Controller/FinanceController.class.php 第 49 行.
NOTIC: [8] Undefined index: sdate /opt/lampp/htdocs/ihanc/eva/Application/Home/Controller/FinanceController.class.php 第 54 行.
NOTIC: [8] Undefined index: edate /opt/lampp/htdocs/ihanc/eva/Application/Home/Controller/FinanceController.class.php 第 55 行.
NOTIC: [8] Undefined index: summary /opt/lampp/htdocs/ihanc/eva/Application/Home/Controller/FinanceController.class.php 第 56 行.
SQL: SELECT COUNT(*) AS tp_count FROM ihanc_3.bank_detail WHERE `idbank` = 10 LIMIT 1   [ RunTime:0.0006s ]
SQL: SELECT * FROM ihanc_3.bank_detail WHERE `idbank` = 10 ORDER BY time desc LIMIT 0,10   [ RunTime:0.0018s ]
INFO: [ view_parse ] --START--
INFO: [ template_filter ] --START--
INFO: Run Behavior\ContentReplaceBehavior [ RunTime:0.000070s ]
INFO: [ template_filter ] --END-- [ RunTime:0.000130s ]
INFO: Run Behavior\ParseTemplateBehavior [ RunTime:0.007947s ]
INFO: [ view_parse ] --END-- [ RunTime:0.007998s ]
INFO: [ view_filter ] --START--
INFO: Run Behavior\WriteHtmlCacheBehavior [ RunTime:0.000140s ]
INFO: [ view_filter ] --END-- [ RunTime:0.000182s ]
INFO: [ app_end ] --START--
INFO: Run Behavior\ShowPageTraceBehavior [ RunTime:0.000503s ]
INFO: [ app_end ] --END-- [ RunTime:0.000553s ]

