[ 2017-11-21T19:04:08+08:00 ] 117.173.160.137 /ihanc/eva/index.php/Home/finance/income
INFO: [ app_init ] --START--
INFO: Run Behavior\BuildLiteBehavior [ RunTime:0.000011s ]
INFO: [ app_init ] --END-- [ RunTime:0.000236s ]
INFO: [ app_begin ] --START--
INFO: Run Behavior\ReadHtmlCacheBehavior [ RunTime:0.000302s ]
INFO: [ app_begin ] --END-- [ RunTime:0.000339s ]
SQL: SHOW COLUMNS FROM `user` [ RunTime:0.0006s ]
SQL: SELECT * FROM `user` WHERE ( iduser='10' )  [ RunTime:0.0002s ]
SQL: SHOW COLUMNS FROM `ihanc_5`.`bank` [ RunTime:0.0004s ]
SQL: SHOW COLUMNS FROM `ihanc_5`.`subject` [ RunTime:0.0004s ]
SQL: SELECT * FROM ihanc_5.subject WHERE ( cat=2 )  [ RunTime:0.0002s ]
SQL: SELECT `idbank`,`bname` FROM ihanc_5.bank ORDER BY weight desc  [ RunTime:0.0002s ]
INFO: [ view_parse ] --START--
INFO: [ template_filter ] --START--
INFO: Run Behavior\ContentReplaceBehavior [ RunTime:0.000050s ]
INFO: [ template_filter ] --END-- [ RunTime:0.000082s ]
INFO: Run Behavior\ParseTemplateBehavior [ RunTime:0.004567s ]
INFO: [ view_parse ] --END-- [ RunTime:0.004601s ]
INFO: [ view_filter ] --START--
INFO: Run Behavior\WriteHtmlCacheBehavior [ RunTime:0.000095s ]
INFO: [ view_filter ] --END-- [ RunTime:0.000120s ]
INFO: [ app_end ] --START--
INFO: Run Behavior\ShowPageTraceBehavior [ RunTime:0.000321s ]
INFO: [ app_end ] --END-- [ RunTime:0.000351s ]

[ 2017-11-21T19:04:08+08:00 ] 117.173.160.137 /ihanc/eva/index.php/Home/statistics/asset
INFO: [ app_init ] --START--
INFO: Run Behavior\BuildLiteBehavior [ RunTime:0.000010s ]
INFO: [ app_init ] --END-- [ RunTime:0.000221s ]
INFO: [ app_begin ] --START--
INFO: Run Behavior\ReadHtmlCacheBehavior [ RunTime:0.000280s ]
INFO: [ app_begin ] --END-- [ RunTime:0.000317s ]
SQL: SHOW COLUMNS FROM `user` [ RunTime:0.0006s ]
SQL: SELECT * FROM `user` WHERE ( iduser='10' )  [ RunTime:0.0002s ]
SQL: SHOW COLUMNS FROM `ihanc_5`.`asset` [ RunTime:0.0004s ]
SQL: SHOW COLUMNS FROM `ihanc_5`.`stock_sum_view` [ RunTime:0.0006s ]
SQL: SELECT SUM(sum) AS tp_sum FROM ihanc_5.stock_sum_view LIMIT 1   [ RunTime:0.0132s ]
SQL: SHOW COLUMNS FROM `ihanc_5`.`bank` [ RunTime:0.0007s ]
SQL: SELECT SUM(sum) AS tp_sum FROM ihanc_5.bank LIMIT 1   [ RunTime:0.0002s ]
SQL: SHOW COLUMNS FROM `ihanc_5`.`sale` [ RunTime:0.0004s ]
SQL: SELECT SUM(sum) AS tp_sum FROM ihanc_5.sale LIMIT 1   [ RunTime:0.0004s ]
SQL: SHOW COLUMNS FROM `ihanc_5`.`purchase` [ RunTime:0.0004s ]
SQL: SELECT SUM(sum) AS tp_sum FROM ihanc_5.purchase LIMIT 1   [ RunTime:0.0001s ]
SQL: SHOW COLUMNS FROM `ihanc_5`.`freight` [ RunTime:0.0004s ]
SQL: SELECT SUM(freight) AS tp_sum FROM ihanc_5.freight WHERE ( status=0 ) LIMIT 1   [ RunTime:0.0002s ]
INFO: [ view_parse ] --START--
INFO: [ template_filter ] --START--
INFO: Run Behavior\ContentReplaceBehavior [ RunTime:0.000044s ]
INFO: [ template_filter ] --END-- [ RunTime:0.000075s ]
INFO: Run Behavior\ParseTemplateBehavior [ RunTime:0.004046s ]
INFO: [ view_parse ] --END-- [ RunTime:0.004079s ]
INFO: [ view_filter ] --START--
INFO: Run Behavior\WriteHtmlCacheBehavior [ RunTime:0.000100s ]
INFO: [ view_filter ] --END-- [ RunTime:0.000124s ]
INFO: [ app_end ] --START--
INFO: Run Behavior\ShowPageTraceBehavior [ RunTime:0.000313s ]
INFO: [ app_end ] --END-- [ RunTime:0.000343s ]

[ 2017-11-21T19:04:08+08:00 ] 117.173.160.137 /ihanc/eva/index.php/Home/finance/fee
INFO: [ app_init ] --START--
INFO: Run Behavior\BuildLiteBehavior [ RunTime:0.000011s ]
INFO: [ app_init ] --END-- [ RunTime:0.000230s ]
INFO: [ app_begin ] --START--
INFO: Run Behavior\ReadHtmlCacheBehavior [ RunTime:0.000286s ]
INFO: [ app_begin ] --END-- [ RunTime:0.000323s ]
SQL: SHOW COLUMNS FROM `user` [ RunTime:0.0005s ]
SQL: SELECT * FROM `user` WHERE ( iduser='10' )  [ RunTime:0.0002s ]
SQL: SHOW COLUMNS FROM `ihanc_5`.`bank` [ RunTime:0.0004s ]
SQL: SHOW COLUMNS FROM `ihanc_5`.`subject` [ RunTime:0.0004s ]
SQL: SELECT * FROM ihanc_5.subject WHERE ( cat=1 )  [ RunTime:0.0001s ]
SQL: SELECT `idbank`,`bname` FROM ihanc_5.bank ORDER BY weight desc  [ RunTime:0.0001s ]
INFO: [ view_parse ] --START--
INFO: [ template_filter ] --START--
INFO: Run Behavior\ContentReplaceBehavior [ RunTime:0.000049s ]
INFO: [ template_filter ] --END-- [ RunTime:0.000081s ]
INFO: Run Behavior\ParseTemplateBehavior [ RunTime:0.004703s ]
INFO: [ view_parse ] --END-- [ RunTime:0.004735s ]
INFO: [ view_filter ] --START--
INFO: Run Behavior\WriteHtmlCacheBehavior [ RunTime:0.000110s ]
INFO: [ view_filter ] --END-- [ RunTime:0.000135s ]
INFO: [ app_end ] --START--
INFO: Run Behavior\ShowPageTraceBehavior [ RunTime:0.000345s ]
INFO: [ app_end ] --END-- [ RunTime:0.000381s ]

[ 2017-11-21T19:04:08+08:00 ] 117.173.160.137 /ihanc/eva/index.php/Home/Statistics/mytest
INFO: [ app_init ] --START--
INFO: Run Behavior\BuildLiteBehavior [ RunTime:0.000015s ]
INFO: [ app_init ] --END-- [ RunTime:0.000270s ]
INFO: [ app_begin ] --START--
INFO: Run Behavior\ReadHtmlCacheBehavior [ RunTime:0.000301s ]
INFO: [ app_begin ] --END-- [ RunTime:0.000338s ]
SQL: SHOW COLUMNS FROM `user` [ RunTime:0.0007s ]
SQL: SELECT * FROM `user` WHERE ( iduser='10' )  [ RunTime:0.0002s ]
SQL: SHOW COLUMNS FROM `ihanc_5`.`asset` [ RunTime:0.0004s ]
SQL: SELECT * FROM ihanc_5.asset ORDER BY idasset desc LIMIT 0,13   [ RunTime:0.0003s ]
INFO: [ app_end ] --START--
INFO: Run Behavior\ShowPageTraceBehavior [ RunTime:0.000356s ]
INFO: [ app_end ] --END-- [ RunTime:0.000390s ]

[ 2017-11-21T19:04:15+08:00 ] 117.173.160.137 /ihanc/eva/index.php/Home/statistics/profit
INFO: [ app_init ] --START--
INFO: Run Behavior\BuildLiteBehavior [ RunTime:0.000011s ]
INFO: [ app_init ] --END-- [ RunTime:0.000240s ]
INFO: [ app_begin ] --START--
INFO: Run Behavior\ReadHtmlCacheBehavior [ RunTime:0.000282s ]
INFO: [ app_begin ] --END-- [ RunTime:0.000317s ]
SQL: SHOW COLUMNS FROM `user` [ RunTime:0.0006s ]
SQL: SELECT * FROM `user` WHERE ( iduser='10' )  [ RunTime:0.0002s ]
INFO: [ view_parse ] --START--
INFO: [ template_filter ] --START--
INFO: Run Behavior\ContentReplaceBehavior [ RunTime:0.000055s ]
INFO: [ template_filter ] --END-- [ RunTime:0.000090s ]
INFO: Run Behavior\ParseTemplateBehavior [ RunTime:0.004078s ]
INFO: [ view_parse ] --END-- [ RunTime:0.004113s ]
INFO: [ view_filter ] --START--
INFO: Run Behavior\WriteHtmlCacheBehavior [ RunTime:0.000097s ]
INFO: [ view_filter ] --END-- [ RunTime:0.000122s ]
INFO: [ app_end ] --START--
INFO: Run Behavior\ShowPageTraceBehavior [ RunTime:0.000297s ]
INFO: [ app_end ] --END-- [ RunTime:0.000335s ]

[ 2017-11-21T19:04:16+08:00 ] 117.173.160.137 /ihanc/eva/index.php/Home/Statistics/profitTable
INFO: [ app_init ] --START--
INFO: Run Behavior\BuildLiteBehavior [ RunTime:0.000010s ]
INFO: [ app_init ] --END-- [ RunTime:0.000234s ]
INFO: [ app_begin ] --START--
INFO: Run Behavior\ReadHtmlCacheBehavior [ RunTime:0.000286s ]
INFO: [ app_begin ] --END-- [ RunTime:0.000321s ]
SQL: SHOW COLUMNS FROM `user` [ RunTime:0.0006s ]
SQL: SELECT * FROM `user` WHERE ( iduser='10' )  [ RunTime:0.0002s ]
NOTIC: [8] Undefined index: p /opt/lampp/htdocs/ihanc/eva/Application/Home/Controller/StatisticsController.class.php 第 87 行.
NOTIC: [8] Undefined index: sdate /opt/lampp/htdocs/ihanc/eva/Application/Home/Controller/StatisticsController.class.php 第 89 行.
SQL: SHOW COLUMNS FROM `ihanc_5`.`purchase_all` [ RunTime:0.0006s ]
SQL: SELECT count(distinct inorder) as count FROM ihanc_5.purchase_all WHERE `inorder` <> 'NULL' AND `time` LIKE '2017-11%' LIMIT 1   [ RunTime:0.0107s ]
SQL: SELECT `inorder`,sum(number) as number,sum(sum) as sum FROM ihanc_5.purchase_all WHERE `inorder` <> 'NULL' AND `time` LIKE '2017-11%' GROUP BY inorder ORDER BY inorder desc LIMIT 0,10   [ RunTime:0.0113s ]
NOTIC: [8] Undefined variable: params /opt/lampp/htdocs/ihanc/eva/Application/Home/Controller/StatisticsController.class.php 第 102 行.
NOTIC: [2] Invalid argument supplied for foreach() /opt/lampp/htdocs/ihanc/eva/Application/Home/Common/function.php 第 115 行.
SQL: SHOW COLUMNS FROM `ihanc_5`.`sale_all` [ RunTime:0.0007s ]
SQL: SHOW COLUMNS FROM `ihanc_5`.`freight` [ RunTime:0.0005s ]
SQL: SHOW COLUMNS FROM `ihanc_5`.`stock` [ RunTime:0.0004s ]
SQL: SELECT SUM(freight) AS tp_sum FROM ihanc_5.freight WHERE `inorder` = 'IN20171121-2' LIMIT 1   [ RunTime:0.0003s ]
SQL: SELECT SUM(number) AS tp_sum FROM ihanc_5.sale_all WHERE `inorder` = 'IN20171121-2' AND `idgoods` > 0 LIMIT 1   [ RunTime:0.0698s ]
SQL: SELECT SUM(sum) AS tp_sum FROM ihanc_5.sale_all WHERE `inorder` = 'IN20171121-2' AND `idgoods` > 0 LIMIT 1   [ RunTime:0.0670s ]
SQL: SELECT `idgoods`,`stock` FROM ihanc_5.stock WHERE `inorder` = 'IN20171121-2' AND `idgoods` > 0  [ RunTime:0.0006s ]
SQL: SELECT sum(number) as number,sum(sum) as sum FROM ihanc_5.purchase_all WHERE `inorder` = 'IN20171121-2' AND `idgoods` = 1 LIMIT 1   [ RunTime:0.0128s ]
SQL: SELECT SUM(freight) AS tp_sum FROM ihanc_5.freight WHERE `inorder` = 'IN20171121-1' LIMIT 1   [ RunTime:0.0002s ]
SQL: SELECT SUM(number) AS tp_sum FROM ihanc_5.sale_all WHERE `inorder` = 'IN20171121-1' AND `idgoods` > 0 LIMIT 1   [ RunTime:0.0666s ]
SQL: SELECT SUM(sum) AS tp_sum FROM ihanc_5.sale_all WHERE `inorder` = 'IN20171121-1' AND `idgoods` > 0 LIMIT 1   [ RunTime:0.0649s ]
SQL: SELECT `idgoods`,`stock` FROM ihanc_5.stock WHERE `inorder` = 'IN20171121-1' AND `idgoods` > 0  [ RunTime:0.0005s ]
SQL: SELECT sum(number) as number,sum(sum) as sum FROM ihanc_5.purchase_all WHERE `inorder` = 'IN20171121-1' AND `idgoods` = 3 LIMIT 1   [ RunTime:0.0122s ]
SQL: SELECT SUM(freight) AS tp_sum FROM ihanc_5.freight WHERE `inorder` = 'IN20171120-2' LIMIT 1   [ RunTime:0.0002s ]
SQL: SELECT SUM(number) AS tp_sum FROM ihanc_5.sale_all WHERE `inorder` = 'IN20171120-2' AND `idgoods` > 0 LIMIT 1   [ RunTime:0.0639s ]
SQL: SELECT SUM(sum) AS tp_sum FROM ihanc_5.sale_all WHERE `inorder` = 'IN20171120-2' AND `idgoods` > 0 LIMIT 1   [ RunTime:0.0642s ]
SQL: SELECT `idgoods`,`stock` FROM ihanc_5.stock WHERE `inorder` = 'IN20171120-2' AND `idgoods` > 0  [ RunTime:0.0005s ]
SQL: SELECT SUM(freight) AS tp_sum FROM ihanc_5.freight WHERE `inorder` = 'IN20171120-1' LIMIT 1   [ RunTime:0.0002s ]
SQL: SELECT SUM(number) AS tp_sum FROM ihanc_5.sale_all WHERE `inorder` = 'IN20171120-1' AND `idgoods` > 0 LIMIT 1   [ RunTime:0.0640s ]
SQL: SELECT SUM(sum) AS tp_sum FROM ihanc_5.sale_all WHERE `inorder` = 'IN20171120-1' AND `idgoods` > 0 LIMIT 1   [ RunTime:0.0642s ]
SQL: SELECT `idgoods`,`stock` FROM ihanc_5.stock WHERE `inorder` = 'IN20171120-1' AND `idgoods` > 0  [ RunTime:0.0005s ]
SQL: SELECT SUM(freight) AS tp_sum FROM ihanc_5.freight WHERE `inorder` = 'IN20171119-1' LIMIT 1   [ RunTime:0.0002s ]
SQL: SELECT SUM(number) AS tp_sum FROM ihanc_5.sale_all WHERE `inorder` = 'IN20171119-1' AND `idgoods` > 0 LIMIT 1   [ RunTime:0.0639s ]
SQL: SELECT SUM(sum) AS tp_sum FROM ihanc_5.sale_all WHERE `inorder` = 'IN20171119-1' AND `idgoods` > 0 LIMIT 1   [ RunTime:0.0640s ]
SQL: SELECT `idgoods`,`stock` FROM ihanc_5.stock WHERE `inorder` = 'IN20171119-1' AND `idgoods` > 0  [ RunTime:0.0005s ]
SQL: SELECT sum(number) as number,sum(sum) as sum FROM ihanc_5.purchase_all WHERE `inorder` = 'IN20171119-1' AND `idgoods` = 12 LIMIT 1   [ RunTime:0.0123s ]
SQL: SELECT SUM(freight) AS tp_sum FROM ihanc_5.freight WHERE `inorder` = 'IN20171118-1' LIMIT 1   [ RunTime:0.0002s ]
SQL: SELECT SUM(number) AS tp_sum FROM ihanc_5.sale_all WHERE `inorder` = 'IN20171118-1' AND `idgoods` > 0 LIMIT 1   [ RunTime:0.0641s ]
SQL: SELECT SUM(sum) AS tp_sum FROM ihanc_5.sale_all WHERE `inorder` = 'IN20171118-1' AND `idgoods` > 0 LIMIT 1   [ RunTime:0.0650s ]
SQL: SELECT `idgoods`,`stock` FROM ihanc_5.stock WHERE `inorder` = 'IN20171118-1' AND `idgoods` > 0  [ RunTime:0.0019s ]
SQL: SELECT SUM(freight) AS tp_sum FROM ihanc_5.freight WHERE `inorder` = 'IN20171117-5' LIMIT 1   [ RunTime:0.0002s ]
SQL: SELECT SUM(number) AS tp_sum FROM ihanc_5.sale_all WHERE `inorder` = 'IN20171117-5' AND `idgoods` > 0 LIMIT 1   [ RunTime:0.0673s ]
SQL: SELECT SUM(sum) AS tp_sum FROM ihanc_5.sale_all WHERE `inorder` = 'IN20171117-5' AND `idgoods` > 0 LIMIT 1   [ RunTime:0.0669s ]
SQL: SELECT `idgoods`,`stock` FROM ihanc_5.stock WHERE `inorder` = 'IN20171117-5' AND `idgoods` > 0  [ RunTime:0.0006s ]
SQL: SELECT SUM(freight) AS tp_sum FROM ihanc_5.freight WHERE `inorder` = 'IN20171117-4' LIMIT 1   [ RunTime:0.0002s ]
SQL: SELECT SUM(number) AS tp_sum FROM ihanc_5.sale_all WHERE `inorder` = 'IN20171117-4' AND `idgoods` > 0 LIMIT 1   [ RunTime:0.0657s ]
SQL: SELECT SUM(sum) AS tp_sum FROM ihanc_5.sale_all WHERE `inorder` = 'IN20171117-4' AND `idgoods` > 0 LIMIT 1   [ RunTime:0.0644s ]
SQL: SELECT `idgoods`,`stock` FROM ihanc_5.stock WHERE `inorder` = 'IN20171117-4' AND `idgoods` > 0  [ RunTime:0.0005s ]
SQL: SELECT sum(number) as number,sum(sum) as sum FROM ihanc_5.purchase_all WHERE `inorder` = 'IN20171117-4' AND `idgoods` = 17 LIMIT 1   [ RunTime:0.0121s ]
SQL: SELECT sum(number) as number,sum(sum) as sum FROM ihanc_5.purchase_all WHERE `inorder` = 'IN20171117-4' AND `idgoods` = 28 LIMIT 1   [ RunTime:0.0121s ]
SQL: SELECT SUM(freight) AS tp_sum FROM ihanc_5.freight WHERE `inorder` = 'IN20171117-3' LIMIT 1   [ RunTime:0.0002s ]
SQL: SELECT SUM(number) AS tp_sum FROM ihanc_5.sale_all WHERE `inorder` = 'IN20171117-3' AND `idgoods` > 0 LIMIT 1   [ RunTime:0.0648s ]
SQL: SELECT SUM(sum) AS tp_sum FROM ihanc_5.sale_all WHERE `inorder` = 'IN20171117-3' AND `idgoods` > 0 LIMIT 1   [ RunTime:0.0643s ]
SQL: SELECT `idgoods`,`stock` FROM ihanc_5.stock WHERE `inorder` = 'IN20171117-3' AND `idgoods` > 0  [ RunTime:0.0005s ]
SQL: SELECT SUM(freight) AS tp_sum FROM ihanc_5.freight WHERE `inorder` = 'IN20171117-2' LIMIT 1   [ RunTime:0.0001s ]
SQL: SELECT SUM(number) AS tp_sum FROM ihanc_5.sale_all WHERE `inorder` = 'IN20171117-2' AND `idgoods` > 0 LIMIT 1   [ RunTime:0.0640s ]
SQL: SELECT SUM(sum) AS tp_sum FROM ihanc_5.sale_all WHERE `inorder` = 'IN20171117-2' AND `idgoods` > 0 LIMIT 1   [ RunTime:0.0640s ]
SQL: SELECT `idgoods`,`stock` FROM ihanc_5.stock WHERE `inorder` = 'IN20171117-2' AND `idgoods` > 0  [ RunTime:0.0005s ]
INFO: [ view_parse ] --START--
INFO: [ template_filter ] --START--
INFO: Run Behavior\ContentReplaceBehavior [ RunTime:0.000056s ]
INFO: [ template_filter ] --END-- [ RunTime:0.000102s ]
INFO: Run Behavior\ParseTemplateBehavior [ RunTime:0.006372s ]
INFO: [ view_parse ] --END-- [ RunTime:0.006415s ]
INFO: [ view_filter ] --START--
INFO: Run Behavior\WriteHtmlCacheBehavior [ RunTime:0.000104s ]
INFO: [ view_filter ] --END-- [ RunTime:0.000131s ]
INFO: [ app_end ] --START--
INFO: Run Behavior\ShowPageTraceBehavior [ RunTime:0.000344s ]
INFO: [ app_end ] --END-- [ RunTime:0.000376s ]

[ 2017-11-21T19:04:17+08:00 ] 117.173.160.137 /ihanc/eva/index.php/Home/statistics/asset
INFO: [ app_init ] --START--
INFO: Run Behavior\BuildLiteBehavior [ RunTime:0.000011s ]
INFO: [ app_init ] --END-- [ RunTime:0.000251s ]
INFO: [ app_begin ] --START--
INFO: Run Behavior\ReadHtmlCacheBehavior [ RunTime:0.000363s ]
INFO: [ app_begin ] --END-- [ RunTime:0.000416s ]
SQL: SHOW COLUMNS FROM `user` [ RunTime:0.0007s ]
SQL: SELECT * FROM `user` WHERE ( iduser='10' )  [ RunTime:0.0002s ]
SQL: SHOW COLUMNS FROM `ihanc_5`.`asset` [ RunTime:0.0004s ]
SQL: SHOW COLUMNS FROM `ihanc_5`.`stock_sum_view` [ RunTime:0.0007s ]
SQL: SELECT SUM(sum) AS tp_sum FROM ihanc_5.stock_sum_view LIMIT 1   [ RunTime:0.0131s ]
SQL: SHOW COLUMNS FROM `ihanc_5`.`bank` [ RunTime:0.0005s ]
SQL: SELECT SUM(sum) AS tp_sum FROM ihanc_5.bank LIMIT 1   [ RunTime:0.0002s ]
SQL: SHOW COLUMNS FROM `ihanc_5`.`sale` [ RunTime:0.0005s ]
SQL: SELECT SUM(sum) AS tp_sum FROM ihanc_5.sale LIMIT 1   [ RunTime:0.0004s ]
SQL: SHOW COLUMNS FROM `ihanc_5`.`purchase` [ RunTime:0.0004s ]
SQL: SELECT SUM(sum) AS tp_sum FROM ihanc_5.purchase LIMIT 1   [ RunTime:0.0002s ]
SQL: SHOW COLUMNS FROM `ihanc_5`.`freight` [ RunTime:0.0004s ]
SQL: SELECT SUM(freight) AS tp_sum FROM ihanc_5.freight WHERE ( status=0 ) LIMIT 1   [ RunTime:0.0002s ]
INFO: [ view_parse ] --START--
INFO: [ template_filter ] --START--
INFO: Run Behavior\ContentReplaceBehavior [ RunTime:0.000043s ]
INFO: [ template_filter ] --END-- [ RunTime:0.000074s ]
INFO: Run Behavior\ParseTemplateBehavior [ RunTime:0.003999s ]
INFO: [ view_parse ] --END-- [ RunTime:0.004076s ]
INFO: [ view_filter ] --START--
INFO: Run Behavior\WriteHtmlCacheBehavior [ RunTime:0.000098s ]
INFO: [ view_filter ] --END-- [ RunTime:0.000123s ]
INFO: [ app_end ] --START--
INFO: Run Behavior\ShowPageTraceBehavior [ RunTime:0.000295s ]
INFO: [ app_end ] --END-- [ RunTime:0.000325s ]

[ 2017-11-21T19:04:17+08:00 ] 117.173.160.137 /ihanc/eva/index.php/Home/Statistics/mytest
INFO: [ app_init ] --START--
INFO: Run Behavior\BuildLiteBehavior [ RunTime:0.000010s ]
INFO: [ app_init ] --END-- [ RunTime:0.000255s ]
INFO: [ app_begin ] --START--
INFO: Run Behavior\ReadHtmlCacheBehavior [ RunTime:0.000317s ]
INFO: [ app_begin ] --END-- [ RunTime:0.000354s ]
SQL: SHOW COLUMNS FROM `user` [ RunTime:0.0007s ]
SQL: SELECT * FROM `user` WHERE ( iduser='10' )  [ RunTime:0.0003s ]
SQL: SHOW COLUMNS FROM `ihanc_5`.`asset` [ RunTime:0.0005s ]
SQL: SELECT * FROM ihanc_5.asset ORDER BY idasset desc LIMIT 0,13   [ RunTime:0.0002s ]
INFO: [ app_end ] --START--
INFO: Run Behavior\ShowPageTraceBehavior [ RunTime:0.000525s ]
INFO: [ app_end ] --END-- [ RunTime:0.000583s ]

[ 2017-11-21T19:04:43+08:00 ] 117.173.160.137 /ihanc/eva/index.php/Home/statistics/profit
INFO: [ app_init ] --START--
INFO: Run Behavior\BuildLiteBehavior [ RunTime:0.000011s ]
INFO: [ app_init ] --END-- [ RunTime:0.000271s ]
INFO: [ app_begin ] --START--
INFO: Run Behavior\ReadHtmlCacheBehavior [ RunTime:0.000380s ]
INFO: [ app_begin ] --END-- [ RunTime:0.000432s ]
SQL: SHOW COLUMNS FROM `user` [ RunTime:0.0006s ]
SQL: SELECT * FROM `user` WHERE ( iduser='10' )  [ RunTime:0.0002s ]
INFO: [ view_parse ] --START--
INFO: [ template_filter ] --START--
INFO: Run Behavior\ContentReplaceBehavior [ RunTime:0.000059s ]
INFO: [ template_filter ] --END-- [ RunTime:0.000093s ]
INFO: Run Behavior\ParseTemplateBehavior [ RunTime:0.003996s ]
INFO: [ view_parse ] --END-- [ RunTime:0.004034s ]
INFO: [ view_filter ] --START--
INFO: Run Behavior\WriteHtmlCacheBehavior [ RunTime:0.000102s ]
INFO: [ view_filter ] --END-- [ RunTime:0.000127s ]
INFO: [ app_end ] --START--
INFO: Run Behavior\ShowPageTraceBehavior [ RunTime:0.000302s ]
INFO: [ app_end ] --END-- [ RunTime:0.000349s ]

[ 2017-11-21T19:04:44+08:00 ] 117.173.160.137 /ihanc/eva/index.php/Home/Statistics/profitTable
INFO: [ app_init ] --START--
INFO: Run Behavior\BuildLiteBehavior [ RunTime:0.000012s ]
INFO: [ app_init ] --END-- [ RunTime:0.000247s ]
INFO: [ app_begin ] --START--
INFO: Run Behavior\ReadHtmlCacheBehavior [ RunTime:0.000317s ]
INFO: [ app_begin ] --END-- [ RunTime:0.000361s ]
SQL: SHOW COLUMNS FROM `user` [ RunTime:0.0006s ]
SQL: SELECT * FROM `user` WHERE ( iduser='10' )  [ RunTime:0.0002s ]
NOTIC: [8] Undefined index: p /opt/lampp/htdocs/ihanc/eva/Application/Home/Controller/StatisticsController.class.php 第 87 行.
NOTIC: [8] Undefined index: sdate /opt/lampp/htdocs/ihanc/eva/Application/Home/Controller/StatisticsController.class.php 第 89 行.
SQL: SHOW COLUMNS FROM `ihanc_5`.`purchase_all` [ RunTime:0.0008s ]
SQL: SELECT count(distinct inorder) as count FROM ihanc_5.purchase_all WHERE `inorder` <> 'NULL' AND `time` LIKE '2017-11%' LIMIT 1   [ RunTime:0.0114s ]
SQL: SELECT `inorder`,sum(number) as number,sum(sum) as sum FROM ihanc_5.purchase_all WHERE `inorder` <> 'NULL' AND `time` LIKE '2017-11%' GROUP BY inorder ORDER BY inorder desc LIMIT 0,10   [ RunTime:0.0120s ]
NOTIC: [8] Undefined variable: params /opt/lampp/htdocs/ihanc/eva/Application/Home/Controller/StatisticsController.class.php 第 102 行.
NOTIC: [2] Invalid argument supplied for foreach() /opt/lampp/htdocs/ihanc/eva/Application/Home/Common/function.php 第 115 行.
SQL: SHOW COLUMNS FROM `ihanc_5`.`sale_all` [ RunTime:0.0006s ]
SQL: SHOW COLUMNS FROM `ihanc_5`.`freight` [ RunTime:0.0005s ]
SQL: SHOW COLUMNS FROM `ihanc_5`.`stock` [ RunTime:0.0004s ]
SQL: SELECT SUM(freight) AS tp_sum FROM ihanc_5.freight WHERE `inorder` = 'IN20171121-2' LIMIT 1   [ RunTime:0.0001s ]
SQL: SELECT SUM(number) AS tp_sum FROM ihanc_5.sale_all WHERE `inorder` = 'IN20171121-2' AND `idgoods` > 0 LIMIT 1   [ RunTime:0.0684s ]
SQL: SELECT SUM(sum) AS tp_sum FROM ihanc_5.sale_all WHERE `inorder` = 'IN20171121-2' AND `idgoods` > 0 LIMIT 1   [ RunTime:0.0656s ]
SQL: SELECT `idgoods`,`stock` FROM ihanc_5.stock WHERE `inorder` = 'IN20171121-2' AND `idgoods` > 0  [ RunTime:0.0005s ]
SQL: SELECT sum(number) as number,sum(sum) as sum FROM ihanc_5.purchase_all WHERE `inorder` = 'IN20171121-2' AND `idgoods` = 1 LIMIT 1   [ RunTime:0.0132s ]
SQL: SELECT SUM(freight) AS tp_sum FROM ihanc_5.freight WHERE `inorder` = 'IN20171121-1' LIMIT 1   [ RunTime:0.0002s ]
SQL: SELECT SUM(number) AS tp_sum FROM ihanc_5.sale_all WHERE `inorder` = 'IN20171121-1' AND `idgoods` > 0 LIMIT 1   [ RunTime:0.0645s ]
SQL: SELECT SUM(sum) AS tp_sum FROM ihanc_5.sale_all WHERE `inorder` = 'IN20171121-1' AND `idgoods` > 0 LIMIT 1   [ RunTime:0.0644s ]
SQL: SELECT `idgoods`,`stock` FROM ihanc_5.stock WHERE `inorder` = 'IN20171121-1' AND `idgoods` > 0  [ RunTime:0.0005s ]
SQL: SELECT sum(number) as number,sum(sum) as sum FROM ihanc_5.purchase_all WHERE `inorder` = 'IN20171121-1' AND `idgoods` = 3 LIMIT 1   [ RunTime:0.0122s ]
SQL: SELECT SUM(freight) AS tp_sum FROM ihanc_5.freight WHERE `inorder` = 'IN20171120-2' LIMIT 1   [ RunTime:0.0002s ]
SQL: SELECT SUM(number) AS tp_sum FROM ihanc_5.sale_all WHERE `inorder` = 'IN20171120-2' AND `idgoods` > 0 LIMIT 1   [ RunTime:0.0641s ]
SQL: SELECT SUM(sum) AS tp_sum FROM ihanc_5.sale_all WHERE `inorder` = 'IN20171120-2' AND `idgoods` > 0 LIMIT 1   [ RunTime:0.0642s ]
SQL: SELECT `idgoods`,`stock` FROM ihanc_5.stock WHERE `inorder` = 'IN20171120-2' AND `idgoods` > 0  [ RunTime:0.0007s ]
SQL: SELECT SUM(freight) AS tp_sum FROM ihanc_5.freight WHERE `inorder` = 'IN20171120-1' LIMIT 1   [ RunTime:0.0002s ]
SQL: SELECT SUM(number) AS tp_sum FROM ihanc_5.sale_all WHERE `inorder` = 'IN20171120-1' AND `idgoods` > 0 LIMIT 1   [ RunTime:0.0661s ]
SQL: SELECT SUM(sum) AS tp_sum FROM ihanc_5.sale_all WHERE `inorder` = 'IN20171120-1' AND `idgoods` > 0 LIMIT 1   [ RunTime:0.0651s ]
SQL: SELECT `idgoods`,`stock` FROM ihanc_5.stock WHERE `inorder` = 'IN20171120-1' AND `idgoods` > 0  [ RunTime:0.0005s ]
SQL: SELECT SUM(freight) AS tp_sum FROM ihanc_5.freight WHERE `inorder` = 'IN20171119-1' LIMIT 1   [ RunTime:0.0002s ]
SQL: SELECT SUM(number) AS tp_sum FROM ihanc_5.sale_all WHERE `inorder` = 'IN20171119-1' AND `idgoods` > 0 LIMIT 1   [ RunTime:0.0649s ]
SQL: SELECT SUM(sum) AS tp_sum FROM ihanc_5.sale_all WHERE `inorder` = 'IN20171119-1' AND `idgoods` > 0 LIMIT 1   [ RunTime:0.0651s ]
SQL: SELECT `idgoods`,`stock` FROM ihanc_5.stock WHERE `inorder` = 'IN20171119-1' AND `idgoods` > 0  [ RunTime:0.0005s ]
SQL: SELECT sum(number) as number,sum(sum) as sum FROM ihanc_5.purchase_all WHERE `inorder` = 'IN20171119-1' AND `idgoods` = 12 LIMIT 1   [ RunTime:0.0122s ]
SQL: SELECT SUM(freight) AS tp_sum FROM ihanc_5.freight WHERE `inorder` = 'IN20171118-1' LIMIT 1   [ RunTime:0.0002s ]
SQL: SELECT SUM(number) AS tp_sum FROM ihanc_5.sale_all WHERE `inorder` = 'IN20171118-1' AND `idgoods` > 0 LIMIT 1   [ RunTime:0.0645s ]
SQL: SELECT SUM(sum) AS tp_sum FROM ihanc_5.sale_all WHERE `inorder` = 'IN20171118-1' AND `idgoods` > 0 LIMIT 1   [ RunTime:0.0737s ]
SQL: SELECT `idgoods`,`stock` FROM ihanc_5.stock WHERE `inorder` = 'IN20171118-1' AND `idgoods` > 0  [ RunTime:0.0005s ]
SQL: SELECT SUM(freight) AS tp_sum FROM ihanc_5.freight WHERE `inorder` = 'IN20171117-5' LIMIT 1   [ RunTime:0.0001s ]
SQL: SELECT SUM(number) AS tp_sum FROM ihanc_5.sale_all WHERE `inorder` = 'IN20171117-5' AND `idgoods` > 0 LIMIT 1   [ RunTime:0.0646s ]
SQL: SELECT SUM(sum) AS tp_sum FROM ihanc_5.sale_all WHERE `inorder` = 'IN20171117-5' AND `idgoods` > 0 LIMIT 1   [ RunTime:0.0650s ]
SQL: SELECT `idgoods`,`stock` FROM ihanc_5.stock WHERE `inorder` = 'IN20171117-5' AND `idgoods` > 0  [ RunTime:0.0005s ]
SQL: SELECT SUM(freight) AS tp_sum FROM ihanc_5.freight WHERE `inorder` = 'IN20171117-4' LIMIT 1   [ RunTime:0.0002s ]
SQL: SELECT SUM(number) AS tp_sum FROM ihanc_5.sale_all WHERE `inorder` = 'IN20171117-4' AND `idgoods` > 0 LIMIT 1   [ RunTime:0.0650s ]
SQL: SELECT SUM(sum) AS tp_sum FROM ihanc_5.sale_all WHERE `inorder` = 'IN20171117-4' AND `idgoods` > 0 LIMIT 1   [ RunTime:0.0653s ]
SQL: SELECT `idgoods`,`stock` FROM ihanc_5.stock WHERE `inorder` = 'IN20171117-4' AND `idgoods` > 0  [ RunTime:0.0005s ]
SQL: SELECT sum(number) as number,sum(sum) as sum FROM ihanc_5.purchase_all WHERE `inorder` = 'IN20171117-4' AND `idgoods` = 17 LIMIT 1   [ RunTime:0.0122s ]
SQL: SELECT sum(number) as number,sum(sum) as sum FROM ihanc_5.purchase_all WHERE `inorder` = 'IN20171117-4' AND `idgoods` = 28 LIMIT 1   [ RunTime:0.0120s ]
SQL: SELECT SUM(freight) AS tp_sum FROM ihanc_5.freight WHERE `inorder` = 'IN20171117-3' LIMIT 1   [ RunTime:0.0002s ]
SQL: SELECT SUM(number) AS tp_sum FROM ihanc_5.sale_all WHERE `inorder` = 'IN20171117-3' AND `idgoods` > 0 LIMIT 1   [ RunTime:0.0643s ]
SQL: SELECT SUM(sum) AS tp_sum FROM ihanc_5.sale_all WHERE `inorder` = 'IN20171117-3' AND `idgoods` > 0 LIMIT 1   [ RunTime:0.0650s ]
SQL: SELECT `idgoods`,`stock` FROM ihanc_5.stock WHERE `inorder` = 'IN20171117-3' AND `idgoods` > 0  [ RunTime:0.0005s ]
SQL: SELECT SUM(freight) AS tp_sum FROM ihanc_5.freight WHERE `inorder` = 'IN20171117-2' LIMIT 1   [ RunTime:0.0001s ]
SQL: SELECT SUM(number) AS tp_sum FROM ihanc_5.sale_all WHERE `inorder` = 'IN20171117-2' AND `idgoods` > 0 LIMIT 1   [ RunTime:0.0646s ]
SQL: SELECT SUM(sum) AS tp_sum FROM ihanc_5.sale_all WHERE `inorder` = 'IN20171117-2' AND `idgoods` > 0 LIMIT 1   [ RunTime:0.0648s ]
SQL: SELECT `idgoods`,`stock` FROM ihanc_5.stock WHERE `inorder` = 'IN20171117-2' AND `idgoods` > 0  [ RunTime:0.0005s ]
INFO: [ view_parse ] --START--
INFO: [ template_filter ] --START--
INFO: Run Behavior\ContentReplaceBehavior [ RunTime:0.000053s ]
INFO: [ template_filter ] --END-- [ RunTime:0.000094s ]
INFO: Run Behavior\ParseTemplateBehavior [ RunTime:0.005868s ]
INFO: [ view_parse ] --END-- [ RunTime:0.005921s ]
INFO: [ view_filter ] --START--
INFO: Run Behavior\WriteHtmlCacheBehavior [ RunTime:0.000101s ]
INFO: [ view_filter ] --END-- [ RunTime:0.000126s ]
INFO: [ app_end ] --START--
INFO: Run Behavior\ShowPageTraceBehavior [ RunTime:0.000345s ]
INFO: [ app_end ] --END-- [ RunTime:0.000379s ]

[ 2017-11-21T19:04:45+08:00 ] 117.173.160.137 /ihanc/eva/index.php/Home/statistics/salereport
INFO: [ app_init ] --START--
INFO: Run Behavior\BuildLiteBehavior [ RunTime:0.000010s ]
INFO: [ app_init ] --END-- [ RunTime:0.000246s ]
INFO: [ app_begin ] --START--
INFO: Run Behavior\ReadHtmlCacheBehavior [ RunTime:0.000301s ]
INFO: [ app_begin ] --END-- [ RunTime:0.000343s ]
SQL: SHOW COLUMNS FROM `user` [ RunTime:0.0006s ]
SQL: SELECT * FROM `user` WHERE ( iduser='10' )  [ RunTime:0.0002s ]
INFO: [ view_parse ] --START--
INFO: [ template_filter ] --START--
INFO: Run Behavior\ContentReplaceBehavior [ RunTime:0.000045s ]
INFO: [ template_filter ] --END-- [ RunTime:0.000082s ]
INFO: Run Behavior\ParseTemplateBehavior [ RunTime:0.003431s ]
INFO: [ view_parse ] --END-- [ RunTime:0.003467s ]
INFO: [ view_filter ] --START--
INFO: Run Behavior\WriteHtmlCacheBehavior [ RunTime:0.000102s ]
INFO: [ view_filter ] --END-- [ RunTime:0.000142s ]
INFO: [ app_end ] --START--
INFO: Run Behavior\ShowPageTraceBehavior [ RunTime:0.000318s ]
INFO: [ app_end ] --END-- [ RunTime:0.000350s ]

[ 2017-11-21T19:04:45+08:00 ] 117.173.160.137 /ihanc/eva/index.php/Home/Statistics/salereportTable
INFO: [ app_init ] --START--
INFO: Run Behavior\BuildLiteBehavior [ RunTime:0.000012s ]
INFO: [ app_init ] --END-- [ RunTime:0.000253s ]
INFO: [ app_begin ] --START--
INFO: Run Behavior\ReadHtmlCacheBehavior [ RunTime:0.000311s ]
INFO: [ app_begin ] --END-- [ RunTime:0.000351s ]
SQL: SHOW COLUMNS FROM `user` [ RunTime:0.0006s ]
SQL: SELECT * FROM `user` WHERE ( iduser='10' )  [ RunTime:0.0002s ]
SQL: SHOW COLUMNS FROM `ihanc_5`.`sale_all` [ RunTime:0.0006s ]
SQL: SELECT `idgoods`,sum(number) as number,sum(sum) as sum FROM ihanc_5.sale_all WHERE `idgoods` > 0 AND `time` LIKE '%2017-11%' GROUP BY idgoods  [ RunTime:0.0609s ]
SQL: SELECT SUM(number) AS tp_sum FROM ihanc_5.sale_all WHERE `idgoods` > 0 AND `time` LIKE '%2017-11%' LIMIT 1   [ RunTime:0.0600s ]
INFO: [ view_parse ] --START--
INFO: [ template_filter ] --START--
INFO: Run Behavior\ContentReplaceBehavior [ RunTime:0.000045s ]
INFO: [ template_filter ] --END-- [ RunTime:0.000082s ]
INFO: Run Behavior\ParseTemplateBehavior [ RunTime:0.004579s ]
INFO: [ view_parse ] --END-- [ RunTime:0.004619s ]
INFO: [ view_filter ] --START--
INFO: Run Behavior\WriteHtmlCacheBehavior [ RunTime:0.000100s ]
INFO: [ view_filter ] --END-- [ RunTime:0.000130s ]
INFO: [ app_end ] --START--
INFO: Run Behavior\ShowPageTraceBehavior [ RunTime:0.000330s ]
INFO: [ app_end ] --END-- [ RunTime:0.000364s ]

[ 2017-11-21T19:04:52+08:00 ] 117.173.160.137 /ihanc/eva/index.php/Home/finance/transfer
INFO: [ app_init ] --START--
INFO: Run Behavior\BuildLiteBehavior [ RunTime:0.000011s ]
INFO: [ app_init ] --END-- [ RunTime:0.000240s ]
INFO: [ app_begin ] --START--
INFO: Run Behavior\ReadHtmlCacheBehavior [ RunTime:0.000304s ]
INFO: [ app_begin ] --END-- [ RunTime:0.000356s ]
SQL: SHOW COLUMNS FROM `user` [ RunTime:0.0006s ]
SQL: SELECT * FROM `user` WHERE ( iduser='10' )  [ RunTime:0.0002s ]
SQL: SHOW COLUMNS FROM `ihanc_5`.`bank` [ RunTime:0.0004s ]
SQL: SELECT `idbank`,`bname`,`sum` FROM ihanc_5.bank  [ RunTime:0.0002s ]
INFO: [ view_parse ] --START--
INFO: [ template_filter ] --START--
INFO: Run Behavior\ContentReplaceBehavior [ RunTime:0.000045s ]
INFO: [ template_filter ] --END-- [ RunTime:0.000080s ]
INFO: Run Behavior\ParseTemplateBehavior [ RunTime:0.004915s ]
INFO: [ view_parse ] --END-- [ RunTime:0.004963s ]
INFO: [ view_filter ] --START--
INFO: Run Behavior\WriteHtmlCacheBehavior [ RunTime:0.000120s ]
INFO: [ view_filter ] --END-- [ RunTime:0.000147s ]
INFO: [ app_end ] --START--
INFO: Run Behavior\ShowPageTraceBehavior [ RunTime:0.000293s ]
INFO: [ app_end ] --END-- [ RunTime:0.000323s ]

[ 2017-11-21T19:04:53+08:00 ] 117.173.160.137 /ihanc/eva/index.php/Home/finance/fee
INFO: [ app_init ] --START--
INFO: Run Behavior\BuildLiteBehavior [ RunTime:0.000011s ]
INFO: [ app_init ] --END-- [ RunTime:0.000303s ]
INFO: [ app_begin ] --START--
INFO: Run Behavior\ReadHtmlCacheBehavior [ RunTime:0.000365s ]
INFO: [ app_begin ] --END-- [ RunTime:0.000413s ]
SQL: SHOW COLUMNS FROM `user` [ RunTime:0.0007s ]
SQL: SELECT * FROM `user` WHERE ( iduser='10' )  [ RunTime:0.0002s ]
SQL: SHOW COLUMNS FROM `ihanc_5`.`bank` [ RunTime:0.0004s ]
SQL: SHOW COLUMNS FROM `ihanc_5`.`subject` [ RunTime:0.0004s ]
SQL: SELECT * FROM ihanc_5.subject WHERE ( cat=1 )  [ RunTime:0.0002s ]
SQL: SELECT `idbank`,`bname` FROM ihanc_5.bank ORDER BY weight desc  [ RunTime:0.0002s ]
INFO: [ view_parse ] --START--
INFO: [ template_filter ] --START--
INFO: Run Behavior\ContentReplaceBehavior [ RunTime:0.000051s ]
INFO: [ template_filter ] --END-- [ RunTime:0.000084s ]
INFO: Run Behavior\ParseTemplateBehavior [ RunTime:0.004873s ]
INFO: [ view_parse ] --END-- [ RunTime:0.004910s ]
INFO: [ view_filter ] --START--
INFO: Run Behavior\WriteHtmlCacheBehavior [ RunTime:0.000095s ]
INFO: [ view_filter ] --END-- [ RunTime:0.000120s ]
INFO: [ app_end ] --START--
INFO: Run Behavior\ShowPageTraceBehavior [ RunTime:0.000321s ]
INFO: [ app_end ] --END-- [ RunTime:0.000355s ]

[ 2017-11-21T19:04:55+08:00 ] 117.173.160.137 /ihanc/eva/index.php/Home/finance/income
INFO: [ app_init ] --START--
INFO: Run Behavior\BuildLiteBehavior [ RunTime:0.000011s ]
INFO: [ app_init ] --END-- [ RunTime:0.000237s ]
INFO: [ app_begin ] --START--
INFO: Run Behavior\ReadHtmlCacheBehavior [ RunTime:0.000297s ]
INFO: [ app_begin ] --END-- [ RunTime:0.000352s ]
SQL: SHOW COLUMNS FROM `user` [ RunTime:0.0006s ]
SQL: SELECT * FROM `user` WHERE ( iduser='10' )  [ RunTime:0.0002s ]
SQL: SHOW COLUMNS FROM `ihanc_5`.`bank` [ RunTime:0.0004s ]
SQL: SHOW COLUMNS FROM `ihanc_5`.`subject` [ RunTime:0.0004s ]
SQL: SELECT * FROM ihanc_5.subject WHERE ( cat=2 )  [ RunTime:0.0002s ]
SQL: SELECT `idbank`,`bname` FROM ihanc_5.bank ORDER BY weight desc  [ RunTime:0.0002s ]
INFO: [ view_parse ] --START--
INFO: [ template_filter ] --START--
INFO: Run Behavior\ContentReplaceBehavior [ RunTime:0.000046s ]
INFO: [ template_filter ] --END-- [ RunTime:0.000087s ]
INFO: Run Behavior\ParseTemplateBehavior [ RunTime:0.004874s ]
INFO: [ view_parse ] --END-- [ RunTime:0.004914s ]
INFO: [ view_filter ] --START--
INFO: Run Behavior\WriteHtmlCacheBehavior [ RunTime:0.000094s ]
INFO: [ view_filter ] --END-- [ RunTime:0.000118s ]
INFO: [ app_end ] --START--
INFO: Run Behavior\ShowPageTraceBehavior [ RunTime:0.000293s ]
INFO: [ app_end ] --END-- [ RunTime:0.000324s ]

[ 2017-11-21T19:04:56+08:00 ] 117.173.160.137 /ihanc/eva/index.php/Home/finance/staff
INFO: [ app_init ] --START--
INFO: Run Behavior\BuildLiteBehavior [ RunTime:0.000015s ]
INFO: [ app_init ] --END-- [ RunTime:0.000350s ]
INFO: [ app_begin ] --START--
INFO: Run Behavior\ReadHtmlCacheBehavior [ RunTime:0.000454s ]
INFO: [ app_begin ] --END-- [ RunTime:0.000519s ]
SQL: SHOW COLUMNS FROM `user` [ RunTime:0.0007s ]
SQL: SELECT * FROM `user` WHERE ( iduser='10' )  [ RunTime:0.0002s ]
SQL: SHOW COLUMNS FROM `ihanc_5`.`bank` [ RunTime:0.0004s ]
SQL: SHOW COLUMNS FROM `ihanc_5`.`staff` [ RunTime:0.0004s ]
SQL: SELECT * FROM ihanc_5.staff  [ RunTime:0.0002s ]
SQL: SELECT `idbank`,`bname` FROM ihanc_5.bank ORDER BY weight desc  [ RunTime:0.0002s ]
INFO: [ view_parse ] --START--
INFO: [ template_filter ] --START--
INFO: Run Behavior\ContentReplaceBehavior [ RunTime:0.000051s ]
INFO: [ template_filter ] --END-- [ RunTime:0.000086s ]
INFO: Run Behavior\ParseTemplateBehavior [ RunTime:0.005283s ]
INFO: [ view_parse ] --END-- [ RunTime:0.005327s ]
INFO: [ view_filter ] --START--
INFO: Run Behavior\WriteHtmlCacheBehavior [ RunTime:0.000120s ]
INFO: [ view_filter ] --END-- [ RunTime:0.000166s ]
INFO: [ app_end ] --START--
INFO: Run Behavior\ShowPageTraceBehavior [ RunTime:0.000329s ]
INFO: [ app_end ] --END-- [ RunTime:0.000381s ]

[ 2017-11-21T19:04:57+08:00 ] 117.173.160.137 /ihanc/eva/index.php/Home/finance/subject
INFO: [ app_init ] --START--
INFO: Run Behavior\BuildLiteBehavior [ RunTime:0.000011s ]
INFO: [ app_init ] --END-- [ RunTime:0.000250s ]
INFO: [ app_begin ] --START--
INFO: Run Behavior\ReadHtmlCacheBehavior [ RunTime:0.000306s ]
INFO: [ app_begin ] --END-- [ RunTime:0.000356s ]
SQL: SHOW COLUMNS FROM `user` [ RunTime:0.0006s ]
SQL: SELECT * FROM `user` WHERE ( iduser='10' )  [ RunTime:0.0003s ]
INFO: [ view_parse ] --START--
INFO: [ template_filter ] --START--
INFO: Run Behavior\ContentReplaceBehavior [ RunTime:0.000052s ]
INFO: [ template_filter ] --END-- [ RunTime:0.000093s ]
INFO: Run Behavior\ParseTemplateBehavior [ RunTime:0.003885s ]
INFO: [ view_parse ] --END-- [ RunTime:0.003922s ]
INFO: [ view_filter ] --START--
INFO: Run Behavior\WriteHtmlCacheBehavior [ RunTime:0.000094s ]
INFO: [ view_filter ] --END-- [ RunTime:0.000118s ]
INFO: [ app_end ] --START--
INFO: Run Behavior\ShowPageTraceBehavior [ RunTime:0.000332s ]
INFO: [ app_end ] --END-- [ RunTime:0.000362s ]

[ 2017-11-21T19:04:57+08:00 ] 117.173.160.137 /ihanc/eva/index.php/Home/Finance/subTable
INFO: [ app_init ] --START--
INFO: Run Behavior\BuildLiteBehavior [ RunTime:0.000027s ]
INFO: [ app_init ] --END-- [ RunTime:0.000320s ]
INFO: [ app_begin ] --START--
INFO: Run Behavior\ReadHtmlCacheBehavior [ RunTime:0.000345s ]
INFO: [ app_begin ] --END-- [ RunTime:0.000391s ]
SQL: SHOW COLUMNS FROM `user` [ RunTime:0.0006s ]
SQL: SELECT * FROM `user` WHERE ( iduser='10' )  [ RunTime:0.0002s ]
SQL: SHOW COLUMNS FROM `ihanc_5`.`subject` [ RunTime:0.0004s ]
SQL: SELECT `idsubject`,`subject` FROM ihanc_5.subject WHERE `cat` = 1  [ RunTime:0.0001s ]
SQL: SELECT `idsubject`,`subject` FROM ihanc_5.subject WHERE `cat` = 2  [ RunTime:0.0001s ]
INFO: [ view_parse ] --START--
INFO: [ template_filter ] --START--
INFO: Run Behavior\ContentReplaceBehavior [ RunTime:0.000039s ]
INFO: [ template_filter ] --END-- [ RunTime:0.000073s ]
INFO: Run Behavior\ParseTemplateBehavior [ RunTime:0.004749s ]
INFO: [ view_parse ] --END-- [ RunTime:0.004791s ]
INFO: [ view_filter ] --START--
INFO: Run Behavior\WriteHtmlCacheBehavior [ RunTime:0.000097s ]
INFO: [ view_filter ] --END-- [ RunTime:0.000123s ]
INFO: [ app_end ] --START--
INFO: Run Behavior\ShowPageTraceBehavior [ RunTime:0.000305s ]
INFO: [ app_end ] --END-- [ RunTime:0.000336s ]

[ 2017-11-21T19:04:59+08:00 ] 117.173.160.137 /ihanc/eva/index.php/Home/finance/transfer
INFO: [ app_init ] --START--
INFO: Run Behavior\BuildLiteBehavior [ RunTime:0.000015s ]
INFO: [ app_init ] --END-- [ RunTime:0.000273s ]
INFO: [ app_begin ] --START--
INFO: Run Behavior\ReadHtmlCacheBehavior [ RunTime:0.000305s ]
INFO: [ app_begin ] --END-- [ RunTime:0.000356s ]
SQL: SHOW COLUMNS FROM `user` [ RunTime:0.0006s ]
SQL: SELECT * FROM `user` WHERE ( iduser='10' )  [ RunTime:0.0002s ]
SQL: SHOW COLUMNS FROM `ihanc_5`.`bank` [ RunTime:0.0004s ]
SQL: SELECT `idbank`,`bname`,`sum` FROM ihanc_5.bank  [ RunTime:0.0001s ]
INFO: [ view_parse ] --START--
INFO: [ template_filter ] --START--
INFO: Run Behavior\ContentReplaceBehavior [ RunTime:0.000048s ]
INFO: [ template_filter ] --END-- [ RunTime:0.000094s ]
INFO: Run Behavior\ParseTemplateBehavior [ RunTime:0.005107s ]
INFO: [ view_parse ] --END-- [ RunTime:0.005145s ]
INFO: [ view_filter ] --START--
INFO: Run Behavior\WriteHtmlCacheBehavior [ RunTime:0.000093s ]
INFO: [ view_filter ] --END-- [ RunTime:0.000119s ]
INFO: [ app_end ] --START--
INFO: Run Behavior\ShowPageTraceBehavior [ RunTime:0.000311s ]
INFO: [ app_end ] --END-- [ RunTime:0.000343s ]

[ 2017-11-21T19:05:00+08:00 ] 117.173.160.137 /ihanc/eva/index.php/Home/finance/bank
INFO: [ app_init ] --START--
INFO: Run Behavior\BuildLiteBehavior [ RunTime:0.000011s ]
INFO: [ app_init ] --END-- [ RunTime:0.000260s ]
INFO: [ app_begin ] --START--
INFO: Run Behavior\ReadHtmlCacheBehavior [ RunTime:0.000318s ]
INFO: [ app_begin ] --END-- [ RunTime:0.000362s ]
SQL: SHOW COLUMNS FROM `user` [ RunTime:0.0007s ]
SQL: SELECT * FROM `user` WHERE ( iduser='10' )  [ RunTime:0.0002s ]
SQL: SHOW COLUMNS FROM `ihanc_5`.`bank` [ RunTime:0.0004s ]
SQL: SELECT * FROM ihanc_5.bank  [ RunTime:0.0002s ]
INFO: [ view_parse ] --START--
INFO: [ template_filter ] --START--
INFO: Run Behavior\ContentReplaceBehavior [ RunTime:0.000055s ]
INFO: [ template_filter ] --END-- [ RunTime:0.000100s ]
INFO: Run Behavior\ParseTemplateBehavior [ RunTime:0.004747s ]
INFO: [ view_parse ] --END-- [ RunTime:0.004788s ]
INFO: [ view_filter ] --START--
INFO: Run Behavior\WriteHtmlCacheBehavior [ RunTime:0.000095s ]
INFO: [ view_filter ] --END-- [ RunTime:0.000120s ]
INFO: [ app_end ] --START--
INFO: Run Behavior\ShowPageTraceBehavior [ RunTime:0.000303s ]
INFO: [ app_end ] --END-- [ RunTime:0.000335s ]

[ 2017-11-21T19:05:08+08:00 ] 117.173.160.137 /ihanc/eva/index.php/Home/stock/index
INFO: [ app_init ] --START--
INFO: Run Behavior\BuildLiteBehavior [ RunTime:0.000011s ]
INFO: [ app_init ] --END-- [ RunTime:0.000242s ]
INFO: [ app_begin ] --START--
INFO: Run Behavior\ReadHtmlCacheBehavior [ RunTime:0.000310s ]
INFO: [ app_begin ] --END-- [ RunTime:0.000346s ]
SQL: SHOW COLUMNS FROM `user` [ RunTime:0.0007s ]
SQL: SELECT * FROM `user` WHERE ( iduser='10' )  [ RunTime:0.0002s ]
SQL: SHOW COLUMNS FROM `ihanc_5`.`stock` [ RunTime:0.0004s ]
SQL: SELECT * FROM ihanc_5.stock  [ RunTime:0.0002s ]
INFO: [ view_parse ] --START--
INFO: [ template_filter ] --START--
INFO: Run Behavior\ContentReplaceBehavior [ RunTime:0.000048s ]
INFO: [ template_filter ] --END-- [ RunTime:0.000077s ]
INFO: Run Behavior\ParseTemplateBehavior [ RunTime:0.004581s ]
INFO: [ view_parse ] --END-- [ RunTime:0.004611s ]
INFO: [ view_filter ] --START--
INFO: Run Behavior\WriteHtmlCacheBehavior [ RunTime:0.000094s ]
INFO: [ view_filter ] --END-- [ RunTime:0.000119s ]
INFO: [ app_end ] --START--
INFO: Run Behavior\ShowPageTraceBehavior [ RunTime:0.000287s ]
INFO: [ app_end ] --END-- [ RunTime:0.000317s ]

