[ 2017-12-11T16:56:39+08:00 ] 127.0.0.1 /eva/
INFO: [ app_init ] --START--
INFO: Run Behavior\BuildLiteBehavior [ RunTime:0.000000s ]
INFO: [ app_init ] --END-- [ RunTime:0.001000s ]
INFO: [ app_begin ] --START--
INFO: Run Behavior\ReadHtmlCacheBehavior [ RunTime:0.000000s ]
INFO: [ app_begin ] --END-- [ RunTime:0.000000s ]

[ 2017-12-11T16:56:39+08:00 ] 127.0.0.1 /eva/index.php/Home/login/index.html
INFO: [ app_init ] --START--
INFO: Run Behavior\BuildLiteBehavior [ RunTime:0.000000s ]
INFO: [ app_init ] --END-- [ RunTime:0.001001s ]
INFO: [ app_begin ] --START--
INFO: Run Behavior\ReadHtmlCacheBehavior [ RunTime:0.001000s ]
INFO: [ app_begin ] --END-- [ RunTime:0.001000s ]
INFO: [ view_parse ] --START--
INFO: [ template_filter ] --START--
INFO: Run Behavior\ContentReplaceBehavior [ RunTime:0.000000s ]
INFO: [ template_filter ] --END-- [ RunTime:0.001000s ]
NOTIC: [8] Undefined variable: info E:\website\eva\Application\Runtime\Cache\Home\97269d504bf33cb4c14eb7be85b7c9ec.php 第 73 行.
INFO: Run Behavior\ParseTemplateBehavior [ RunTime:0.010000s ]
INFO: [ view_parse ] --END-- [ RunTime:0.010000s ]
INFO: [ view_filter ] --START--
INFO: Run Behavior\WriteHtmlCacheBehavior [ RunTime:0.001000s ]
INFO: [ view_filter ] --END-- [ RunTime:0.001000s ]
INFO: [ app_end ] --START--
INFO: Run Behavior\ShowPageTraceBehavior [ RunTime:0.001000s ]
INFO: [ app_end ] --END-- [ RunTime:0.001000s ]

[ 2017-12-11T16:56:39+08:00 ] 127.0.0.1 /eva/index.php/Home/login/undefined/ajax-loader-trans.gif
INFO: [ app_init ] --START--
INFO: Run Behavior\BuildLiteBehavior [ RunTime:0.000000s ]
INFO: [ app_init ] --END-- [ RunTime:0.000000s ]

[ 2017-12-11T16:56:39+08:00 ] 127.0.0.1 /eva/index.php/Home/login/undefinedundefined
INFO: [ app_init ] --START--
INFO: Run Behavior\BuildLiteBehavior [ RunTime:0.000000s ]
INFO: [ app_init ] --END-- [ RunTime:0.001000s ]
INFO: [ app_begin ] --START--
INFO: Run Behavior\ReadHtmlCacheBehavior [ RunTime:0.001000s ]
INFO: [ app_begin ] --END-- [ RunTime:0.001000s ]
ERR: 非法操作:undefinedundefined

[ 2017-12-11T16:56:54+08:00 ] 127.0.0.1 /eva/index.php/Home/Login/getCode?name=adminadmin
INFO: [ app_init ] --START--
INFO: Run Behavior\BuildLiteBehavior [ RunTime:0.000000s ]
INFO: [ app_init ] --END-- [ RunTime:0.001000s ]
INFO: [ app_begin ] --START--
INFO: Run Behavior\ReadHtmlCacheBehavior [ RunTime:0.001000s ]
INFO: [ app_begin ] --END-- [ RunTime:0.001000s ]
SQL: SHOW COLUMNS FROM `user` [ RunTime:0.0120s ]
SQL: SELECT * FROM `user` WHERE `name` = 'adminadmin'  [ RunTime:0.0020s ]
SQL: UPDATE `user` SET `code`='880798' WHERE `iduser` = 1 [ RunTime:0.0030s ]
INFO: [ app_end ] --START--
INFO: Run Behavior\ShowPageTraceBehavior [ RunTime:0.002000s ]
INFO: [ app_end ] --END-- [ RunTime:0.002000s ]

[ 2017-12-11T16:57:15+08:00 ] 127.0.0.1 /eva/index.php/Home/Login/telLogin
INFO: [ app_init ] --START--
INFO: Run Behavior\BuildLiteBehavior [ RunTime:0.000000s ]
INFO: [ app_init ] --END-- [ RunTime:0.000000s ]
INFO: [ app_begin ] --START--
INFO: Run Behavior\ReadHtmlCacheBehavior [ RunTime:0.000000s ]
INFO: [ app_begin ] --END-- [ RunTime:0.000000s ]
SQL: SHOW COLUMNS FROM `user` [ RunTime:0.0110s ]
SQL: SELECT * FROM `user` WHERE `name` = 'adminadmin' AND `pwd` = 'e10adc3949ba59abbe56e057f20f883e' AND `code` = '880798'  [ RunTime:0.0000s ]
SQL: SHOW COLUMNS FROM `user_log` [ RunTime:0.0120s ]
SQL: INSERT INTO `user_log` (`iduser`,`ltime`) VALUES ('1','2017-12-11 16:57:15') [ RunTime:0.0040s ]
SQL: UPDATE `user` SET `ltime`='0.52480500 1512982635',`ip`='127.0.0.1',`code`='327334' WHERE `iduser` = 1 [ RunTime:0.0030s ]
SQL: SHOW COLUMNS FROM `ihanc_1`.`asset` [ RunTime:0.0120s ]
SQL: SELECT * FROM ihanc_1.asset WHERE `time` = '2017-11'  [ RunTime:0.0010s ]
SQL: SHOW COLUMNS FROM `ihanc_1`.`stock_sum_view` [ RunTime:0.0120s ]
SQL: SELECT SUM(sum) AS tp_sum FROM ihanc_1.stock_sum_view LIMIT 1   [ RunTime:0.0010s ]
SQL: SHOW COLUMNS FROM `ihanc_1`.`bank` [ RunTime:0.0110s ]
SQL: SELECT SUM(sum) AS tp_sum FROM ihanc_1.bank LIMIT 1   [ RunTime:0.0010s ]
SQL: SHOW COLUMNS FROM `ihanc_1`.`sale` [ RunTime:0.0120s ]
SQL: SELECT SUM(sum) AS tp_sum FROM ihanc_1.sale LIMIT 1   [ RunTime:0.0000s ]
SQL: SHOW COLUMNS FROM `ihanc_1`.`purchase` [ RunTime:0.0110s ]
SQL: SELECT SUM(sum) AS tp_sum FROM ihanc_1.purchase LIMIT 1   [ RunTime:0.0000s ]
SQL: SHOW COLUMNS FROM `ihanc_1`.`freight` [ RunTime:0.0110s ]
SQL: SELECT SUM(freight) AS tp_sum FROM ihanc_1.freight WHERE ( status=0 ) LIMIT 1   [ RunTime:0.0010s ]
SQL: INSERT INTO ihanc_1.asset (`stock`,`time`,`bank`,`mcredit`,`scredit`,`freight`) VALUES ('6408','2017-11','292146','31791','58292','-500') [ RunTime:0.0030s ]

[ 2017-12-11T16:57:15+08:00 ] 127.0.0.1 /eva/index.php/Home/index/index.html
INFO: [ app_init ] --START--
INFO: Run Behavior\BuildLiteBehavior [ RunTime:0.000000s ]
INFO: [ app_init ] --END-- [ RunTime:0.000000s ]
INFO: [ app_begin ] --START--
INFO: Run Behavior\ReadHtmlCacheBehavior [ RunTime:0.000000s ]
INFO: [ app_begin ] --END-- [ RunTime:0.000000s ]
SQL: SHOW COLUMNS FROM `user` [ RunTime:0.0110s ]
SQL: SELECT * FROM `user` WHERE ( iduser='1' )  [ RunTime:0.0000s ]
INFO: [ view_parse ] --START--
INFO: [ template_filter ] --START--
INFO: Run Behavior\ContentReplaceBehavior [ RunTime:0.000000s ]
INFO: [ template_filter ] --END-- [ RunTime:0.000000s ]
INFO: Run Behavior\ParseTemplateBehavior [ RunTime:0.012001s ]
INFO: [ view_parse ] --END-- [ RunTime:0.012001s ]
INFO: [ view_filter ] --START--
INFO: Run Behavior\WriteHtmlCacheBehavior [ RunTime:0.000000s ]
INFO: [ view_filter ] --END-- [ RunTime:0.000000s ]
INFO: [ app_end ] --START--
INFO: Run Behavior\ShowPageTraceBehavior [ RunTime:0.001000s ]
INFO: [ app_end ] --END-- [ RunTime:0.001000s ]

[ 2017-12-11T16:57:16+08:00 ] 127.0.0.1 /eva/index.php/Home/index/favicon.ico
INFO: [ app_init ] --START--
INFO: Run Behavior\BuildLiteBehavior [ RunTime:0.000000s ]
INFO: [ app_init ] --END-- [ RunTime:0.001000s ]

[ 2017-12-11T16:57:16+08:00 ] 127.0.0.1 /eva/index.php/Home/index/dashboard
INFO: [ app_init ] --START--
INFO: Run Behavior\BuildLiteBehavior [ RunTime:0.000000s ]
INFO: [ app_init ] --END-- [ RunTime:0.001000s ]
INFO: [ app_begin ] --START--
INFO: Run Behavior\ReadHtmlCacheBehavior [ RunTime:0.001000s ]
INFO: [ app_begin ] --END-- [ RunTime:0.001000s ]
SQL: SHOW COLUMNS FROM `user` [ RunTime:0.0170s ]
SQL: SELECT * FROM `user` WHERE ( iduser='1' )  [ RunTime:0.0010s ]
SQL: SHOW COLUMNS FROM `ihanc_1`.`sale` [ RunTime:0.0120s ]
SQL: SELECT `time`,`idmember`,sum(sum) as sum FROM ihanc_1.sale GROUP BY idmember ORDER BY time LIMIT 0,10   [ RunTime:0.0010s ]
SQL: SELECT `time`,`idmember`,sum(sum) as sum FROM ihanc_1.sale GROUP BY idmember ORDER BY sum desc LIMIT 0,10   [ RunTime:0.0000s ]
NOTIC: [8] Undefined offset: 5 E:\website\eva\Application\Home\Controller\IndexController.class.php 第 62 行.
NOTIC: [8] Undefined index:  E:\website\eva\Application\Home\Controller\IndexController.class.php 第 63 行.
NOTIC: [8] Undefined offset: 5 E:\website\eva\Application\Home\Controller\IndexController.class.php 第 64 行.
NOTIC: [8] Undefined index:  E:\website\eva\Application\Home\Controller\IndexController.class.php 第 65 行.
NOTIC: [8] Undefined offset: 6 E:\website\eva\Application\Home\Controller\IndexController.class.php 第 62 行.
NOTIC: [8] Undefined index:  E:\website\eva\Application\Home\Controller\IndexController.class.php 第 63 行.
NOTIC: [8] Undefined offset: 6 E:\website\eva\Application\Home\Controller\IndexController.class.php 第 64 行.
NOTIC: [8] Undefined index:  E:\website\eva\Application\Home\Controller\IndexController.class.php 第 65 行.
NOTIC: [8] Undefined offset: 7 E:\website\eva\Application\Home\Controller\IndexController.class.php 第 62 行.
NOTIC: [8] Undefined index:  E:\website\eva\Application\Home\Controller\IndexController.class.php 第 63 行.
NOTIC: [8] Undefined offset: 7 E:\website\eva\Application\Home\Controller\IndexController.class.php 第 64 行.
NOTIC: [8] Undefined index:  E:\website\eva\Application\Home\Controller\IndexController.class.php 第 65 行.
NOTIC: [8] Undefined offset: 8 E:\website\eva\Application\Home\Controller\IndexController.class.php 第 62 行.
NOTIC: [8] Undefined index:  E:\website\eva\Application\Home\Controller\IndexController.class.php 第 63 行.
NOTIC: [8] Undefined offset: 8 E:\website\eva\Application\Home\Controller\IndexController.class.php 第 64 行.
NOTIC: [8] Undefined index:  E:\website\eva\Application\Home\Controller\IndexController.class.php 第 65 行.
NOTIC: [8] Undefined offset: 9 E:\website\eva\Application\Home\Controller\IndexController.class.php 第 62 行.
NOTIC: [8] Undefined index:  E:\website\eva\Application\Home\Controller\IndexController.class.php 第 63 行.
NOTIC: [8] Undefined offset: 9 E:\website\eva\Application\Home\Controller\IndexController.class.php 第 64 行.
NOTIC: [8] Undefined index:  E:\website\eva\Application\Home\Controller\IndexController.class.php 第 65 行.
SQL: SELECT `etime` FROM `user` WHERE `db` = '1' LIMIT 1   [ RunTime:0.0000s ]
INFO: [ view_parse ] --START--
INFO: [ template_filter ] --START--
INFO: Run Behavior\ContentReplaceBehavior [ RunTime:0.000000s ]
INFO: [ template_filter ] --END-- [ RunTime:0.000000s ]
NOTIC: [8] Undefined index: idmember E:\website\eva\Application\Runtime\Cache\Home\feab4bc765fa0715e6513512ee070840.php 第 73 行.
NOTIC: [8] Undefined index: time E:\website\eva\Application\Runtime\Cache\Home\feab4bc765fa0715e6513512ee070840.php 第 76 行.
NOTIC: [8] Undefined index: sum E:\website\eva\Application\Runtime\Cache\Home\feab4bc765fa0715e6513512ee070840.php 第 77 行.
NOTIC: [8] Undefined index: idmember E:\website\eva\Application\Runtime\Cache\Home\feab4bc765fa0715e6513512ee070840.php 第 73 行.
NOTIC: [8] Undefined index: time E:\website\eva\Application\Runtime\Cache\Home\feab4bc765fa0715e6513512ee070840.php 第 76 行.
NOTIC: [8] Undefined index: sum E:\website\eva\Application\Runtime\Cache\Home\feab4bc765fa0715e6513512ee070840.php 第 77 行.
NOTIC: [8] Undefined index: idmember E:\website\eva\Application\Runtime\Cache\Home\feab4bc765fa0715e6513512ee070840.php 第 73 行.
NOTIC: [8] Undefined index: time E:\website\eva\Application\Runtime\Cache\Home\feab4bc765fa0715e6513512ee070840.php 第 76 行.
NOTIC: [8] Undefined index: sum E:\website\eva\Application\Runtime\Cache\Home\feab4bc765fa0715e6513512ee070840.php 第 77 行.
NOTIC: [8] Undefined index: idmember E:\website\eva\Application\Runtime\Cache\Home\feab4bc765fa0715e6513512ee070840.php 第 73 行.
NOTIC: [8] Undefined index: time E:\website\eva\Application\Runtime\Cache\Home\feab4bc765fa0715e6513512ee070840.php 第 76 行.
NOTIC: [8] Undefined index: sum E:\website\eva\Application\Runtime\Cache\Home\feab4bc765fa0715e6513512ee070840.php 第 77 行.
NOTIC: [8] Undefined index: idmember E:\website\eva\Application\Runtime\Cache\Home\feab4bc765fa0715e6513512ee070840.php 第 73 行.
NOTIC: [8] Undefined index: time E:\website\eva\Application\Runtime\Cache\Home\feab4bc765fa0715e6513512ee070840.php 第 76 行.
NOTIC: [8] Undefined index: sum E:\website\eva\Application\Runtime\Cache\Home\feab4bc765fa0715e6513512ee070840.php 第 77 行.
NOTIC: [8] Undefined index: idmember E:\website\eva\Application\Runtime\Cache\Home\feab4bc765fa0715e6513512ee070840.php 第 90 行.
NOTIC: [8] Undefined index: time E:\website\eva\Application\Runtime\Cache\Home\feab4bc765fa0715e6513512ee070840.php 第 93 行.
NOTIC: [8] Undefined index: sum E:\website\eva\Application\Runtime\Cache\Home\feab4bc765fa0715e6513512ee070840.php 第 94 行.
NOTIC: [8] Undefined index: idmember E:\website\eva\Application\Runtime\Cache\Home\feab4bc765fa0715e6513512ee070840.php 第 90 行.
NOTIC: [8] Undefined index: time E:\website\eva\Application\Runtime\Cache\Home\feab4bc765fa0715e6513512ee070840.php 第 93 行.
NOTIC: [8] Undefined index: sum E:\website\eva\Application\Runtime\Cache\Home\feab4bc765fa0715e6513512ee070840.php 第 94 行.
NOTIC: [8] Undefined index: idmember E:\website\eva\Application\Runtime\Cache\Home\feab4bc765fa0715e6513512ee070840.php 第 90 行.
NOTIC: [8] Undefined index: time E:\website\eva\Application\Runtime\Cache\Home\feab4bc765fa0715e6513512ee070840.php 第 93 行.
NOTIC: [8] Undefined index: sum E:\website\eva\Application\Runtime\Cache\Home\feab4bc765fa0715e6513512ee070840.php 第 94 行.
NOTIC: [8] Undefined index: idmember E:\website\eva\Application\Runtime\Cache\Home\feab4bc765fa0715e6513512ee070840.php 第 90 行.
NOTIC: [8] Undefined index: time E:\website\eva\Application\Runtime\Cache\Home\feab4bc765fa0715e6513512ee070840.php 第 93 行.
NOTIC: [8] Undefined index: sum E:\website\eva\Application\Runtime\Cache\Home\feab4bc765fa0715e6513512ee070840.php 第 94 行.
NOTIC: [8] Undefined index: idmember E:\website\eva\Application\Runtime\Cache\Home\feab4bc765fa0715e6513512ee070840.php 第 90 行.
NOTIC: [8] Undefined index: time E:\website\eva\Application\Runtime\Cache\Home\feab4bc765fa0715e6513512ee070840.php 第 93 行.
NOTIC: [8] Undefined index: sum E:\website\eva\Application\Runtime\Cache\Home\feab4bc765fa0715e6513512ee070840.php 第 94 行.
INFO: Run Behavior\ParseTemplateBehavior [ RunTime:0.013000s ]
INFO: [ view_parse ] --END-- [ RunTime:0.013000s ]
INFO: [ view_filter ] --START--
INFO: Run Behavior\WriteHtmlCacheBehavior [ RunTime:0.000000s ]
INFO: [ view_filter ] --END-- [ RunTime:0.000000s ]
INFO: [ app_end ] --START--
INFO: Run Behavior\ShowPageTraceBehavior [ RunTime:0.001001s ]
INFO: [ app_end ] --END-- [ RunTime:0.001001s ]

[ 2017-12-11T16:57:21+08:00 ] 127.0.0.1 /eva/index.php/Home/statistics/salereport
INFO: [ app_init ] --START--
INFO: Run Behavior\BuildLiteBehavior [ RunTime:0.000000s ]
INFO: [ app_init ] --END-- [ RunTime:0.001000s ]
INFO: [ app_begin ] --START--
INFO: Run Behavior\ReadHtmlCacheBehavior [ RunTime:0.001000s ]
INFO: [ app_begin ] --END-- [ RunTime:0.001000s ]
SQL: SHOW COLUMNS FROM `user` [ RunTime:0.0110s ]
SQL: SELECT * FROM `user` WHERE ( iduser='1' )  [ RunTime:0.0010s ]
INFO: [ view_parse ] --START--
INFO: [ template_filter ] --START--
INFO: Run Behavior\ContentReplaceBehavior [ RunTime:0.000000s ]
INFO: [ template_filter ] --END-- [ RunTime:0.000000s ]
INFO: Run Behavior\ParseTemplateBehavior [ RunTime:0.007000s ]
INFO: [ view_parse ] --END-- [ RunTime:0.007000s ]
INFO: [ view_filter ] --START--
INFO: Run Behavior\WriteHtmlCacheBehavior [ RunTime:0.000000s ]
INFO: [ view_filter ] --END-- [ RunTime:0.000000s ]
INFO: [ app_end ] --START--
INFO: Run Behavior\ShowPageTraceBehavior [ RunTime:0.001000s ]
INFO: [ app_end ] --END-- [ RunTime:0.001000s ]

[ 2017-12-11T16:57:21+08:00 ] 127.0.0.1 /eva/index.php/Home/Statistics/salereportTable
INFO: [ app_init ] --START--
INFO: Run Behavior\BuildLiteBehavior [ RunTime:0.000000s ]
INFO: [ app_init ] --END-- [ RunTime:0.000000s ]
INFO: [ app_begin ] --START--
INFO: Run Behavior\ReadHtmlCacheBehavior [ RunTime:0.000000s ]
INFO: [ app_begin ] --END-- [ RunTime:0.000000s ]
SQL: SHOW COLUMNS FROM `user` [ RunTime:0.0120s ]
SQL: SELECT * FROM `user` WHERE ( iduser='1' )  [ RunTime:0.0000s ]
SQL: SHOW COLUMNS FROM `ihanc_1`.`sale_all` [ RunTime:0.0160s ]
SQL: SELECT `idgoods`,sum(number) as number,sum(sum) as sum FROM ihanc_1.sale_all WHERE `idgoods` > 0 AND `time` LIKE '%2017-12%' GROUP BY idgoods  [ RunTime:0.0020s ]
SQL: SELECT SUM(number) AS tp_sum FROM ihanc_1.sale_all WHERE `idgoods` > 0 AND `time` LIKE '%2017-12%' LIMIT 1   [ RunTime:0.0020s ]
INFO: [ view_parse ] --START--
INFO: [ template_filter ] --START--
INFO: Run Behavior\ContentReplaceBehavior [ RunTime:0.000000s ]
INFO: [ template_filter ] --END-- [ RunTime:0.001000s ]
INFO: Run Behavior\ParseTemplateBehavior [ RunTime:0.011000s ]
INFO: [ view_parse ] --END-- [ RunTime:0.011000s ]
INFO: [ view_filter ] --START--
INFO: Run Behavior\WriteHtmlCacheBehavior [ RunTime:0.000000s ]
INFO: [ view_filter ] --END-- [ RunTime:0.000000s ]
INFO: [ app_end ] --START--
INFO: Run Behavior\ShowPageTraceBehavior [ RunTime:0.001000s ]
INFO: [ app_end ] --END-- [ RunTime:0.001000s ]

[ 2017-12-11T16:59:45+08:00 ] 127.0.0.1 /eva/index.php/home/login/undefinedundefined
ERR: 非法操作:undefinedundefined

[ 2017-12-11T16:59:47+08:00 ] 127.0.0.1 /eva/index.php/home/login/undefinedundefined
ERR: 非法操作:undefinedundefined

[ 2017-12-11T16:59:55+08:00 ] 127.0.0.1 /eva/index.php/home/login/undefinedundefined
ERR: 非法操作:undefinedundefined

